<?xml version="1.0" encoding="UTF-8"?>
<testsuites name="Dashboad_Regression" time="684.439" tests="12" failures="0" errors="0">
   <testsuite name="Dashboad_Regression" tests="12" failures="0" errors="0" time="684.439" skipped="0" timestamp="2023-12-21 09:42:53" hostname="User - DESKTOP-QPE9SBA" id="Test Suites/Dashboad_Regression">
      <properties>
         <property name="deviceName" value=""/>
         <property name="devicePlatform" value=""/>
         <property name="logFolder" value="C:\\Users\\User\\git\\ProjectHermes\\Reports\\20231221_094242\\Dashboad_Regression\\20231221_094242"/>
         <property name="logFiles" value="C:\\Users\\User\\git\\ProjectHermes\\Reports\\20231221_094242\\Dashboad_Regression\\20231221_094242\\execution0.log"/>
         <property name="attachments" value="C:\\Users\\User\\git\\ProjectHermes\\Reports\\20231221_094242\\Dashboad_Regression\\20231221_094242\\1703123025019.png, C:\\Users\\User\\git\\ProjectHermes\\Reports\\20231221_094242\\Dashboad_Regression\\20231221_094242\\1703123027755.png, C:\\Users\\User\\git\\ProjectHermes\\Reports\\20231221_094242\\Dashboad_Regression\\20231221_094242\\1703123030142.png, C:\\Users\\User\\git\\ProjectHermes\\Reports\\20231221_094242\\Dashboad_Regression\\20231221_094242\\1703123032486.png, C:\\Users\\User\\git\\ProjectHermes\\Reports\\20231221_094242\\Dashboad_Regression\\20231221_094242\\1703123090786.png, C:\\Users\\User\\git\\ProjectHermes\\Reports\\20231221_094242\\Dashboad_Regression\\20231221_094242\\1703123093027.png, C:\\Users\\User\\git\\ProjectHermes\\Reports\\20231221_094242\\Dashboad_Regression\\20231221_094242\\1703123096752.png, C:\\Users\\User\\git\\ProjectHermes\\Reports\\20231221_094242\\Dashboad_Regression\\20231221_094242\\1703123099043.png, C:\\Users\\User\\git\\ProjectHermes\\Reports\\20231221_094242\\Dashboad_Regression\\20231221_094242\\1703123132858.png, C:\\Users\\User\\git\\ProjectHermes\\Reports\\20231221_094242\\Dashboad_Regression\\20231221_094242\\1703123134967.png, C:\\Users\\User\\git\\ProjectHermes\\Reports\\20231221_094242\\Dashboad_Regression\\20231221_094242\\1703123137169.png, C:\\Users\\User\\git\\ProjectHermes\\Reports\\20231221_094242\\Dashboad_Regression\\20231221_094242\\1703123139322.png"/>
         <property name="hostName" value="User - DESKTOP-QPE9SBA"/>
         <property name="os" value="Windows 11 64bit"/>
         <property name="katalonVersion" value="8.6.8.208"/>
         <property name="browser" value="Chrome 120.0.0.0"/>
         <property name="hostAddress" value="172.16.39.150"/>
         <property name="sessionId" value="b984302bfec34248bf68ec76242f81bd"/>
         <property name="seleniumVersion" value="3.141.59"/>
         <property name="proxyInformation" value="ProxyInformation { proxyOption=NO_PROXY, proxyServerType=HTTP, username=, password=********, proxyServerAddress=, proxyServerPort=0, executionList=&quot;&quot;, isApplyToDesiredCapabilities=true }"/>
         <property name="platform" value="Windows 11"/>
      </properties>
      <testcase name="Test Cases/Sprint 1/Dashboard_TC/TC001_SP_Dashboard" time="61.203" classname="Test Cases/Sprint 1/Dashboard_TC/TC001_SP_Dashboard" status="PASSED">
         <system-out><![CDATA[2023-12-21 09:42:53 - [TEST_CASE][PASSED] - Test Cases/Sprint 1/Dashboard_TC/TC001_SP_Dashboard: Test Cases/Sprint 1/Dashboard_TC/TC001_SP_Dashboard

2023-12-21 09:42:54 - [TEST_STEP][PASSED] - callTestCase(findTestCase("Sprint 1/CommandCenter_LoginTC/TC001_LoginValidCredentials_SP"), [:], STOP_ON_FAILURE): Call Test Case 'Test Cases/Sprint 1/CommandCenter_LoginTC/TC001_LoginValidCredentials_SP' successfully

2023-12-21 09:42:54 - [TEST_CASE][PASSED] - Test Cases/Sprint 1/CommandCenter_LoginTC/TC001_LoginValidCredentials_SP: Test Cases/Sprint 1/CommandCenter_LoginTC/TC001_LoginValidCredentials_SP

2023-12-21 09:42:54 - [TEST_STEP][PASSED] - openBrowser(""): Browser is opened with url: ''

2023-12-21 09:42:54 - [MESSAGE][INFO] - Starting 'Chrome' driver

2023-12-21 09:42:54 - [MESSAGE][INFO] - User set preference: ['args', '[--start-maximized, UnexpectedAlertBehaviour=ignore]']

2023-12-21 09:42:54 - [MESSAGE][INFO] - User set preference: ['acceptInsecureCerts', 'true']

2023-12-21 09:42:54 - [MESSAGE][INFO] - Action delay is set to 0 milliseconds

2023-12-21 09:42:56 - [MESSAGE][PASSED] - Browser is opened with url: ''

2023-12-21 09:42:56 - [TEST_STEP][PASSED] - navigateToUrl(URL_commandCenter): Navigate to 'https://10.143.206.85/watsonsauthentication/' successfully

2023-12-21 09:43:01 - [MESSAGE][PASSED] - Navigate to 'https://10.143.206.85/watsonsauthentication/' successfully

2023-12-21 09:43:01 - [TEST_STEP][PASSED] - setText(findTestObject("Object Repository/Page_Login/input_WATSONS COMMAND CENTER_username"), watsons_username): Text 'john.colis+1@tesi.com.ph' is set on object 'Object Repository/Page_Login/input_WATSONS COMMAND CENTER_username'

2023-12-21 09:43:02 - [MESSAGE][PASSED] - Text 'john.colis+1@tesi.com.ph' is set on object 'Object Repository/Page_Login/input_WATSONS COMMAND CENTER_username'

2023-12-21 09:43:02 - [TEST_STEP][PASSED] - setEncryptedText(findTestObject("Object Repository/Page_Login/input_WATSONS COMMAND CENTER_password"), watsons_password): Text ****** has been set on object 'Object Repository/Page_Login/input_WATSONS COMMAND CENTER_password'

2023-12-21 09:43:02 - [MESSAGE][PASSED] - Text ****** has been set on object 'Object Repository/Page_Login/input_WATSONS COMMAND CENTER_password'

2023-12-21 09:43:02 - [TEST_STEP][PASSED] - click(findTestObject("Object Repository/Page_Login/btn_WATSONS COMMAND CENTER_login")): Object: 'Object Repository/Page_Login/btn_WATSONS COMMAND CENTER_login' is clicked on

2023-12-21 09:43:03 - [MESSAGE][PASSED] - Object: 'Object Repository/Page_Login/btn_WATSONS COMMAND CENTER_login' is clicked on

2023-12-21 09:43:03 - [TEST_STEP][PASSED] - verifyElementText(findTestObject("Object Repository/Page_Application List/titlePage_WATSONS COMMAND CENTER"), "WATSONS COMMAND CENTER"): Actual text and expected text of test object 'Object Repository/Page_Application List/titlePage_WATSONS COMMAND CENTER' are matched.

2023-12-21 09:43:13 - [MESSAGE][PASSED] - Actual text and expected text of test object 'Object Repository/Page_Application List/titlePage_WATSONS COMMAND CENTER' are matched.

2023-12-21 09:43:13 - [TEST_STEP][PASSED] - verifyElementText(findTestObject("Object Repository/Page_Application List/titleHeader_Select Application to access"), "Select Application to access"): Actual text and expected text of test object 'Object Repository/Page_Application List/titleHeader_Select Application to access' are matched.

2023-12-21 09:43:13 - [MESSAGE][PASSED] - Actual text and expected text of test object 'Object Repository/Page_Application List/titleHeader_Select Application to access' are matched.

2023-12-21 09:43:13 - [TEST_STEP][PASSED] - verifyElementPresent(findTestObject("Object Repository/Page_Application List/container_Non-Trade Vendor Portal"), 0): Object 'Object Repository/Page_Application List/container_Non-Trade Vendor Portal' is present

2023-12-21 09:43:13 - [MESSAGE][WARNING] - Timeout '0' is invalid. Using default page load timeout: '30'

2023-12-21 09:43:14 - [MESSAGE][PASSED] - Object 'Object Repository/Page_Application List/container_Non-Trade Vendor Portal' is present

2023-12-21 09:43:14 - [TEST_STEP][PASSED] - verifyElementText(findTestObject("Object Repository/Page_Application List/containerLabel_Non-Trade Vendor Portal"), "Non-Trade Vendor Portal"): Actual text and expected text of test object 'Object Repository/Page_Application List/containerLabel_Non-Trade Vendor Portal' are matched.

2023-12-21 09:43:14 - [MESSAGE][PASSED] - Actual text and expected text of test object 'Object Repository/Page_Application List/containerLabel_Non-Trade Vendor Portal' are matched.

2023-12-21 09:43:14 - [TEST_STEP][PASSED] - click(findTestObject("Object Repository/Page_Application List/containerLabel_Non-Trade Vendor Portal")): Object: 'Object Repository/Page_Application List/containerLabel_Non-Trade Vendor Portal' is clicked on

2023-12-21 09:43:15 - [MESSAGE][PASSED] - Object: 'Object Repository/Page_Application List/containerLabel_Non-Trade Vendor Portal' is clicked on

2023-12-21 09:43:15 - [TEST_STEP][PASSED] - verifyElementText(findTestObject("Object Repository/Page_Homescreen/titlePage_Dashboard"), "Dashboard"): Actual text and expected text of test object 'Object Repository/Page_Homescreen/titlePage_Dashboard' are matched.

2023-12-21 09:43:40 - [MESSAGE][PASSED] - Actual text and expected text of test object 'Object Repository/Page_Homescreen/titlePage_Dashboard' are matched.

2023-12-21 09:43:40 - [MESSAGE][PASSED] - Call Test Case 'Test Cases/Sprint 1/CommandCenter_LoginTC/TC001_LoginValidCredentials_SP' successfully

2023-12-21 09:43:40 - [TEST_STEP][PASSED] - verifyElementText(findTestObject("Object Repository/Page_Homescreen/SuperAdminMenu/menu_Watsons Command Center"), "Watsons Command Center"): Actual text and expected text of test object 'Object Repository/Page_Homescreen/SuperAdminMenu/menu_Watsons Command Center' are matched.

2023-12-21 09:43:40 - [MESSAGE][PASSED] - Actual text and expected text of test object 'Object Repository/Page_Homescreen/SuperAdminMenu/menu_Watsons Command Center' are matched.

2023-12-21 09:43:40 - [TEST_STEP][PASSED] - verifyElementText(findTestObject("Object Repository/Page_Homescreen/SuperAdminMenu/menu_Home"), "Home"): Actual text and expected text of test object 'Object Repository/Page_Homescreen/SuperAdminMenu/menu_Home' are matched.

2023-12-21 09:43:40 - [MESSAGE][PASSED] - Actual text and expected text of test object 'Object Repository/Page_Homescreen/SuperAdminMenu/menu_Home' are matched.

2023-12-21 09:43:40 - [TEST_STEP][PASSED] - verifyElementText(findTestObject("Object Repository/Page_Homescreen/SuperAdminMenu/menu_Reports"), "Reports"): Actual text and expected text of test object 'Object Repository/Page_Homescreen/SuperAdminMenu/menu_Reports' are matched.

2023-12-21 09:43:41 - [MESSAGE][PASSED] - Actual text and expected text of test object 'Object Repository/Page_Homescreen/SuperAdminMenu/menu_Reports' are matched.

2023-12-21 09:43:41 - [TEST_STEP][PASSED] - verifyElementText(findTestObject("Object Repository/Page_Homescreen/SuperAdminMenu/menu_Admin"), "Admin"): Actual text and expected text of test object 'Object Repository/Page_Homescreen/SuperAdminMenu/menu_Admin' are matched.

2023-12-21 09:43:41 - [MESSAGE][PASSED] - Actual text and expected text of test object 'Object Repository/Page_Homescreen/SuperAdminMenu/menu_Admin' are matched.

2023-12-21 09:43:41 - [TEST_STEP][PASSED] - verifyElementText(findTestObject("Object Repository/Page_Homescreen/SuperAdminMenu/menu_Ticket"), "Ticket"): Actual text and expected text of test object 'Object Repository/Page_Homescreen/SuperAdminMenu/menu_Ticket' are matched.

2023-12-21 09:43:42 - [MESSAGE][PASSED] - Actual text and expected text of test object 'Object Repository/Page_Homescreen/SuperAdminMenu/menu_Ticket' are matched.

2023-12-21 09:43:42 - [TEST_STEP][PASSED] - verifyElementText(findTestObject("Object Repository/Page_Homescreen/SuperAdminMenu/menu_Upload"), "Upload"): Actual text and expected text of test object 'Object Repository/Page_Homescreen/SuperAdminMenu/menu_Upload' are matched.

2023-12-21 09:43:42 - [MESSAGE][PASSED] - Actual text and expected text of test object 'Object Repository/Page_Homescreen/SuperAdminMenu/menu_Upload' are matched.

2023-12-21 09:43:42 - [TEST_STEP][PASSED] - verifyElementText(findTestObject("Object Repository/Page_Homescreen/SuperAdminMenu/menu_Audit Trail"), "Audit Trail"): Actual text and expected text of test object 'Object Repository/Page_Homescreen/SuperAdminMenu/menu_Audit Trail' are matched.

2023-12-21 09:43:42 - [MESSAGE][PASSED] - Actual text and expected text of test object 'Object Repository/Page_Homescreen/SuperAdminMenu/menu_Audit Trail' are matched.

2023-12-21 09:43:42 - [TEST_STEP][PASSED] - verifyElementPresent(findTestObject("Object Repository/Page_Homescreen/container_Form2307"), 0): Object 'Object Repository/Page_Homescreen/container_Form2307' is present

2023-12-21 09:43:42 - [MESSAGE][WARNING] - Timeout '0' is invalid. Using default page load timeout: '30'

2023-12-21 09:43:43 - [MESSAGE][PASSED] - Object 'Object Repository/Page_Homescreen/container_Form2307' is present

2023-12-21 09:43:43 - [TEST_STEP][PASSED] - verifyElementPresent(findTestObject("Object Repository/Page_Homescreen/container_RemittanceAdvice"), 0): Object 'Object Repository/Page_Homescreen/container_RemittanceAdvice' is present

2023-12-21 09:43:43 - [MESSAGE][WARNING] - Timeout '0' is invalid. Using default page load timeout: '30'

2023-12-21 09:43:43 - [MESSAGE][PASSED] - Object 'Object Repository/Page_Homescreen/container_RemittanceAdvice' is present

2023-12-21 09:43:43 - [TEST_STEP][PASSED] - verifyElementPresent(findTestObject("Object Repository/Page_Homescreen/container_BulletinMemo"), 0): Object 'Object Repository/Page_Homescreen/container_BulletinMemo' is present

2023-12-21 09:43:43 - [MESSAGE][WARNING] - Timeout '0' is invalid. Using default page load timeout: '30'

2023-12-21 09:43:43 - [MESSAGE][PASSED] - Object 'Object Repository/Page_Homescreen/container_BulletinMemo' is present

2023-12-21 09:43:43 - [TEST_STEP][PASSED] - verifyElementPresent(findTestObject("Object Repository/Page_Homescreen/container_Tickets"), 0): Object 'Object Repository/Page_Homescreen/container_Tickets' is present

2023-12-21 09:43:43 - [MESSAGE][WARNING] - Timeout '0' is invalid. Using default page load timeout: '30'

2023-12-21 09:43:44 - [MESSAGE][PASSED] - Object 'Object Repository/Page_Homescreen/container_Tickets' is present

2023-12-21 09:43:44 - [TEST_STEP][PASSED] - verifyElementPresent(findTestObject("Object Repository/Page_Homescreen/counter_Form2307"), 0): Object 'Object Repository/Page_Homescreen/counter_Form2307' is present

2023-12-21 09:43:44 - [MESSAGE][WARNING] - Timeout '0' is invalid. Using default page load timeout: '30'

2023-12-21 09:43:44 - [MESSAGE][PASSED] - Object 'Object Repository/Page_Homescreen/counter_Form2307' is present

2023-12-21 09:43:44 - [TEST_STEP][PASSED] - verifyElementPresent(findTestObject("Object Repository/Page_Homescreen/icon_Form2307"), 0): Object 'Object Repository/Page_Homescreen/icon_Form2307' is present

2023-12-21 09:43:44 - [MESSAGE][WARNING] - Timeout '0' is invalid. Using default page load timeout: '30'

2023-12-21 09:43:44 - [MESSAGE][PASSED] - Object 'Object Repository/Page_Homescreen/icon_Form2307' is present

2023-12-21 09:43:44 - [TEST_STEP][PASSED] - takeElementScreenshot(findTestObject("Object Repository/Page_Homescreen/icon_Form2307")): Taking screenshot successfully

2023-12-21 09:43:45 - [MESSAGE][WARNING] - Timeout '0' is invalid. Using default page load timeout: '30'

2023-12-21 09:43:45 - [MESSAGE][INFO] - 0 hidden object(s)

2023-12-21 09:43:45 - [MESSAGE][PASSED] - Taking screenshot successfully
[[ATTACHMENT|C:\\Users\\User\\git\\ProjectHermes\\Reports\\20231221_094242\\Dashboad_Regression\\20231221_094242\\1703123025019.png]]

2023-12-21 09:43:45 - [TEST_STEP][PASSED] - verifyElementText(findTestObject("Object Repository/Page_Homescreen/label_UnreadForm2307"), "Unread"): Actual text and expected text of test object 'Object Repository/Page_Homescreen/label_UnreadForm2307' are matched.

2023-12-21 09:43:46 - [MESSAGE][PASSED] - Actual text and expected text of test object 'Object Repository/Page_Homescreen/label_UnreadForm2307' are matched.

2023-12-21 09:43:46 - [TEST_STEP][PASSED] - verifyElementText(findTestObject("Object Repository/Page_Homescreen/label_Form 2307"), "Form 2307"): Actual text and expected text of test object 'Object Repository/Page_Homescreen/label_Form 2307' are matched.

2023-12-21 09:43:46 - [MESSAGE][PASSED] - Actual text and expected text of test object 'Object Repository/Page_Homescreen/label_Form 2307' are matched.

2023-12-21 09:43:46 - [TEST_STEP][PASSED] - verifyElementPresent(findTestObject("Object Repository/Page_Homescreen/buttonForm2307_View All"), 0): Object 'Object Repository/Page_Homescreen/buttonForm2307_View All' is present

2023-12-21 09:43:46 - [MESSAGE][WARNING] - Timeout '0' is invalid. Using default page load timeout: '30'

2023-12-21 09:43:46 - [MESSAGE][PASSED] - Object 'Object Repository/Page_Homescreen/buttonForm2307_View All' is present

2023-12-21 09:43:46 - [TEST_STEP][PASSED] - verifyElementPresent(findTestObject("Object Repository/Page_Homescreen/counter_RemittanceAdvice"), 0): Object 'Object Repository/Page_Homescreen/counter_RemittanceAdvice' is present

2023-12-21 09:43:47 - [MESSAGE][WARNING] - Timeout '0' is invalid. Using default page load timeout: '30'

2023-12-21 09:43:47 - [MESSAGE][PASSED] - Object 'Object Repository/Page_Homescreen/counter_RemittanceAdvice' is present

2023-12-21 09:43:47 - [TEST_STEP][PASSED] - verifyElementPresent(findTestObject("Object Repository/Page_Homescreen/icon_RemittanceAdvice"), 0): Object 'Object Repository/Page_Homescreen/icon_RemittanceAdvice' is present

2023-12-21 09:43:47 - [MESSAGE][WARNING] - Timeout '0' is invalid. Using default page load timeout: '30'

2023-12-21 09:43:47 - [MESSAGE][PASSED] - Object 'Object Repository/Page_Homescreen/icon_RemittanceAdvice' is present

2023-12-21 09:43:47 - [TEST_STEP][PASSED] - takeElementScreenshot(findTestObject("Object Repository/Page_Homescreen/icon_RemittanceAdvice")): Taking screenshot successfully

2023-12-21 09:43:47 - [MESSAGE][WARNING] - Timeout '0' is invalid. Using default page load timeout: '30'

2023-12-21 09:43:48 - [MESSAGE][INFO] - 0 hidden object(s)

2023-12-21 09:43:48 - [MESSAGE][PASSED] - Taking screenshot successfully
[[ATTACHMENT|C:\\Users\\User\\git\\ProjectHermes\\Reports\\20231221_094242\\Dashboad_Regression\\20231221_094242\\1703123027755.png]]

2023-12-21 09:43:48 - [TEST_STEP][PASSED] - verifyElementText(findTestObject("Object Repository/Page_Homescreen/label_UnreadRA"), "Unread"): Actual text and expected text of test object 'Object Repository/Page_Homescreen/label_UnreadRA' are matched.

2023-12-21 09:43:48 - [MESSAGE][PASSED] - Actual text and expected text of test object 'Object Repository/Page_Homescreen/label_UnreadRA' are matched.

2023-12-21 09:43:48 - [TEST_STEP][PASSED] - verifyElementText(findTestObject("Object Repository/Page_Homescreen/label_Remittance Advice"), "Remittance Advice"): Actual text and expected text of test object 'Object Repository/Page_Homescreen/label_Remittance Advice' are matched.

2023-12-21 09:43:49 - [MESSAGE][PASSED] - Actual text and expected text of test object 'Object Repository/Page_Homescreen/label_Remittance Advice' are matched.

2023-12-21 09:43:49 - [TEST_STEP][PASSED] - verifyElementPresent(findTestObject("Object Repository/Page_Homescreen/button_RAView All"), 0): Object 'Object Repository/Page_Homescreen/button_RAView All' is present

2023-12-21 09:43:49 - [MESSAGE][WARNING] - Timeout '0' is invalid. Using default page load timeout: '30'

2023-12-21 09:43:49 - [MESSAGE][PASSED] - Object 'Object Repository/Page_Homescreen/button_RAView All' is present

2023-12-21 09:43:49 - [TEST_STEP][PASSED] - verifyElementPresent(findTestObject("Object Repository/Page_Homescreen/counter_BulletinMemo"), 0): Object 'Object Repository/Page_Homescreen/counter_BulletinMemo' is present

2023-12-21 09:43:49 - [MESSAGE][WARNING] - Timeout '0' is invalid. Using default page load timeout: '30'

2023-12-21 09:43:49 - [MESSAGE][PASSED] - Object 'Object Repository/Page_Homescreen/counter_BulletinMemo' is present

2023-12-21 09:43:49 - [TEST_STEP][PASSED] - verifyElementPresent(findTestObject("Object Repository/Page_Homescreen/icon_BulletinMemo"), 0): Object 'Object Repository/Page_Homescreen/icon_BulletinMemo' is present

2023-12-21 09:43:49 - [MESSAGE][WARNING] - Timeout '0' is invalid. Using default page load timeout: '30'

2023-12-21 09:43:50 - [MESSAGE][PASSED] - Object 'Object Repository/Page_Homescreen/icon_BulletinMemo' is present

2023-12-21 09:43:50 - [TEST_STEP][PASSED] - takeElementScreenshot(findTestObject("Object Repository/Page_Homescreen/icon_BulletinMemo")): Taking screenshot successfully

2023-12-21 09:43:50 - [MESSAGE][WARNING] - Timeout '0' is invalid. Using default page load timeout: '30'

2023-12-21 09:43:50 - [MESSAGE][INFO] - 0 hidden object(s)

2023-12-21 09:43:50 - [MESSAGE][PASSED] - Taking screenshot successfully
[[ATTACHMENT|C:\\Users\\User\\git\\ProjectHermes\\Reports\\20231221_094242\\Dashboad_Regression\\20231221_094242\\1703123030142.png]]

2023-12-21 09:43:50 - [TEST_STEP][PASSED] - verifyElementText(findTestObject("Object Repository/Page_Homescreen/label_PublishedBM"), "Published"): Actual text and expected text of test object 'Object Repository/Page_Homescreen/label_PublishedBM' are matched.

2023-12-21 09:43:51 - [MESSAGE][PASSED] - Actual text and expected text of test object 'Object Repository/Page_Homescreen/label_PublishedBM' are matched.

2023-12-21 09:43:51 - [TEST_STEP][PASSED] - verifyElementText(findTestObject("Object Repository/Page_Homescreen/label_Bulletin Memo"), "Bulletin Memo"): Actual text and expected text of test object 'Object Repository/Page_Homescreen/label_Bulletin Memo' are matched.

2023-12-21 09:43:51 - [MESSAGE][PASSED] - Actual text and expected text of test object 'Object Repository/Page_Homescreen/label_Bulletin Memo' are matched.

2023-12-21 09:43:51 - [TEST_STEP][PASSED] - verifyElementPresent(findTestObject("Object Repository/Page_Homescreen/button_BMView All"), 0): Object 'Object Repository/Page_Homescreen/button_BMView All' is present

2023-12-21 09:43:51 - [MESSAGE][WARNING] - Timeout '0' is invalid. Using default page load timeout: '30'

2023-12-21 09:43:51 - [MESSAGE][PASSED] - Object 'Object Repository/Page_Homescreen/button_BMView All' is present

2023-12-21 09:43:51 - [TEST_STEP][PASSED] - verifyElementPresent(findTestObject("Object Repository/Page_Homescreen/counter_Tickets"), 0): Object 'Object Repository/Page_Homescreen/counter_Tickets' is present

2023-12-21 09:43:51 - [MESSAGE][WARNING] - Timeout '0' is invalid. Using default page load timeout: '30'

2023-12-21 09:43:52 - [MESSAGE][PASSED] - Object 'Object Repository/Page_Homescreen/counter_Tickets' is present

2023-12-21 09:43:52 - [TEST_STEP][PASSED] - verifyElementPresent(findTestObject("Object Repository/Page_Homescreen/icon_Tickets"), 0): Object 'Object Repository/Page_Homescreen/icon_Tickets' is present

2023-12-21 09:43:52 - [MESSAGE][WARNING] - Timeout '0' is invalid. Using default page load timeout: '30'

2023-12-21 09:43:52 - [MESSAGE][PASSED] - Object 'Object Repository/Page_Homescreen/icon_Tickets' is present

2023-12-21 09:43:52 - [TEST_STEP][PASSED] - takeElementScreenshot(findTestObject("Object Repository/Page_Homescreen/icon_Tickets")): Taking screenshot successfully

2023-12-21 09:43:52 - [MESSAGE][WARNING] - Timeout '0' is invalid. Using default page load timeout: '30'

2023-12-21 09:43:53 - [MESSAGE][INFO] - 0 hidden object(s)

2023-12-21 09:43:53 - [MESSAGE][PASSED] - Taking screenshot successfully
[[ATTACHMENT|C:\\Users\\User\\git\\ProjectHermes\\Reports\\20231221_094242\\Dashboad_Regression\\20231221_094242\\1703123032486.png]]

2023-12-21 09:43:53 - [TEST_STEP][PASSED] - verifyElementText(findTestObject("Object Repository/Page_Homescreen/label_Open"), "Open"): Actual text and expected text of test object 'Object Repository/Page_Homescreen/label_Open' are matched.

2023-12-21 09:43:53 - [MESSAGE][PASSED] - Actual text and expected text of test object 'Object Repository/Page_Homescreen/label_Open' are matched.

2023-12-21 09:43:53 - [TEST_STEP][PASSED] - verifyElementText(findTestObject("Object Repository/Page_Homescreen/label_Tickets"), "Tickets"): Actual text and expected text of test object 'Object Repository/Page_Homescreen/label_Tickets' are matched.

2023-12-21 09:43:53 - [MESSAGE][PASSED] - Actual text and expected text of test object 'Object Repository/Page_Homescreen/label_Tickets' are matched.

2023-12-21 09:43:53 - [TEST_STEP][PASSED] - verifyElementPresent(findTestObject("Object Repository/Page_Homescreen/button_TicketsView All"), 0): Object 'Object Repository/Page_Homescreen/button_TicketsView All' is present

2023-12-21 09:43:53 - [MESSAGE][WARNING] - Timeout '0' is invalid. Using default page load timeout: '30'

2023-12-21 09:43:54 - [MESSAGE][PASSED] - Object 'Object Repository/Page_Homescreen/button_TicketsView All' is present

2023-12-21 09:43:54 - [TEST_STEP][PASSED] - closeBrowser(): Browser is closed

2023-12-21 09:43:54 - [MESSAGE][PASSED] - Browser is closed]]></system-out>
         <system-err><![CDATA[]]></system-err>
      </testcase>
      <testcase name="Test Cases/Sprint 1/Dashboard_TC/TC002_Admin_LandingPage" time="27.135" classname="Test Cases/Sprint 1/Dashboard_TC/TC002_Admin_LandingPage" status="PASSED">
         <system-out><![CDATA[2023-12-21 09:43:54 - [TEST_CASE][PASSED] - Test Cases/Sprint 1/Dashboard_TC/TC002_Admin_LandingPage: Test Cases/Sprint 1/Dashboard_TC/TC002_Admin_LandingPage

2023-12-21 09:43:55 - [TEST_STEP][PASSED] - callTestCase(findTestCase("Sprint 1/CommandCenter_LoginTC/TC003_LoginValidCredentials_Admin"), [:], STOP_ON_FAILURE): Call Test Case 'Test Cases/Sprint 1/CommandCenter_LoginTC/TC003_LoginValidCredentials_Admin' successfully

2023-12-21 09:43:55 - [TEST_CASE][PASSED] - Test Cases/Sprint 1/CommandCenter_LoginTC/TC003_LoginValidCredentials_Admin: Test Cases/Sprint 1/CommandCenter_LoginTC/TC003_LoginValidCredentials_Admin

2023-12-21 09:43:55 - [TEST_STEP][PASSED] - openBrowser(""): Browser is opened with url: ''

2023-12-21 09:43:55 - [MESSAGE][INFO] - Starting 'Chrome' driver

2023-12-21 09:43:55 - [MESSAGE][INFO] - User set preference: ['args', '[--start-maximized, UnexpectedAlertBehaviour=ignore]']

2023-12-21 09:43:55 - [MESSAGE][INFO] - User set preference: ['acceptInsecureCerts', 'true']

2023-12-21 09:43:55 - [MESSAGE][INFO] - Action delay is set to 0 milliseconds

2023-12-21 09:43:56 - [MESSAGE][PASSED] - Browser is opened with url: ''

2023-12-21 09:43:56 - [TEST_STEP][PASSED] - navigateToUrl(URL_commandCenter): Navigate to 'https://10.143.206.85/watsonsauthentication/' successfully

2023-12-21 09:44:03 - [MESSAGE][PASSED] - Navigate to 'https://10.143.206.85/watsonsauthentication/' successfully

2023-12-21 09:44:03 - [TEST_STEP][PASSED] - setText(findTestObject("Object Repository/Page_Login/input_WATSONS COMMAND CENTER_username"), admin_username): Text 'mobarak.dimalotang+01@tesi.com.ph' is set on object 'Object Repository/Page_Login/input_WATSONS COMMAND CENTER_username'

2023-12-21 09:44:03 - [MESSAGE][PASSED] - Text 'mobarak.dimalotang+01@tesi.com.ph' is set on object 'Object Repository/Page_Login/input_WATSONS COMMAND CENTER_username'

2023-12-21 09:44:03 - [TEST_STEP][PASSED] - setEncryptedText(findTestObject("Object Repository/Page_Login/input_WATSONS COMMAND CENTER_password"), admin_password): Text ****** has been set on object 'Object Repository/Page_Login/input_WATSONS COMMAND CENTER_password'

2023-12-21 09:44:04 - [MESSAGE][PASSED] - Text ****** has been set on object 'Object Repository/Page_Login/input_WATSONS COMMAND CENTER_password'

2023-12-21 09:44:04 - [TEST_STEP][PASSED] - click(findTestObject("Object Repository/Page_Login/btn_WATSONS COMMAND CENTER_login")): Object: 'Object Repository/Page_Login/btn_WATSONS COMMAND CENTER_login' is clicked on

2023-12-21 09:44:05 - [MESSAGE][PASSED] - Object: 'Object Repository/Page_Login/btn_WATSONS COMMAND CENTER_login' is clicked on

2023-12-21 09:44:05 - [TEST_STEP][PASSED] - verifyElementText(findTestObject("Object Repository/Page_Application List/titlePage_WATSONS COMMAND CENTER"), "WATSONS COMMAND CENTER"): Actual text and expected text of test object 'Object Repository/Page_Application List/titlePage_WATSONS COMMAND CENTER' are matched.

2023-12-21 09:44:08 - [MESSAGE][PASSED] - Actual text and expected text of test object 'Object Repository/Page_Application List/titlePage_WATSONS COMMAND CENTER' are matched.

2023-12-21 09:44:08 - [TEST_STEP][PASSED] - verifyElementText(findTestObject("Object Repository/Page_Application List/titleHeader_Select Application to access"), "Select Application to access"): Actual text and expected text of test object 'Object Repository/Page_Application List/titleHeader_Select Application to access' are matched.

2023-12-21 09:44:09 - [MESSAGE][PASSED] - Actual text and expected text of test object 'Object Repository/Page_Application List/titleHeader_Select Application to access' are matched.

2023-12-21 09:44:09 - [TEST_STEP][PASSED] - verifyElementPresent(findTestObject("Object Repository/Page_Application List/APcontainer_Non-Trade Vendor Portal"), 0): Object 'Object Repository/Page_Application List/APcontainer_Non-Trade Vendor Portal' is present

2023-12-21 09:44:09 - [MESSAGE][WARNING] - Timeout '0' is invalid. Using default page load timeout: '30'

2023-12-21 09:44:09 - [MESSAGE][PASSED] - Object 'Object Repository/Page_Application List/APcontainer_Non-Trade Vendor Portal' is present

2023-12-21 09:44:09 - [TEST_STEP][PASSED] - verifyElementText(findTestObject("Object Repository/Page_Application List/APcontainerLabel_Non-Trade Vendor Portal"), "Non-Trade Vendor Portal"): Actual text and expected text of test object 'Object Repository/Page_Application List/APcontainerLabel_Non-Trade Vendor Portal' are matched.

2023-12-21 09:44:10 - [MESSAGE][PASSED] - Actual text and expected text of test object 'Object Repository/Page_Application List/APcontainerLabel_Non-Trade Vendor Portal' are matched.

2023-12-21 09:44:10 - [TEST_STEP][PASSED] - click(findTestObject("Object Repository/Page_Application List/APcontainerLabel_Non-Trade Vendor Portal")): Object: 'Object Repository/Page_Application List/APcontainerLabel_Non-Trade Vendor Portal' is clicked on

2023-12-21 09:44:11 - [MESSAGE][PASSED] - Object: 'Object Repository/Page_Application List/APcontainerLabel_Non-Trade Vendor Portal' is clicked on

2023-12-21 09:44:11 - [TEST_STEP][PASSED] - verifyElementText(findTestObject("Object Repository/Page_Watsons User/titlePage_Watsons User Role  Access"), "Watson's User Role & Access"): Actual text and expected text of test object 'Object Repository/Page_Watsons User/titlePage_Watsons User Role  Access' are matched.

2023-12-21 09:44:18 - [MESSAGE][PASSED] - Actual text and expected text of test object 'Object Repository/Page_Watsons User/titlePage_Watsons User Role  Access' are matched.

2023-12-21 09:44:18 - [MESSAGE][PASSED] - Call Test Case 'Test Cases/Sprint 1/CommandCenter_LoginTC/TC003_LoginValidCredentials_Admin' successfully

2023-12-21 09:44:18 - [TEST_STEP][PASSED] - verifyElementText(findTestObject("Object Repository/Page_Homescreen/AdminMenu/adminMenu_Watsons Command Center"), "Watsons Command Center"): Actual text and expected text of test object 'Object Repository/Page_Homescreen/AdminMenu/adminMenu_Watsons Command Center' are matched.

2023-12-21 09:44:18 - [MESSAGE][PASSED] - Actual text and expected text of test object 'Object Repository/Page_Homescreen/AdminMenu/adminMenu_Watsons Command Center' are matched.

2023-12-21 09:44:18 - [TEST_STEP][PASSED] - verifyElementNotPresent(findTestObject("Object Repository/Page_Homescreen/SuperAdminMenu/menu_Home"), 2): Web element with id: 'Object Repository/Page_Homescreen/SuperAdminMenu/menu_Home' located by 'By.xpath: //div[@id='b2-PageLinks']/a[2]/span' is not present after '2' second(s)

2023-12-21 09:44:19 - [MESSAGE][PASSED] - Web element with id: 'Object Repository/Page_Homescreen/SuperAdminMenu/menu_Home' located by 'By.xpath: //div[@id='b2-PageLinks']/a[2]/span' is not present after '2' second(s)

2023-12-21 09:44:19 - [TEST_STEP][PASSED] - verifyElementNotPresent(findTestObject("Object Repository/Page_Homescreen/SuperAdminMenu/menu_Reports"), 2): Web element with id: 'Object Repository/Page_Homescreen/SuperAdminMenu/menu_Reports' located by 'By.xpath: //div[@id='b2-b2-Menu']/span' is not present after '2' second(s)

2023-12-21 09:44:19 - [MESSAGE][PASSED] - Web element with id: 'Object Repository/Page_Homescreen/SuperAdminMenu/menu_Reports' located by 'By.xpath: //div[@id='b2-b2-Menu']/span' is not present after '2' second(s)

2023-12-21 09:44:19 - [TEST_STEP][PASSED] - verifyElementText(findTestObject("Object Repository/Page_Homescreen/AdminMenu/adminMenu_Admin"), "Admin"): Actual text and expected text of test object 'Object Repository/Page_Homescreen/AdminMenu/adminMenu_Admin' are matched.

2023-12-21 09:44:19 - [MESSAGE][PASSED] - Actual text and expected text of test object 'Object Repository/Page_Homescreen/AdminMenu/adminMenu_Admin' are matched.

2023-12-21 09:44:19 - [TEST_STEP][PASSED] - verifyElementText(findTestObject("Object Repository/Page_Homescreen/AdminMenu/adminMenu_Ticket"), "Ticket"): Actual text and expected text of test object 'Object Repository/Page_Homescreen/AdminMenu/adminMenu_Ticket' are matched.

2023-12-21 09:44:20 - [MESSAGE][PASSED] - Actual text and expected text of test object 'Object Repository/Page_Homescreen/AdminMenu/adminMenu_Ticket' are matched.

2023-12-21 09:44:20 - [TEST_STEP][PASSED] - verifyElementNotPresent(findTestObject("Object Repository/Page_Homescreen/SuperAdminMenu/menu_Upload"), 2): Web element with id: 'Object Repository/Page_Homescreen/SuperAdminMenu/menu_Upload' located by 'By.xpath: //div[@id='b2-b4-Menu']/span' is not present after '2' second(s)

2023-12-21 09:44:20 - [MESSAGE][PASSED] - Web element with id: 'Object Repository/Page_Homescreen/SuperAdminMenu/menu_Upload' located by 'By.xpath: //div[@id='b2-b4-Menu']/span' is not present after '2' second(s)

2023-12-21 09:44:20 - [TEST_STEP][PASSED] - verifyElementText(findTestObject("Object Repository/Page_Homescreen/AdminMenu/admin Menu_Audit Trail"), "Audit Trail"): Actual text and expected text of test object 'Object Repository/Page_Homescreen/AdminMenu/admin Menu_Audit Trail' are matched.

2023-12-21 09:44:20 - [MESSAGE][PASSED] - Actual text and expected text of test object 'Object Repository/Page_Homescreen/AdminMenu/admin Menu_Audit Trail' are matched.

2023-12-21 09:44:20 - [TEST_STEP][PASSED] - verifyElementText(findTestObject("Object Repository/Page_Watsons User/titlePage_Watsons User Role  Access"), "Watson's User Role & Access"): Actual text and expected text of test object 'Object Repository/Page_Watsons User/titlePage_Watsons User Role  Access' are matched.

2023-12-21 09:44:21 - [MESSAGE][PASSED] - Actual text and expected text of test object 'Object Repository/Page_Watsons User/titlePage_Watsons User Role  Access' are matched.

2023-12-21 09:44:21 - [TEST_STEP][PASSED] - closeBrowser(): Browser is closed

2023-12-21 09:44:21 - [MESSAGE][PASSED] - Browser is closed]]></system-out>
         <system-err><![CDATA[]]></system-err>
      </testcase>
      <testcase name="Test Cases/Sprint 1/Dashboard_TC/TC003_AP_Dashboard" time="39.286" classname="Test Cases/Sprint 1/Dashboard_TC/TC003_AP_Dashboard" status="PASSED">
         <system-out><![CDATA[2023-12-21 09:44:22 - [TEST_CASE][PASSED] - Test Cases/Sprint 1/Dashboard_TC/TC003_AP_Dashboard: Test Cases/Sprint 1/Dashboard_TC/TC003_AP_Dashboard

2023-12-21 09:44:22 - [TEST_STEP][PASSED] - callTestCase(findTestCase("Sprint 1/CommandCenter_LoginTC/TC002_LoginValidCredentials_AP"), [:], STOP_ON_FAILURE): Call Test Case 'Test Cases/Sprint 1/CommandCenter_LoginTC/TC002_LoginValidCredentials_AP' successfully

2023-12-21 09:44:22 - [TEST_CASE][PASSED] - Test Cases/Sprint 1/CommandCenter_LoginTC/TC002_LoginValidCredentials_AP: Test Cases/Sprint 1/CommandCenter_LoginTC/TC002_LoginValidCredentials_AP

2023-12-21 09:44:22 - [TEST_STEP][PASSED] - openBrowser(""): Browser is opened with url: ''

2023-12-21 09:44:22 - [MESSAGE][INFO] - Starting 'Chrome' driver

2023-12-21 09:44:22 - [MESSAGE][INFO] - User set preference: ['args', '[--start-maximized, UnexpectedAlertBehaviour=ignore]']

2023-12-21 09:44:22 - [MESSAGE][INFO] - User set preference: ['acceptInsecureCerts', 'true']

2023-12-21 09:44:22 - [MESSAGE][INFO] - Action delay is set to 0 milliseconds

2023-12-21 09:44:23 - [MESSAGE][PASSED] - Browser is opened with url: ''

2023-12-21 09:44:23 - [TEST_STEP][PASSED] - navigateToUrl(URL_commandCenter): Navigate to 'https://10.143.206.85/watsonsauthentication/' successfully

2023-12-21 09:44:26 - [MESSAGE][PASSED] - Navigate to 'https://10.143.206.85/watsonsauthentication/' successfully

2023-12-21 09:44:27 - [TEST_STEP][PASSED] - setText(findTestObject("Object Repository/Page_Login/input_WATSONS COMMAND CENTER_username"), AP_username): Text 'janima.camar+2@tesi.com.ph' is set on object 'Object Repository/Page_Login/input_WATSONS COMMAND CENTER_username'

2023-12-21 09:44:27 - [MESSAGE][PASSED] - Text 'janima.camar+2@tesi.com.ph' is set on object 'Object Repository/Page_Login/input_WATSONS COMMAND CENTER_username'

2023-12-21 09:44:27 - [TEST_STEP][PASSED] - setEncryptedText(findTestObject("Object Repository/Page_Login/input_WATSONS COMMAND CENTER_password"), AP_password): Text ****** has been set on object 'Object Repository/Page_Login/input_WATSONS COMMAND CENTER_password'

2023-12-21 09:44:28 - [MESSAGE][PASSED] - Text ****** has been set on object 'Object Repository/Page_Login/input_WATSONS COMMAND CENTER_password'

2023-12-21 09:44:28 - [TEST_STEP][PASSED] - click(findTestObject("Object Repository/Page_Login/btn_WATSONS COMMAND CENTER_login")): Object: 'Object Repository/Page_Login/btn_WATSONS COMMAND CENTER_login' is clicked on

2023-12-21 09:44:29 - [MESSAGE][PASSED] - Object: 'Object Repository/Page_Login/btn_WATSONS COMMAND CENTER_login' is clicked on

2023-12-21 09:44:29 - [TEST_STEP][PASSED] - verifyElementText(findTestObject("Object Repository/Page_Application List/titlePage_WATSONS COMMAND CENTER"), "WATSONS COMMAND CENTER"): Actual text and expected text of test object 'Object Repository/Page_Application List/titlePage_WATSONS COMMAND CENTER' are matched.

2023-12-21 09:44:32 - [MESSAGE][PASSED] - Actual text and expected text of test object 'Object Repository/Page_Application List/titlePage_WATSONS COMMAND CENTER' are matched.

2023-12-21 09:44:32 - [TEST_STEP][PASSED] - verifyElementText(findTestObject("Object Repository/Page_Application List/titleHeader_Select Application to access"), "Select Application to access"): Actual text and expected text of test object 'Object Repository/Page_Application List/titleHeader_Select Application to access' are matched.

2023-12-21 09:44:32 - [MESSAGE][PASSED] - Actual text and expected text of test object 'Object Repository/Page_Application List/titleHeader_Select Application to access' are matched.

2023-12-21 09:44:32 - [TEST_STEP][PASSED] - verifyElementPresent(findTestObject("Object Repository/Page_Application List/APcontainer_Non-Trade Vendor Portal"), 0): Object 'Object Repository/Page_Application List/APcontainer_Non-Trade Vendor Portal' is present

2023-12-21 09:44:32 - [MESSAGE][WARNING] - Timeout '0' is invalid. Using default page load timeout: '30'

2023-12-21 09:44:33 - [MESSAGE][PASSED] - Object 'Object Repository/Page_Application List/APcontainer_Non-Trade Vendor Portal' is present

2023-12-21 09:44:33 - [TEST_STEP][PASSED] - verifyElementText(findTestObject("Object Repository/Page_Application List/APcontainerLabel_Non-Trade Vendor Portal"), "Non-Trade Vendor Portal"): Actual text and expected text of test object 'Object Repository/Page_Application List/APcontainerLabel_Non-Trade Vendor Portal' are matched.

2023-12-21 09:44:33 - [MESSAGE][PASSED] - Actual text and expected text of test object 'Object Repository/Page_Application List/APcontainerLabel_Non-Trade Vendor Portal' are matched.

2023-12-21 09:44:33 - [TEST_STEP][PASSED] - click(findTestObject("Object Repository/Page_Application List/APcontainerLabel_Non-Trade Vendor Portal")): Object: 'Object Repository/Page_Application List/APcontainerLabel_Non-Trade Vendor Portal' is clicked on

2023-12-21 09:44:35 - [MESSAGE][PASSED] - Object: 'Object Repository/Page_Application List/APcontainerLabel_Non-Trade Vendor Portal' is clicked on

2023-12-21 09:44:35 - [TEST_STEP][PASSED] - verifyElementText(findTestObject("Object Repository/Page_Homescreen/titlePage_Dashboard"), "Dashboard"): Actual text and expected text of test object 'Object Repository/Page_Homescreen/titlePage_Dashboard' are matched.

2023-12-21 09:44:45 - [MESSAGE][PASSED] - Actual text and expected text of test object 'Object Repository/Page_Homescreen/titlePage_Dashboard' are matched.

2023-12-21 09:44:45 - [MESSAGE][PASSED] - Call Test Case 'Test Cases/Sprint 1/CommandCenter_LoginTC/TC002_LoginValidCredentials_AP' successfully

2023-12-21 09:44:45 - [TEST_STEP][PASSED] - verifyElementText(findTestObject("Object Repository/Page_Homescreen/SuperAdminMenu/menu_Watsons Command Center"), "Watsons Command Center"): Actual text and expected text of test object 'Object Repository/Page_Homescreen/SuperAdminMenu/menu_Watsons Command Center' are matched.

2023-12-21 09:44:46 - [MESSAGE][PASSED] - Actual text and expected text of test object 'Object Repository/Page_Homescreen/SuperAdminMenu/menu_Watsons Command Center' are matched.

2023-12-21 09:44:46 - [TEST_STEP][PASSED] - verifyElementText(findTestObject("Object Repository/Page_Homescreen/SuperAdminMenu/menu_Home"), "Home"): Actual text and expected text of test object 'Object Repository/Page_Homescreen/SuperAdminMenu/menu_Home' are matched.

2023-12-21 09:44:46 - [MESSAGE][PASSED] - Actual text and expected text of test object 'Object Repository/Page_Homescreen/SuperAdminMenu/menu_Home' are matched.

2023-12-21 09:44:46 - [TEST_STEP][PASSED] - verifyElementText(findTestObject("Object Repository/Page_Homescreen/SuperAdminMenu/menu_Reports"), "Reports"): Actual text and expected text of test object 'Object Repository/Page_Homescreen/SuperAdminMenu/menu_Reports' are matched.

2023-12-21 09:44:47 - [MESSAGE][PASSED] - Actual text and expected text of test object 'Object Repository/Page_Homescreen/SuperAdminMenu/menu_Reports' are matched.

2023-12-21 09:44:47 - [TEST_STEP][PASSED] - verifyElementNotPresent(findTestObject("Object Repository/Page_Homescreen/SuperAdminMenu/menu_Admin"), 2): Web element with id: 'Object Repository/Page_Homescreen/SuperAdminMenu/menu_Admin' located by 'By.xpath: //div[@id='b2-b3-Menu']/span' is not present after '2' second(s)

2023-12-21 09:44:47 - [MESSAGE][PASSED] - Web element with id: 'Object Repository/Page_Homescreen/SuperAdminMenu/menu_Admin' located by 'By.xpath: //div[@id='b2-b3-Menu']/span' is not present after '2' second(s)

2023-12-21 09:44:47 - [TEST_STEP][PASSED] - verifyElementText(findTestObject("Object Repository/Page_Homescreen/SuperAdminMenu/menu_Ticket"), "Ticket"): Actual text and expected text of test object 'Object Repository/Page_Homescreen/SuperAdminMenu/menu_Ticket' are matched.

2023-12-21 09:44:47 - [MESSAGE][PASSED] - Actual text and expected text of test object 'Object Repository/Page_Homescreen/SuperAdminMenu/menu_Ticket' are matched.

2023-12-21 09:44:47 - [TEST_STEP][PASSED] - verifyElementText(findTestObject("Object Repository/Page_Homescreen/SuperAdminMenu/menu_Upload"), "Upload"): Actual text and expected text of test object 'Object Repository/Page_Homescreen/SuperAdminMenu/menu_Upload' are matched.

2023-12-21 09:44:48 - [MESSAGE][PASSED] - Actual text and expected text of test object 'Object Repository/Page_Homescreen/SuperAdminMenu/menu_Upload' are matched.

2023-12-21 09:44:48 - [TEST_STEP][PASSED] - verifyElementNotPresent(findTestObject("Object Repository/Page_Homescreen/SuperAdminMenu/menu_Audit Trail"), 2): Web element with id: 'Object Repository/Page_Homescreen/SuperAdminMenu/menu_Audit Trail' located by 'By.xpath: //div[@id='b2-PageLinks']/a[4]/span' is not present after '2' second(s)

2023-12-21 09:44:48 - [MESSAGE][PASSED] - Web element with id: 'Object Repository/Page_Homescreen/SuperAdminMenu/menu_Audit Trail' located by 'By.xpath: //div[@id='b2-PageLinks']/a[4]/span' is not present after '2' second(s)

2023-12-21 09:44:48 - [TEST_STEP][PASSED] - verifyElementPresent(findTestObject("Object Repository/Page_Homescreen/container_Form2307"), 0): Object 'Object Repository/Page_Homescreen/container_Form2307' is present

2023-12-21 09:44:48 - [MESSAGE][WARNING] - Timeout '0' is invalid. Using default page load timeout: '30'

2023-12-21 09:44:49 - [MESSAGE][PASSED] - Object 'Object Repository/Page_Homescreen/container_Form2307' is present

2023-12-21 09:44:49 - [TEST_STEP][PASSED] - verifyElementPresent(findTestObject("Object Repository/Page_Homescreen/container_RemittanceAdvice"), 0): Object 'Object Repository/Page_Homescreen/container_RemittanceAdvice' is present

2023-12-21 09:44:49 - [MESSAGE][WARNING] - Timeout '0' is invalid. Using default page load timeout: '30'

2023-12-21 09:44:49 - [MESSAGE][PASSED] - Object 'Object Repository/Page_Homescreen/container_RemittanceAdvice' is present

2023-12-21 09:44:49 - [TEST_STEP][PASSED] - verifyElementPresent(findTestObject("Object Repository/Page_Homescreen/container_BulletinMemo"), 0): Object 'Object Repository/Page_Homescreen/container_BulletinMemo' is present

2023-12-21 09:44:49 - [MESSAGE][WARNING] - Timeout '0' is invalid. Using default page load timeout: '30'

2023-12-21 09:44:49 - [MESSAGE][PASSED] - Object 'Object Repository/Page_Homescreen/container_BulletinMemo' is present

2023-12-21 09:44:49 - [TEST_STEP][PASSED] - verifyElementPresent(findTestObject("Object Repository/Page_Homescreen/container_Tickets"), 0): Object 'Object Repository/Page_Homescreen/container_Tickets' is present

2023-12-21 09:44:49 - [MESSAGE][WARNING] - Timeout '0' is invalid. Using default page load timeout: '30'

2023-12-21 09:44:50 - [MESSAGE][PASSED] - Object 'Object Repository/Page_Homescreen/container_Tickets' is present

2023-12-21 09:44:50 - [TEST_STEP][PASSED] - verifyElementPresent(findTestObject("Object Repository/Page_Homescreen/counter_Form2307"), 0): Object 'Object Repository/Page_Homescreen/counter_Form2307' is present

2023-12-21 09:44:50 - [MESSAGE][WARNING] - Timeout '0' is invalid. Using default page load timeout: '30'

2023-12-21 09:44:50 - [MESSAGE][PASSED] - Object 'Object Repository/Page_Homescreen/counter_Form2307' is present

2023-12-21 09:44:50 - [TEST_STEP][PASSED] - verifyElementPresent(findTestObject("Object Repository/Page_Homescreen/icon_Form2307"), 0): Object 'Object Repository/Page_Homescreen/icon_Form2307' is present

2023-12-21 09:44:50 - [MESSAGE][WARNING] - Timeout '0' is invalid. Using default page load timeout: '30'

2023-12-21 09:44:50 - [MESSAGE][PASSED] - Object 'Object Repository/Page_Homescreen/icon_Form2307' is present

2023-12-21 09:44:50 - [TEST_STEP][PASSED] - takeElementScreenshot(findTestObject("Object Repository/Page_Homescreen/icon_Form2307")): Taking screenshot successfully

2023-12-21 09:44:50 - [MESSAGE][WARNING] - Timeout '0' is invalid. Using default page load timeout: '30'

2023-12-21 09:44:51 - [MESSAGE][INFO] - 0 hidden object(s)

2023-12-21 09:44:51 - [MESSAGE][PASSED] - Taking screenshot successfully
[[ATTACHMENT|C:\\Users\\User\\git\\ProjectHermes\\Reports\\20231221_094242\\Dashboad_Regression\\20231221_094242\\1703123090786.png]]

2023-12-21 09:44:51 - [TEST_STEP][PASSED] - verifyElementText(findTestObject("Object Repository/Page_Homescreen/label_UnreadForm2307"), "Unread"): Actual text and expected text of test object 'Object Repository/Page_Homescreen/label_UnreadForm2307' are matched.

2023-12-21 09:44:51 - [MESSAGE][PASSED] - Actual text and expected text of test object 'Object Repository/Page_Homescreen/label_UnreadForm2307' are matched.

2023-12-21 09:44:51 - [TEST_STEP][PASSED] - verifyElementText(findTestObject("Object Repository/Page_Homescreen/label_Form 2307"), "Form 2307"): Actual text and expected text of test object 'Object Repository/Page_Homescreen/label_Form 2307' are matched.

2023-12-21 09:44:52 - [MESSAGE][PASSED] - Actual text and expected text of test object 'Object Repository/Page_Homescreen/label_Form 2307' are matched.

2023-12-21 09:44:52 - [TEST_STEP][PASSED] - verifyElementPresent(findTestObject("Object Repository/Page_Homescreen/buttonForm2307_View All"), 0): Object 'Object Repository/Page_Homescreen/buttonForm2307_View All' is present

2023-12-21 09:44:52 - [MESSAGE][WARNING] - Timeout '0' is invalid. Using default page load timeout: '30'

2023-12-21 09:44:52 - [MESSAGE][PASSED] - Object 'Object Repository/Page_Homescreen/buttonForm2307_View All' is present

2023-12-21 09:44:52 - [TEST_STEP][PASSED] - verifyElementPresent(findTestObject("Object Repository/Page_Homescreen/counter_RemittanceAdvice"), 0): Object 'Object Repository/Page_Homescreen/counter_RemittanceAdvice' is present

2023-12-21 09:44:52 - [MESSAGE][WARNING] - Timeout '0' is invalid. Using default page load timeout: '30'

2023-12-21 09:44:52 - [MESSAGE][PASSED] - Object 'Object Repository/Page_Homescreen/counter_RemittanceAdvice' is present

2023-12-21 09:44:52 - [TEST_STEP][PASSED] - verifyElementPresent(findTestObject("Object Repository/Page_Homescreen/icon_RemittanceAdvice"), 0): Object 'Object Repository/Page_Homescreen/icon_RemittanceAdvice' is present

2023-12-21 09:44:52 - [MESSAGE][WARNING] - Timeout '0' is invalid. Using default page load timeout: '30'

2023-12-21 09:44:52 - [MESSAGE][PASSED] - Object 'Object Repository/Page_Homescreen/icon_RemittanceAdvice' is present

2023-12-21 09:44:52 - [TEST_STEP][PASSED] - takeElementScreenshot(findTestObject("Object Repository/Page_Homescreen/icon_RemittanceAdvice")): Taking screenshot successfully

2023-12-21 09:44:53 - [MESSAGE][WARNING] - Timeout '0' is invalid. Using default page load timeout: '30'

2023-12-21 09:44:53 - [MESSAGE][INFO] - 0 hidden object(s)

2023-12-21 09:44:53 - [MESSAGE][PASSED] - Taking screenshot successfully
[[ATTACHMENT|C:\\Users\\User\\git\\ProjectHermes\\Reports\\20231221_094242\\Dashboad_Regression\\20231221_094242\\1703123093027.png]]

2023-12-21 09:44:53 - [TEST_STEP][PASSED] - verifyElementText(findTestObject("Object Repository/Page_Homescreen/label_UnreadRA"), "Unread"): Actual text and expected text of test object 'Object Repository/Page_Homescreen/label_UnreadRA' are matched.

2023-12-21 09:44:53 - [MESSAGE][PASSED] - Actual text and expected text of test object 'Object Repository/Page_Homescreen/label_UnreadRA' are matched.

2023-12-21 09:44:53 - [TEST_STEP][PASSED] - verifyElementText(findTestObject("Object Repository/Page_Homescreen/label_Remittance Advice"), "Remittance Advice"): Actual text and expected text of test object 'Object Repository/Page_Homescreen/label_Remittance Advice' are matched.

2023-12-21 09:44:54 - [MESSAGE][PASSED] - Actual text and expected text of test object 'Object Repository/Page_Homescreen/label_Remittance Advice' are matched.

2023-12-21 09:44:54 - [TEST_STEP][PASSED] - verifyElementPresent(findTestObject("Object Repository/Page_Homescreen/button_RAView All"), 0): Object 'Object Repository/Page_Homescreen/button_RAView All' is present

2023-12-21 09:44:54 - [MESSAGE][WARNING] - Timeout '0' is invalid. Using default page load timeout: '30'

2023-12-21 09:44:54 - [MESSAGE][PASSED] - Object 'Object Repository/Page_Homescreen/button_RAView All' is present

2023-12-21 09:44:54 - [TEST_STEP][PASSED] - verifyElementPresent(findTestObject("Object Repository/Page_Homescreen/counter_BulletinMemo"), 0): Object 'Object Repository/Page_Homescreen/counter_BulletinMemo' is present

2023-12-21 09:44:54 - [MESSAGE][WARNING] - Timeout '0' is invalid. Using default page load timeout: '30'

2023-12-21 09:44:55 - [MESSAGE][PASSED] - Object 'Object Repository/Page_Homescreen/counter_BulletinMemo' is present

2023-12-21 09:44:55 - [TEST_STEP][PASSED] - verifyElementPresent(findTestObject("Object Repository/Page_Homescreen/icon_BulletinMemo"), 0): Object 'Object Repository/Page_Homescreen/icon_BulletinMemo' is present

2023-12-21 09:44:55 - [MESSAGE][WARNING] - Timeout '0' is invalid. Using default page load timeout: '30'

2023-12-21 09:44:56 - [MESSAGE][PASSED] - Object 'Object Repository/Page_Homescreen/icon_BulletinMemo' is present

2023-12-21 09:44:56 - [TEST_STEP][PASSED] - takeElementScreenshot(findTestObject("Object Repository/Page_Homescreen/icon_BulletinMemo")): Taking screenshot successfully

2023-12-21 09:44:56 - [MESSAGE][WARNING] - Timeout '0' is invalid. Using default page load timeout: '30'

2023-12-21 09:44:57 - [MESSAGE][INFO] - 0 hidden object(s)

2023-12-21 09:44:57 - [MESSAGE][PASSED] - Taking screenshot successfully
[[ATTACHMENT|C:\\Users\\User\\git\\ProjectHermes\\Reports\\20231221_094242\\Dashboad_Regression\\20231221_094242\\1703123096752.png]]

2023-12-21 09:44:57 - [TEST_STEP][PASSED] - verifyElementText(findTestObject("Object Repository/Page_Homescreen/label_PublishedBM"), "Published"): Actual text and expected text of test object 'Object Repository/Page_Homescreen/label_PublishedBM' are matched.

2023-12-21 09:44:57 - [MESSAGE][PASSED] - Actual text and expected text of test object 'Object Repository/Page_Homescreen/label_PublishedBM' are matched.

2023-12-21 09:44:57 - [TEST_STEP][PASSED] - verifyElementText(findTestObject("Object Repository/Page_Homescreen/label_Bulletin Memo"), "Bulletin Memo"): Actual text and expected text of test object 'Object Repository/Page_Homescreen/label_Bulletin Memo' are matched.

2023-12-21 09:44:58 - [MESSAGE][PASSED] - Actual text and expected text of test object 'Object Repository/Page_Homescreen/label_Bulletin Memo' are matched.

2023-12-21 09:44:58 - [TEST_STEP][PASSED] - verifyElementPresent(findTestObject("Object Repository/Page_Homescreen/button_BMView All"), 0): Object 'Object Repository/Page_Homescreen/button_BMView All' is present

2023-12-21 09:44:58 - [MESSAGE][WARNING] - Timeout '0' is invalid. Using default page load timeout: '30'

2023-12-21 09:44:58 - [MESSAGE][PASSED] - Object 'Object Repository/Page_Homescreen/button_BMView All' is present

2023-12-21 09:44:58 - [TEST_STEP][PASSED] - verifyElementPresent(findTestObject("Object Repository/Page_Homescreen/counter_Tickets"), 0): Object 'Object Repository/Page_Homescreen/counter_Tickets' is present

2023-12-21 09:44:58 - [MESSAGE][WARNING] - Timeout '0' is invalid. Using default page load timeout: '30'

2023-12-21 09:44:58 - [MESSAGE][PASSED] - Object 'Object Repository/Page_Homescreen/counter_Tickets' is present

2023-12-21 09:44:58 - [TEST_STEP][PASSED] - verifyElementPresent(findTestObject("Object Repository/Page_Homescreen/icon_Tickets"), 0): Object 'Object Repository/Page_Homescreen/icon_Tickets' is present

2023-12-21 09:44:58 - [MESSAGE][WARNING] - Timeout '0' is invalid. Using default page load timeout: '30'

2023-12-21 09:44:59 - [MESSAGE][PASSED] - Object 'Object Repository/Page_Homescreen/icon_Tickets' is present

2023-12-21 09:44:59 - [TEST_STEP][PASSED] - takeElementScreenshot(findTestObject("Object Repository/Page_Homescreen/icon_Tickets")): Taking screenshot successfully

2023-12-21 09:44:59 - [MESSAGE][WARNING] - Timeout '0' is invalid. Using default page load timeout: '30'

2023-12-21 09:44:59 - [MESSAGE][INFO] - 0 hidden object(s)

2023-12-21 09:44:59 - [MESSAGE][PASSED] - Taking screenshot successfully
[[ATTACHMENT|C:\\Users\\User\\git\\ProjectHermes\\Reports\\20231221_094242\\Dashboad_Regression\\20231221_094242\\1703123099043.png]]

2023-12-21 09:44:59 - [TEST_STEP][PASSED] - verifyElementText(findTestObject("Object Repository/Page_Homescreen/label_Open"), "Open"): Actual text and expected text of test object 'Object Repository/Page_Homescreen/label_Open' are matched.

2023-12-21 09:44:59 - [MESSAGE][PASSED] - Actual text and expected text of test object 'Object Repository/Page_Homescreen/label_Open' are matched.

2023-12-21 09:44:59 - [TEST_STEP][PASSED] - verifyElementText(findTestObject("Object Repository/Page_Homescreen/label_Tickets"), "Tickets"): Actual text and expected text of test object 'Object Repository/Page_Homescreen/label_Tickets' are matched.

2023-12-21 09:45:00 - [MESSAGE][PASSED] - Actual text and expected text of test object 'Object Repository/Page_Homescreen/label_Tickets' are matched.

2023-12-21 09:45:00 - [TEST_STEP][PASSED] - verifyElementPresent(findTestObject("Object Repository/Page_Homescreen/button_TicketsView All"), 0): Object 'Object Repository/Page_Homescreen/button_TicketsView All' is present

2023-12-21 09:45:00 - [MESSAGE][WARNING] - Timeout '0' is invalid. Using default page load timeout: '30'

2023-12-21 09:45:00 - [MESSAGE][PASSED] - Object 'Object Repository/Page_Homescreen/button_TicketsView All' is present

2023-12-21 09:45:00 - [TEST_STEP][PASSED] - closeBrowser(): Browser is closed

2023-12-21 09:45:01 - [MESSAGE][PASSED] - Browser is closed]]></system-out>
         <system-err><![CDATA[]]></system-err>
      </testcase>
      <testcase name="Test Cases/Sprint 1/Dashboard_TC/TC004_Vendor_Dashboard" time="40.167" classname="Test Cases/Sprint 1/Dashboard_TC/TC004_Vendor_Dashboard" status="PASSED">
         <system-out><![CDATA[2023-12-21 09:45:01 - [TEST_CASE][PASSED] - Test Cases/Sprint 1/Dashboard_TC/TC004_Vendor_Dashboard: Test Cases/Sprint 1/Dashboard_TC/TC004_Vendor_Dashboard

2023-12-21 09:45:01 - [TEST_STEP][PASSED] - callTestCase(findTestCase("Sprint 1/VendorPortal_Login_TC/TC004_LoginValidCredentials_Vendor"), [:], STOP_ON_FAILURE): Call Test Case 'Test Cases/Sprint 1/VendorPortal_Login_TC/TC004_LoginValidCredentials_Vendor' successfully

2023-12-21 09:45:01 - [TEST_CASE][PASSED] - Test Cases/Sprint 1/VendorPortal_Login_TC/TC004_LoginValidCredentials_Vendor: Test Cases/Sprint 1/VendorPortal_Login_TC/TC004_LoginValidCredentials_Vendor

2023-12-21 09:45:01 - [TEST_STEP][PASSED] - openBrowser(""): Browser is opened with url: ''

2023-12-21 09:45:01 - [MESSAGE][INFO] - Starting 'Chrome' driver

2023-12-21 09:45:01 - [MESSAGE][INFO] - User set preference: ['args', '[--start-maximized, UnexpectedAlertBehaviour=ignore]']

2023-12-21 09:45:01 - [MESSAGE][INFO] - User set preference: ['acceptInsecureCerts', 'true']

2023-12-21 09:45:01 - [MESSAGE][INFO] - Action delay is set to 0 milliseconds

2023-12-21 09:45:02 - [MESSAGE][PASSED] - Browser is opened with url: ''

2023-12-21 09:45:02 - [TEST_STEP][PASSED] - navigateToUrl(URL_vendor): Navigate to 'https://10.143.206.85/NTVP_TH/Login' successfully

2023-12-21 09:45:11 - [MESSAGE][PASSED] - Navigate to 'https://10.143.206.85/NTVP_TH/Login' successfully

2023-12-21 09:45:11 - [TEST_STEP][PASSED] - setText(findTestObject("Object Repository/Page_Login/input_Username"), vendor_username): Text '12132023_VP' is set on object 'Object Repository/Page_Login/input_Username'

2023-12-21 09:45:19 - [MESSAGE][PASSED] - Text '12132023_VP' is set on object 'Object Repository/Page_Login/input_Username'

2023-12-21 09:45:19 - [TEST_STEP][PASSED] - setEncryptedText(findTestObject("Object Repository/Page_Login/input_Password"), vendor_password): Text ****** has been set on object 'Object Repository/Page_Login/input_Password'

2023-12-21 09:45:19 - [MESSAGE][PASSED] - Text ****** has been set on object 'Object Repository/Page_Login/input_Password'

2023-12-21 09:45:19 - [TEST_STEP][PASSED] - click(findTestObject("Object Repository/Page_Login/button_Login")): Object: 'Object Repository/Page_Login/button_Login' is clicked on

2023-12-21 09:45:20 - [MESSAGE][PASSED] - Object: 'Object Repository/Page_Login/button_Login' is clicked on

2023-12-21 09:45:20 - [TEST_STEP][PASSED] - delay(3): Delayed 3 second(s)

2023-12-21 09:45:23 - [MESSAGE][PASSED] - Delayed 3 second(s)

2023-12-21 09:45:23 - [TEST_STEP][PASSED] - navigateToUrl("https://10.143.206.85/NonTradeVendorPortal/"): Navigate to 'https://10.143.206.85/NonTradeVendorPortal/' successfully

2023-12-21 09:45:24 - [MESSAGE][PASSED] - Navigate to 'https://10.143.206.85/NonTradeVendorPortal/' successfully

2023-12-21 09:45:24 - [TEST_STEP][PASSED] - verifyElementText(findTestObject("Object Repository/Page_Homescreen/titlePage_Dashboard"), "Dashboard"): Actual text and expected text of test object 'Object Repository/Page_Homescreen/titlePage_Dashboard' are matched.

2023-12-21 09:45:28 - [MESSAGE][PASSED] - Actual text and expected text of test object 'Object Repository/Page_Homescreen/titlePage_Dashboard' are matched.

2023-12-21 09:45:28 - [MESSAGE][PASSED] - Call Test Case 'Test Cases/Sprint 1/VendorPortal_Login_TC/TC004_LoginValidCredentials_Vendor' successfully

2023-12-21 09:45:28 - [TEST_STEP][PASSED] - verifyElementText(findTestObject("Object Repository/Page_Homescreen/titlePage_Dashboard"), "Dashboard"): Actual text and expected text of test object 'Object Repository/Page_Homescreen/titlePage_Dashboard' are matched.

2023-12-21 09:45:28 - [MESSAGE][PASSED] - Actual text and expected text of test object 'Object Repository/Page_Homescreen/titlePage_Dashboard' are matched.

2023-12-21 09:45:28 - [TEST_STEP][PASSED] - verifyElementText(findTestObject("Object Repository/Page_Homescreen/VendorMenu/vendorMenu_Home"), "Home"): Actual text and expected text of test object 'Object Repository/Page_Homescreen/VendorMenu/vendorMenu_Home' are matched.

2023-12-21 09:45:29 - [MESSAGE][PASSED] - Actual text and expected text of test object 'Object Repository/Page_Homescreen/VendorMenu/vendorMenu_Home' are matched.

2023-12-21 09:45:29 - [TEST_STEP][PASSED] - verifyElementText(findTestObject("Object Repository/Page_Homescreen/VendorMenu/vendorMenu_Reports"), "Reports"): Actual text and expected text of test object 'Object Repository/Page_Homescreen/VendorMenu/vendorMenu_Reports' are matched.

2023-12-21 09:45:29 - [MESSAGE][PASSED] - Actual text and expected text of test object 'Object Repository/Page_Homescreen/VendorMenu/vendorMenu_Reports' are matched.

2023-12-21 09:45:29 - [TEST_STEP][PASSED] - verifyElementNotPresent(findTestObject("Object Repository/Page_Homescreen/SuperAdminMenu/menu_Admin"), 2): Web element with id: 'Object Repository/Page_Homescreen/SuperAdminMenu/menu_Admin' located by 'By.xpath: //div[@id='b2-b3-Menu']/span' is not present after '2' second(s)

2023-12-21 09:45:29 - [MESSAGE][PASSED] - Web element with id: 'Object Repository/Page_Homescreen/SuperAdminMenu/menu_Admin' located by 'By.xpath: //div[@id='b2-b3-Menu']/span' is not present after '2' second(s)

2023-12-21 09:45:29 - [TEST_STEP][PASSED] - verifyElementText(findTestObject("Object Repository/Page_Homescreen/VendorMenu/vendorMenu_Ticket"), "Ticket"): Actual text and expected text of test object 'Object Repository/Page_Homescreen/VendorMenu/vendorMenu_Ticket' are matched.

2023-12-21 09:45:30 - [MESSAGE][PASSED] - Actual text and expected text of test object 'Object Repository/Page_Homescreen/VendorMenu/vendorMenu_Ticket' are matched.

2023-12-21 09:45:30 - [TEST_STEP][PASSED] - verifyElementNotPresent(findTestObject("Object Repository/Page_Homescreen/SuperAdminMenu/menu_Upload"), 2): Web element with id: 'Object Repository/Page_Homescreen/SuperAdminMenu/menu_Upload' located by 'By.xpath: //div[@id='b2-b4-Menu']/span' is not present after '2' second(s)

2023-12-21 09:45:30 - [MESSAGE][PASSED] - Web element with id: 'Object Repository/Page_Homescreen/SuperAdminMenu/menu_Upload' located by 'By.xpath: //div[@id='b2-b4-Menu']/span' is not present after '2' second(s)

2023-12-21 09:45:30 - [TEST_STEP][PASSED] - verifyElementNotPresent(findTestObject("Object Repository/Page_Homescreen/SuperAdminMenu/menu_Audit Trail"), 2): Web element with id: 'Object Repository/Page_Homescreen/SuperAdminMenu/menu_Audit Trail' located by 'By.xpath: //div[@id='b2-PageLinks']/a[4]/span' is not present after '2' second(s)

2023-12-21 09:45:30 - [MESSAGE][PASSED] - Web element with id: 'Object Repository/Page_Homescreen/SuperAdminMenu/menu_Audit Trail' located by 'By.xpath: //div[@id='b2-PageLinks']/a[4]/span' is not present after '2' second(s)

2023-12-21 09:45:30 - [TEST_STEP][PASSED] - verifyElementPresent(findTestObject("Object Repository/Page_Homescreen/container_Form2307"), 0): Object 'Object Repository/Page_Homescreen/container_Form2307' is present

2023-12-21 09:45:30 - [MESSAGE][WARNING] - Timeout '0' is invalid. Using default page load timeout: '30'

2023-12-21 09:45:31 - [MESSAGE][PASSED] - Object 'Object Repository/Page_Homescreen/container_Form2307' is present

2023-12-21 09:45:31 - [TEST_STEP][PASSED] - verifyElementPresent(findTestObject("Object Repository/Page_Homescreen/container_RemittanceAdvice"), 0): Object 'Object Repository/Page_Homescreen/container_RemittanceAdvice' is present

2023-12-21 09:45:31 - [MESSAGE][WARNING] - Timeout '0' is invalid. Using default page load timeout: '30'

2023-12-21 09:45:31 - [MESSAGE][PASSED] - Object 'Object Repository/Page_Homescreen/container_RemittanceAdvice' is present

2023-12-21 09:45:31 - [TEST_STEP][PASSED] - verifyElementPresent(findTestObject("Object Repository/Page_Homescreen/container_BulletinMemo"), 0): Object 'Object Repository/Page_Homescreen/container_BulletinMemo' is present

2023-12-21 09:45:31 - [MESSAGE][WARNING] - Timeout '0' is invalid. Using default page load timeout: '30'

2023-12-21 09:45:31 - [MESSAGE][PASSED] - Object 'Object Repository/Page_Homescreen/container_BulletinMemo' is present

2023-12-21 09:45:31 - [TEST_STEP][PASSED] - verifyElementPresent(findTestObject("Object Repository/Page_Homescreen/container_Tickets"), 0): Object 'Object Repository/Page_Homescreen/container_Tickets' is present

2023-12-21 09:45:31 - [MESSAGE][WARNING] - Timeout '0' is invalid. Using default page load timeout: '30'

2023-12-21 09:45:32 - [MESSAGE][PASSED] - Object 'Object Repository/Page_Homescreen/container_Tickets' is present

2023-12-21 09:45:32 - [TEST_STEP][PASSED] - verifyElementPresent(findTestObject("Object Repository/Page_Homescreen/counter_Form2307"), 0): Object 'Object Repository/Page_Homescreen/counter_Form2307' is present

2023-12-21 09:45:32 - [MESSAGE][WARNING] - Timeout '0' is invalid. Using default page load timeout: '30'

2023-12-21 09:45:32 - [MESSAGE][PASSED] - Object 'Object Repository/Page_Homescreen/counter_Form2307' is present

2023-12-21 09:45:32 - [TEST_STEP][PASSED] - verifyElementPresent(findTestObject("Object Repository/Page_Homescreen/icon_Form2307"), 0): Object 'Object Repository/Page_Homescreen/icon_Form2307' is present

2023-12-21 09:45:32 - [MESSAGE][WARNING] - Timeout '0' is invalid. Using default page load timeout: '30'

2023-12-21 09:45:32 - [MESSAGE][PASSED] - Object 'Object Repository/Page_Homescreen/icon_Form2307' is present

2023-12-21 09:45:32 - [TEST_STEP][PASSED] - takeElementScreenshot(findTestObject("Object Repository/Page_Homescreen/icon_Form2307")): Taking screenshot successfully

2023-12-21 09:45:32 - [MESSAGE][WARNING] - Timeout '0' is invalid. Using default page load timeout: '30'

2023-12-21 09:45:33 - [MESSAGE][INFO] - 0 hidden object(s)

2023-12-21 09:45:33 - [MESSAGE][PASSED] - Taking screenshot successfully
[[ATTACHMENT|C:\\Users\\User\\git\\ProjectHermes\\Reports\\20231221_094242\\Dashboad_Regression\\20231221_094242\\1703123132858.png]]

2023-12-21 09:45:33 - [TEST_STEP][PASSED] - verifyElementText(findTestObject("Object Repository/Page_Homescreen/label_UnreadForm2307"), "Unread"): Actual text and expected text of test object 'Object Repository/Page_Homescreen/label_UnreadForm2307' are matched.

2023-12-21 09:45:33 - [MESSAGE][PASSED] - Actual text and expected text of test object 'Object Repository/Page_Homescreen/label_UnreadForm2307' are matched.

2023-12-21 09:45:33 - [TEST_STEP][PASSED] - verifyElementText(findTestObject("Object Repository/Page_Homescreen/label_Form 2307"), "Form 2307"): Actual text and expected text of test object 'Object Repository/Page_Homescreen/label_Form 2307' are matched.

2023-12-21 09:45:33 - [MESSAGE][PASSED] - Actual text and expected text of test object 'Object Repository/Page_Homescreen/label_Form 2307' are matched.

2023-12-21 09:45:33 - [TEST_STEP][PASSED] - verifyElementPresent(findTestObject("Object Repository/Page_Homescreen/buttonForm2307_View All"), 0): Object 'Object Repository/Page_Homescreen/buttonForm2307_View All' is present

2023-12-21 09:45:34 - [MESSAGE][WARNING] - Timeout '0' is invalid. Using default page load timeout: '30'

2023-12-21 09:45:34 - [MESSAGE][PASSED] - Object 'Object Repository/Page_Homescreen/buttonForm2307_View All' is present

2023-12-21 09:45:34 - [TEST_STEP][PASSED] - verifyElementPresent(findTestObject("Object Repository/Page_Homescreen/counter_RemittanceAdvice"), 0): Object 'Object Repository/Page_Homescreen/counter_RemittanceAdvice' is present

2023-12-21 09:45:34 - [MESSAGE][WARNING] - Timeout '0' is invalid. Using default page load timeout: '30'

2023-12-21 09:45:34 - [MESSAGE][PASSED] - Object 'Object Repository/Page_Homescreen/counter_RemittanceAdvice' is present

2023-12-21 09:45:34 - [TEST_STEP][PASSED] - verifyElementPresent(findTestObject("Object Repository/Page_Homescreen/icon_RemittanceAdvice"), 0): Object 'Object Repository/Page_Homescreen/icon_RemittanceAdvice' is present

2023-12-21 09:45:34 - [MESSAGE][WARNING] - Timeout '0' is invalid. Using default page load timeout: '30'

2023-12-21 09:45:34 - [MESSAGE][PASSED] - Object 'Object Repository/Page_Homescreen/icon_RemittanceAdvice' is present

2023-12-21 09:45:34 - [TEST_STEP][PASSED] - takeElementScreenshot(findTestObject("Object Repository/Page_Homescreen/icon_RemittanceAdvice")): Taking screenshot successfully

2023-12-21 09:45:34 - [MESSAGE][WARNING] - Timeout '0' is invalid. Using default page load timeout: '30'

2023-12-21 09:45:35 - [MESSAGE][INFO] - 0 hidden object(s)

2023-12-21 09:45:35 - [MESSAGE][PASSED] - Taking screenshot successfully
[[ATTACHMENT|C:\\Users\\User\\git\\ProjectHermes\\Reports\\20231221_094242\\Dashboad_Regression\\20231221_094242\\1703123134967.png]]

2023-12-21 09:45:35 - [TEST_STEP][PASSED] - verifyElementText(findTestObject("Object Repository/Page_Homescreen/label_UnreadRA"), "Unread"): Actual text and expected text of test object 'Object Repository/Page_Homescreen/label_UnreadRA' are matched.

2023-12-21 09:45:35 - [MESSAGE][PASSED] - Actual text and expected text of test object 'Object Repository/Page_Homescreen/label_UnreadRA' are matched.

2023-12-21 09:45:35 - [TEST_STEP][PASSED] - verifyElementText(findTestObject("Object Repository/Page_Homescreen/label_Remittance Advice"), "Remittance Advice"): Actual text and expected text of test object 'Object Repository/Page_Homescreen/label_Remittance Advice' are matched.

2023-12-21 09:45:36 - [MESSAGE][PASSED] - Actual text and expected text of test object 'Object Repository/Page_Homescreen/label_Remittance Advice' are matched.

2023-12-21 09:45:36 - [TEST_STEP][PASSED] - verifyElementPresent(findTestObject("Object Repository/Page_Homescreen/button_RAView All"), 0): Object 'Object Repository/Page_Homescreen/button_RAView All' is present

2023-12-21 09:45:36 - [MESSAGE][WARNING] - Timeout '0' is invalid. Using default page load timeout: '30'

2023-12-21 09:45:36 - [MESSAGE][PASSED] - Object 'Object Repository/Page_Homescreen/button_RAView All' is present

2023-12-21 09:45:36 - [TEST_STEP][PASSED] - verifyElementPresent(findTestObject("Object Repository/Page_Homescreen/counter_BulletinMemo"), 0): Object 'Object Repository/Page_Homescreen/counter_BulletinMemo' is present

2023-12-21 09:45:36 - [MESSAGE][WARNING] - Timeout '0' is invalid. Using default page load timeout: '30'

2023-12-21 09:45:36 - [MESSAGE][PASSED] - Object 'Object Repository/Page_Homescreen/counter_BulletinMemo' is present

2023-12-21 09:45:36 - [TEST_STEP][PASSED] - verifyElementPresent(findTestObject("Object Repository/Page_Homescreen/icon_BulletinMemo"), 0): Object 'Object Repository/Page_Homescreen/icon_BulletinMemo' is present

2023-12-21 09:45:36 - [MESSAGE][WARNING] - Timeout '0' is invalid. Using default page load timeout: '30'

2023-12-21 09:45:37 - [MESSAGE][PASSED] - Object 'Object Repository/Page_Homescreen/icon_BulletinMemo' is present

2023-12-21 09:45:37 - [TEST_STEP][PASSED] - takeElementScreenshot(findTestObject("Object Repository/Page_Homescreen/icon_BulletinMemo")): Taking screenshot successfully

2023-12-21 09:45:37 - [MESSAGE][WARNING] - Timeout '0' is invalid. Using default page load timeout: '30'

2023-12-21 09:45:37 - [MESSAGE][INFO] - 0 hidden object(s)

2023-12-21 09:45:37 - [MESSAGE][PASSED] - Taking screenshot successfully
[[ATTACHMENT|C:\\Users\\User\\git\\ProjectHermes\\Reports\\20231221_094242\\Dashboad_Regression\\20231221_094242\\1703123137169.png]]

2023-12-21 09:45:37 - [TEST_STEP][PASSED] - verifyElementText(findTestObject("Object Repository/Page_Homescreen/label_PublishedBM"), "Published"): Actual text and expected text of test object 'Object Repository/Page_Homescreen/label_PublishedBM' are matched.

2023-12-21 09:45:38 - [MESSAGE][PASSED] - Actual text and expected text of test object 'Object Repository/Page_Homescreen/label_PublishedBM' are matched.

2023-12-21 09:45:38 - [TEST_STEP][PASSED] - verifyElementText(findTestObject("Object Repository/Page_Homescreen/label_Bulletin Memo"), "Bulletin Memo"): Actual text and expected text of test object 'Object Repository/Page_Homescreen/label_Bulletin Memo' are matched.

2023-12-21 09:45:38 - [MESSAGE][PASSED] - Actual text and expected text of test object 'Object Repository/Page_Homescreen/label_Bulletin Memo' are matched.

2023-12-21 09:45:38 - [TEST_STEP][PASSED] - verifyElementPresent(findTestObject("Object Repository/Page_Homescreen/button_BMView All"), 0): Object 'Object Repository/Page_Homescreen/button_BMView All' is present

2023-12-21 09:45:38 - [MESSAGE][WARNING] - Timeout '0' is invalid. Using default page load timeout: '30'

2023-12-21 09:45:38 - [MESSAGE][PASSED] - Object 'Object Repository/Page_Homescreen/button_BMView All' is present

2023-12-21 09:45:38 - [TEST_STEP][PASSED] - verifyElementPresent(findTestObject("Object Repository/Page_Homescreen/counter_Tickets"), 0): Object 'Object Repository/Page_Homescreen/counter_Tickets' is present

2023-12-21 09:45:38 - [MESSAGE][WARNING] - Timeout '0' is invalid. Using default page load timeout: '30'

2023-12-21 09:45:38 - [MESSAGE][PASSED] - Object 'Object Repository/Page_Homescreen/counter_Tickets' is present

2023-12-21 09:45:38 - [TEST_STEP][PASSED] - verifyElementPresent(findTestObject("Object Repository/Page_Homescreen/icon_Tickets"), 0): Object 'Object Repository/Page_Homescreen/icon_Tickets' is present

2023-12-21 09:45:38 - [MESSAGE][WARNING] - Timeout '0' is invalid. Using default page load timeout: '30'

2023-12-21 09:45:39 - [MESSAGE][PASSED] - Object 'Object Repository/Page_Homescreen/icon_Tickets' is present

2023-12-21 09:45:39 - [TEST_STEP][PASSED] - takeElementScreenshot(findTestObject("Object Repository/Page_Homescreen/icon_Tickets")): Taking screenshot successfully

2023-12-21 09:45:39 - [MESSAGE][WARNING] - Timeout '0' is invalid. Using default page load timeout: '30'

2023-12-21 09:45:39 - [MESSAGE][INFO] - 0 hidden object(s)

2023-12-21 09:45:39 - [MESSAGE][PASSED] - Taking screenshot successfully
[[ATTACHMENT|C:\\Users\\User\\git\\ProjectHermes\\Reports\\20231221_094242\\Dashboad_Regression\\20231221_094242\\1703123139322.png]]

2023-12-21 09:45:39 - [TEST_STEP][PASSED] - verifyElementText(findTestObject("Object Repository/Page_Homescreen/label_Open"), "Open"): Actual text and expected text of test object 'Object Repository/Page_Homescreen/label_Open' are matched.

2023-12-21 09:45:40 - [MESSAGE][PASSED] - Actual text and expected text of test object 'Object Repository/Page_Homescreen/label_Open' are matched.

2023-12-21 09:45:40 - [TEST_STEP][PASSED] - verifyElementText(findTestObject("Object Repository/Page_Homescreen/label_Tickets"), "Tickets"): Actual text and expected text of test object 'Object Repository/Page_Homescreen/label_Tickets' are matched.

2023-12-21 09:45:40 - [MESSAGE][PASSED] - Actual text and expected text of test object 'Object Repository/Page_Homescreen/label_Tickets' are matched.

2023-12-21 09:45:40 - [TEST_STEP][PASSED] - verifyElementPresent(findTestObject("Object Repository/Page_Homescreen/button_TicketsView All"), 0): Object 'Object Repository/Page_Homescreen/button_TicketsView All' is present

2023-12-21 09:45:40 - [MESSAGE][WARNING] - Timeout '0' is invalid. Using default page load timeout: '30'

2023-12-21 09:45:40 - [MESSAGE][PASSED] - Object 'Object Repository/Page_Homescreen/button_TicketsView All' is present

2023-12-21 09:45:40 - [TEST_STEP][PASSED] - closeBrowser(): Browser is closed

2023-12-21 09:45:41 - [MESSAGE][PASSED] - Browser is closed]]></system-out>
         <system-err><![CDATA[]]></system-err>
      </testcase>
      <testcase name="Test Cases/Sprint 1/Dashboard_TC/TC005_ViewUnreadRA" time="61.034" classname="Test Cases/Sprint 1/Dashboard_TC/TC005_ViewUnreadRA" status="PASSED">
         <system-out><![CDATA[2023-12-21 09:45:41 - [TEST_CASE][PASSED] - Test Cases/Sprint 1/Dashboard_TC/TC005_ViewUnreadRA: Test Cases/Sprint 1/Dashboard_TC/TC005_ViewUnreadRA

2023-12-21 09:45:41 - [TEST_STEP][PASSED] - callTestCase(findTestCase("Test Cases/Sprint 1/VendorPortal_Login_TC/TC004_LoginValidCredentials_Vendor"), [:], STOP_ON_FAILURE): Call Test Case 'Test Cases/Sprint 1/VendorPortal_Login_TC/TC004_LoginValidCredentials_Vendor' successfully

2023-12-21 09:45:41 - [TEST_CASE][PASSED] - Test Cases/Sprint 1/VendorPortal_Login_TC/TC004_LoginValidCredentials_Vendor: Test Cases/Sprint 1/VendorPortal_Login_TC/TC004_LoginValidCredentials_Vendor

2023-12-21 09:45:41 - [TEST_STEP][PASSED] - openBrowser(""): Browser is opened with url: ''

2023-12-21 09:45:41 - [MESSAGE][INFO] - Starting 'Chrome' driver

2023-12-21 09:45:41 - [MESSAGE][INFO] - User set preference: ['args', '[--start-maximized, UnexpectedAlertBehaviour=ignore]']

2023-12-21 09:45:41 - [MESSAGE][INFO] - User set preference: ['acceptInsecureCerts', 'true']

2023-12-21 09:45:41 - [MESSAGE][INFO] - Action delay is set to 0 milliseconds

2023-12-21 09:45:43 - [MESSAGE][PASSED] - Browser is opened with url: ''

2023-12-21 09:45:43 - [TEST_STEP][PASSED] - navigateToUrl(URL_vendor): Navigate to 'https://10.143.206.85/NTVP_TH/Login' successfully

2023-12-21 09:45:44 - [MESSAGE][PASSED] - Navigate to 'https://10.143.206.85/NTVP_TH/Login' successfully

2023-12-21 09:45:44 - [TEST_STEP][PASSED] - setText(findTestObject("Object Repository/Page_Login/input_Username"), vendor_username): Text '12132023_VP' is set on object 'Object Repository/Page_Login/input_Username'

2023-12-21 09:45:47 - [MESSAGE][PASSED] - Text '12132023_VP' is set on object 'Object Repository/Page_Login/input_Username'

2023-12-21 09:45:47 - [TEST_STEP][PASSED] - setEncryptedText(findTestObject("Object Repository/Page_Login/input_Password"), vendor_password): Text ****** has been set on object 'Object Repository/Page_Login/input_Password'

2023-12-21 09:45:47 - [MESSAGE][PASSED] - Text ****** has been set on object 'Object Repository/Page_Login/input_Password'

2023-12-21 09:45:47 - [TEST_STEP][PASSED] - click(findTestObject("Object Repository/Page_Login/button_Login")): Object: 'Object Repository/Page_Login/button_Login' is clicked on

2023-12-21 09:45:48 - [MESSAGE][PASSED] - Object: 'Object Repository/Page_Login/button_Login' is clicked on

2023-12-21 09:45:48 - [TEST_STEP][PASSED] - delay(3): Delayed 3 second(s)

2023-12-21 09:45:51 - [MESSAGE][PASSED] - Delayed 3 second(s)

2023-12-21 09:45:51 - [TEST_STEP][PASSED] - navigateToUrl("https://10.143.206.85/NonTradeVendorPortal/"): Navigate to 'https://10.143.206.85/NonTradeVendorPortal/' successfully

2023-12-21 09:46:34 - [MESSAGE][PASSED] - Navigate to 'https://10.143.206.85/NonTradeVendorPortal/' successfully

2023-12-21 09:46:34 - [TEST_STEP][PASSED] - verifyElementText(findTestObject("Object Repository/Page_Homescreen/titlePage_Dashboard"), "Dashboard"): Actual text and expected text of test object 'Object Repository/Page_Homescreen/titlePage_Dashboard' are matched.

2023-12-21 09:46:39 - [MESSAGE][PASSED] - Actual text and expected text of test object 'Object Repository/Page_Homescreen/titlePage_Dashboard' are matched.

2023-12-21 09:46:39 - [MESSAGE][PASSED] - Call Test Case 'Test Cases/Sprint 1/VendorPortal_Login_TC/TC004_LoginValidCredentials_Vendor' successfully

2023-12-21 09:46:39 - [TEST_STEP][PASSED] - unRead_RA = getText(findTestObject("Object Repository/Page_Homescreen/counter_RemittanceAdvice")): Text of object 'Object Repository/Page_Homescreen/counter_RemittanceAdvice' is: '0'

2023-12-21 09:46:39 - [MESSAGE][PASSED] - Text of object 'Object Repository/Page_Homescreen/counter_RemittanceAdvice' is: '0'

2023-12-21 09:46:39 - [TEST_STEP][PASSED] - click(findTestObject("Object Repository/Page_Homescreen/counter_RemittanceAdvice")): Object: 'Object Repository/Page_Homescreen/counter_RemittanceAdvice' is clicked on

2023-12-21 09:46:40 - [MESSAGE][PASSED] - Object: 'Object Repository/Page_Homescreen/counter_RemittanceAdvice' is clicked on

2023-12-21 09:46:40 - [TEST_STEP][PASSED] - verifyElementText(findTestObject("Object Repository/Page_Homescreen/popupUnread_Remittance Advice"), "Remittance Advice"): Actual text and expected text of test object 'Object Repository/Page_Homescreen/popupUnread_Remittance Advice' are matched.

2023-12-21 09:46:40 - [MESSAGE][PASSED] - Actual text and expected text of test object 'Object Repository/Page_Homescreen/popupUnread_Remittance Advice' are matched.

2023-12-21 09:46:40 - [TEST_STEP][PASSED] - isMatch = false: null

2023-12-21 09:46:40 - [TEST_STEP][PASSED] - driver = getWebDriver(): null

2023-12-21 09:46:40 - [TEST_STEP][PASSED] - Table = driver.findElement(By.xpath("//*[@id="RAPopUp"]/div/div[2]")): null

2023-12-21 09:46:41 - [TEST_STEP][PASSED] - table_row = Table.findElements(By.className("list-item")): null

2023-12-21 09:46:41 - [TEST_STEP][PASSED] - rows_count = table_row.size(): null

2023-12-21 09:46:41 - [TEST_STEP][PASSED] - println($rows_count): null

2023-12-21 09:46:41 - [TEST_STEP][PASSED] - verifyEqual(unRead_RA, rows_count): Actual object '0' and expected object '0' are equal

2023-12-21 09:46:41 - [MESSAGE][PASSED] - Actual object '0' and expected object '0' are equal

2023-12-21 09:46:41 - [TEST_STEP][PASSED] - click(findTestObject("Object Repository/Page_Homescreen/close_Icon")): Object: 'Object Repository/Page_Homescreen/close_Icon' is clicked on

2023-12-21 09:46:41 - [MESSAGE][PASSED] - Object: 'Object Repository/Page_Homescreen/close_Icon' is clicked on

2023-12-21 09:46:41 - [TEST_STEP][PASSED] - closeBrowser(): Browser is closed

2023-12-21 09:46:42 - [MESSAGE][PASSED] - Browser is closed]]></system-out>
         <system-err><![CDATA[]]></system-err>
      </testcase>
      <testcase name="Test Cases/Sprint 1/Dashboard_TC/TC006_ViewUnreadForm2307" time="78.427" classname="Test Cases/Sprint 1/Dashboard_TC/TC006_ViewUnreadForm2307" status="PASSED">
         <system-out><![CDATA[2023-12-21 09:46:42 - [TEST_CASE][PASSED] - Test Cases/Sprint 1/Dashboard_TC/TC006_ViewUnreadForm2307: Test Cases/Sprint 1/Dashboard_TC/TC006_ViewUnreadForm2307

2023-12-21 09:46:42 - [TEST_STEP][PASSED] - callTestCase(findTestCase("Test Cases/Sprint 1/VendorPortal_Login_TC/TC004_LoginValidCredentials_Vendor"), [:], STOP_ON_FAILURE): Call Test Case 'Test Cases/Sprint 1/VendorPortal_Login_TC/TC004_LoginValidCredentials_Vendor' successfully

2023-12-21 09:46:42 - [TEST_CASE][PASSED] - Test Cases/Sprint 1/VendorPortal_Login_TC/TC004_LoginValidCredentials_Vendor: Test Cases/Sprint 1/VendorPortal_Login_TC/TC004_LoginValidCredentials_Vendor

2023-12-21 09:46:42 - [TEST_STEP][PASSED] - openBrowser(""): Browser is opened with url: ''

2023-12-21 09:46:42 - [MESSAGE][INFO] - Starting 'Chrome' driver

2023-12-21 09:46:42 - [MESSAGE][INFO] - User set preference: ['args', '[--start-maximized, UnexpectedAlertBehaviour=ignore]']

2023-12-21 09:46:42 - [MESSAGE][INFO] - User set preference: ['acceptInsecureCerts', 'true']

2023-12-21 09:46:42 - [MESSAGE][INFO] - Action delay is set to 0 milliseconds

2023-12-21 09:46:44 - [MESSAGE][PASSED] - Browser is opened with url: ''

2023-12-21 09:46:44 - [TEST_STEP][PASSED] - navigateToUrl(URL_vendor): Navigate to 'https://10.143.206.85/NTVP_TH/Login' successfully

2023-12-21 09:46:45 - [MESSAGE][PASSED] - Navigate to 'https://10.143.206.85/NTVP_TH/Login' successfully

2023-12-21 09:46:45 - [TEST_STEP][PASSED] - setText(findTestObject("Object Repository/Page_Login/input_Username"), vendor_username): Text '12132023_VP' is set on object 'Object Repository/Page_Login/input_Username'

2023-12-21 09:46:49 - [MESSAGE][PASSED] - Text '12132023_VP' is set on object 'Object Repository/Page_Login/input_Username'

2023-12-21 09:46:49 - [TEST_STEP][PASSED] - setEncryptedText(findTestObject("Object Repository/Page_Login/input_Password"), vendor_password): Text ****** has been set on object 'Object Repository/Page_Login/input_Password'

2023-12-21 09:46:50 - [MESSAGE][PASSED] - Text ****** has been set on object 'Object Repository/Page_Login/input_Password'

2023-12-21 09:46:50 - [TEST_STEP][PASSED] - click(findTestObject("Object Repository/Page_Login/button_Login")): Object: 'Object Repository/Page_Login/button_Login' is clicked on

2023-12-21 09:46:50 - [MESSAGE][PASSED] - Object: 'Object Repository/Page_Login/button_Login' is clicked on

2023-12-21 09:46:50 - [TEST_STEP][PASSED] - delay(3): Delayed 3 second(s)

2023-12-21 09:46:53 - [MESSAGE][PASSED] - Delayed 3 second(s)

2023-12-21 09:46:53 - [TEST_STEP][PASSED] - navigateToUrl("https://10.143.206.85/NonTradeVendorPortal/"): Navigate to 'https://10.143.206.85/NonTradeVendorPortal/' successfully

2023-12-21 09:47:38 - [MESSAGE][PASSED] - Navigate to 'https://10.143.206.85/NonTradeVendorPortal/' successfully

2023-12-21 09:47:38 - [TEST_STEP][PASSED] - verifyElementText(findTestObject("Object Repository/Page_Homescreen/titlePage_Dashboard"), "Dashboard"): Actual text and expected text of test object 'Object Repository/Page_Homescreen/titlePage_Dashboard' are matched.

2023-12-21 09:47:53 - [MESSAGE][PASSED] - Actual text and expected text of test object 'Object Repository/Page_Homescreen/titlePage_Dashboard' are matched.

2023-12-21 09:47:53 - [MESSAGE][PASSED] - Call Test Case 'Test Cases/Sprint 1/VendorPortal_Login_TC/TC004_LoginValidCredentials_Vendor' successfully

2023-12-21 09:47:53 - [TEST_STEP][PASSED] - unRead_Form2307 = getText(findTestObject("Object Repository/Page_Homescreen/counter_Form2307")): Text of object 'Object Repository/Page_Homescreen/counter_Form2307' is: '0'

2023-12-21 09:47:55 - [MESSAGE][PASSED] - Text of object 'Object Repository/Page_Homescreen/counter_Form2307' is: '0'

2023-12-21 09:47:55 - [TEST_STEP][PASSED] - click(findTestObject("Object Repository/Page_Homescreen/counter_Form2307")): Object: 'Object Repository/Page_Homescreen/counter_Form2307' is clicked on

2023-12-21 09:47:57 - [MESSAGE][PASSED] - Object: 'Object Repository/Page_Homescreen/counter_Form2307' is clicked on

2023-12-21 09:47:57 - [TEST_STEP][PASSED] - verifyElementText(findTestObject("Object Repository/Page_Homescreen/popupUnread_Form 2307"), "Form 2307"): Actual text and expected text of test object 'Object Repository/Page_Homescreen/popupUnread_Form 2307' are matched.

2023-12-21 09:47:59 - [MESSAGE][PASSED] - Actual text and expected text of test object 'Object Repository/Page_Homescreen/popupUnread_Form 2307' are matched.

2023-12-21 09:47:59 - [TEST_STEP][PASSED] - isMatch = false: null

2023-12-21 09:47:59 - [TEST_STEP][PASSED] - driver = getWebDriver(): null

2023-12-21 09:47:59 - [TEST_STEP][PASSED] - Table = driver.findElement(By.xpath("//*[@id="Form2307Pop"]/div/div[2]")): null

2023-12-21 09:47:59 - [TEST_STEP][PASSED] - table_row = Table.findElements(By.className("list-item")): null

2023-12-21 09:47:59 - [TEST_STEP][PASSED] - rows_count = table_row.size(): null

2023-12-21 09:47:59 - [TEST_STEP][PASSED] - println($rows_count): null

2023-12-21 09:47:59 - [TEST_STEP][PASSED] - verifyEqual(unRead_Form2307, rows_count): Actual object '0' and expected object '0' are equal

2023-12-21 09:47:59 - [MESSAGE][PASSED] - Actual object '0' and expected object '0' are equal

2023-12-21 09:47:59 - [TEST_STEP][PASSED] - click(findTestObject("Object Repository/Page_Homescreen/close_Icon")): Object: 'Object Repository/Page_Homescreen/close_Icon' is clicked on

2023-12-21 09:48:00 - [MESSAGE][PASSED] - Object: 'Object Repository/Page_Homescreen/close_Icon' is clicked on

2023-12-21 09:48:00 - [TEST_STEP][PASSED] - closeBrowser(): Browser is closed

2023-12-21 09:48:00 - [MESSAGE][PASSED] - Browser is closed]]></system-out>
         <system-err><![CDATA[]]></system-err>
      </testcase>
      <testcase name="Test Cases/Sprint 1/Dashboard_TC/TC007_ViewPublishedBulletinMemo" time="100.056" classname="Test Cases/Sprint 1/Dashboard_TC/TC007_ViewPublishedBulletinMemo" status="PASSED">
         <system-out><![CDATA[2023-12-21 09:48:00 - [TEST_CASE][PASSED] - Test Cases/Sprint 1/Dashboard_TC/TC007_ViewPublishedBulletinMemo: Test Cases/Sprint 1/Dashboard_TC/TC007_ViewPublishedBulletinMemo

2023-12-21 09:48:01 - [TEST_STEP][PASSED] - callTestCase(findTestCase("Test Cases/Sprint 1/VendorPortal_Login_TC/TC004_LoginValidCredentials_Vendor"), [:], STOP_ON_FAILURE): Call Test Case 'Test Cases/Sprint 1/VendorPortal_Login_TC/TC004_LoginValidCredentials_Vendor' successfully

2023-12-21 09:48:01 - [TEST_CASE][PASSED] - Test Cases/Sprint 1/VendorPortal_Login_TC/TC004_LoginValidCredentials_Vendor: Test Cases/Sprint 1/VendorPortal_Login_TC/TC004_LoginValidCredentials_Vendor

2023-12-21 09:48:01 - [TEST_STEP][PASSED] - openBrowser(""): Browser is opened with url: ''

2023-12-21 09:48:01 - [MESSAGE][INFO] - Starting 'Chrome' driver

2023-12-21 09:48:01 - [MESSAGE][INFO] - User set preference: ['args', '[--start-maximized, UnexpectedAlertBehaviour=ignore]']

2023-12-21 09:48:01 - [MESSAGE][INFO] - User set preference: ['acceptInsecureCerts', 'true']

2023-12-21 09:48:01 - [MESSAGE][INFO] - Action delay is set to 0 milliseconds

2023-12-21 09:48:02 - [MESSAGE][PASSED] - Browser is opened with url: ''

2023-12-21 09:48:02 - [TEST_STEP][PASSED] - navigateToUrl(URL_vendor): Navigate to 'https://10.143.206.85/NTVP_TH/Login' successfully

2023-12-21 09:48:06 - [MESSAGE][PASSED] - Navigate to 'https://10.143.206.85/NTVP_TH/Login' successfully

2023-12-21 09:48:06 - [TEST_STEP][PASSED] - setText(findTestObject("Object Repository/Page_Login/input_Username"), vendor_username): Text '12132023_VP' is set on object 'Object Repository/Page_Login/input_Username'

2023-12-21 09:48:17 - [MESSAGE][PASSED] - Text '12132023_VP' is set on object 'Object Repository/Page_Login/input_Username'

2023-12-21 09:48:17 - [TEST_STEP][PASSED] - setEncryptedText(findTestObject("Object Repository/Page_Login/input_Password"), vendor_password): Text ****** has been set on object 'Object Repository/Page_Login/input_Password'

2023-12-21 09:48:18 - [MESSAGE][PASSED] - Text ****** has been set on object 'Object Repository/Page_Login/input_Password'

2023-12-21 09:48:18 - [TEST_STEP][PASSED] - click(findTestObject("Object Repository/Page_Login/button_Login")): Object: 'Object Repository/Page_Login/button_Login' is clicked on

2023-12-21 09:48:18 - [MESSAGE][PASSED] - Object: 'Object Repository/Page_Login/button_Login' is clicked on

2023-12-21 09:48:18 - [TEST_STEP][PASSED] - delay(3): Delayed 3 second(s)

2023-12-21 09:48:21 - [MESSAGE][PASSED] - Delayed 3 second(s)

2023-12-21 09:48:21 - [TEST_STEP][PASSED] - navigateToUrl("https://10.143.206.85/NonTradeVendorPortal/"): Navigate to 'https://10.143.206.85/NonTradeVendorPortal/' successfully

2023-12-21 09:49:21 - [MESSAGE][PASSED] - Navigate to 'https://10.143.206.85/NonTradeVendorPortal/' successfully

2023-12-21 09:49:21 - [TEST_STEP][PASSED] - verifyElementText(findTestObject("Object Repository/Page_Homescreen/titlePage_Dashboard"), "Dashboard"): Actual text and expected text of test object 'Object Repository/Page_Homescreen/titlePage_Dashboard' are matched.

2023-12-21 09:49:37 - [MESSAGE][PASSED] - Actual text and expected text of test object 'Object Repository/Page_Homescreen/titlePage_Dashboard' are matched.

2023-12-21 09:49:37 - [MESSAGE][PASSED] - Call Test Case 'Test Cases/Sprint 1/VendorPortal_Login_TC/TC004_LoginValidCredentials_Vendor' successfully

2023-12-21 09:49:37 - [TEST_STEP][PASSED] - published_BM = getText(findTestObject("Object Repository/Page_Homescreen/counter_BulletinMemo")): Text of object 'Object Repository/Page_Homescreen/counter_BulletinMemo' is: '1'

2023-12-21 09:49:38 - [MESSAGE][PASSED] - Text of object 'Object Repository/Page_Homescreen/counter_BulletinMemo' is: '1'

2023-12-21 09:49:38 - [TEST_STEP][PASSED] - click(findTestObject("Object Repository/Page_Homescreen/counter_BulletinMemo")): Object: 'Object Repository/Page_Homescreen/counter_BulletinMemo' is clicked on

2023-12-21 09:49:38 - [MESSAGE][PASSED] - Object: 'Object Repository/Page_Homescreen/counter_BulletinMemo' is clicked on

2023-12-21 09:49:38 - [TEST_STEP][PASSED] - verifyElementText(findTestObject("Object Repository/Page_Homescreen/popupPublished_Bulletin Memo"), "Bulletin Memo"): Actual text and expected text of test object 'Object Repository/Page_Homescreen/popupPublished_Bulletin Memo' are matched.

2023-12-21 09:49:39 - [MESSAGE][PASSED] - Actual text and expected text of test object 'Object Repository/Page_Homescreen/popupPublished_Bulletin Memo' are matched.

2023-12-21 09:49:39 - [TEST_STEP][PASSED] - isMatch = false: null

2023-12-21 09:49:39 - [TEST_STEP][PASSED] - driver = getWebDriver(): null

2023-12-21 09:49:39 - [TEST_STEP][PASSED] - Table = driver.findElement(By.xpath("//*[@id="BulletinListAll" or @id="BulletinListByVendor"]")): null

2023-12-21 09:49:39 - [TEST_STEP][PASSED] - table_row = Table.findElements(By.className("list-item")): null

2023-12-21 09:49:39 - [TEST_STEP][PASSED] - rows_count = table_row.size(): null

2023-12-21 09:49:39 - [TEST_STEP][PASSED] - println($rows_count): null

2023-12-21 09:49:39 - [TEST_STEP][PASSED] - verifyEqual(published_BM, rows_count): Actual object '1' and expected object '1' are equal

2023-12-21 09:49:39 - [MESSAGE][PASSED] - Actual object '1' and expected object '1' are equal

2023-12-21 09:49:39 - [TEST_STEP][PASSED] - click(findTestObject("Object Repository/Page_Homescreen/close_Icon")): Object: 'Object Repository/Page_Homescreen/close_Icon' is clicked on

2023-12-21 09:49:40 - [MESSAGE][PASSED] - Object: 'Object Repository/Page_Homescreen/close_Icon' is clicked on

2023-12-21 09:49:40 - [TEST_STEP][PASSED] - closeBrowser(): Browser is closed

2023-12-21 09:49:41 - [MESSAGE][PASSED] - Browser is closed]]></system-out>
         <system-err><![CDATA[]]></system-err>
      </testcase>
      <testcase name="Test Cases/Sprint 1/Dashboard_TC/TC008_ViewOpenTickets" time="44.025" classname="Test Cases/Sprint 1/Dashboard_TC/TC008_ViewOpenTickets" status="PASSED">
         <system-out><![CDATA[2023-12-21 09:49:41 - [TEST_CASE][PASSED] - Test Cases/Sprint 1/Dashboard_TC/TC008_ViewOpenTickets: Test Cases/Sprint 1/Dashboard_TC/TC008_ViewOpenTickets

2023-12-21 09:49:41 - [TEST_STEP][PASSED] - callTestCase(findTestCase("Sprint 1/VendorPortal_Login_TC/TC004_LoginValidCredentials_Vendor"), [:], STOP_ON_FAILURE): Call Test Case 'Test Cases/Sprint 1/VendorPortal_Login_TC/TC004_LoginValidCredentials_Vendor' successfully

2023-12-21 09:49:41 - [TEST_CASE][PASSED] - Test Cases/Sprint 1/VendorPortal_Login_TC/TC004_LoginValidCredentials_Vendor: Test Cases/Sprint 1/VendorPortal_Login_TC/TC004_LoginValidCredentials_Vendor

2023-12-21 09:49:41 - [TEST_STEP][PASSED] - openBrowser(""): Browser is opened with url: ''

2023-12-21 09:49:41 - [MESSAGE][INFO] - Starting 'Chrome' driver

2023-12-21 09:49:41 - [MESSAGE][INFO] - User set preference: ['args', '[--start-maximized, UnexpectedAlertBehaviour=ignore]']

2023-12-21 09:49:41 - [MESSAGE][INFO] - User set preference: ['acceptInsecureCerts', 'true']

2023-12-21 09:49:41 - [MESSAGE][INFO] - Action delay is set to 0 milliseconds

2023-12-21 09:49:42 - [MESSAGE][PASSED] - Browser is opened with url: ''

2023-12-21 09:49:42 - [TEST_STEP][PASSED] - navigateToUrl(URL_vendor): Navigate to 'https://10.143.206.85/NTVP_TH/Login' successfully

2023-12-21 09:49:44 - [MESSAGE][PASSED] - Navigate to 'https://10.143.206.85/NTVP_TH/Login' successfully

2023-12-21 09:49:44 - [TEST_STEP][PASSED] - setText(findTestObject("Object Repository/Page_Login/input_Username"), vendor_username): Text '12132023_VP' is set on object 'Object Repository/Page_Login/input_Username'

2023-12-21 09:49:54 - [MESSAGE][PASSED] - Text '12132023_VP' is set on object 'Object Repository/Page_Login/input_Username'

2023-12-21 09:49:54 - [TEST_STEP][PASSED] - setEncryptedText(findTestObject("Object Repository/Page_Login/input_Password"), vendor_password): Text ****** has been set on object 'Object Repository/Page_Login/input_Password'

2023-12-21 09:49:55 - [MESSAGE][PASSED] - Text ****** has been set on object 'Object Repository/Page_Login/input_Password'

2023-12-21 09:49:55 - [TEST_STEP][PASSED] - click(findTestObject("Object Repository/Page_Login/button_Login")): Object: 'Object Repository/Page_Login/button_Login' is clicked on

2023-12-21 09:49:55 - [MESSAGE][PASSED] - Object: 'Object Repository/Page_Login/button_Login' is clicked on

2023-12-21 09:49:55 - [TEST_STEP][PASSED] - delay(3): Delayed 3 second(s)

2023-12-21 09:49:58 - [MESSAGE][PASSED] - Delayed 3 second(s)

2023-12-21 09:49:58 - [TEST_STEP][PASSED] - navigateToUrl("https://10.143.206.85/NonTradeVendorPortal/"): Navigate to 'https://10.143.206.85/NonTradeVendorPortal/' successfully

2023-12-21 09:50:15 - [MESSAGE][PASSED] - Navigate to 'https://10.143.206.85/NonTradeVendorPortal/' successfully

2023-12-21 09:50:15 - [TEST_STEP][PASSED] - verifyElementText(findTestObject("Object Repository/Page_Homescreen/titlePage_Dashboard"), "Dashboard"): Actual text and expected text of test object 'Object Repository/Page_Homescreen/titlePage_Dashboard' are matched.

2023-12-21 09:50:21 - [MESSAGE][PASSED] - Actual text and expected text of test object 'Object Repository/Page_Homescreen/titlePage_Dashboard' are matched.

2023-12-21 09:50:21 - [MESSAGE][PASSED] - Call Test Case 'Test Cases/Sprint 1/VendorPortal_Login_TC/TC004_LoginValidCredentials_Vendor' successfully

2023-12-21 09:50:21 - [TEST_STEP][PASSED] - open_Tickets = getText(findTestObject("Object Repository/Page_Homescreen/counter_Tickets")): Text of object 'Object Repository/Page_Homescreen/counter_Tickets' is: '1'

2023-12-21 09:50:22 - [MESSAGE][PASSED] - Text of object 'Object Repository/Page_Homescreen/counter_Tickets' is: '1'

2023-12-21 09:50:22 - [TEST_STEP][PASSED] - click(findTestObject("Object Repository/Page_Homescreen/counter_Tickets")): Object: 'Object Repository/Page_Homescreen/counter_Tickets' is clicked on

2023-12-21 09:50:22 - [MESSAGE][PASSED] - Object: 'Object Repository/Page_Homescreen/counter_Tickets' is clicked on

2023-12-21 09:50:22 - [TEST_STEP][PASSED] - verifyElementText(findTestObject("Object Repository/Page_Homescreen/popupOpen_Tickets"), "Tickets"): Actual text and expected text of test object 'Object Repository/Page_Homescreen/popupOpen_Tickets' are matched.

2023-12-21 09:50:23 - [MESSAGE][PASSED] - Actual text and expected text of test object 'Object Repository/Page_Homescreen/popupOpen_Tickets' are matched.

2023-12-21 09:50:23 - [TEST_STEP][PASSED] - isMatch = false: null

2023-12-21 09:50:23 - [TEST_STEP][PASSED] - driver = getWebDriver(): null

2023-12-21 09:50:23 - [TEST_STEP][PASSED] - Table = driver.findElement(By.xpath("//*[@id="BulletinListAll2" or @id="BulletinListByVendor2"]")): null

2023-12-21 09:50:23 - [TEST_STEP][PASSED] - table_row = Table.findElements(By.className("list-item")): null

2023-12-21 09:50:23 - [TEST_STEP][PASSED] - rows_count = table_row.size(): null

2023-12-21 09:50:23 - [TEST_STEP][PASSED] - println($rows_count): null

2023-12-21 09:50:23 - [TEST_STEP][PASSED] - verifyEqual(open_Tickets, rows_count): Actual object '1' and expected object '1' are equal

2023-12-21 09:50:23 - [MESSAGE][PASSED] - Actual object '1' and expected object '1' are equal

2023-12-21 09:50:23 - [TEST_STEP][PASSED] - click(findTestObject("Object Repository/Page_Homescreen/close_Icon")): Object: 'Object Repository/Page_Homescreen/close_Icon' is clicked on

2023-12-21 09:50:24 - [MESSAGE][PASSED] - Object: 'Object Repository/Page_Homescreen/close_Icon' is clicked on

2023-12-21 09:50:24 - [TEST_STEP][PASSED] - closeBrowser(): Browser is closed

2023-12-21 09:50:25 - [MESSAGE][PASSED] - Browser is closed]]></system-out>
         <system-err><![CDATA[]]></system-err>
      </testcase>
      <testcase name="Test Cases/Sprint 1/Dashboard_TC/TC009_ViewUnreadRA_NoRecords" time="53.405" classname="Test Cases/Sprint 1/Dashboard_TC/TC009_ViewUnreadRA_NoRecords" status="PASSED">
         <system-out><![CDATA[2023-12-21 09:50:25 - [TEST_CASE][PASSED] - Test Cases/Sprint 1/Dashboard_TC/TC009_ViewUnreadRA_NoRecords: Test Cases/Sprint 1/Dashboard_TC/TC009_ViewUnreadRA_NoRecords

2023-12-21 09:50:25 - [TEST_STEP][PASSED] - openBrowser(""): Browser is opened with url: ''

2023-12-21 09:50:25 - [MESSAGE][INFO] - Starting 'Chrome' driver

2023-12-21 09:50:25 - [MESSAGE][INFO] - User set preference: ['args', '[--start-maximized, UnexpectedAlertBehaviour=ignore]']

2023-12-21 09:50:25 - [MESSAGE][INFO] - User set preference: ['acceptInsecureCerts', 'true']

2023-12-21 09:50:25 - [MESSAGE][INFO] - Action delay is set to 0 milliseconds

2023-12-21 09:50:26 - [MESSAGE][PASSED] - Browser is opened with url: ''

2023-12-21 09:50:26 - [TEST_STEP][PASSED] - navigateToUrl(URL_vendor): Navigate to 'https://10.143.206.85/NTVP_TH/Login' successfully

2023-12-21 09:50:27 - [MESSAGE][PASSED] - Navigate to 'https://10.143.206.85/NTVP_TH/Login' successfully

2023-12-21 09:50:27 - [TEST_STEP][PASSED] - setText(findTestObject("Object Repository/Page_Login/input_Username"), "12202023_VP"): Text '12202023_VP' is set on object 'Object Repository/Page_Login/input_Username'

2023-12-21 09:50:29 - [MESSAGE][PASSED] - Text '12202023_VP' is set on object 'Object Repository/Page_Login/input_Username'

2023-12-21 09:50:29 - [TEST_STEP][PASSED] - setEncryptedText(findTestObject("Object Repository/Page_Login/input_Password"), "xngilo02Z2BNHXedMmXvHw=="): Text ****** has been set on object 'Object Repository/Page_Login/input_Password'

2023-12-21 09:50:30 - [MESSAGE][PASSED] - Text ****** has been set on object 'Object Repository/Page_Login/input_Password'

2023-12-21 09:50:30 - [TEST_STEP][PASSED] - click(findTestObject("Object Repository/Page_Login/button_Login")): Object: 'Object Repository/Page_Login/button_Login' is clicked on

2023-12-21 09:50:30 - [MESSAGE][PASSED] - Object: 'Object Repository/Page_Login/button_Login' is clicked on

2023-12-21 09:50:30 - [TEST_STEP][PASSED] - delay(2): Delayed 2 second(s)

2023-12-21 09:50:32 - [MESSAGE][PASSED] - Delayed 2 second(s)

2023-12-21 09:50:32 - [TEST_STEP][PASSED] - navigateToUrl("https://10.143.206.85/NonTradeVendorPortal/"): Navigate to 'https://10.143.206.85/NonTradeVendorPortal/' successfully

2023-12-21 09:51:13 - [MESSAGE][PASSED] - Navigate to 'https://10.143.206.85/NonTradeVendorPortal/' successfully

2023-12-21 09:51:13 - [TEST_STEP][PASSED] - verifyElementText(findTestObject("Object Repository/Page_Homescreen/titlePage_Dashboard"), "Dashboard"): Actual text and expected text of test object 'Object Repository/Page_Homescreen/titlePage_Dashboard' are matched.

2023-12-21 09:51:15 - [MESSAGE][PASSED] - Actual text and expected text of test object 'Object Repository/Page_Homescreen/titlePage_Dashboard' are matched.

2023-12-21 09:51:15 - [TEST_STEP][PASSED] - getText(findTestObject("Object Repository/Page_Homescreen/counter_RemittanceAdvice")): Text of object 'Object Repository/Page_Homescreen/counter_RemittanceAdvice' is: '0'

2023-12-21 09:51:15 - [MESSAGE][PASSED] - Text of object 'Object Repository/Page_Homescreen/counter_RemittanceAdvice' is: '0'

2023-12-21 09:51:15 - [TEST_STEP][PASSED] - click(findTestObject("Object Repository/Page_Homescreen/counter_RemittanceAdvice")): Object: 'Object Repository/Page_Homescreen/counter_RemittanceAdvice' is clicked on

2023-12-21 09:51:16 - [MESSAGE][PASSED] - Object: 'Object Repository/Page_Homescreen/counter_RemittanceAdvice' is clicked on

2023-12-21 09:51:16 - [TEST_STEP][PASSED] - verifyElementText(findTestObject("Object Repository/Page_Homescreen/popupUnread_Remittance Advice"), "Remittance Advice"): Actual text and expected text of test object 'Object Repository/Page_Homescreen/popupUnread_Remittance Advice' are matched.

2023-12-21 09:51:16 - [MESSAGE][PASSED] - Actual text and expected text of test object 'Object Repository/Page_Homescreen/popupUnread_Remittance Advice' are matched.

2023-12-21 09:51:16 - [TEST_STEP][PASSED] - verifyElementPresent(findTestObject("Object Repository/Page_Homescreen/icon_NoRecords"), 2): Object 'Object Repository/Page_Homescreen/icon_NoRecords' is present

2023-12-21 09:51:17 - [MESSAGE][PASSED] - Object 'Object Repository/Page_Homescreen/icon_NoRecords' is present

2023-12-21 09:51:17 - [TEST_STEP][PASSED] - verifyElementText(findTestObject("Object Repository/Page_Homescreen/text_No records have been added yet"), "No records have been added yet"): Actual text and expected text of test object 'Object Repository/Page_Homescreen/text_No records have been added yet' are matched.

2023-12-21 09:51:17 - [MESSAGE][PASSED] - Actual text and expected text of test object 'Object Repository/Page_Homescreen/text_No records have been added yet' are matched.

2023-12-21 09:51:17 - [TEST_STEP][PASSED] - click(findTestObject("Object Repository/Page_Homescreen/close_Icon")): Object: 'Object Repository/Page_Homescreen/close_Icon' is clicked on

2023-12-21 09:51:17 - [MESSAGE][PASSED] - Object: 'Object Repository/Page_Homescreen/close_Icon' is clicked on

2023-12-21 09:51:17 - [TEST_STEP][PASSED] - closeBrowser(): Browser is closed

2023-12-21 09:51:18 - [MESSAGE][PASSED] - Browser is closed]]></system-out>
         <system-err><![CDATA[]]></system-err>
      </testcase>
      <testcase name="Test Cases/Sprint 1/Dashboard_TC/TC010_ViewUnreadForm2307_NoRecords" time="54.947" classname="Test Cases/Sprint 1/Dashboard_TC/TC010_ViewUnreadForm2307_NoRecords" status="PASSED">
         <system-out><![CDATA[2023-12-21 09:51:18 - [TEST_CASE][PASSED] - Test Cases/Sprint 1/Dashboard_TC/TC010_ViewUnreadForm2307_NoRecords: Test Cases/Sprint 1/Dashboard_TC/TC010_ViewUnreadForm2307_NoRecords

2023-12-21 09:51:18 - [TEST_STEP][PASSED] - openBrowser(""): Browser is opened with url: ''

2023-12-21 09:51:18 - [MESSAGE][INFO] - Starting 'Chrome' driver

2023-12-21 09:51:18 - [MESSAGE][INFO] - User set preference: ['args', '[--start-maximized, UnexpectedAlertBehaviour=ignore]']

2023-12-21 09:51:18 - [MESSAGE][INFO] - User set preference: ['acceptInsecureCerts', 'true']

2023-12-21 09:51:18 - [MESSAGE][INFO] - Action delay is set to 0 milliseconds

2023-12-21 09:51:19 - [MESSAGE][PASSED] - Browser is opened with url: ''

2023-12-21 09:51:19 - [TEST_STEP][PASSED] - navigateToUrl(URL_vendor): Navigate to 'https://10.143.206.85/NTVP_TH/Login' successfully

2023-12-21 09:51:20 - [MESSAGE][PASSED] - Navigate to 'https://10.143.206.85/NTVP_TH/Login' successfully

2023-12-21 09:51:20 - [TEST_STEP][PASSED] - setText(findTestObject("Object Repository/Page_Login/input_Username"), "12202023_VP"): Text '12202023_VP' is set on object 'Object Repository/Page_Login/input_Username'

2023-12-21 09:51:23 - [MESSAGE][PASSED] - Text '12202023_VP' is set on object 'Object Repository/Page_Login/input_Username'

2023-12-21 09:51:23 - [TEST_STEP][PASSED] - setEncryptedText(findTestObject("Object Repository/Page_Login/input_Password"), "xngilo02Z2BNHXedMmXvHw=="): Text ****** has been set on object 'Object Repository/Page_Login/input_Password'

2023-12-21 09:51:24 - [MESSAGE][PASSED] - Text ****** has been set on object 'Object Repository/Page_Login/input_Password'

2023-12-21 09:51:24 - [TEST_STEP][PASSED] - click(findTestObject("Object Repository/Page_Login/button_Login")): Object: 'Object Repository/Page_Login/button_Login' is clicked on

2023-12-21 09:51:25 - [MESSAGE][PASSED] - Object: 'Object Repository/Page_Login/button_Login' is clicked on

2023-12-21 09:51:25 - [TEST_STEP][PASSED] - delay(2): Delayed 2 second(s)

2023-12-21 09:51:27 - [MESSAGE][PASSED] - Delayed 2 second(s)

2023-12-21 09:51:27 - [TEST_STEP][PASSED] - navigateToUrl("https://10.143.206.85/NonTradeVendorPortal/"): Navigate to 'https://10.143.206.85/NonTradeVendorPortal/' successfully

2023-12-21 09:52:08 - [MESSAGE][PASSED] - Navigate to 'https://10.143.206.85/NonTradeVendorPortal/' successfully

2023-12-21 09:52:08 - [TEST_STEP][PASSED] - verifyElementText(findTestObject("Object Repository/Page_Homescreen/titlePage_Dashboard"), "Dashboard"): Actual text and expected text of test object 'Object Repository/Page_Homescreen/titlePage_Dashboard' are matched.

2023-12-21 09:52:10 - [MESSAGE][PASSED] - Actual text and expected text of test object 'Object Repository/Page_Homescreen/titlePage_Dashboard' are matched.

2023-12-21 09:52:10 - [TEST_STEP][PASSED] - getText(findTestObject("Object Repository/Page_Homescreen/counter_Form2307")): Text of object 'Object Repository/Page_Homescreen/counter_Form2307' is: '0'

2023-12-21 09:52:10 - [MESSAGE][PASSED] - Text of object 'Object Repository/Page_Homescreen/counter_Form2307' is: '0'

2023-12-21 09:52:10 - [TEST_STEP][PASSED] - click(findTestObject("Object Repository/Page_Homescreen/counter_Form2307")): Object: 'Object Repository/Page_Homescreen/counter_Form2307' is clicked on

2023-12-21 09:52:11 - [MESSAGE][PASSED] - Object: 'Object Repository/Page_Homescreen/counter_Form2307' is clicked on

2023-12-21 09:52:11 - [TEST_STEP][PASSED] - verifyElementText(findTestObject("Object Repository/Page_Homescreen/popupUnread_Form 2307"), "Form 2307"): Actual text and expected text of test object 'Object Repository/Page_Homescreen/popupUnread_Form 2307' are matched.

2023-12-21 09:52:11 - [MESSAGE][PASSED] - Actual text and expected text of test object 'Object Repository/Page_Homescreen/popupUnread_Form 2307' are matched.

2023-12-21 09:52:11 - [TEST_STEP][PASSED] - verifyElementPresent(findTestObject("Object Repository/Page_Homescreen/icon_NoRecords"), 2): Object 'Object Repository/Page_Homescreen/icon_NoRecords' is present

2023-12-21 09:52:12 - [MESSAGE][PASSED] - Object 'Object Repository/Page_Homescreen/icon_NoRecords' is present

2023-12-21 09:52:12 - [TEST_STEP][PASSED] - verifyElementText(findTestObject("Object Repository/Page_Homescreen/text_No records have been added yet"), "No records have been added yet"): Actual text and expected text of test object 'Object Repository/Page_Homescreen/text_No records have been added yet' are matched.

2023-12-21 09:52:12 - [MESSAGE][PASSED] - Actual text and expected text of test object 'Object Repository/Page_Homescreen/text_No records have been added yet' are matched.

2023-12-21 09:52:12 - [TEST_STEP][PASSED] - click(findTestObject("Object Repository/Page_Homescreen/close_Icon")): Object: 'Object Repository/Page_Homescreen/close_Icon' is clicked on

2023-12-21 09:52:12 - [MESSAGE][PASSED] - Object: 'Object Repository/Page_Homescreen/close_Icon' is clicked on

2023-12-21 09:52:12 - [TEST_STEP][PASSED] - closeBrowser(): Browser is closed

2023-12-21 09:52:13 - [MESSAGE][PASSED] - Browser is closed]]></system-out>
         <system-err><![CDATA[]]></system-err>
      </testcase>
      <testcase name="Test Cases/Sprint 1/Dashboard_TC/TC011_ViewPublishedBulletinMemo_NoRecords" time="54.26" classname="Test Cases/Sprint 1/Dashboard_TC/TC011_ViewPublishedBulletinMemo_NoRecords" status="PASSED">
         <system-out><![CDATA[2023-12-21 09:52:13 - [TEST_CASE][PASSED] - Test Cases/Sprint 1/Dashboard_TC/TC011_ViewPublishedBulletinMemo_NoRecords: Test Cases/Sprint 1/Dashboard_TC/TC011_ViewPublishedBulletinMemo_NoRecords

2023-12-21 09:52:13 - [TEST_STEP][PASSED] - openBrowser(""): Browser is opened with url: ''

2023-12-21 09:52:13 - [MESSAGE][INFO] - Starting 'Chrome' driver

2023-12-21 09:52:13 - [MESSAGE][INFO] - User set preference: ['args', '[--start-maximized, UnexpectedAlertBehaviour=ignore]']

2023-12-21 09:52:13 - [MESSAGE][INFO] - User set preference: ['acceptInsecureCerts', 'true']

2023-12-21 09:52:13 - [MESSAGE][INFO] - Action delay is set to 0 milliseconds

2023-12-21 09:52:14 - [MESSAGE][PASSED] - Browser is opened with url: ''

2023-12-21 09:52:14 - [TEST_STEP][PASSED] - navigateToUrl(URL_vendor): Navigate to 'https://10.143.206.85/NTVP_TH/Login' successfully

2023-12-21 09:52:15 - [MESSAGE][PASSED] - Navigate to 'https://10.143.206.85/NTVP_TH/Login' successfully

2023-12-21 09:52:15 - [TEST_STEP][PASSED] - setText(findTestObject("Object Repository/Page_Login/input_Username"), "12202023_VP"): Text '12202023_VP' is set on object 'Object Repository/Page_Login/input_Username'

2023-12-21 09:52:18 - [MESSAGE][PASSED] - Text '12202023_VP' is set on object 'Object Repository/Page_Login/input_Username'

2023-12-21 09:52:18 - [TEST_STEP][PASSED] - setEncryptedText(findTestObject("Object Repository/Page_Login/input_Password"), "xngilo02Z2BNHXedMmXvHw=="): Text ****** has been set on object 'Object Repository/Page_Login/input_Password'

2023-12-21 09:52:18 - [MESSAGE][PASSED] - Text ****** has been set on object 'Object Repository/Page_Login/input_Password'

2023-12-21 09:52:18 - [TEST_STEP][PASSED] - click(findTestObject("Object Repository/Page_Login/button_Login")): Object: 'Object Repository/Page_Login/button_Login' is clicked on

2023-12-21 09:52:19 - [MESSAGE][PASSED] - Object: 'Object Repository/Page_Login/button_Login' is clicked on

2023-12-21 09:52:19 - [TEST_STEP][PASSED] - delay(2): Delayed 2 second(s)

2023-12-21 09:52:21 - [MESSAGE][PASSED] - Delayed 2 second(s)

2023-12-21 09:52:21 - [TEST_STEP][PASSED] - navigateToUrl("https://10.143.206.85/NonTradeVendorPortal/"): Navigate to 'https://10.143.206.85/NonTradeVendorPortal/' successfully

2023-12-21 09:53:02 - [MESSAGE][PASSED] - Navigate to 'https://10.143.206.85/NonTradeVendorPortal/' successfully

2023-12-21 09:53:02 - [TEST_STEP][PASSED] - verifyElementText(findTestObject("Object Repository/Page_Homescreen/titlePage_Dashboard"), "Dashboard"): Actual text and expected text of test object 'Object Repository/Page_Homescreen/titlePage_Dashboard' are matched.

2023-12-21 09:53:04 - [MESSAGE][PASSED] - Actual text and expected text of test object 'Object Repository/Page_Homescreen/titlePage_Dashboard' are matched.

2023-12-21 09:53:04 - [TEST_STEP][PASSED] - getText(findTestObject("Page_Homescreen/counter_BulletinMemo")): Text of object 'Object Repository/Page_Homescreen/counter_BulletinMemo' is: '0'

2023-12-21 09:53:05 - [MESSAGE][PASSED] - Text of object 'Object Repository/Page_Homescreen/counter_BulletinMemo' is: '0'

2023-12-21 09:53:05 - [TEST_STEP][PASSED] - click(findTestObject("Page_Homescreen/counter_BulletinMemo")): Object: 'Object Repository/Page_Homescreen/counter_BulletinMemo' is clicked on

2023-12-21 09:53:05 - [MESSAGE][PASSED] - Object: 'Object Repository/Page_Homescreen/counter_BulletinMemo' is clicked on

2023-12-21 09:53:05 - [TEST_STEP][PASSED] - verifyElementText(findTestObject("Page_Homescreen/popupPublished_Bulletin Memo"), "Bulletin Memo"): Actual text and expected text of test object 'Object Repository/Page_Homescreen/popupPublished_Bulletin Memo' are matched.

2023-12-21 09:53:05 - [MESSAGE][PASSED] - Actual text and expected text of test object 'Object Repository/Page_Homescreen/popupPublished_Bulletin Memo' are matched.

2023-12-21 09:53:05 - [TEST_STEP][PASSED] - verifyElementPresent(findTestObject("Object Repository/Page_Homescreen/icon_NoRecords"), 2): Object 'Object Repository/Page_Homescreen/icon_NoRecords' is present

2023-12-21 09:53:06 - [MESSAGE][PASSED] - Object 'Object Repository/Page_Homescreen/icon_NoRecords' is present

2023-12-21 09:53:06 - [TEST_STEP][PASSED] - verifyElementText(findTestObject("Object Repository/Page_Homescreen/text_No records have been added yet"), "No records have been added yet"): Actual text and expected text of test object 'Object Repository/Page_Homescreen/text_No records have been added yet' are matched.

2023-12-21 09:53:06 - [MESSAGE][PASSED] - Actual text and expected text of test object 'Object Repository/Page_Homescreen/text_No records have been added yet' are matched.

2023-12-21 09:53:06 - [TEST_STEP][PASSED] - click(findTestObject("Object Repository/Page_Homescreen/close_Icon")): Object: 'Object Repository/Page_Homescreen/close_Icon' is clicked on

2023-12-21 09:53:07 - [MESSAGE][PASSED] - Object: 'Object Repository/Page_Homescreen/close_Icon' is clicked on

2023-12-21 09:53:07 - [TEST_STEP][PASSED] - closeBrowser(): Browser is closed

2023-12-21 09:53:07 - [MESSAGE][PASSED] - Browser is closed]]></system-out>
         <system-err><![CDATA[]]></system-err>
      </testcase>
      <testcase name="Test Cases/Sprint 1/Dashboard_TC/TC012_ViewOpenTickets_NoRecords" time="70.187" classname="Test Cases/Sprint 1/Dashboard_TC/TC012_ViewOpenTickets_NoRecords" status="PASSED">
         <system-out><![CDATA[2023-12-21 09:53:07 - [TEST_CASE][PASSED] - Test Cases/Sprint 1/Dashboard_TC/TC012_ViewOpenTickets_NoRecords: Test Cases/Sprint 1/Dashboard_TC/TC012_ViewOpenTickets_NoRecords

2023-12-21 09:53:08 - [TEST_STEP][PASSED] - openBrowser(""): Browser is opened with url: ''

2023-12-21 09:53:08 - [MESSAGE][INFO] - Starting 'Chrome' driver

2023-12-21 09:53:08 - [MESSAGE][INFO] - User set preference: ['args', '[--start-maximized, UnexpectedAlertBehaviour=ignore]']

2023-12-21 09:53:08 - [MESSAGE][INFO] - User set preference: ['acceptInsecureCerts', 'true']

2023-12-21 09:53:08 - [MESSAGE][INFO] - Action delay is set to 0 milliseconds

2023-12-21 09:53:09 - [MESSAGE][PASSED] - Browser is opened with url: ''

2023-12-21 09:53:09 - [TEST_STEP][PASSED] - navigateToUrl(URL_vendor): Navigate to 'https://10.143.206.85/NTVP_TH/Login' successfully

2023-12-21 09:53:09 - [MESSAGE][PASSED] - Navigate to 'https://10.143.206.85/NTVP_TH/Login' successfully

2023-12-21 09:53:09 - [TEST_STEP][PASSED] - setText(findTestObject("Object Repository/Page_Login/input_Username"), "12202023_VP"): Text '12202023_VP' is set on object 'Object Repository/Page_Login/input_Username'

2023-12-21 09:53:14 - [MESSAGE][PASSED] - Text '12202023_VP' is set on object 'Object Repository/Page_Login/input_Username'

2023-12-21 09:53:14 - [TEST_STEP][PASSED] - setEncryptedText(findTestObject("Object Repository/Page_Login/input_Password"), "xngilo02Z2BNHXedMmXvHw=="): Text ****** has been set on object 'Object Repository/Page_Login/input_Password'

2023-12-21 09:53:15 - [MESSAGE][PASSED] - Text ****** has been set on object 'Object Repository/Page_Login/input_Password'

2023-12-21 09:53:15 - [TEST_STEP][PASSED] - click(findTestObject("Object Repository/Page_Login/button_Login")): Object: 'Object Repository/Page_Login/button_Login' is clicked on

2023-12-21 09:53:15 - [MESSAGE][PASSED] - Object: 'Object Repository/Page_Login/button_Login' is clicked on

2023-12-21 09:53:15 - [TEST_STEP][PASSED] - delay(2): Delayed 2 second(s)

2023-12-21 09:53:17 - [MESSAGE][PASSED] - Delayed 2 second(s)

2023-12-21 09:53:17 - [TEST_STEP][PASSED] - navigateToUrl("https://10.143.206.85/NonTradeVendorPortal/"): Navigate to 'https://10.143.206.85/NonTradeVendorPortal/' successfully

2023-12-21 09:53:58 - [MESSAGE][PASSED] - Navigate to 'https://10.143.206.85/NonTradeVendorPortal/' successfully

2023-12-21 09:53:58 - [TEST_STEP][PASSED] - verifyElementText(findTestObject("Object Repository/Page_Homescreen/titlePage_Dashboard"), "Dashboard"): Actual text and expected text of test object 'Object Repository/Page_Homescreen/titlePage_Dashboard' are matched.

2023-12-21 09:54:05 - [MESSAGE][PASSED] - Actual text and expected text of test object 'Object Repository/Page_Homescreen/titlePage_Dashboard' are matched.

2023-12-21 09:54:05 - [TEST_STEP][PASSED] - getText(findTestObject("Page_Homescreen/counter_Tickets")): Text of object 'Object Repository/Page_Homescreen/counter_Tickets' is: '0'

2023-12-21 09:54:07 - [MESSAGE][PASSED] - Text of object 'Object Repository/Page_Homescreen/counter_Tickets' is: '0'

2023-12-21 09:54:07 - [TEST_STEP][PASSED] - click(findTestObject("Page_Homescreen/counter_Tickets")): Object: 'Object Repository/Page_Homescreen/counter_Tickets' is clicked on

2023-12-21 09:54:09 - [MESSAGE][PASSED] - Object: 'Object Repository/Page_Homescreen/counter_Tickets' is clicked on

2023-12-21 09:54:09 - [TEST_STEP][PASSED] - verifyElementText(findTestObject("Page_Homescreen/popupOpen_Tickets"), "Tickets"): Actual text and expected text of test object 'Object Repository/Page_Homescreen/popupOpen_Tickets' are matched.

2023-12-21 09:54:11 - [MESSAGE][PASSED] - Actual text and expected text of test object 'Object Repository/Page_Homescreen/popupOpen_Tickets' are matched.

2023-12-21 09:54:11 - [TEST_STEP][PASSED] - verifyElementPresent(findTestObject("Object Repository/Page_Homescreen/icon_NoRecords"), 2): Object 'Object Repository/Page_Homescreen/icon_NoRecords' is present

2023-12-21 09:54:13 - [MESSAGE][PASSED] - Object 'Object Repository/Page_Homescreen/icon_NoRecords' is present

2023-12-21 09:54:13 - [TEST_STEP][PASSED] - verifyElementText(findTestObject("Object Repository/Page_Homescreen/text_No records have been added yet"), "No records have been added yet"): Actual text and expected text of test object 'Object Repository/Page_Homescreen/text_No records have been added yet' are matched.

2023-12-21 09:54:15 - [MESSAGE][PASSED] - Actual text and expected text of test object 'Object Repository/Page_Homescreen/text_No records have been added yet' are matched.

2023-12-21 09:54:15 - [TEST_STEP][PASSED] - click(findTestObject("Object Repository/Page_Homescreen/close_Icon")): Object: 'Object Repository/Page_Homescreen/close_Icon' is clicked on

2023-12-21 09:54:17 - [MESSAGE][PASSED] - Object: 'Object Repository/Page_Homescreen/close_Icon' is clicked on

2023-12-21 09:54:17 - [TEST_STEP][PASSED] - closeBrowser(): Browser is closed

2023-12-21 09:54:17 - [MESSAGE][PASSED] - Browser is closed]]></system-out>
         <system-err><![CDATA[]]></system-err>
      </testcase>
      <system-out><![CDATA[2023-12-21 09:42:53 - [TEST_SUITE][PASSED] - Dashboad_Regression: Test Cases/Sprint 1/Dashboard_TC/TC012_ViewOpenTickets_NoRecords]]></system-out>
      <system-err><![CDATA[]]></system-err>
   </testsuite>
</testsuites>
