<?xml version="1.0" encoding="UTF-8"?>
<testsuites name="Dashboad_Regression" time="624.093" tests="12" failures="5" errors="0">
   <testsuite name="Dashboad_Regression" tests="12" failures="5" errors="0" time="624.093" skipped="0" timestamp="2023-12-28 10:15:10" hostname="User - DESKTOP-QPE9SBA" id="Test Suites/Dashboad_Regression">
      <properties>
         <property name="deviceName" value=""/>
         <property name="devicePlatform" value=""/>
         <property name="logFolder" value="C:\\Users\\User\\git\\ProjectHermes\\Reports\\20231228_101501\\Dashboad_Regression\\20231228_101501"/>
         <property name="logFiles" value="C:\\Users\\User\\git\\ProjectHermes\\Reports\\20231228_101501\\Dashboad_Regression\\20231228_101501\\execution0.log"/>
         <property name="attachments" value="C:\\Users\\User\\git\\ProjectHermes\\Reports\\20231228_101501\\Dashboad_Regression\\20231228_101501\\1703729730011.png, C:\\Users\\User\\git\\ProjectHermes\\Reports\\20231228_101501\\Dashboad_Regression\\20231228_101501\\1703729732366.png, C:\\Users\\User\\git\\ProjectHermes\\Reports\\20231228_101501\\Dashboad_Regression\\20231228_101501\\1703729734534.png, C:\\Users\\User\\git\\ProjectHermes\\Reports\\20231228_101501\\Dashboad_Regression\\20231228_101501\\1703729736733.png, C:\\Users\\User\\git\\ProjectHermes\\Reports\\20231228_101501\\Dashboad_Regression\\20231228_101501\\1703729788705.png, C:\\Users\\User\\git\\ProjectHermes\\Reports\\20231228_101501\\Dashboad_Regression\\20231228_101501\\1703729788863.png, C:\\Users\\User\\git\\ProjectHermes\\Reports\\20231228_101501\\Dashboad_Regression\\20231228_101501\\1703729816456.png, C:\\Users\\User\\git\\ProjectHermes\\Reports\\20231228_101501\\Dashboad_Regression\\20231228_101501\\1703729818741.png, C:\\Users\\User\\git\\ProjectHermes\\Reports\\20231228_101501\\Dashboad_Regression\\20231228_101501\\1703729820970.png, C:\\Users\\User\\git\\ProjectHermes\\Reports\\20231228_101501\\Dashboad_Regression\\20231228_101501\\1703729823419.png, C:\\Users\\User\\git\\ProjectHermes\\Reports\\20231228_101501\\Dashboad_Regression\\20231228_101501\\1703729880984.png, C:\\Users\\User\\git\\ProjectHermes\\Reports\\20231228_101501\\Dashboad_Regression\\20231228_101501\\1703729883248.png, C:\\Users\\User\\git\\ProjectHermes\\Reports\\20231228_101501\\Dashboad_Regression\\20231228_101501\\1703729885571.png, C:\\Users\\User\\git\\ProjectHermes\\Reports\\20231228_101501\\Dashboad_Regression\\20231228_101501\\1703729888020.png, C:\\Users\\User\\git\\ProjectHermes\\Reports\\20231228_101501\\Dashboad_Regression\\20231228_101501\\1703730176338.png, C:\\Users\\User\\git\\ProjectHermes\\Reports\\20231228_101501\\Dashboad_Regression\\20231228_101501\\1703730176513.png, C:\\Users\\User\\git\\ProjectHermes\\Reports\\20231228_101501\\Dashboad_Regression\\20231228_101501\\1703730228620.png, C:\\Users\\User\\git\\ProjectHermes\\Reports\\20231228_101501\\Dashboad_Regression\\20231228_101501\\1703730228761.png, C:\\Users\\User\\git\\ProjectHermes\\Reports\\20231228_101501\\Dashboad_Regression\\20231228_101501\\1703730281304.png, C:\\Users\\User\\git\\ProjectHermes\\Reports\\20231228_101501\\Dashboad_Regression\\20231228_101501\\1703730281501.png, C:\\Users\\User\\git\\ProjectHermes\\Reports\\20231228_101501\\Dashboad_Regression\\20231228_101501\\1703730333971.png, C:\\Users\\User\\git\\ProjectHermes\\Reports\\20231228_101501\\Dashboad_Regression\\20231228_101501\\1703730334157.png"/>
         <property name="hostName" value="User - DESKTOP-QPE9SBA"/>
         <property name="os" value="Windows 11 64bit"/>
         <property name="katalonVersion" value="8.6.8.208"/>
         <property name="browser" value="Chrome 120.0.0.0"/>
         <property name="hostAddress" value="192.168.70.243"/>
         <property name="sessionId" value="29db6fcd9d1f9d9cfa7aff0adf44d84b"/>
         <property name="seleniumVersion" value="3.141.59"/>
         <property name="proxyInformation" value="ProxyInformation { proxyOption=NO_PROXY, proxyServerType=HTTP, username=, password=********, proxyServerAddress=, proxyServerPort=0, executionList=&quot;&quot;, isApplyToDesiredCapabilities=true }"/>
         <property name="platform" value="Windows 11"/>
      </properties>
      <testcase name="Test Cases/Sprint 1/Dashboard_TC/TC001_SP_Dashboard" time="28.711" classname="Test Cases/Sprint 1/Dashboard_TC/TC001_SP_Dashboard" status="PASSED">
         <system-out><![CDATA[2023-12-28 10:15:10 - [TEST_CASE][PASSED] - Test Cases/Sprint 1/Dashboard_TC/TC001_SP_Dashboard: Test Cases/Sprint 1/Dashboard_TC/TC001_SP_Dashboard

2023-12-28 10:15:10 - [TEST_STEP][PASSED] - callTestCase(findTestCase("Sprint 1/CommandCenter_LoginTC/TC001_LoginValidCredentials_SP"), [:], STOP_ON_FAILURE): Call Test Case 'Test Cases/Sprint 1/CommandCenter_LoginTC/TC001_LoginValidCredentials_SP' successfully

2023-12-28 10:15:11 - [TEST_CASE][PASSED] - Test Cases/Sprint 1/CommandCenter_LoginTC/TC001_LoginValidCredentials_SP: Test Cases/Sprint 1/CommandCenter_LoginTC/TC001_LoginValidCredentials_SP

2023-12-28 10:15:11 - [TEST_STEP][PASSED] - openBrowser(""): Browser is opened with url: ''

2023-12-28 10:15:11 - [MESSAGE][INFO] - Starting 'Chrome' driver

2023-12-28 10:15:11 - [MESSAGE][INFO] - User set preference: ['args', '[--start-maximized, UnexpectedAlertBehaviour=ignore]']

2023-12-28 10:15:11 - [MESSAGE][INFO] - User set preference: ['acceptInsecureCerts', 'true']

2023-12-28 10:15:11 - [MESSAGE][INFO] - Action delay is set to 0 milliseconds

2023-12-28 10:15:13 - [MESSAGE][PASSED] - Browser is opened with url: ''

2023-12-28 10:15:13 - [TEST_STEP][PASSED] - navigateToUrl(URL_commandCenter): Navigate to 'https://10.143.206.85/watsonsauthentication/' successfully

2023-12-28 10:15:15 - [MESSAGE][PASSED] - Navigate to 'https://10.143.206.85/watsonsauthentication/' successfully

2023-12-28 10:15:15 - [TEST_STEP][PASSED] - setText(findTestObject("Object Repository/Page_Login/input_WATSONS COMMAND CENTER_username"), watsons_username): Text 'john.colis+1@tesi.com.ph' is set on object 'Object Repository/Page_Login/input_WATSONS COMMAND CENTER_username'

2023-12-28 10:15:16 - [MESSAGE][PASSED] - Text 'john.colis+1@tesi.com.ph' is set on object 'Object Repository/Page_Login/input_WATSONS COMMAND CENTER_username'

2023-12-28 10:15:16 - [TEST_STEP][PASSED] - setEncryptedText(findTestObject("Object Repository/Page_Login/input_WATSONS COMMAND CENTER_password"), watsons_password): Text ****** has been set on object 'Object Repository/Page_Login/input_WATSONS COMMAND CENTER_password'

2023-12-28 10:15:16 - [MESSAGE][PASSED] - Text ****** has been set on object 'Object Repository/Page_Login/input_WATSONS COMMAND CENTER_password'

2023-12-28 10:15:16 - [TEST_STEP][PASSED] - click(findTestObject("Object Repository/Page_Login/btn_WATSONS COMMAND CENTER_login")): Object: 'Object Repository/Page_Login/btn_WATSONS COMMAND CENTER_login' is clicked on

2023-12-28 10:15:17 - [MESSAGE][PASSED] - Object: 'Object Repository/Page_Login/btn_WATSONS COMMAND CENTER_login' is clicked on

2023-12-28 10:15:17 - [TEST_STEP][PASSED] - verifyElementText(findTestObject("Object Repository/Page_Application List/titlePage_WATSONS COMMAND CENTER"), "WATSONS COMMAND CENTER"): Actual text and expected text of test object 'Object Repository/Page_Application List/titlePage_WATSONS COMMAND CENTER' are matched.

2023-12-28 10:15:19 - [MESSAGE][PASSED] - Actual text and expected text of test object 'Object Repository/Page_Application List/titlePage_WATSONS COMMAND CENTER' are matched.

2023-12-28 10:15:19 - [TEST_STEP][PASSED] - verifyElementText(findTestObject("Object Repository/Page_Application List/titleHeader_Select Application to access"), "Select Application to access"): Actual text and expected text of test object 'Object Repository/Page_Application List/titleHeader_Select Application to access' are matched.

2023-12-28 10:15:19 - [MESSAGE][PASSED] - Actual text and expected text of test object 'Object Repository/Page_Application List/titleHeader_Select Application to access' are matched.

2023-12-28 10:15:19 - [TEST_STEP][PASSED] - verifyElementPresent(findTestObject("Object Repository/Page_Application List/container_Non-Trade Vendor Portal"), 0): Object 'Object Repository/Page_Application List/container_Non-Trade Vendor Portal' is present

2023-12-28 10:15:19 - [MESSAGE][WARNING] - Timeout '0' is invalid. Using default page load timeout: '30'

2023-12-28 10:15:20 - [MESSAGE][PASSED] - Object 'Object Repository/Page_Application List/container_Non-Trade Vendor Portal' is present

2023-12-28 10:15:20 - [TEST_STEP][PASSED] - verifyElementText(findTestObject("Object Repository/Page_Application List/containerLabel_Non-Trade Vendor Portal"), "Non-Trade Vendor Portal"): Actual text and expected text of test object 'Object Repository/Page_Application List/containerLabel_Non-Trade Vendor Portal' are matched.

2023-12-28 10:15:20 - [MESSAGE][PASSED] - Actual text and expected text of test object 'Object Repository/Page_Application List/containerLabel_Non-Trade Vendor Portal' are matched.

2023-12-28 10:15:20 - [TEST_STEP][PASSED] - click(findTestObject("Object Repository/Page_Application List/containerLabel_Non-Trade Vendor Portal")): Object: 'Object Repository/Page_Application List/containerLabel_Non-Trade Vendor Portal' is clicked on

2023-12-28 10:15:21 - [MESSAGE][PASSED] - Object: 'Object Repository/Page_Application List/containerLabel_Non-Trade Vendor Portal' is clicked on

2023-12-28 10:15:21 - [TEST_STEP][PASSED] - verifyElementText(findTestObject("Object Repository/Page_Homescreen/titlePage_Dashboard"), "Dashboard"): Actual text and expected text of test object 'Object Repository/Page_Homescreen/titlePage_Dashboard' are matched.

2023-12-28 10:15:25 - [MESSAGE][PASSED] - Actual text and expected text of test object 'Object Repository/Page_Homescreen/titlePage_Dashboard' are matched.

2023-12-28 10:15:25 - [MESSAGE][PASSED] - Call Test Case 'Test Cases/Sprint 1/CommandCenter_LoginTC/TC001_LoginValidCredentials_SP' successfully

2023-12-28 10:15:25 - [TEST_STEP][PASSED] - verifyElementText(findTestObject("Object Repository/Page_Homescreen/SuperAdminMenu/menu_Watsons Command Center"), "Watsons Command Center"): Actual text and expected text of test object 'Object Repository/Page_Homescreen/SuperAdminMenu/menu_Watsons Command Center' are matched.

2023-12-28 10:15:26 - [MESSAGE][PASSED] - Actual text and expected text of test object 'Object Repository/Page_Homescreen/SuperAdminMenu/menu_Watsons Command Center' are matched.

2023-12-28 10:15:26 - [TEST_STEP][PASSED] - verifyElementText(findTestObject("Object Repository/Page_Homescreen/SuperAdminMenu/menu_Home"), "Home"): Actual text and expected text of test object 'Object Repository/Page_Homescreen/SuperAdminMenu/menu_Home' are matched.

2023-12-28 10:15:26 - [MESSAGE][PASSED] - Actual text and expected text of test object 'Object Repository/Page_Homescreen/SuperAdminMenu/menu_Home' are matched.

2023-12-28 10:15:26 - [TEST_STEP][PASSED] - verifyElementText(findTestObject("Object Repository/Page_Homescreen/SuperAdminMenu/menu_Reports"), "Reports"): Actual text and expected text of test object 'Object Repository/Page_Homescreen/SuperAdminMenu/menu_Reports' are matched.

2023-12-28 10:15:26 - [MESSAGE][PASSED] - Actual text and expected text of test object 'Object Repository/Page_Homescreen/SuperAdminMenu/menu_Reports' are matched.

2023-12-28 10:15:26 - [TEST_STEP][PASSED] - verifyElementText(findTestObject("Object Repository/Page_Homescreen/SuperAdminMenu/menu_Admin"), "Admin"): Actual text and expected text of test object 'Object Repository/Page_Homescreen/SuperAdminMenu/menu_Admin' are matched.

2023-12-28 10:15:26 - [MESSAGE][PASSED] - Actual text and expected text of test object 'Object Repository/Page_Homescreen/SuperAdminMenu/menu_Admin' are matched.

2023-12-28 10:15:26 - [TEST_STEP][PASSED] - verifyElementText(findTestObject("Object Repository/Page_Homescreen/SuperAdminMenu/menu_Ticket"), "Ticket"): Actual text and expected text of test object 'Object Repository/Page_Homescreen/SuperAdminMenu/menu_Ticket' are matched.

2023-12-28 10:15:27 - [MESSAGE][PASSED] - Actual text and expected text of test object 'Object Repository/Page_Homescreen/SuperAdminMenu/menu_Ticket' are matched.

2023-12-28 10:15:27 - [TEST_STEP][PASSED] - verifyElementText(findTestObject("Object Repository/Page_Homescreen/SuperAdminMenu/menu_Upload"), "Upload"): Actual text and expected text of test object 'Object Repository/Page_Homescreen/SuperAdminMenu/menu_Upload' are matched.

2023-12-28 10:15:27 - [MESSAGE][PASSED] - Actual text and expected text of test object 'Object Repository/Page_Homescreen/SuperAdminMenu/menu_Upload' are matched.

2023-12-28 10:15:27 - [TEST_STEP][PASSED] - verifyElementText(findTestObject("Object Repository/Page_Homescreen/SuperAdminMenu/menu_Audit Trail"), "Audit Trail"): Actual text and expected text of test object 'Object Repository/Page_Homescreen/SuperAdminMenu/menu_Audit Trail' are matched.

2023-12-28 10:15:27 - [MESSAGE][PASSED] - Actual text and expected text of test object 'Object Repository/Page_Homescreen/SuperAdminMenu/menu_Audit Trail' are matched.

2023-12-28 10:15:27 - [TEST_STEP][PASSED] - verifyElementPresent(findTestObject("Object Repository/Page_Homescreen/container_Form2307"), 0): Object 'Object Repository/Page_Homescreen/container_Form2307' is present

2023-12-28 10:15:28 - [MESSAGE][WARNING] - Timeout '0' is invalid. Using default page load timeout: '30'

2023-12-28 10:15:28 - [MESSAGE][PASSED] - Object 'Object Repository/Page_Homescreen/container_Form2307' is present

2023-12-28 10:15:28 - [TEST_STEP][PASSED] - verifyElementPresent(findTestObject("Object Repository/Page_Homescreen/container_RemittanceAdvice"), 0): Object 'Object Repository/Page_Homescreen/container_RemittanceAdvice' is present

2023-12-28 10:15:28 - [MESSAGE][WARNING] - Timeout '0' is invalid. Using default page load timeout: '30'

2023-12-28 10:15:28 - [MESSAGE][PASSED] - Object 'Object Repository/Page_Homescreen/container_RemittanceAdvice' is present

2023-12-28 10:15:28 - [TEST_STEP][PASSED] - verifyElementPresent(findTestObject("Object Repository/Page_Homescreen/container_BulletinMemo"), 0): Object 'Object Repository/Page_Homescreen/container_BulletinMemo' is present

2023-12-28 10:15:28 - [MESSAGE][WARNING] - Timeout '0' is invalid. Using default page load timeout: '30'

2023-12-28 10:15:28 - [MESSAGE][PASSED] - Object 'Object Repository/Page_Homescreen/container_BulletinMemo' is present

2023-12-28 10:15:29 - [TEST_STEP][PASSED] - verifyElementPresent(findTestObject("Object Repository/Page_Homescreen/container_Tickets"), 0): Object 'Object Repository/Page_Homescreen/container_Tickets' is present

2023-12-28 10:15:29 - [MESSAGE][WARNING] - Timeout '0' is invalid. Using default page load timeout: '30'

2023-12-28 10:15:29 - [MESSAGE][PASSED] - Object 'Object Repository/Page_Homescreen/container_Tickets' is present

2023-12-28 10:15:29 - [TEST_STEP][PASSED] - verifyElementPresent(findTestObject("Object Repository/Page_Homescreen/counter_Form2307"), 0): Object 'Object Repository/Page_Homescreen/counter_Form2307' is present

2023-12-28 10:15:29 - [MESSAGE][WARNING] - Timeout '0' is invalid. Using default page load timeout: '30'

2023-12-28 10:15:29 - [MESSAGE][PASSED] - Object 'Object Repository/Page_Homescreen/counter_Form2307' is present

2023-12-28 10:15:29 - [TEST_STEP][PASSED] - verifyElementPresent(findTestObject("Object Repository/Page_Homescreen/icon_Form2307"), 0): Object 'Object Repository/Page_Homescreen/icon_Form2307' is present

2023-12-28 10:15:29 - [MESSAGE][WARNING] - Timeout '0' is invalid. Using default page load timeout: '30'

2023-12-28 10:15:29 - [MESSAGE][PASSED] - Object 'Object Repository/Page_Homescreen/icon_Form2307' is present

2023-12-28 10:15:29 - [TEST_STEP][PASSED] - takeElementScreenshot(findTestObject("Object Repository/Page_Homescreen/icon_Form2307")): Taking screenshot successfully

2023-12-28 10:15:30 - [MESSAGE][WARNING] - Timeout '0' is invalid. Using default page load timeout: '30'

2023-12-28 10:15:30 - [MESSAGE][INFO] - 0 hidden object(s)

2023-12-28 10:15:30 - [MESSAGE][PASSED] - Taking screenshot successfully
[[ATTACHMENT|C:\\Users\\User\\git\\ProjectHermes\\Reports\\20231228_101501\\Dashboad_Regression\\20231228_101501\\1703729730011.png]]

2023-12-28 10:15:30 - [TEST_STEP][PASSED] - verifyElementText(findTestObject("Object Repository/Page_Homescreen/label_UnreadForm2307"), "Unread"): Actual text and expected text of test object 'Object Repository/Page_Homescreen/label_UnreadForm2307' are matched.

2023-12-28 10:15:31 - [MESSAGE][PASSED] - Actual text and expected text of test object 'Object Repository/Page_Homescreen/label_UnreadForm2307' are matched.

2023-12-28 10:15:31 - [TEST_STEP][PASSED] - verifyElementText(findTestObject("Object Repository/Page_Homescreen/label_Form 2307"), "Form 2307"): Actual text and expected text of test object 'Object Repository/Page_Homescreen/label_Form 2307' are matched.

2023-12-28 10:15:31 - [MESSAGE][PASSED] - Actual text and expected text of test object 'Object Repository/Page_Homescreen/label_Form 2307' are matched.

2023-12-28 10:15:31 - [TEST_STEP][PASSED] - verifyElementPresent(findTestObject("Object Repository/Page_Homescreen/buttonForm2307_View All"), 0): Object 'Object Repository/Page_Homescreen/buttonForm2307_View All' is present

2023-12-28 10:15:31 - [MESSAGE][WARNING] - Timeout '0' is invalid. Using default page load timeout: '30'

2023-12-28 10:15:31 - [MESSAGE][PASSED] - Object 'Object Repository/Page_Homescreen/buttonForm2307_View All' is present

2023-12-28 10:15:31 - [TEST_STEP][PASSED] - verifyElementPresent(findTestObject("Object Repository/Page_Homescreen/counter_RemittanceAdvice"), 0): Object 'Object Repository/Page_Homescreen/counter_RemittanceAdvice' is present

2023-12-28 10:15:31 - [MESSAGE][WARNING] - Timeout '0' is invalid. Using default page load timeout: '30'

2023-12-28 10:15:32 - [MESSAGE][PASSED] - Object 'Object Repository/Page_Homescreen/counter_RemittanceAdvice' is present

2023-12-28 10:15:32 - [TEST_STEP][PASSED] - verifyElementPresent(findTestObject("Object Repository/Page_Homescreen/icon_RemittanceAdvice"), 0): Object 'Object Repository/Page_Homescreen/icon_RemittanceAdvice' is present

2023-12-28 10:15:32 - [MESSAGE][WARNING] - Timeout '0' is invalid. Using default page load timeout: '30'

2023-12-28 10:15:32 - [MESSAGE][PASSED] - Object 'Object Repository/Page_Homescreen/icon_RemittanceAdvice' is present

2023-12-28 10:15:32 - [TEST_STEP][PASSED] - takeElementScreenshot(findTestObject("Object Repository/Page_Homescreen/icon_RemittanceAdvice")): Taking screenshot successfully

2023-12-28 10:15:32 - [MESSAGE][WARNING] - Timeout '0' is invalid. Using default page load timeout: '30'

2023-12-28 10:15:32 - [MESSAGE][INFO] - 0 hidden object(s)

2023-12-28 10:15:32 - [MESSAGE][PASSED] - Taking screenshot successfully
[[ATTACHMENT|C:\\Users\\User\\git\\ProjectHermes\\Reports\\20231228_101501\\Dashboad_Regression\\20231228_101501\\1703729732366.png]]

2023-12-28 10:15:32 - [TEST_STEP][PASSED] - verifyElementText(findTestObject("Object Repository/Page_Homescreen/label_UnreadRA"), "Unread"): Actual text and expected text of test object 'Object Repository/Page_Homescreen/label_UnreadRA' are matched.

2023-12-28 10:15:33 - [MESSAGE][PASSED] - Actual text and expected text of test object 'Object Repository/Page_Homescreen/label_UnreadRA' are matched.

2023-12-28 10:15:33 - [TEST_STEP][PASSED] - verifyElementText(findTestObject("Object Repository/Page_Homescreen/label_Remittance Advice"), "Remittance Advice"): Actual text and expected text of test object 'Object Repository/Page_Homescreen/label_Remittance Advice' are matched.

2023-12-28 10:15:33 - [MESSAGE][PASSED] - Actual text and expected text of test object 'Object Repository/Page_Homescreen/label_Remittance Advice' are matched.

2023-12-28 10:15:33 - [TEST_STEP][PASSED] - verifyElementPresent(findTestObject("Object Repository/Page_Homescreen/button_RAView All"), 0): Object 'Object Repository/Page_Homescreen/button_RAView All' is present

2023-12-28 10:15:33 - [MESSAGE][WARNING] - Timeout '0' is invalid. Using default page load timeout: '30'

2023-12-28 10:15:33 - [MESSAGE][PASSED] - Object 'Object Repository/Page_Homescreen/button_RAView All' is present

2023-12-28 10:15:33 - [TEST_STEP][PASSED] - verifyElementPresent(findTestObject("Object Repository/Page_Homescreen/counter_BulletinMemo"), 0): Object 'Object Repository/Page_Homescreen/counter_BulletinMemo' is present

2023-12-28 10:15:33 - [MESSAGE][WARNING] - Timeout '0' is invalid. Using default page load timeout: '30'

2023-12-28 10:15:34 - [MESSAGE][PASSED] - Object 'Object Repository/Page_Homescreen/counter_BulletinMemo' is present

2023-12-28 10:15:34 - [TEST_STEP][PASSED] - verifyElementPresent(findTestObject("Object Repository/Page_Homescreen/icon_BulletinMemo"), 0): Object 'Object Repository/Page_Homescreen/icon_BulletinMemo' is present

2023-12-28 10:15:34 - [MESSAGE][WARNING] - Timeout '0' is invalid. Using default page load timeout: '30'

2023-12-28 10:15:34 - [MESSAGE][PASSED] - Object 'Object Repository/Page_Homescreen/icon_BulletinMemo' is present

2023-12-28 10:15:34 - [TEST_STEP][PASSED] - takeElementScreenshot(findTestObject("Object Repository/Page_Homescreen/icon_BulletinMemo")): Taking screenshot successfully

2023-12-28 10:15:34 - [MESSAGE][WARNING] - Timeout '0' is invalid. Using default page load timeout: '30'

2023-12-28 10:15:35 - [MESSAGE][INFO] - 0 hidden object(s)

2023-12-28 10:15:35 - [MESSAGE][PASSED] - Taking screenshot successfully
[[ATTACHMENT|C:\\Users\\User\\git\\ProjectHermes\\Reports\\20231228_101501\\Dashboad_Regression\\20231228_101501\\1703729734534.png]]

2023-12-28 10:15:35 - [TEST_STEP][PASSED] - verifyElementText(findTestObject("Object Repository/Page_Homescreen/label_PublishedBM"), "Published"): Actual text and expected text of test object 'Object Repository/Page_Homescreen/label_PublishedBM' are matched.

2023-12-28 10:15:35 - [MESSAGE][PASSED] - Actual text and expected text of test object 'Object Repository/Page_Homescreen/label_PublishedBM' are matched.

2023-12-28 10:15:35 - [TEST_STEP][PASSED] - verifyElementText(findTestObject("Object Repository/Page_Homescreen/label_Bulletin Memo"), "Bulletin Memo"): Actual text and expected text of test object 'Object Repository/Page_Homescreen/label_Bulletin Memo' are matched.

2023-12-28 10:15:35 - [MESSAGE][PASSED] - Actual text and expected text of test object 'Object Repository/Page_Homescreen/label_Bulletin Memo' are matched.

2023-12-28 10:15:35 - [TEST_STEP][PASSED] - verifyElementPresent(findTestObject("Object Repository/Page_Homescreen/button_BMView All"), 0): Object 'Object Repository/Page_Homescreen/button_BMView All' is present

2023-12-28 10:15:35 - [MESSAGE][WARNING] - Timeout '0' is invalid. Using default page load timeout: '30'

2023-12-28 10:15:36 - [MESSAGE][PASSED] - Object 'Object Repository/Page_Homescreen/button_BMView All' is present

2023-12-28 10:15:36 - [TEST_STEP][PASSED] - verifyElementPresent(findTestObject("Object Repository/Page_Homescreen/counter_Tickets"), 0): Object 'Object Repository/Page_Homescreen/counter_Tickets' is present

2023-12-28 10:15:36 - [MESSAGE][WARNING] - Timeout '0' is invalid. Using default page load timeout: '30'

2023-12-28 10:15:36 - [MESSAGE][PASSED] - Object 'Object Repository/Page_Homescreen/counter_Tickets' is present

2023-12-28 10:15:36 - [TEST_STEP][PASSED] - verifyElementPresent(findTestObject("Object Repository/Page_Homescreen/icon_Tickets"), 0): Object 'Object Repository/Page_Homescreen/icon_Tickets' is present

2023-12-28 10:15:36 - [MESSAGE][WARNING] - Timeout '0' is invalid. Using default page load timeout: '30'

2023-12-28 10:15:36 - [MESSAGE][PASSED] - Object 'Object Repository/Page_Homescreen/icon_Tickets' is present

2023-12-28 10:15:36 - [TEST_STEP][PASSED] - takeElementScreenshot(findTestObject("Object Repository/Page_Homescreen/icon_Tickets")): Taking screenshot successfully

2023-12-28 10:15:36 - [MESSAGE][WARNING] - Timeout '0' is invalid. Using default page load timeout: '30'

2023-12-28 10:15:37 - [MESSAGE][INFO] - 0 hidden object(s)

2023-12-28 10:15:37 - [MESSAGE][PASSED] - Taking screenshot successfully
[[ATTACHMENT|C:\\Users\\User\\git\\ProjectHermes\\Reports\\20231228_101501\\Dashboad_Regression\\20231228_101501\\1703729736733.png]]

2023-12-28 10:15:37 - [TEST_STEP][PASSED] - verifyElementText(findTestObject("Object Repository/Page_Homescreen/label_Open"), "Open"): Actual text and expected text of test object 'Object Repository/Page_Homescreen/label_Open' are matched.

2023-12-28 10:15:37 - [MESSAGE][PASSED] - Actual text and expected text of test object 'Object Repository/Page_Homescreen/label_Open' are matched.

2023-12-28 10:15:37 - [TEST_STEP][PASSED] - verifyElementText(findTestObject("Object Repository/Page_Homescreen/label_Tickets"), "Tickets"): Actual text and expected text of test object 'Object Repository/Page_Homescreen/label_Tickets' are matched.

2023-12-28 10:15:38 - [MESSAGE][PASSED] - Actual text and expected text of test object 'Object Repository/Page_Homescreen/label_Tickets' are matched.

2023-12-28 10:15:38 - [TEST_STEP][PASSED] - verifyElementPresent(findTestObject("Object Repository/Page_Homescreen/button_TicketsView All"), 0): Object 'Object Repository/Page_Homescreen/button_TicketsView All' is present

2023-12-28 10:15:38 - [MESSAGE][WARNING] - Timeout '0' is invalid. Using default page load timeout: '30'

2023-12-28 10:15:38 - [MESSAGE][PASSED] - Object 'Object Repository/Page_Homescreen/button_TicketsView All' is present

2023-12-28 10:15:38 - [TEST_STEP][PASSED] - closeBrowser(): Browser is closed

2023-12-28 10:15:39 - [MESSAGE][PASSED] - Browser is closed]]></system-out>
         <system-err><![CDATA[]]></system-err>
      </testcase>
      <testcase name="Test Cases/Sprint 1/Dashboard_TC/TC002_Admin_LandingPage" time="49.801" classname="Test Cases/Sprint 1/Dashboard_TC/TC002_Admin_LandingPage" status="FAILED">
         <failure type="FAILED" message="Test Cases/Sprint 1/Dashboard_TC/TC002_Admin_LandingPage FAILED.
Reason:
com.kms.katalon.core.exception.StepFailedException: Call Test Case 'Test Cases/Sprint 1/CommandCenter_LoginTC/TC003_LoginValidCredentials_Admin' failed
	at com.kms.katalon.core.keyword.builtin.CallTestCaseKeyword$_callTestCase_closure1.doCall(CallTestCaseKeyword.groovy:63)
	at com.kms.katalon.core.keyword.builtin.CallTestCaseKeyword$_callTestCase_closure1.call(CallTestCaseKeyword.groovy)
	at com.kms.katalon.core.keyword.internal.KeywordMain.runKeyword(KeywordMain.groovy:75)
	at com.kms.katalon.core.keyword.builtin.CallTestCaseKeyword.callTestCase(CallTestCaseKeyword.groovy:81)
	at com.kms.katalon.core.keyword.builtin.CallTestCaseKeyword.execute(CallTestCaseKeyword.groovy:44)
	at com.kms.katalon.core.keyword.internal.KeywordExecutor.executeKeywordForPlatform(KeywordExecutor.groovy:74)
	at com.kms.katalon.core.keyword.BuiltinKeywords.callTestCase(BuiltinKeywords.groovy:310)
	at TC002_Admin_LandingPage.run(TC002_Admin_LandingPage:29)
	at com.kms.katalon.core.main.ScriptEngine.run(ScriptEngine.java:194)
	at com.kms.katalon.core.main.ScriptEngine.runScriptAsRawText(ScriptEngine.java:119)
	at com.kms.katalon.core.main.TestCaseExecutor.runScript(TestCaseExecutor.java:448)
	at com.kms.katalon.core.main.TestCaseExecutor.doExecute(TestCaseExecutor.java:439)
	at com.kms.katalon.core.main.TestCaseExecutor.processExecutionPhase(TestCaseExecutor.java:418)
	at com.kms.katalon.core.main.TestCaseExecutor.accessMainPhase(TestCaseExecutor.java:410)
	at com.kms.katalon.core.main.TestCaseExecutor.execute(TestCaseExecutor.java:285)
	at com.kms.katalon.core.common.CommonExecutor.accessTestCaseMainPhase(CommonExecutor.java:65)
	at com.kms.katalon.core.main.TestSuiteExecutor.accessTestSuiteMainPhase(TestSuiteExecutor.java:148)
	at com.kms.katalon.core.main.TestSuiteExecutor.execute(TestSuiteExecutor.java:106)
	at com.kms.katalon.core.main.TestCaseMain.startTestSuite(TestCaseMain.java:187)
	at com.kms.katalon.core.main.TestCaseMain$startTestSuite$0.call(Unknown Source)
	at TempTestSuite1703729701474.run(TempTestSuite1703729701474.groovy:36)
Caused by: com.kms.katalon.core.exception.StepFailedException: Verify element text of test object 'Object Repository/Page_Watsons User/titlePage_Watsons User Role  Access' FAILED.
	at com.kms.katalon.core.webui.keyword.internal.WebUIKeywordMain.stepFailed(WebUIKeywordMain.groovy:64)
	at com.kms.katalon.core.webui.keyword.internal.WebUIKeywordMain.runKeyword(WebUIKeywordMain.groovy:26)
	at com.kms.katalon.core.webui.keyword.builtin.VerifyElementTextKeyword.verifyElementText(VerifyElementTextKeyword.groovy:72)
	at com.kms.katalon.core.webui.keyword.builtin.VerifyElementTextKeyword.execute(VerifyElementTextKeyword.groovy:40)
	at com.kms.katalon.core.keyword.internal.KeywordExecutor.executeKeywordForPlatform(KeywordExecutor.groovy:74)
	at com.kms.katalon.core.webui.keyword.WebUiBuiltInKeywords.verifyElementText(WebUiBuiltInKeywords.groovy:4749)
	at com.kms.katalon.core.webui.keyword.WebUiBuiltInKeywords$verifyElementText$4.call(Unknown Source)
	at TC003_LoginValidCredentials_Admin.run(TC003_LoginValidCredentials_Admin:42)
	at com.kms.katalon.core.main.ScriptEngine.run(ScriptEngine.java:194)
	at com.kms.katalon.core.main.ScriptEngine.runScriptAsRawText(ScriptEngine.java:119)
	at com.kms.katalon.core.main.TestCaseExecutor.runScript(TestCaseExecutor.java:448)
	at com.kms.katalon.core.main.TestCaseExecutor.doExecute(TestCaseExecutor.java:439)
	at com.kms.katalon.core.main.TestCaseExecutor.processExecutionPhase(TestCaseExecutor.java:418)
	at com.kms.katalon.core.main.TestCaseExecutor.accessMainPhase(TestCaseExecutor.java:410)
	at com.kms.katalon.core.main.TestCaseExecutor.execute(TestCaseExecutor.java:285)
	at com.kms.katalon.core.main.TestCaseMain.runTestCase(TestCaseMain.java:144)
	at com.kms.katalon.core.keyword.builtin.CallTestCaseKeyword$_callTestCase_closure1.doCall(CallTestCaseKeyword.groovy:59)
	... 20 more
Caused by: com.kms.katalon.core.exception.StepFailedException: com.kms.katalon.core.webui.exception.WebElementNotFoundException: Web element with id: 'Object Repository/Page_Watsons User/titlePage_Watsons User Role  Access' located by 'id(&quot;Screen_Title&quot;)[count(. | //h1[@id = 'Screen_Title' and (text() = concat(&quot;Watson&quot; , &quot;'&quot; , &quot;s User Role &amp; Access&quot;) or . = concat(&quot;Watson&quot; , &quot;'&quot; , &quot;s User Role &amp; Access&quot;))]) = count(//h1[@id = 'Screen_Title' and (text() = concat(&quot;Watson&quot; , &quot;'&quot; , &quot;s User Role &amp; Access&quot;) or . = concat(&quot;Watson&quot; , &quot;'&quot; , &quot;s User Role &amp; Access&quot;))])]' not found
	at com.kms.katalon.core.webui.keyword.internal.WebUIKeywordMain.stepFailed(WebUIKeywordMain.groovy:64)
	at com.kms.katalon.core.webui.keyword.builtin.VerifyElementTextKeyword$_verifyElementText_closure1.doCall(VerifyElementTextKeyword.groovy:64)
	at com.kms.katalon.core.webui.keyword.builtin.VerifyElementTextKeyword$_verifyElementText_closure1.call(VerifyElementTextKeyword.groovy)
	at com.kms.katalon.core.webui.keyword.internal.WebUIKeywordMain.runKeyword(WebUIKeywordMain.groovy:20)
	... 35 more
"/>
         <system-out><![CDATA[2023-12-28 10:15:39 - [TEST_CASE][FAILED] - Test Cases/Sprint 1/Dashboard_TC/TC002_Admin_LandingPage: Test Cases/Sprint 1/Dashboard_TC/TC002_Admin_LandingPage FAILED.
Reason:
com.kms.katalon.core.exception.StepFailedException: Call Test Case 'Test Cases/Sprint 1/CommandCenter_LoginTC/TC003_LoginValidCredentials_Admin' failed
	at com.kms.katalon.core.keyword.builtin.CallTestCaseKeyword$_callTestCase_closure1.doCall(CallTestCaseKeyword.groovy:63)
	at com.kms.katalon.core.keyword.builtin.CallTestCaseKeyword$_callTestCase_closure1.call(CallTestCaseKeyword.groovy)
	at com.kms.katalon.core.keyword.internal.KeywordMain.runKeyword(KeywordMain.groovy:75)
	at com.kms.katalon.core.keyword.builtin.CallTestCaseKeyword.callTestCase(CallTestCaseKeyword.groovy:81)
	at com.kms.katalon.core.keyword.builtin.CallTestCaseKeyword.execute(CallTestCaseKeyword.groovy:44)
	at com.kms.katalon.core.keyword.internal.KeywordExecutor.executeKeywordForPlatform(KeywordExecutor.groovy:74)
	at com.kms.katalon.core.keyword.BuiltinKeywords.callTestCase(BuiltinKeywords.groovy:310)
	at TC002_Admin_LandingPage.run(TC002_Admin_LandingPage:29)
	at com.kms.katalon.core.main.ScriptEngine.run(ScriptEngine.java:194)
	at com.kms.katalon.core.main.ScriptEngine.runScriptAsRawText(ScriptEngine.java:119)
	at com.kms.katalon.core.main.TestCaseExecutor.runScript(TestCaseExecutor.java:448)
	at com.kms.katalon.core.main.TestCaseExecutor.doExecute(TestCaseExecutor.java:439)
	at com.kms.katalon.core.main.TestCaseExecutor.processExecutionPhase(TestCaseExecutor.java:418)
	at com.kms.katalon.core.main.TestCaseExecutor.accessMainPhase(TestCaseExecutor.java:410)
	at com.kms.katalon.core.main.TestCaseExecutor.execute(TestCaseExecutor.java:285)
	at com.kms.katalon.core.common.CommonExecutor.accessTestCaseMainPhase(CommonExecutor.java:65)
	at com.kms.katalon.core.main.TestSuiteExecutor.accessTestSuiteMainPhase(TestSuiteExecutor.java:148)
	at com.kms.katalon.core.main.TestSuiteExecutor.execute(TestSuiteExecutor.java:106)
	at com.kms.katalon.core.main.TestCaseMain.startTestSuite(TestCaseMain.java:187)
	at com.kms.katalon.core.main.TestCaseMain$startTestSuite$0.call(Unknown Source)
	at TempTestSuite1703729701474.run(TempTestSuite1703729701474.groovy:36)
Caused by: com.kms.katalon.core.exception.StepFailedException: Verify element text of test object 'Object Repository/Page_Watsons User/titlePage_Watsons User Role  Access' FAILED.
	at com.kms.katalon.core.webui.keyword.internal.WebUIKeywordMain.stepFailed(WebUIKeywordMain.groovy:64)
	at com.kms.katalon.core.webui.keyword.internal.WebUIKeywordMain.runKeyword(WebUIKeywordMain.groovy:26)
	at com.kms.katalon.core.webui.keyword.builtin.VerifyElementTextKeyword.verifyElementText(VerifyElementTextKeyword.groovy:72)
	at com.kms.katalon.core.webui.keyword.builtin.VerifyElementTextKeyword.execute(VerifyElementTextKeyword.groovy:40)
	at com.kms.katalon.core.keyword.internal.KeywordExecutor.executeKeywordForPlatform(KeywordExecutor.groovy:74)
	at com.kms.katalon.core.webui.keyword.WebUiBuiltInKeywords.verifyElementText(WebUiBuiltInKeywords.groovy:4749)
	at com.kms.katalon.core.webui.keyword.WebUiBuiltInKeywords$verifyElementText$4.call(Unknown Source)
	at TC003_LoginValidCredentials_Admin.run(TC003_LoginValidCredentials_Admin:42)
	at com.kms.katalon.core.main.ScriptEngine.run(ScriptEngine.java:194)
	at com.kms.katalon.core.main.ScriptEngine.runScriptAsRawText(ScriptEngine.java:119)
	at com.kms.katalon.core.main.TestCaseExecutor.runScript(TestCaseExecutor.java:448)
	at com.kms.katalon.core.main.TestCaseExecutor.doExecute(TestCaseExecutor.java:439)
	at com.kms.katalon.core.main.TestCaseExecutor.processExecutionPhase(TestCaseExecutor.java:418)
	at com.kms.katalon.core.main.TestCaseExecutor.accessMainPhase(TestCaseExecutor.java:410)
	at com.kms.katalon.core.main.TestCaseExecutor.execute(TestCaseExecutor.java:285)
	at com.kms.katalon.core.main.TestCaseMain.runTestCase(TestCaseMain.java:144)
	at com.kms.katalon.core.keyword.builtin.CallTestCaseKeyword$_callTestCase_closure1.doCall(CallTestCaseKeyword.groovy:59)
	... 20 more
Caused by: com.kms.katalon.core.exception.StepFailedException: com.kms.katalon.core.webui.exception.WebElementNotFoundException: Web element with id: 'Object Repository/Page_Watsons User/titlePage_Watsons User Role  Access' located by 'id("Screen_Title")[count(. | //h1[@id = 'Screen_Title' and (text() = concat("Watson" , "'" , "s User Role & Access") or . = concat("Watson" , "'" , "s User Role & Access"))]) = count(//h1[@id = 'Screen_Title' and (text() = concat("Watson" , "'" , "s User Role & Access") or . = concat("Watson" , "'" , "s User Role & Access"))])]' not found
	at com.kms.katalon.core.webui.keyword.internal.WebUIKeywordMain.stepFailed(WebUIKeywordMain.groovy:64)
	at com.kms.katalon.core.webui.keyword.builtin.VerifyElementTextKeyword$_verifyElementText_closure1.doCall(VerifyElementTextKeyword.groovy:64)
	at com.kms.katalon.core.webui.keyword.builtin.VerifyElementTextKeyword$_verifyElementText_closure1.call(VerifyElementTextKeyword.groovy)
	at com.kms.katalon.core.webui.keyword.internal.WebUIKeywordMain.runKeyword(WebUIKeywordMain.groovy:20)
	... 35 more


2023-12-28 10:15:39 - [TEST_STEP][FAILED] - callTestCase(findTestCase("Sprint 1/CommandCenter_LoginTC/TC003_LoginValidCredentials_Admin"), [:], STOP_ON_FAILURE): Unable to call Test Case 'Test Cases/Sprint 1/CommandCenter_LoginTC/TC003_LoginValidCredentials_Admin' (Root cause: com.kms.katalon.core.exception.StepFailedException: Call Test Case 'Test Cases/Sprint 1/CommandCenter_LoginTC/TC003_LoginValidCredentials_Admin' failed
	at com.kms.katalon.core.keyword.builtin.CallTestCaseKeyword$_callTestCase_closure1.doCall(CallTestCaseKeyword.groovy:63)
	at com.kms.katalon.core.keyword.builtin.CallTestCaseKeyword$_callTestCase_closure1.call(CallTestCaseKeyword.groovy)
	at com.kms.katalon.core.keyword.internal.KeywordMain.runKeyword(KeywordMain.groovy:75)
	at com.kms.katalon.core.keyword.builtin.CallTestCaseKeyword.callTestCase(CallTestCaseKeyword.groovy:81)
	at com.kms.katalon.core.keyword.builtin.CallTestCaseKeyword.execute(CallTestCaseKeyword.groovy:44)
	at com.kms.katalon.core.keyword.internal.KeywordExecutor.executeKeywordForPlatform(KeywordExecutor.groovy:74)
	at com.kms.katalon.core.keyword.BuiltinKeywords.callTestCase(BuiltinKeywords.groovy:310)
	at TC002_Admin_LandingPage.run(TC002_Admin_LandingPage:29)
	at com.kms.katalon.core.main.ScriptEngine.run(ScriptEngine.java:194)
	at com.kms.katalon.core.main.ScriptEngine.runScriptAsRawText(ScriptEngine.java:119)
	at com.kms.katalon.core.main.TestCaseExecutor.runScript(TestCaseExecutor.java:448)
	at com.kms.katalon.core.main.TestCaseExecutor.doExecute(TestCaseExecutor.java:439)
	at com.kms.katalon.core.main.TestCaseExecutor.processExecutionPhase(TestCaseExecutor.java:418)
	at com.kms.katalon.core.main.TestCaseExecutor.accessMainPhase(TestCaseExecutor.java:410)
	at com.kms.katalon.core.main.TestCaseExecutor.execute(TestCaseExecutor.java:285)
	at com.kms.katalon.core.common.CommonExecutor.accessTestCaseMainPhase(CommonExecutor.java:65)
	at com.kms.katalon.core.main.TestSuiteExecutor.accessTestSuiteMainPhase(TestSuiteExecutor.java:148)
	at com.kms.katalon.core.main.TestSuiteExecutor.execute(TestSuiteExecutor.java:106)
	at com.kms.katalon.core.main.TestCaseMain.startTestSuite(TestCaseMain.java:187)
	at com.kms.katalon.core.main.TestCaseMain$startTestSuite$0.call(Unknown Source)
	at TempTestSuite1703729701474.run(TempTestSuite1703729701474.groovy:36)
Caused by: com.kms.katalon.core.exception.StepFailedException: Verify element text of test object 'Object Repository/Page_Watsons User/titlePage_Watsons User Role  Access' FAILED.
	at com.kms.katalon.core.webui.keyword.internal.WebUIKeywordMain.stepFailed(WebUIKeywordMain.groovy:64)
	at com.kms.katalon.core.webui.keyword.internal.WebUIKeywordMain.runKeyword(WebUIKeywordMain.groovy:26)
	at com.kms.katalon.core.webui.keyword.builtin.VerifyElementTextKeyword.verifyElementText(VerifyElementTextKeyword.groovy:72)
	at com.kms.katalon.core.webui.keyword.builtin.VerifyElementTextKeyword.execute(VerifyElementTextKeyword.groovy:40)
	at com.kms.katalon.core.keyword.internal.KeywordExecutor.executeKeywordForPlatform(KeywordExecutor.groovy:74)
	at com.kms.katalon.core.webui.keyword.WebUiBuiltInKeywords.verifyElementText(WebUiBuiltInKeywords.groovy:4749)
	at com.kms.katalon.core.webui.keyword.WebUiBuiltInKeywords$verifyElementText$4.call(Unknown Source)
	at TC003_LoginValidCredentials_Admin.run(TC003_LoginValidCredentials_Admin:42)
	at com.kms.katalon.core.main.ScriptEngine.run(ScriptEngine.java:194)
	at com.kms.katalon.core.main.ScriptEngine.runScriptAsRawText(ScriptEngine.java:119)
	at com.kms.katalon.core.main.TestCaseExecutor.runScript(TestCaseExecutor.java:448)
	at com.kms.katalon.core.main.TestCaseExecutor.doExecute(TestCaseExecutor.java:439)
	at com.kms.katalon.core.main.TestCaseExecutor.processExecutionPhase(TestCaseExecutor.java:418)
	at com.kms.katalon.core.main.TestCaseExecutor.accessMainPhase(TestCaseExecutor.java:410)
	at com.kms.katalon.core.main.TestCaseExecutor.execute(TestCaseExecutor.java:285)
	at com.kms.katalon.core.main.TestCaseMain.runTestCase(TestCaseMain.java:144)
	at com.kms.katalon.core.keyword.builtin.CallTestCaseKeyword$_callTestCase_closure1.doCall(CallTestCaseKeyword.groovy:59)
	... 20 more
Caused by: com.kms.katalon.core.exception.StepFailedException: com.kms.katalon.core.webui.exception.WebElementNotFoundException: Web element with id: 'Object Repository/Page_Watsons User/titlePage_Watsons User Role  Access' located by 'id("Screen_Title")[count(. | //h1[@id = 'Screen_Title' and (text() = concat("Watson" , "'" , "s User Role & Access") or . = concat("Watson" , "'" , "s User Role & Access"))]) = count(//h1[@id = 'Screen_Title' and (text() = concat("Watson" , "'" , "s User Role & Access") or . = concat("Watson" , "'" , "s User Role & Access"))])]' not found
	at com.kms.katalon.core.webui.keyword.internal.WebUIKeywordMain.stepFailed(WebUIKeywordMain.groovy:64)
	at com.kms.katalon.core.webui.keyword.builtin.VerifyElementTextKeyword$_verifyElementText_closure1.doCall(VerifyElementTextKeyword.groovy:64)
	at com.kms.katalon.core.webui.keyword.builtin.VerifyElementTextKeyword$_verifyElementText_closure1.call(VerifyElementTextKeyword.groovy)
	at com.kms.katalon.core.webui.keyword.internal.WebUIKeywordMain.runKeyword(WebUIKeywordMain.groovy:20)
	... 35 more
)

2023-12-28 10:15:39 - [TEST_CASE][FAILED] - Test Cases/Sprint 1/CommandCenter_LoginTC/TC003_LoginValidCredentials_Admin: Test Cases/Sprint 1/CommandCenter_LoginTC/TC003_LoginValidCredentials_Admin FAILED.
Reason:
com.kms.katalon.core.exception.StepFailedException: Verify element text of test object 'Object Repository/Page_Watsons User/titlePage_Watsons User Role  Access' FAILED.
	at com.kms.katalon.core.webui.keyword.internal.WebUIKeywordMain.stepFailed(WebUIKeywordMain.groovy:64)
	at com.kms.katalon.core.webui.keyword.internal.WebUIKeywordMain.runKeyword(WebUIKeywordMain.groovy:26)
	at com.kms.katalon.core.webui.keyword.builtin.VerifyElementTextKeyword.verifyElementText(VerifyElementTextKeyword.groovy:72)
	at com.kms.katalon.core.webui.keyword.builtin.VerifyElementTextKeyword.execute(VerifyElementTextKeyword.groovy:40)
	at com.kms.katalon.core.keyword.internal.KeywordExecutor.executeKeywordForPlatform(KeywordExecutor.groovy:74)
	at com.kms.katalon.core.webui.keyword.WebUiBuiltInKeywords.verifyElementText(WebUiBuiltInKeywords.groovy:4749)
	at com.kms.katalon.core.webui.keyword.WebUiBuiltInKeywords$verifyElementText$4.call(Unknown Source)
	at TC003_LoginValidCredentials_Admin.run(TC003_LoginValidCredentials_Admin:42)
	at com.kms.katalon.core.main.ScriptEngine.run(ScriptEngine.java:194)
	at com.kms.katalon.core.main.ScriptEngine.runScriptAsRawText(ScriptEngine.java:119)
	at com.kms.katalon.core.main.TestCaseExecutor.runScript(TestCaseExecutor.java:448)
	at com.kms.katalon.core.main.TestCaseExecutor.doExecute(TestCaseExecutor.java:439)
	at com.kms.katalon.core.main.TestCaseExecutor.processExecutionPhase(TestCaseExecutor.java:418)
	at com.kms.katalon.core.main.TestCaseExecutor.accessMainPhase(TestCaseExecutor.java:410)
	at com.kms.katalon.core.main.TestCaseExecutor.execute(TestCaseExecutor.java:285)
	at com.kms.katalon.core.main.TestCaseMain.runTestCase(TestCaseMain.java:144)
	at com.kms.katalon.core.keyword.builtin.CallTestCaseKeyword$_callTestCase_closure1.doCall(CallTestCaseKeyword.groovy:59)
	at com.kms.katalon.core.keyword.builtin.CallTestCaseKeyword$_callTestCase_closure1.call(CallTestCaseKeyword.groovy)
	at com.kms.katalon.core.keyword.internal.KeywordMain.runKeyword(KeywordMain.groovy:75)
	at com.kms.katalon.core.keyword.builtin.CallTestCaseKeyword.callTestCase(CallTestCaseKeyword.groovy:81)
	at com.kms.katalon.core.keyword.builtin.CallTestCaseKeyword.execute(CallTestCaseKeyword.groovy:44)
	at com.kms.katalon.core.keyword.internal.KeywordExecutor.executeKeywordForPlatform(KeywordExecutor.groovy:74)
	at com.kms.katalon.core.keyword.BuiltinKeywords.callTestCase(BuiltinKeywords.groovy:310)
	at TC002_Admin_LandingPage.run(TC002_Admin_LandingPage:29)
	at com.kms.katalon.core.main.ScriptEngine.run(ScriptEngine.java:194)
	at com.kms.katalon.core.main.ScriptEngine.runScriptAsRawText(ScriptEngine.java:119)
	at com.kms.katalon.core.main.TestCaseExecutor.runScript(TestCaseExecutor.java:448)
	at com.kms.katalon.core.main.TestCaseExecutor.doExecute(TestCaseExecutor.java:439)
	at com.kms.katalon.core.main.TestCaseExecutor.processExecutionPhase(TestCaseExecutor.java:418)
	at com.kms.katalon.core.main.TestCaseExecutor.accessMainPhase(TestCaseExecutor.java:410)
	at com.kms.katalon.core.main.TestCaseExecutor.execute(TestCaseExecutor.java:285)
	at com.kms.katalon.core.common.CommonExecutor.accessTestCaseMainPhase(CommonExecutor.java:65)
	at com.kms.katalon.core.main.TestSuiteExecutor.accessTestSuiteMainPhase(TestSuiteExecutor.java:148)
	at com.kms.katalon.core.main.TestSuiteExecutor.execute(TestSuiteExecutor.java:106)
	at com.kms.katalon.core.main.TestCaseMain.startTestSuite(TestCaseMain.java:187)
	at com.kms.katalon.core.main.TestCaseMain$startTestSuite$0.call(Unknown Source)
	at TempTestSuite1703729701474.run(TempTestSuite1703729701474.groovy:36)
Caused by: com.kms.katalon.core.exception.StepFailedException: com.kms.katalon.core.webui.exception.WebElementNotFoundException: Web element with id: 'Object Repository/Page_Watsons User/titlePage_Watsons User Role  Access' located by 'id("Screen_Title")[count(. | //h1[@id = 'Screen_Title' and (text() = concat("Watson" , "'" , "s User Role & Access") or . = concat("Watson" , "'" , "s User Role & Access"))]) = count(//h1[@id = 'Screen_Title' and (text() = concat("Watson" , "'" , "s User Role & Access") or . = concat("Watson" , "'" , "s User Role & Access"))])]' not found
	at com.kms.katalon.core.webui.keyword.internal.WebUIKeywordMain.stepFailed(WebUIKeywordMain.groovy:64)
	at com.kms.katalon.core.webui.keyword.builtin.VerifyElementTextKeyword$_verifyElementText_closure1.doCall(VerifyElementTextKeyword.groovy:64)
	at com.kms.katalon.core.webui.keyword.builtin.VerifyElementTextKeyword$_verifyElementText_closure1.call(VerifyElementTextKeyword.groovy)
	at com.kms.katalon.core.webui.keyword.internal.WebUIKeywordMain.runKeyword(WebUIKeywordMain.groovy:20)
	... 35 more


2023-12-28 10:15:39 - [TEST_STEP][PASSED] - openBrowser(""): Browser is opened with url: ''

2023-12-28 10:15:39 - [MESSAGE][INFO] - Starting 'Chrome' driver

2023-12-28 10:15:39 - [MESSAGE][INFO] - User set preference: ['args', '[--start-maximized, UnexpectedAlertBehaviour=ignore]']

2023-12-28 10:15:39 - [MESSAGE][INFO] - User set preference: ['acceptInsecureCerts', 'true']

2023-12-28 10:15:39 - [MESSAGE][INFO] - Action delay is set to 0 milliseconds

2023-12-28 10:15:40 - [MESSAGE][PASSED] - Browser is opened with url: ''

2023-12-28 10:15:40 - [TEST_STEP][PASSED] - navigateToUrl(URL_commandCenter): Navigate to 'https://10.143.206.85/watsonsauthentication/' successfully

2023-12-28 10:15:43 - [MESSAGE][PASSED] - Navigate to 'https://10.143.206.85/watsonsauthentication/' successfully

2023-12-28 10:15:43 - [TEST_STEP][PASSED] - setText(findTestObject("Object Repository/Page_Login/input_WATSONS COMMAND CENTER_username"), admin_username): Text 'mobarak.dimalotang+01@tesi.com.ph' is set on object 'Object Repository/Page_Login/input_WATSONS COMMAND CENTER_username'

2023-12-28 10:15:44 - [MESSAGE][PASSED] - Text 'mobarak.dimalotang+01@tesi.com.ph' is set on object 'Object Repository/Page_Login/input_WATSONS COMMAND CENTER_username'

2023-12-28 10:15:44 - [TEST_STEP][PASSED] - setEncryptedText(findTestObject("Object Repository/Page_Login/input_WATSONS COMMAND CENTER_password"), admin_password): Text ****** has been set on object 'Object Repository/Page_Login/input_WATSONS COMMAND CENTER_password'

2023-12-28 10:15:45 - [MESSAGE][PASSED] - Text ****** has been set on object 'Object Repository/Page_Login/input_WATSONS COMMAND CENTER_password'

2023-12-28 10:15:45 - [TEST_STEP][PASSED] - click(findTestObject("Object Repository/Page_Login/btn_WATSONS COMMAND CENTER_login")): Object: 'Object Repository/Page_Login/btn_WATSONS COMMAND CENTER_login' is clicked on

2023-12-28 10:15:45 - [MESSAGE][PASSED] - Object: 'Object Repository/Page_Login/btn_WATSONS COMMAND CENTER_login' is clicked on

2023-12-28 10:15:45 - [TEST_STEP][PASSED] - verifyElementText(findTestObject("Object Repository/Page_Application List/titlePage_WATSONS COMMAND CENTER"), "WATSONS COMMAND CENTER"): Actual text and expected text of test object 'Object Repository/Page_Application List/titlePage_WATSONS COMMAND CENTER' are matched.

2023-12-28 10:15:54 - [MESSAGE][PASSED] - Actual text and expected text of test object 'Object Repository/Page_Application List/titlePage_WATSONS COMMAND CENTER' are matched.

2023-12-28 10:15:54 - [TEST_STEP][PASSED] - verifyElementText(findTestObject("Object Repository/Page_Application List/titleHeader_Select Application to access"), "Select Application to access"): Actual text and expected text of test object 'Object Repository/Page_Application List/titleHeader_Select Application to access' are matched.

2023-12-28 10:15:55 - [MESSAGE][PASSED] - Actual text and expected text of test object 'Object Repository/Page_Application List/titleHeader_Select Application to access' are matched.

2023-12-28 10:15:55 - [TEST_STEP][PASSED] - verifyElementPresent(findTestObject("Object Repository/Page_Application List/APcontainer_Non-Trade Vendor Portal"), 0): Object 'Object Repository/Page_Application List/APcontainer_Non-Trade Vendor Portal' is present

2023-12-28 10:15:55 - [MESSAGE][WARNING] - Timeout '0' is invalid. Using default page load timeout: '30'

2023-12-28 10:15:55 - [MESSAGE][PASSED] - Object 'Object Repository/Page_Application List/APcontainer_Non-Trade Vendor Portal' is present

2023-12-28 10:15:55 - [TEST_STEP][PASSED] - verifyElementText(findTestObject("Object Repository/Page_Application List/APcontainerLabel_Non-Trade Vendor Portal"), "Non-Trade Vendor Portal"): Actual text and expected text of test object 'Object Repository/Page_Application List/APcontainerLabel_Non-Trade Vendor Portal' are matched.

2023-12-28 10:15:55 - [MESSAGE][PASSED] - Actual text and expected text of test object 'Object Repository/Page_Application List/APcontainerLabel_Non-Trade Vendor Portal' are matched.

2023-12-28 10:15:55 - [TEST_STEP][PASSED] - click(findTestObject("Object Repository/Page_Application List/APcontainerLabel_Non-Trade Vendor Portal")): Object: 'Object Repository/Page_Application List/APcontainerLabel_Non-Trade Vendor Portal' is clicked on

2023-12-28 10:15:57 - [MESSAGE][PASSED] - Object: 'Object Repository/Page_Application List/APcontainerLabel_Non-Trade Vendor Portal' is clicked on

2023-12-28 10:15:57 - [TEST_STEP][FAILED] - verifyElementText(findTestObject("Object Repository/Page_Watsons User/titlePage_Watsons User Role  Access"), "Watson's User Role & Access"): Verify element text of test object 'Object Repository/Page_Watsons User/titlePage_Watsons User Role  Access' FAILED. (Root cause: com.kms.katalon.core.exception.StepFailedException: Verify element text of test object 'Object Repository/Page_Watsons User/titlePage_Watsons User Role  Access' FAILED.
	at com.kms.katalon.core.webui.keyword.internal.WebUIKeywordMain.stepFailed(WebUIKeywordMain.groovy:64)
	at com.kms.katalon.core.webui.keyword.internal.WebUIKeywordMain.runKeyword(WebUIKeywordMain.groovy:26)
	at com.kms.katalon.core.webui.keyword.builtin.VerifyElementTextKeyword.verifyElementText(VerifyElementTextKeyword.groovy:72)
	at com.kms.katalon.core.webui.keyword.builtin.VerifyElementTextKeyword.execute(VerifyElementTextKeyword.groovy:40)
	at com.kms.katalon.core.keyword.internal.KeywordExecutor.executeKeywordForPlatform(KeywordExecutor.groovy:74)
	at com.kms.katalon.core.webui.keyword.WebUiBuiltInKeywords.verifyElementText(WebUiBuiltInKeywords.groovy:4749)
	at com.kms.katalon.core.webui.keyword.WebUiBuiltInKeywords$verifyElementText$4.call(Unknown Source)
	at TC003_LoginValidCredentials_Admin.run(TC003_LoginValidCredentials_Admin:42)
	at com.kms.katalon.core.main.ScriptEngine.run(ScriptEngine.java:194)
	at com.kms.katalon.core.main.ScriptEngine.runScriptAsRawText(ScriptEngine.java:119)
	at com.kms.katalon.core.main.TestCaseExecutor.runScript(TestCaseExecutor.java:448)
	at com.kms.katalon.core.main.TestCaseExecutor.doExecute(TestCaseExecutor.java:439)
	at com.kms.katalon.core.main.TestCaseExecutor.processExecutionPhase(TestCaseExecutor.java:418)
	at com.kms.katalon.core.main.TestCaseExecutor.accessMainPhase(TestCaseExecutor.java:410)
	at com.kms.katalon.core.main.TestCaseExecutor.execute(TestCaseExecutor.java:285)
	at com.kms.katalon.core.main.TestCaseMain.runTestCase(TestCaseMain.java:144)
	at com.kms.katalon.core.keyword.builtin.CallTestCaseKeyword$_callTestCase_closure1.doCall(CallTestCaseKeyword.groovy:59)
	at com.kms.katalon.core.keyword.builtin.CallTestCaseKeyword$_callTestCase_closure1.call(CallTestCaseKeyword.groovy)
	at com.kms.katalon.core.keyword.internal.KeywordMain.runKeyword(KeywordMain.groovy:75)
	at com.kms.katalon.core.keyword.builtin.CallTestCaseKeyword.callTestCase(CallTestCaseKeyword.groovy:81)
	at com.kms.katalon.core.keyword.builtin.CallTestCaseKeyword.execute(CallTestCaseKeyword.groovy:44)
	at com.kms.katalon.core.keyword.internal.KeywordExecutor.executeKeywordForPlatform(KeywordExecutor.groovy:74)
	at com.kms.katalon.core.keyword.BuiltinKeywords.callTestCase(BuiltinKeywords.groovy:310)
	at TC002_Admin_LandingPage.run(TC002_Admin_LandingPage:29)
	at com.kms.katalon.core.main.ScriptEngine.run(ScriptEngine.java:194)
	at com.kms.katalon.core.main.ScriptEngine.runScriptAsRawText(ScriptEngine.java:119)
	at com.kms.katalon.core.main.TestCaseExecutor.runScript(TestCaseExecutor.java:448)
	at com.kms.katalon.core.main.TestCaseExecutor.doExecute(TestCaseExecutor.java:439)
	at com.kms.katalon.core.main.TestCaseExecutor.processExecutionPhase(TestCaseExecutor.java:418)
	at com.kms.katalon.core.main.TestCaseExecutor.accessMainPhase(TestCaseExecutor.java:410)
	at com.kms.katalon.core.main.TestCaseExecutor.execute(TestCaseExecutor.java:285)
	at com.kms.katalon.core.common.CommonExecutor.accessTestCaseMainPhase(CommonExecutor.java:65)
	at com.kms.katalon.core.main.TestSuiteExecutor.accessTestSuiteMainPhase(TestSuiteExecutor.java:148)
	at com.kms.katalon.core.main.TestSuiteExecutor.execute(TestSuiteExecutor.java:106)
	at com.kms.katalon.core.main.TestCaseMain.startTestSuite(TestCaseMain.java:187)
	at com.kms.katalon.core.main.TestCaseMain$startTestSuite$0.call(Unknown Source)
	at TempTestSuite1703729701474.run(TempTestSuite1703729701474.groovy:36)
Caused by: com.kms.katalon.core.exception.StepFailedException: com.kms.katalon.core.webui.exception.WebElementNotFoundException: Web element with id: 'Object Repository/Page_Watsons User/titlePage_Watsons User Role  Access' located by 'id("Screen_Title")[count(. | //h1[@id = 'Screen_Title' and (text() = concat("Watson" , "'" , "s User Role & Access") or . = concat("Watson" , "'" , "s User Role & Access"))]) = count(//h1[@id = 'Screen_Title' and (text() = concat("Watson" , "'" , "s User Role & Access") or . = concat("Watson" , "'" , "s User Role & Access"))])]' not found
	at com.kms.katalon.core.webui.keyword.internal.WebUIKeywordMain.stepFailed(WebUIKeywordMain.groovy:64)
	at com.kms.katalon.core.webui.keyword.builtin.VerifyElementTextKeyword$_verifyElementText_closure1.doCall(VerifyElementTextKeyword.groovy:64)
	at com.kms.katalon.core.webui.keyword.builtin.VerifyElementTextKeyword$_verifyElementText_closure1.call(VerifyElementTextKeyword.groovy)
	at com.kms.katalon.core.webui.keyword.internal.WebUIKeywordMain.runKeyword(WebUIKeywordMain.groovy:20)
	... 35 more
)

2023-12-28 10:16:28 - [MESSAGE][INFO] - Unable to find the element located by 'By.xpath: id("Screen_Title")[count(. | //h1[@id = 'Screen_Title' and (text() = concat("Watson" , "'" , "s User Role & Access") or . = concat("Watson" , "'" , "s User Role & Access"))]) = count(//h1[@id = 'Screen_Title' and (text() = concat("Watson" , "'" , "s User Role & Access") or . = concat("Watson" , "'" , "s User Role & Access"))])]'. Please recheck the objects properties to make sure the desired element is located. 

2023-12-28 10:16:28 - [MESSAGE][FAILED] - com.kms.katalon.core.webui.exception.WebElementNotFoundException: Web element with id: 'Object Repository/Page_Watsons User/titlePage_Watsons User Role  Access' located by 'id("Screen_Title")[count(. | //h1[@id = 'Screen_Title' and (text() = concat("Watson" , "'" , "s User Role & Access") or . = concat("Watson" , "'" , "s User Role & Access"))]) = count(//h1[@id = 'Screen_Title' and (text() = concat("Watson" , "'" , "s User Role & Access") or . = concat("Watson" , "'" , "s User Role & Access"))])]' not found (Root cause: com.kms.katalon.core.exception.StepFailedException: com.kms.katalon.core.webui.exception.WebElementNotFoundException: Web element with id: 'Object Repository/Page_Watsons User/titlePage_Watsons User Role  Access' located by 'id("Screen_Title")[count(. | //h1[@id = 'Screen_Title' and (text() = concat("Watson" , "'" , "s User Role & Access") or . = concat("Watson" , "'" , "s User Role & Access"))]) = count(//h1[@id = 'Screen_Title' and (text() = concat("Watson" , "'" , "s User Role & Access") or . = concat("Watson" , "'" , "s User Role & Access"))])]' not found
	at com.kms.katalon.core.webui.keyword.internal.WebUIKeywordMain.stepFailed(WebUIKeywordMain.groovy:64)
	at com.kms.katalon.core.webui.keyword.builtin.VerifyElementTextKeyword$_verifyElementText_closure1.doCall(VerifyElementTextKeyword.groovy:64)
	at com.kms.katalon.core.webui.keyword.builtin.VerifyElementTextKeyword$_verifyElementText_closure1.call(VerifyElementTextKeyword.groovy)
	at com.kms.katalon.core.webui.keyword.internal.WebUIKeywordMain.runKeyword(WebUIKeywordMain.groovy:20)
	at com.kms.katalon.core.webui.keyword.builtin.VerifyElementTextKeyword.verifyElementText(VerifyElementTextKeyword.groovy:72)
	at com.kms.katalon.core.webui.keyword.builtin.VerifyElementTextKeyword.execute(VerifyElementTextKeyword.groovy:40)
	at com.kms.katalon.core.keyword.internal.KeywordExecutor.executeKeywordForPlatform(KeywordExecutor.groovy:74)
	at com.kms.katalon.core.webui.keyword.WebUiBuiltInKeywords.verifyElementText(WebUiBuiltInKeywords.groovy:4749)
	at com.kms.katalon.core.webui.keyword.WebUiBuiltInKeywords$verifyElementText$4.call(Unknown Source)
	at TC003_LoginValidCredentials_Admin.run(TC003_LoginValidCredentials_Admin:42)
	at com.kms.katalon.core.main.ScriptEngine.run(ScriptEngine.java:194)
	at com.kms.katalon.core.main.ScriptEngine.runScriptAsRawText(ScriptEngine.java:119)
	at com.kms.katalon.core.main.TestCaseExecutor.runScript(TestCaseExecutor.java:448)
	at com.kms.katalon.core.main.TestCaseExecutor.doExecute(TestCaseExecutor.java:439)
	at com.kms.katalon.core.main.TestCaseExecutor.processExecutionPhase(TestCaseExecutor.java:418)
	at com.kms.katalon.core.main.TestCaseExecutor.accessMainPhase(TestCaseExecutor.java:410)
	at com.kms.katalon.core.main.TestCaseExecutor.execute(TestCaseExecutor.java:285)
	at com.kms.katalon.core.main.TestCaseMain.runTestCase(TestCaseMain.java:144)
	at com.kms.katalon.core.keyword.builtin.CallTestCaseKeyword$_callTestCase_closure1.doCall(CallTestCaseKeyword.groovy:59)
	at com.kms.katalon.core.keyword.builtin.CallTestCaseKeyword$_callTestCase_closure1.call(CallTestCaseKeyword.groovy)
	at com.kms.katalon.core.keyword.internal.KeywordMain.runKeyword(KeywordMain.groovy:75)
	at com.kms.katalon.core.keyword.builtin.CallTestCaseKeyword.callTestCase(CallTestCaseKeyword.groovy:81)
	at com.kms.katalon.core.keyword.builtin.CallTestCaseKeyword.execute(CallTestCaseKeyword.groovy:44)
	at com.kms.katalon.core.keyword.internal.KeywordExecutor.executeKeywordForPlatform(KeywordExecutor.groovy:74)
	at com.kms.katalon.core.keyword.BuiltinKeywords.callTestCase(BuiltinKeywords.groovy:310)
	at TC002_Admin_LandingPage.run(TC002_Admin_LandingPage:29)
	at com.kms.katalon.core.main.ScriptEngine.run(ScriptEngine.java:194)
	at com.kms.katalon.core.main.ScriptEngine.runScriptAsRawText(ScriptEngine.java:119)
	at com.kms.katalon.core.main.TestCaseExecutor.runScript(TestCaseExecutor.java:448)
	at com.kms.katalon.core.main.TestCaseExecutor.doExecute(TestCaseExecutor.java:439)
	at com.kms.katalon.core.main.TestCaseExecutor.processExecutionPhase(TestCaseExecutor.java:418)
	at com.kms.katalon.core.main.TestCaseExecutor.accessMainPhase(TestCaseExecutor.java:410)
	at com.kms.katalon.core.main.TestCaseExecutor.execute(TestCaseExecutor.java:285)
	at com.kms.katalon.core.common.CommonExecutor.accessTestCaseMainPhase(CommonExecutor.java:65)
	at com.kms.katalon.core.main.TestSuiteExecutor.accessTestSuiteMainPhase(TestSuiteExecutor.java:148)
	at com.kms.katalon.core.main.TestSuiteExecutor.execute(TestSuiteExecutor.java:106)
	at com.kms.katalon.core.main.TestCaseMain.startTestSuite(TestCaseMain.java:187)
	at com.kms.katalon.core.main.TestCaseMain$startTestSuite$0.call(Unknown Source)
	at TempTestSuite1703729701474.run(TempTestSuite1703729701474.groovy:36)
)
[[ATTACHMENT|C:\\Users\\User\\git\\ProjectHermes\\Reports\\20231228_101501\\Dashboad_Regression\\20231228_101501\\1703729788705.png]]

2023-12-28 10:16:28 - [MESSAGE][FAILED] - Verify element text of test object 'Object Repository/Page_Watsons User/titlePage_Watsons User Role  Access' FAILED. (Root cause: com.kms.katalon.core.exception.StepFailedException: Verify element text of test object 'Object Repository/Page_Watsons User/titlePage_Watsons User Role  Access' FAILED.
	at com.kms.katalon.core.webui.keyword.internal.WebUIKeywordMain.stepFailed(WebUIKeywordMain.groovy:64)
	at com.kms.katalon.core.webui.keyword.internal.WebUIKeywordMain.runKeyword(WebUIKeywordMain.groovy:26)
	at com.kms.katalon.core.webui.keyword.builtin.VerifyElementTextKeyword.verifyElementText(VerifyElementTextKeyword.groovy:72)
	at com.kms.katalon.core.webui.keyword.builtin.VerifyElementTextKeyword.execute(VerifyElementTextKeyword.groovy:40)
	at com.kms.katalon.core.keyword.internal.KeywordExecutor.executeKeywordForPlatform(KeywordExecutor.groovy:74)
	at com.kms.katalon.core.webui.keyword.WebUiBuiltInKeywords.verifyElementText(WebUiBuiltInKeywords.groovy:4749)
	at com.kms.katalon.core.webui.keyword.WebUiBuiltInKeywords$verifyElementText$4.call(Unknown Source)
	at TC003_LoginValidCredentials_Admin.run(TC003_LoginValidCredentials_Admin:42)
	at com.kms.katalon.core.main.ScriptEngine.run(ScriptEngine.java:194)
	at com.kms.katalon.core.main.ScriptEngine.runScriptAsRawText(ScriptEngine.java:119)
	at com.kms.katalon.core.main.TestCaseExecutor.runScript(TestCaseExecutor.java:448)
	at com.kms.katalon.core.main.TestCaseExecutor.doExecute(TestCaseExecutor.java:439)
	at com.kms.katalon.core.main.TestCaseExecutor.processExecutionPhase(TestCaseExecutor.java:418)
	at com.kms.katalon.core.main.TestCaseExecutor.accessMainPhase(TestCaseExecutor.java:410)
	at com.kms.katalon.core.main.TestCaseExecutor.execute(TestCaseExecutor.java:285)
	at com.kms.katalon.core.main.TestCaseMain.runTestCase(TestCaseMain.java:144)
	at com.kms.katalon.core.keyword.builtin.CallTestCaseKeyword$_callTestCase_closure1.doCall(CallTestCaseKeyword.groovy:59)
	at com.kms.katalon.core.keyword.builtin.CallTestCaseKeyword$_callTestCase_closure1.call(CallTestCaseKeyword.groovy)
	at com.kms.katalon.core.keyword.internal.KeywordMain.runKeyword(KeywordMain.groovy:75)
	at com.kms.katalon.core.keyword.builtin.CallTestCaseKeyword.callTestCase(CallTestCaseKeyword.groovy:81)
	at com.kms.katalon.core.keyword.builtin.CallTestCaseKeyword.execute(CallTestCaseKeyword.groovy:44)
	at com.kms.katalon.core.keyword.internal.KeywordExecutor.executeKeywordForPlatform(KeywordExecutor.groovy:74)
	at com.kms.katalon.core.keyword.BuiltinKeywords.callTestCase(BuiltinKeywords.groovy:310)
	at TC002_Admin_LandingPage.run(TC002_Admin_LandingPage:29)
	at com.kms.katalon.core.main.ScriptEngine.run(ScriptEngine.java:194)
	at com.kms.katalon.core.main.ScriptEngine.runScriptAsRawText(ScriptEngine.java:119)
	at com.kms.katalon.core.main.TestCaseExecutor.runScript(TestCaseExecutor.java:448)
	at com.kms.katalon.core.main.TestCaseExecutor.doExecute(TestCaseExecutor.java:439)
	at com.kms.katalon.core.main.TestCaseExecutor.processExecutionPhase(TestCaseExecutor.java:418)
	at com.kms.katalon.core.main.TestCaseExecutor.accessMainPhase(TestCaseExecutor.java:410)
	at com.kms.katalon.core.main.TestCaseExecutor.execute(TestCaseExecutor.java:285)
	at com.kms.katalon.core.common.CommonExecutor.accessTestCaseMainPhase(CommonExecutor.java:65)
	at com.kms.katalon.core.main.TestSuiteExecutor.accessTestSuiteMainPhase(TestSuiteExecutor.java:148)
	at com.kms.katalon.core.main.TestSuiteExecutor.execute(TestSuiteExecutor.java:106)
	at com.kms.katalon.core.main.TestCaseMain.startTestSuite(TestCaseMain.java:187)
	at com.kms.katalon.core.main.TestCaseMain$startTestSuite$0.call(Unknown Source)
	at TempTestSuite1703729701474.run(TempTestSuite1703729701474.groovy:36)
Caused by: com.kms.katalon.core.exception.StepFailedException: com.kms.katalon.core.webui.exception.WebElementNotFoundException: Web element with id: 'Object Repository/Page_Watsons User/titlePage_Watsons User Role  Access' located by 'id("Screen_Title")[count(. | //h1[@id = 'Screen_Title' and (text() = concat("Watson" , "'" , "s User Role & Access") or . = concat("Watson" , "'" , "s User Role & Access"))]) = count(//h1[@id = 'Screen_Title' and (text() = concat("Watson" , "'" , "s User Role & Access") or . = concat("Watson" , "'" , "s User Role & Access"))])]' not found
	at com.kms.katalon.core.webui.keyword.internal.WebUIKeywordMain.stepFailed(WebUIKeywordMain.groovy:64)
	at com.kms.katalon.core.webui.keyword.builtin.VerifyElementTextKeyword$_verifyElementText_closure1.doCall(VerifyElementTextKeyword.groovy:64)
	at com.kms.katalon.core.webui.keyword.builtin.VerifyElementTextKeyword$_verifyElementText_closure1.call(VerifyElementTextKeyword.groovy)
	at com.kms.katalon.core.webui.keyword.internal.WebUIKeywordMain.runKeyword(WebUIKeywordMain.groovy:20)
	... 35 more
)
[[ATTACHMENT|C:\\Users\\User\\git\\ProjectHermes\\Reports\\20231228_101501\\Dashboad_Regression\\20231228_101501\\1703729788863.png]]

2023-12-28 10:16:28 - [MESSAGE][FAILED] - Unable to call Test Case 'Test Cases/Sprint 1/CommandCenter_LoginTC/TC003_LoginValidCredentials_Admin' (Root cause: com.kms.katalon.core.exception.StepFailedException: Call Test Case 'Test Cases/Sprint 1/CommandCenter_LoginTC/TC003_LoginValidCredentials_Admin' failed
	at com.kms.katalon.core.keyword.builtin.CallTestCaseKeyword$_callTestCase_closure1.doCall(CallTestCaseKeyword.groovy:63)
	at com.kms.katalon.core.keyword.builtin.CallTestCaseKeyword$_callTestCase_closure1.call(CallTestCaseKeyword.groovy)
	at com.kms.katalon.core.keyword.internal.KeywordMain.runKeyword(KeywordMain.groovy:75)
	at com.kms.katalon.core.keyword.builtin.CallTestCaseKeyword.callTestCase(CallTestCaseKeyword.groovy:81)
	at com.kms.katalon.core.keyword.builtin.CallTestCaseKeyword.execute(CallTestCaseKeyword.groovy:44)
	at com.kms.katalon.core.keyword.internal.KeywordExecutor.executeKeywordForPlatform(KeywordExecutor.groovy:74)
	at com.kms.katalon.core.keyword.BuiltinKeywords.callTestCase(BuiltinKeywords.groovy:310)
	at TC002_Admin_LandingPage.run(TC002_Admin_LandingPage:29)
	at com.kms.katalon.core.main.ScriptEngine.run(ScriptEngine.java:194)
	at com.kms.katalon.core.main.ScriptEngine.runScriptAsRawText(ScriptEngine.java:119)
	at com.kms.katalon.core.main.TestCaseExecutor.runScript(TestCaseExecutor.java:448)
	at com.kms.katalon.core.main.TestCaseExecutor.doExecute(TestCaseExecutor.java:439)
	at com.kms.katalon.core.main.TestCaseExecutor.processExecutionPhase(TestCaseExecutor.java:418)
	at com.kms.katalon.core.main.TestCaseExecutor.accessMainPhase(TestCaseExecutor.java:410)
	at com.kms.katalon.core.main.TestCaseExecutor.execute(TestCaseExecutor.java:285)
	at com.kms.katalon.core.common.CommonExecutor.accessTestCaseMainPhase(CommonExecutor.java:65)
	at com.kms.katalon.core.main.TestSuiteExecutor.accessTestSuiteMainPhase(TestSuiteExecutor.java:148)
	at com.kms.katalon.core.main.TestSuiteExecutor.execute(TestSuiteExecutor.java:106)
	at com.kms.katalon.core.main.TestCaseMain.startTestSuite(TestCaseMain.java:187)
	at com.kms.katalon.core.main.TestCaseMain$startTestSuite$0.call(Unknown Source)
	at TempTestSuite1703729701474.run(TempTestSuite1703729701474.groovy:36)
Caused by: com.kms.katalon.core.exception.StepFailedException: Verify element text of test object 'Object Repository/Page_Watsons User/titlePage_Watsons User Role  Access' FAILED.
	at com.kms.katalon.core.webui.keyword.internal.WebUIKeywordMain.stepFailed(WebUIKeywordMain.groovy:64)
	at com.kms.katalon.core.webui.keyword.internal.WebUIKeywordMain.runKeyword(WebUIKeywordMain.groovy:26)
	at com.kms.katalon.core.webui.keyword.builtin.VerifyElementTextKeyword.verifyElementText(VerifyElementTextKeyword.groovy:72)
	at com.kms.katalon.core.webui.keyword.builtin.VerifyElementTextKeyword.execute(VerifyElementTextKeyword.groovy:40)
	at com.kms.katalon.core.keyword.internal.KeywordExecutor.executeKeywordForPlatform(KeywordExecutor.groovy:74)
	at com.kms.katalon.core.webui.keyword.WebUiBuiltInKeywords.verifyElementText(WebUiBuiltInKeywords.groovy:4749)
	at com.kms.katalon.core.webui.keyword.WebUiBuiltInKeywords$verifyElementText$4.call(Unknown Source)
	at TC003_LoginValidCredentials_Admin.run(TC003_LoginValidCredentials_Admin:42)
	at com.kms.katalon.core.main.ScriptEngine.run(ScriptEngine.java:194)
	at com.kms.katalon.core.main.ScriptEngine.runScriptAsRawText(ScriptEngine.java:119)
	at com.kms.katalon.core.main.TestCaseExecutor.runScript(TestCaseExecutor.java:448)
	at com.kms.katalon.core.main.TestCaseExecutor.doExecute(TestCaseExecutor.java:439)
	at com.kms.katalon.core.main.TestCaseExecutor.processExecutionPhase(TestCaseExecutor.java:418)
	at com.kms.katalon.core.main.TestCaseExecutor.accessMainPhase(TestCaseExecutor.java:410)
	at com.kms.katalon.core.main.TestCaseExecutor.execute(TestCaseExecutor.java:285)
	at com.kms.katalon.core.main.TestCaseMain.runTestCase(TestCaseMain.java:144)
	at com.kms.katalon.core.keyword.builtin.CallTestCaseKeyword$_callTestCase_closure1.doCall(CallTestCaseKeyword.groovy:59)
	... 20 more
Caused by: com.kms.katalon.core.exception.StepFailedException: com.kms.katalon.core.webui.exception.WebElementNotFoundException: Web element with id: 'Object Repository/Page_Watsons User/titlePage_Watsons User Role  Access' located by 'id("Screen_Title")[count(. | //h1[@id = 'Screen_Title' and (text() = concat("Watson" , "'" , "s User Role & Access") or . = concat("Watson" , "'" , "s User Role & Access"))]) = count(//h1[@id = 'Screen_Title' and (text() = concat("Watson" , "'" , "s User Role & Access") or . = concat("Watson" , "'" , "s User Role & Access"))])]' not found
	at com.kms.katalon.core.webui.keyword.internal.WebUIKeywordMain.stepFailed(WebUIKeywordMain.groovy:64)
	at com.kms.katalon.core.webui.keyword.builtin.VerifyElementTextKeyword$_verifyElementText_closure1.doCall(VerifyElementTextKeyword.groovy:64)
	at com.kms.katalon.core.webui.keyword.builtin.VerifyElementTextKeyword$_verifyElementText_closure1.call(VerifyElementTextKeyword.groovy)
	at com.kms.katalon.core.webui.keyword.internal.WebUIKeywordMain.runKeyword(WebUIKeywordMain.groovy:20)
	... 35 more
)]]></system-out>
         <system-err><![CDATA[2023-12-28 10:15:39 - [TEST_CASE][FAILED] - Test Cases/Sprint 1/Dashboard_TC/TC002_Admin_LandingPage: Test Cases/Sprint 1/Dashboard_TC/TC002_Admin_LandingPage FAILED.
Reason:
com.kms.katalon.core.exception.StepFailedException: Call Test Case 'Test Cases/Sprint 1/CommandCenter_LoginTC/TC003_LoginValidCredentials_Admin' failed
	at com.kms.katalon.core.keyword.builtin.CallTestCaseKeyword$_callTestCase_closure1.doCall(CallTestCaseKeyword.groovy:63)
	at com.kms.katalon.core.keyword.builtin.CallTestCaseKeyword$_callTestCase_closure1.call(CallTestCaseKeyword.groovy)
	at com.kms.katalon.core.keyword.internal.KeywordMain.runKeyword(KeywordMain.groovy:75)
	at com.kms.katalon.core.keyword.builtin.CallTestCaseKeyword.callTestCase(CallTestCaseKeyword.groovy:81)
	at com.kms.katalon.core.keyword.builtin.CallTestCaseKeyword.execute(CallTestCaseKeyword.groovy:44)
	at com.kms.katalon.core.keyword.internal.KeywordExecutor.executeKeywordForPlatform(KeywordExecutor.groovy:74)
	at com.kms.katalon.core.keyword.BuiltinKeywords.callTestCase(BuiltinKeywords.groovy:310)
	at TC002_Admin_LandingPage.run(TC002_Admin_LandingPage:29)
	at com.kms.katalon.core.main.ScriptEngine.run(ScriptEngine.java:194)
	at com.kms.katalon.core.main.ScriptEngine.runScriptAsRawText(ScriptEngine.java:119)
	at com.kms.katalon.core.main.TestCaseExecutor.runScript(TestCaseExecutor.java:448)
	at com.kms.katalon.core.main.TestCaseExecutor.doExecute(TestCaseExecutor.java:439)
	at com.kms.katalon.core.main.TestCaseExecutor.processExecutionPhase(TestCaseExecutor.java:418)
	at com.kms.katalon.core.main.TestCaseExecutor.accessMainPhase(TestCaseExecutor.java:410)
	at com.kms.katalon.core.main.TestCaseExecutor.execute(TestCaseExecutor.java:285)
	at com.kms.katalon.core.common.CommonExecutor.accessTestCaseMainPhase(CommonExecutor.java:65)
	at com.kms.katalon.core.main.TestSuiteExecutor.accessTestSuiteMainPhase(TestSuiteExecutor.java:148)
	at com.kms.katalon.core.main.TestSuiteExecutor.execute(TestSuiteExecutor.java:106)
	at com.kms.katalon.core.main.TestCaseMain.startTestSuite(TestCaseMain.java:187)
	at com.kms.katalon.core.main.TestCaseMain$startTestSuite$0.call(Unknown Source)
	at TempTestSuite1703729701474.run(TempTestSuite1703729701474.groovy:36)
Caused by: com.kms.katalon.core.exception.StepFailedException: Verify element text of test object 'Object Repository/Page_Watsons User/titlePage_Watsons User Role  Access' FAILED.
	at com.kms.katalon.core.webui.keyword.internal.WebUIKeywordMain.stepFailed(WebUIKeywordMain.groovy:64)
	at com.kms.katalon.core.webui.keyword.internal.WebUIKeywordMain.runKeyword(WebUIKeywordMain.groovy:26)
	at com.kms.katalon.core.webui.keyword.builtin.VerifyElementTextKeyword.verifyElementText(VerifyElementTextKeyword.groovy:72)
	at com.kms.katalon.core.webui.keyword.builtin.VerifyElementTextKeyword.execute(VerifyElementTextKeyword.groovy:40)
	at com.kms.katalon.core.keyword.internal.KeywordExecutor.executeKeywordForPlatform(KeywordExecutor.groovy:74)
	at com.kms.katalon.core.webui.keyword.WebUiBuiltInKeywords.verifyElementText(WebUiBuiltInKeywords.groovy:4749)
	at com.kms.katalon.core.webui.keyword.WebUiBuiltInKeywords$verifyElementText$4.call(Unknown Source)
	at TC003_LoginValidCredentials_Admin.run(TC003_LoginValidCredentials_Admin:42)
	at com.kms.katalon.core.main.ScriptEngine.run(ScriptEngine.java:194)
	at com.kms.katalon.core.main.ScriptEngine.runScriptAsRawText(ScriptEngine.java:119)
	at com.kms.katalon.core.main.TestCaseExecutor.runScript(TestCaseExecutor.java:448)
	at com.kms.katalon.core.main.TestCaseExecutor.doExecute(TestCaseExecutor.java:439)
	at com.kms.katalon.core.main.TestCaseExecutor.processExecutionPhase(TestCaseExecutor.java:418)
	at com.kms.katalon.core.main.TestCaseExecutor.accessMainPhase(TestCaseExecutor.java:410)
	at com.kms.katalon.core.main.TestCaseExecutor.execute(TestCaseExecutor.java:285)
	at com.kms.katalon.core.main.TestCaseMain.runTestCase(TestCaseMain.java:144)
	at com.kms.katalon.core.keyword.builtin.CallTestCaseKeyword$_callTestCase_closure1.doCall(CallTestCaseKeyword.groovy:59)
	... 20 more
Caused by: com.kms.katalon.core.exception.StepFailedException: com.kms.katalon.core.webui.exception.WebElementNotFoundException: Web element with id: 'Object Repository/Page_Watsons User/titlePage_Watsons User Role  Access' located by 'id("Screen_Title")[count(. | //h1[@id = 'Screen_Title' and (text() = concat("Watson" , "'" , "s User Role & Access") or . = concat("Watson" , "'" , "s User Role & Access"))]) = count(//h1[@id = 'Screen_Title' and (text() = concat("Watson" , "'" , "s User Role & Access") or . = concat("Watson" , "'" , "s User Role & Access"))])]' not found
	at com.kms.katalon.core.webui.keyword.internal.WebUIKeywordMain.stepFailed(WebUIKeywordMain.groovy:64)
	at com.kms.katalon.core.webui.keyword.builtin.VerifyElementTextKeyword$_verifyElementText_closure1.doCall(VerifyElementTextKeyword.groovy:64)
	at com.kms.katalon.core.webui.keyword.builtin.VerifyElementTextKeyword$_verifyElementText_closure1.call(VerifyElementTextKeyword.groovy)
	at com.kms.katalon.core.webui.keyword.internal.WebUIKeywordMain.runKeyword(WebUIKeywordMain.groovy:20)
	... 35 more]]></system-err>
      </testcase>
      <testcase name="Test Cases/Sprint 1/Dashboard_TC/TC003_AP_Dashboard" time="36.673" classname="Test Cases/Sprint 1/Dashboard_TC/TC003_AP_Dashboard" status="PASSED">
         <system-out><![CDATA[2023-12-28 10:16:29 - [TEST_CASE][PASSED] - Test Cases/Sprint 1/Dashboard_TC/TC003_AP_Dashboard: Test Cases/Sprint 1/Dashboard_TC/TC003_AP_Dashboard

2023-12-28 10:16:29 - [TEST_STEP][PASSED] - callTestCase(findTestCase("Sprint 1/CommandCenter_LoginTC/TC002_LoginValidCredentials_AP"), [:], STOP_ON_FAILURE): Call Test Case 'Test Cases/Sprint 1/CommandCenter_LoginTC/TC002_LoginValidCredentials_AP' successfully

2023-12-28 10:16:29 - [TEST_CASE][PASSED] - Test Cases/Sprint 1/CommandCenter_LoginTC/TC002_LoginValidCredentials_AP: Test Cases/Sprint 1/CommandCenter_LoginTC/TC002_LoginValidCredentials_AP

2023-12-28 10:16:29 - [TEST_STEP][PASSED] - openBrowser(""): Browser is opened with url: ''

2023-12-28 10:16:29 - [MESSAGE][WARNING] - A browser is already opened. Closing browser and opening a new one

2023-12-28 10:16:30 - [MESSAGE][INFO] - Starting 'Chrome' driver

2023-12-28 10:16:30 - [MESSAGE][INFO] - User set preference: ['args', '[--start-maximized, UnexpectedAlertBehaviour=ignore]']

2023-12-28 10:16:30 - [MESSAGE][INFO] - User set preference: ['acceptInsecureCerts', 'true']

2023-12-28 10:16:30 - [MESSAGE][INFO] - Action delay is set to 0 milliseconds

2023-12-28 10:16:31 - [MESSAGE][PASSED] - Browser is opened with url: ''

2023-12-28 10:16:31 - [TEST_STEP][PASSED] - navigateToUrl(URL_commandCenter): Navigate to 'https://10.143.206.85/watsonsauthentication/' successfully

2023-12-28 10:16:33 - [MESSAGE][PASSED] - Navigate to 'https://10.143.206.85/watsonsauthentication/' successfully

2023-12-28 10:16:33 - [TEST_STEP][PASSED] - setText(findTestObject("Object Repository/Page_Login/input_WATSONS COMMAND CENTER_username"), AP_username): Text 'janima.camar+2@tesi.com.ph' is set on object 'Object Repository/Page_Login/input_WATSONS COMMAND CENTER_username'

2023-12-28 10:16:34 - [MESSAGE][PASSED] - Text 'janima.camar+2@tesi.com.ph' is set on object 'Object Repository/Page_Login/input_WATSONS COMMAND CENTER_username'

2023-12-28 10:16:34 - [TEST_STEP][PASSED] - setEncryptedText(findTestObject("Object Repository/Page_Login/input_WATSONS COMMAND CENTER_password"), AP_password): Text ****** has been set on object 'Object Repository/Page_Login/input_WATSONS COMMAND CENTER_password'

2023-12-28 10:16:34 - [MESSAGE][PASSED] - Text ****** has been set on object 'Object Repository/Page_Login/input_WATSONS COMMAND CENTER_password'

2023-12-28 10:16:34 - [TEST_STEP][PASSED] - click(findTestObject("Object Repository/Page_Login/btn_WATSONS COMMAND CENTER_login")): Object: 'Object Repository/Page_Login/btn_WATSONS COMMAND CENTER_login' is clicked on

2023-12-28 10:16:35 - [MESSAGE][PASSED] - Object: 'Object Repository/Page_Login/btn_WATSONS COMMAND CENTER_login' is clicked on

2023-12-28 10:16:35 - [TEST_STEP][PASSED] - verifyElementText(findTestObject("Object Repository/Page_Application List/titlePage_WATSONS COMMAND CENTER"), "WATSONS COMMAND CENTER"): Actual text and expected text of test object 'Object Repository/Page_Application List/titlePage_WATSONS COMMAND CENTER' are matched.

2023-12-28 10:16:43 - [MESSAGE][PASSED] - Actual text and expected text of test object 'Object Repository/Page_Application List/titlePage_WATSONS COMMAND CENTER' are matched.

2023-12-28 10:16:43 - [TEST_STEP][PASSED] - verifyElementText(findTestObject("Object Repository/Page_Application List/titleHeader_Select Application to access"), "Select Application to access"): Actual text and expected text of test object 'Object Repository/Page_Application List/titleHeader_Select Application to access' are matched.

2023-12-28 10:16:43 - [MESSAGE][PASSED] - Actual text and expected text of test object 'Object Repository/Page_Application List/titleHeader_Select Application to access' are matched.

2023-12-28 10:16:43 - [TEST_STEP][PASSED] - verifyElementPresent(findTestObject("Object Repository/Page_Application List/APcontainer_Non-Trade Vendor Portal"), 0): Object 'Object Repository/Page_Application List/APcontainer_Non-Trade Vendor Portal' is present

2023-12-28 10:16:43 - [MESSAGE][WARNING] - Timeout '0' is invalid. Using default page load timeout: '30'

2023-12-28 10:16:43 - [MESSAGE][PASSED] - Object 'Object Repository/Page_Application List/APcontainer_Non-Trade Vendor Portal' is present

2023-12-28 10:16:43 - [TEST_STEP][PASSED] - verifyElementText(findTestObject("Object Repository/Page_Application List/APcontainerLabel_Non-Trade Vendor Portal"), "Non-Trade Vendor Portal"): Actual text and expected text of test object 'Object Repository/Page_Application List/APcontainerLabel_Non-Trade Vendor Portal' are matched.

2023-12-28 10:16:44 - [MESSAGE][PASSED] - Actual text and expected text of test object 'Object Repository/Page_Application List/APcontainerLabel_Non-Trade Vendor Portal' are matched.

2023-12-28 10:16:44 - [TEST_STEP][PASSED] - click(findTestObject("Object Repository/Page_Application List/APcontainerLabel_Non-Trade Vendor Portal")): Object: 'Object Repository/Page_Application List/APcontainerLabel_Non-Trade Vendor Portal' is clicked on

2023-12-28 10:16:45 - [MESSAGE][PASSED] - Object: 'Object Repository/Page_Application List/APcontainerLabel_Non-Trade Vendor Portal' is clicked on

2023-12-28 10:16:45 - [TEST_STEP][PASSED] - verifyElementText(findTestObject("Object Repository/Page_Homescreen/titlePage_Dashboard"), "Dashboard"): Actual text and expected text of test object 'Object Repository/Page_Homescreen/titlePage_Dashboard' are matched.

2023-12-28 10:16:51 - [MESSAGE][PASSED] - Actual text and expected text of test object 'Object Repository/Page_Homescreen/titlePage_Dashboard' are matched.

2023-12-28 10:16:51 - [MESSAGE][PASSED] - Call Test Case 'Test Cases/Sprint 1/CommandCenter_LoginTC/TC002_LoginValidCredentials_AP' successfully

2023-12-28 10:16:51 - [TEST_STEP][PASSED] - verifyElementText(findTestObject("Object Repository/Page_Homescreen/SuperAdminMenu/menu_Watsons Command Center"), "Watsons Command Center"): Actual text and expected text of test object 'Object Repository/Page_Homescreen/SuperAdminMenu/menu_Watsons Command Center' are matched.

2023-12-28 10:16:52 - [MESSAGE][PASSED] - Actual text and expected text of test object 'Object Repository/Page_Homescreen/SuperAdminMenu/menu_Watsons Command Center' are matched.

2023-12-28 10:16:52 - [TEST_STEP][PASSED] - verifyElementText(findTestObject("Object Repository/Page_Homescreen/SuperAdminMenu/menu_Home"), "Home"): Actual text and expected text of test object 'Object Repository/Page_Homescreen/SuperAdminMenu/menu_Home' are matched.

2023-12-28 10:16:52 - [MESSAGE][PASSED] - Actual text and expected text of test object 'Object Repository/Page_Homescreen/SuperAdminMenu/menu_Home' are matched.

2023-12-28 10:16:52 - [TEST_STEP][PASSED] - verifyElementText(findTestObject("Object Repository/Page_Homescreen/SuperAdminMenu/menu_Reports"), "Reports"): Actual text and expected text of test object 'Object Repository/Page_Homescreen/SuperAdminMenu/menu_Reports' are matched.

2023-12-28 10:16:52 - [MESSAGE][PASSED] - Actual text and expected text of test object 'Object Repository/Page_Homescreen/SuperAdminMenu/menu_Reports' are matched.

2023-12-28 10:16:52 - [TEST_STEP][PASSED] - verifyElementNotPresent(findTestObject("Object Repository/Page_Homescreen/SuperAdminMenu/menu_Admin"), 2): Web element with id: 'Object Repository/Page_Homescreen/SuperAdminMenu/menu_Admin' located by 'By.xpath: //div[@id='b2-b3-Menu']/span' is not present after '2' second(s)

2023-12-28 10:16:53 - [MESSAGE][PASSED] - Web element with id: 'Object Repository/Page_Homescreen/SuperAdminMenu/menu_Admin' located by 'By.xpath: //div[@id='b2-b3-Menu']/span' is not present after '2' second(s)

2023-12-28 10:16:53 - [TEST_STEP][PASSED] - verifyElementText(findTestObject("Object Repository/Page_Homescreen/SuperAdminMenu/menu_Ticket"), "Ticket"): Actual text and expected text of test object 'Object Repository/Page_Homescreen/SuperAdminMenu/menu_Ticket' are matched.

2023-12-28 10:16:53 - [MESSAGE][PASSED] - Actual text and expected text of test object 'Object Repository/Page_Homescreen/SuperAdminMenu/menu_Ticket' are matched.

2023-12-28 10:16:53 - [TEST_STEP][PASSED] - verifyElementText(findTestObject("Object Repository/Page_Homescreen/SuperAdminMenu/menu_Upload"), "Upload"): Actual text and expected text of test object 'Object Repository/Page_Homescreen/SuperAdminMenu/menu_Upload' are matched.

2023-12-28 10:16:54 - [MESSAGE][PASSED] - Actual text and expected text of test object 'Object Repository/Page_Homescreen/SuperAdminMenu/menu_Upload' are matched.

2023-12-28 10:16:54 - [TEST_STEP][PASSED] - verifyElementNotPresent(findTestObject("Object Repository/Page_Homescreen/SuperAdminMenu/menu_Audit Trail"), 2): Web element with id: 'Object Repository/Page_Homescreen/SuperAdminMenu/menu_Audit Trail' located by 'By.xpath: //div[@id='b2-PageLinks']/a[4]/span' is not present after '2' second(s)

2023-12-28 10:16:54 - [MESSAGE][PASSED] - Web element with id: 'Object Repository/Page_Homescreen/SuperAdminMenu/menu_Audit Trail' located by 'By.xpath: //div[@id='b2-PageLinks']/a[4]/span' is not present after '2' second(s)

2023-12-28 10:16:54 - [TEST_STEP][PASSED] - verifyElementPresent(findTestObject("Object Repository/Page_Homescreen/container_Form2307"), 0): Object 'Object Repository/Page_Homescreen/container_Form2307' is present

2023-12-28 10:16:54 - [MESSAGE][WARNING] - Timeout '0' is invalid. Using default page load timeout: '30'

2023-12-28 10:16:54 - [MESSAGE][PASSED] - Object 'Object Repository/Page_Homescreen/container_Form2307' is present

2023-12-28 10:16:54 - [TEST_STEP][PASSED] - verifyElementPresent(findTestObject("Object Repository/Page_Homescreen/container_RemittanceAdvice"), 0): Object 'Object Repository/Page_Homescreen/container_RemittanceAdvice' is present

2023-12-28 10:16:54 - [MESSAGE][WARNING] - Timeout '0' is invalid. Using default page load timeout: '30'

2023-12-28 10:16:55 - [MESSAGE][PASSED] - Object 'Object Repository/Page_Homescreen/container_RemittanceAdvice' is present

2023-12-28 10:16:55 - [TEST_STEP][PASSED] - verifyElementPresent(findTestObject("Object Repository/Page_Homescreen/container_BulletinMemo"), 0): Object 'Object Repository/Page_Homescreen/container_BulletinMemo' is present

2023-12-28 10:16:55 - [MESSAGE][WARNING] - Timeout '0' is invalid. Using default page load timeout: '30'

2023-12-28 10:16:55 - [MESSAGE][PASSED] - Object 'Object Repository/Page_Homescreen/container_BulletinMemo' is present

2023-12-28 10:16:55 - [TEST_STEP][PASSED] - verifyElementPresent(findTestObject("Object Repository/Page_Homescreen/container_Tickets"), 0): Object 'Object Repository/Page_Homescreen/container_Tickets' is present

2023-12-28 10:16:55 - [MESSAGE][WARNING] - Timeout '0' is invalid. Using default page load timeout: '30'

2023-12-28 10:16:55 - [MESSAGE][PASSED] - Object 'Object Repository/Page_Homescreen/container_Tickets' is present

2023-12-28 10:16:55 - [TEST_STEP][PASSED] - verifyElementPresent(findTestObject("Object Repository/Page_Homescreen/counter_Form2307"), 0): Object 'Object Repository/Page_Homescreen/counter_Form2307' is present

2023-12-28 10:16:55 - [MESSAGE][WARNING] - Timeout '0' is invalid. Using default page load timeout: '30'

2023-12-28 10:16:56 - [MESSAGE][PASSED] - Object 'Object Repository/Page_Homescreen/counter_Form2307' is present

2023-12-28 10:16:56 - [TEST_STEP][PASSED] - verifyElementPresent(findTestObject("Object Repository/Page_Homescreen/icon_Form2307"), 0): Object 'Object Repository/Page_Homescreen/icon_Form2307' is present

2023-12-28 10:16:56 - [MESSAGE][WARNING] - Timeout '0' is invalid. Using default page load timeout: '30'

2023-12-28 10:16:56 - [MESSAGE][PASSED] - Object 'Object Repository/Page_Homescreen/icon_Form2307' is present

2023-12-28 10:16:56 - [TEST_STEP][PASSED] - takeElementScreenshot(findTestObject("Object Repository/Page_Homescreen/icon_Form2307")): Taking screenshot successfully

2023-12-28 10:16:56 - [MESSAGE][WARNING] - Timeout '0' is invalid. Using default page load timeout: '30'

2023-12-28 10:16:56 - [MESSAGE][INFO] - 0 hidden object(s)

2023-12-28 10:16:57 - [MESSAGE][PASSED] - Taking screenshot successfully
[[ATTACHMENT|C:\\Users\\User\\git\\ProjectHermes\\Reports\\20231228_101501\\Dashboad_Regression\\20231228_101501\\1703729816456.png]]

2023-12-28 10:16:57 - [TEST_STEP][PASSED] - verifyElementText(findTestObject("Object Repository/Page_Homescreen/label_UnreadForm2307"), "Unread"): Actual text and expected text of test object 'Object Repository/Page_Homescreen/label_UnreadForm2307' are matched.

2023-12-28 10:16:57 - [MESSAGE][PASSED] - Actual text and expected text of test object 'Object Repository/Page_Homescreen/label_UnreadForm2307' are matched.

2023-12-28 10:16:57 - [TEST_STEP][PASSED] - verifyElementText(findTestObject("Object Repository/Page_Homescreen/label_Form 2307"), "Form 2307"): Actual text and expected text of test object 'Object Repository/Page_Homescreen/label_Form 2307' are matched.

2023-12-28 10:16:57 - [MESSAGE][PASSED] - Actual text and expected text of test object 'Object Repository/Page_Homescreen/label_Form 2307' are matched.

2023-12-28 10:16:57 - [TEST_STEP][PASSED] - verifyElementPresent(findTestObject("Object Repository/Page_Homescreen/buttonForm2307_View All"), 0): Object 'Object Repository/Page_Homescreen/buttonForm2307_View All' is present

2023-12-28 10:16:57 - [MESSAGE][WARNING] - Timeout '0' is invalid. Using default page load timeout: '30'

2023-12-28 10:16:58 - [MESSAGE][PASSED] - Object 'Object Repository/Page_Homescreen/buttonForm2307_View All' is present

2023-12-28 10:16:58 - [TEST_STEP][PASSED] - verifyElementPresent(findTestObject("Object Repository/Page_Homescreen/counter_RemittanceAdvice"), 0): Object 'Object Repository/Page_Homescreen/counter_RemittanceAdvice' is present

2023-12-28 10:16:58 - [MESSAGE][WARNING] - Timeout '0' is invalid. Using default page load timeout: '30'

2023-12-28 10:16:58 - [MESSAGE][PASSED] - Object 'Object Repository/Page_Homescreen/counter_RemittanceAdvice' is present

2023-12-28 10:16:58 - [TEST_STEP][PASSED] - verifyElementPresent(findTestObject("Object Repository/Page_Homescreen/icon_RemittanceAdvice"), 0): Object 'Object Repository/Page_Homescreen/icon_RemittanceAdvice' is present

2023-12-28 10:16:58 - [MESSAGE][WARNING] - Timeout '0' is invalid. Using default page load timeout: '30'

2023-12-28 10:16:58 - [MESSAGE][PASSED] - Object 'Object Repository/Page_Homescreen/icon_RemittanceAdvice' is present

2023-12-28 10:16:58 - [TEST_STEP][PASSED] - takeElementScreenshot(findTestObject("Object Repository/Page_Homescreen/icon_RemittanceAdvice")): Taking screenshot successfully

2023-12-28 10:16:58 - [MESSAGE][WARNING] - Timeout '0' is invalid. Using default page load timeout: '30'

2023-12-28 10:16:59 - [MESSAGE][INFO] - 0 hidden object(s)

2023-12-28 10:16:59 - [MESSAGE][PASSED] - Taking screenshot successfully
[[ATTACHMENT|C:\\Users\\User\\git\\ProjectHermes\\Reports\\20231228_101501\\Dashboad_Regression\\20231228_101501\\1703729818741.png]]

2023-12-28 10:16:59 - [TEST_STEP][PASSED] - verifyElementText(findTestObject("Object Repository/Page_Homescreen/label_UnreadRA"), "Unread"): Actual text and expected text of test object 'Object Repository/Page_Homescreen/label_UnreadRA' are matched.

2023-12-28 10:16:59 - [MESSAGE][PASSED] - Actual text and expected text of test object 'Object Repository/Page_Homescreen/label_UnreadRA' are matched.

2023-12-28 10:16:59 - [TEST_STEP][PASSED] - verifyElementText(findTestObject("Object Repository/Page_Homescreen/label_Remittance Advice"), "Remittance Advice"): Actual text and expected text of test object 'Object Repository/Page_Homescreen/label_Remittance Advice' are matched.

2023-12-28 10:16:59 - [MESSAGE][PASSED] - Actual text and expected text of test object 'Object Repository/Page_Homescreen/label_Remittance Advice' are matched.

2023-12-28 10:16:59 - [TEST_STEP][PASSED] - verifyElementPresent(findTestObject("Object Repository/Page_Homescreen/button_RAView All"), 0): Object 'Object Repository/Page_Homescreen/button_RAView All' is present

2023-12-28 10:16:59 - [MESSAGE][WARNING] - Timeout '0' is invalid. Using default page load timeout: '30'

2023-12-28 10:17:00 - [MESSAGE][PASSED] - Object 'Object Repository/Page_Homescreen/button_RAView All' is present

2023-12-28 10:17:00 - [TEST_STEP][PASSED] - verifyElementPresent(findTestObject("Object Repository/Page_Homescreen/counter_BulletinMemo"), 0): Object 'Object Repository/Page_Homescreen/counter_BulletinMemo' is present

2023-12-28 10:17:00 - [MESSAGE][WARNING] - Timeout '0' is invalid. Using default page load timeout: '30'

2023-12-28 10:17:00 - [MESSAGE][PASSED] - Object 'Object Repository/Page_Homescreen/counter_BulletinMemo' is present

2023-12-28 10:17:00 - [TEST_STEP][PASSED] - verifyElementPresent(findTestObject("Object Repository/Page_Homescreen/icon_BulletinMemo"), 0): Object 'Object Repository/Page_Homescreen/icon_BulletinMemo' is present

2023-12-28 10:17:00 - [MESSAGE][WARNING] - Timeout '0' is invalid. Using default page load timeout: '30'

2023-12-28 10:17:00 - [MESSAGE][PASSED] - Object 'Object Repository/Page_Homescreen/icon_BulletinMemo' is present

2023-12-28 10:17:00 - [TEST_STEP][PASSED] - takeElementScreenshot(findTestObject("Object Repository/Page_Homescreen/icon_BulletinMemo")): Taking screenshot successfully

2023-12-28 10:17:00 - [MESSAGE][WARNING] - Timeout '0' is invalid. Using default page load timeout: '30'

2023-12-28 10:17:01 - [MESSAGE][INFO] - 0 hidden object(s)

2023-12-28 10:17:01 - [MESSAGE][PASSED] - Taking screenshot successfully
[[ATTACHMENT|C:\\Users\\User\\git\\ProjectHermes\\Reports\\20231228_101501\\Dashboad_Regression\\20231228_101501\\1703729820970.png]]

2023-12-28 10:17:01 - [TEST_STEP][PASSED] - verifyElementText(findTestObject("Object Repository/Page_Homescreen/label_PublishedBM"), "Published"): Actual text and expected text of test object 'Object Repository/Page_Homescreen/label_PublishedBM' are matched.

2023-12-28 10:17:01 - [MESSAGE][PASSED] - Actual text and expected text of test object 'Object Repository/Page_Homescreen/label_PublishedBM' are matched.

2023-12-28 10:17:01 - [TEST_STEP][PASSED] - verifyElementText(findTestObject("Object Repository/Page_Homescreen/label_Bulletin Memo"), "Bulletin Memo"): Actual text and expected text of test object 'Object Repository/Page_Homescreen/label_Bulletin Memo' are matched.

2023-12-28 10:17:02 - [MESSAGE][PASSED] - Actual text and expected text of test object 'Object Repository/Page_Homescreen/label_Bulletin Memo' are matched.

2023-12-28 10:17:02 - [TEST_STEP][PASSED] - verifyElementPresent(findTestObject("Object Repository/Page_Homescreen/button_BMView All"), 0): Object 'Object Repository/Page_Homescreen/button_BMView All' is present

2023-12-28 10:17:02 - [MESSAGE][WARNING] - Timeout '0' is invalid. Using default page load timeout: '30'

2023-12-28 10:17:02 - [MESSAGE][PASSED] - Object 'Object Repository/Page_Homescreen/button_BMView All' is present

2023-12-28 10:17:02 - [TEST_STEP][PASSED] - verifyElementPresent(findTestObject("Object Repository/Page_Homescreen/counter_Tickets"), 0): Object 'Object Repository/Page_Homescreen/counter_Tickets' is present

2023-12-28 10:17:02 - [MESSAGE][WARNING] - Timeout '0' is invalid. Using default page load timeout: '30'

2023-12-28 10:17:03 - [MESSAGE][PASSED] - Object 'Object Repository/Page_Homescreen/counter_Tickets' is present

2023-12-28 10:17:03 - [TEST_STEP][PASSED] - verifyElementPresent(findTestObject("Object Repository/Page_Homescreen/icon_Tickets"), 0): Object 'Object Repository/Page_Homescreen/icon_Tickets' is present

2023-12-28 10:17:03 - [MESSAGE][WARNING] - Timeout '0' is invalid. Using default page load timeout: '30'

2023-12-28 10:17:03 - [MESSAGE][PASSED] - Object 'Object Repository/Page_Homescreen/icon_Tickets' is present

2023-12-28 10:17:03 - [TEST_STEP][PASSED] - takeElementScreenshot(findTestObject("Object Repository/Page_Homescreen/icon_Tickets")): Taking screenshot successfully

2023-12-28 10:17:03 - [MESSAGE][WARNING] - Timeout '0' is invalid. Using default page load timeout: '30'

2023-12-28 10:17:03 - [MESSAGE][INFO] - 0 hidden object(s)

2023-12-28 10:17:03 - [MESSAGE][PASSED] - Taking screenshot successfully
[[ATTACHMENT|C:\\Users\\User\\git\\ProjectHermes\\Reports\\20231228_101501\\Dashboad_Regression\\20231228_101501\\1703729823419.png]]

2023-12-28 10:17:03 - [TEST_STEP][PASSED] - verifyElementText(findTestObject("Object Repository/Page_Homescreen/label_Open"), "Open"): Actual text and expected text of test object 'Object Repository/Page_Homescreen/label_Open' are matched.

2023-12-28 10:17:04 - [MESSAGE][PASSED] - Actual text and expected text of test object 'Object Repository/Page_Homescreen/label_Open' are matched.

2023-12-28 10:17:04 - [TEST_STEP][PASSED] - verifyElementText(findTestObject("Object Repository/Page_Homescreen/label_Tickets"), "Tickets"): Actual text and expected text of test object 'Object Repository/Page_Homescreen/label_Tickets' are matched.

2023-12-28 10:17:04 - [MESSAGE][PASSED] - Actual text and expected text of test object 'Object Repository/Page_Homescreen/label_Tickets' are matched.

2023-12-28 10:17:04 - [TEST_STEP][PASSED] - verifyElementPresent(findTestObject("Object Repository/Page_Homescreen/button_TicketsView All"), 0): Object 'Object Repository/Page_Homescreen/button_TicketsView All' is present

2023-12-28 10:17:04 - [MESSAGE][WARNING] - Timeout '0' is invalid. Using default page load timeout: '30'

2023-12-28 10:17:05 - [MESSAGE][PASSED] - Object 'Object Repository/Page_Homescreen/button_TicketsView All' is present

2023-12-28 10:17:05 - [TEST_STEP][PASSED] - closeBrowser(): Browser is closed

2023-12-28 10:17:05 - [MESSAGE][PASSED] - Browser is closed]]></system-out>
         <system-err><![CDATA[]]></system-err>
      </testcase>
      <testcase name="Test Cases/Sprint 1/Dashboard_TC/TC004_Vendor_Dashboard" time="64.577" classname="Test Cases/Sprint 1/Dashboard_TC/TC004_Vendor_Dashboard" status="PASSED">
         <system-out><![CDATA[2023-12-28 10:17:05 - [TEST_CASE][PASSED] - Test Cases/Sprint 1/Dashboard_TC/TC004_Vendor_Dashboard: Test Cases/Sprint 1/Dashboard_TC/TC004_Vendor_Dashboard

2023-12-28 10:17:05 - [TEST_STEP][PASSED] - callTestCase(findTestCase("Sprint 1/VendorPortal_Login_TC/TC001_LoginValidCredentials_Vendor"), [:], STOP_ON_FAILURE): Call Test Case 'Test Cases/Sprint 1/VendorPortal_Login_TC/TC001_LoginValidCredentials_Vendor' successfully

2023-12-28 10:17:05 - [TEST_CASE][PASSED] - Test Cases/Sprint 1/VendorPortal_Login_TC/TC001_LoginValidCredentials_Vendor: Test Cases/Sprint 1/VendorPortal_Login_TC/TC001_LoginValidCredentials_Vendor

2023-12-28 10:17:06 - [TEST_STEP][PASSED] - openBrowser(""): Browser is opened with url: ''

2023-12-28 10:17:06 - [MESSAGE][INFO] - Starting 'Chrome' driver

2023-12-28 10:17:06 - [MESSAGE][INFO] - User set preference: ['args', '[--start-maximized, UnexpectedAlertBehaviour=ignore]']

2023-12-28 10:17:06 - [MESSAGE][INFO] - User set preference: ['acceptInsecureCerts', 'true']

2023-12-28 10:17:06 - [MESSAGE][INFO] - Action delay is set to 0 milliseconds

2023-12-28 10:17:07 - [MESSAGE][PASSED] - Browser is opened with url: ''

2023-12-28 10:17:07 - [TEST_STEP][PASSED] - navigateToUrl(URL_vendor): Navigate to 'https://10.143.206.85/NTVP_TH/Login' successfully

2023-12-28 10:17:08 - [MESSAGE][PASSED] - Navigate to 'https://10.143.206.85/NTVP_TH/Login' successfully

2023-12-28 10:17:08 - [TEST_STEP][PASSED] - setText(findTestObject("Object Repository/Page_Login/input_Username"), vendor_username): Text '12132023_VP' is set on object 'Object Repository/Page_Login/input_Username'

2023-12-28 10:17:10 - [MESSAGE][PASSED] - Text '12132023_VP' is set on object 'Object Repository/Page_Login/input_Username'

2023-12-28 10:17:10 - [TEST_STEP][PASSED] - setEncryptedText(findTestObject("Object Repository/Page_Login/input_Password"), vendor_password): Text ****** has been set on object 'Object Repository/Page_Login/input_Password'

2023-12-28 10:17:10 - [MESSAGE][PASSED] - Text ****** has been set on object 'Object Repository/Page_Login/input_Password'

2023-12-28 10:17:10 - [TEST_STEP][PASSED] - click(findTestObject("Object Repository/Page_Login/button_Login")): Object: 'Object Repository/Page_Login/button_Login' is clicked on

2023-12-28 10:17:11 - [MESSAGE][PASSED] - Object: 'Object Repository/Page_Login/button_Login' is clicked on

2023-12-28 10:17:11 - [TEST_STEP][PASSED] - delay(3): Delayed 3 second(s)

2023-12-28 10:17:14 - [MESSAGE][PASSED] - Delayed 3 second(s)

2023-12-28 10:17:14 - [TEST_STEP][PASSED] - navigateToUrl(URL_vendorhomepage): Navigate to 'https://10.143.206.85/NonTradeVendorPortal/' successfully

2023-12-28 10:17:54 - [MESSAGE][PASSED] - Navigate to 'https://10.143.206.85/NonTradeVendorPortal/' successfully

2023-12-28 10:17:54 - [TEST_STEP][PASSED] - verifyElementText(findTestObject("Object Repository/Page_Homescreen/titlePage_Dashboard"), "Dashboard"): Actual text and expected text of test object 'Object Repository/Page_Homescreen/titlePage_Dashboard' are matched.

2023-12-28 10:17:56 - [MESSAGE][PASSED] - Actual text and expected text of test object 'Object Repository/Page_Homescreen/titlePage_Dashboard' are matched.

2023-12-28 10:17:56 - [MESSAGE][PASSED] - Call Test Case 'Test Cases/Sprint 1/VendorPortal_Login_TC/TC001_LoginValidCredentials_Vendor' successfully

2023-12-28 10:17:56 - [TEST_STEP][PASSED] - verifyElementText(findTestObject("Object Repository/Page_Homescreen/titlePage_Dashboard"), "Dashboard"): Actual text and expected text of test object 'Object Repository/Page_Homescreen/titlePage_Dashboard' are matched.

2023-12-28 10:17:56 - [MESSAGE][PASSED] - Actual text and expected text of test object 'Object Repository/Page_Homescreen/titlePage_Dashboard' are matched.

2023-12-28 10:17:56 - [TEST_STEP][PASSED] - verifyElementText(findTestObject("Object Repository/Page_Homescreen/VendorMenu/vendorMenu_Home"), "Home"): Actual text and expected text of test object 'Object Repository/Page_Homescreen/VendorMenu/vendorMenu_Home' are matched.

2023-12-28 10:17:57 - [MESSAGE][PASSED] - Actual text and expected text of test object 'Object Repository/Page_Homescreen/VendorMenu/vendorMenu_Home' are matched.

2023-12-28 10:17:57 - [TEST_STEP][PASSED] - verifyElementText(findTestObject("Object Repository/Page_Homescreen/VendorMenu/vendorMenu_Reports"), "Reports"): Actual text and expected text of test object 'Object Repository/Page_Homescreen/VendorMenu/vendorMenu_Reports' are matched.

2023-12-28 10:17:57 - [MESSAGE][PASSED] - Actual text and expected text of test object 'Object Repository/Page_Homescreen/VendorMenu/vendorMenu_Reports' are matched.

2023-12-28 10:17:57 - [TEST_STEP][PASSED] - verifyElementNotPresent(findTestObject("Object Repository/Page_Homescreen/SuperAdminMenu/menu_Admin"), 2): Web element with id: 'Object Repository/Page_Homescreen/SuperAdminMenu/menu_Admin' located by 'By.xpath: //div[@id='b2-b3-Menu']/span' is not present after '2' second(s)

2023-12-28 10:17:57 - [MESSAGE][PASSED] - Web element with id: 'Object Repository/Page_Homescreen/SuperAdminMenu/menu_Admin' located by 'By.xpath: //div[@id='b2-b3-Menu']/span' is not present after '2' second(s)

2023-12-28 10:17:57 - [TEST_STEP][PASSED] - verifyElementText(findTestObject("Object Repository/Page_Homescreen/VendorMenu/vendorMenu_Ticket"), "Ticket"): Actual text and expected text of test object 'Object Repository/Page_Homescreen/VendorMenu/vendorMenu_Ticket' are matched.

2023-12-28 10:17:58 - [MESSAGE][PASSED] - Actual text and expected text of test object 'Object Repository/Page_Homescreen/VendorMenu/vendorMenu_Ticket' are matched.

2023-12-28 10:17:58 - [TEST_STEP][PASSED] - verifyElementNotPresent(findTestObject("Object Repository/Page_Homescreen/SuperAdminMenu/menu_Upload"), 2): Web element with id: 'Object Repository/Page_Homescreen/SuperAdminMenu/menu_Upload' located by 'By.xpath: //div[@id='b2-b4-Menu']/span' is not present after '2' second(s)

2023-12-28 10:17:58 - [MESSAGE][PASSED] - Web element with id: 'Object Repository/Page_Homescreen/SuperAdminMenu/menu_Upload' located by 'By.xpath: //div[@id='b2-b4-Menu']/span' is not present after '2' second(s)

2023-12-28 10:17:58 - [TEST_STEP][PASSED] - verifyElementNotPresent(findTestObject("Object Repository/Page_Homescreen/SuperAdminMenu/menu_Audit Trail"), 2): Web element with id: 'Object Repository/Page_Homescreen/SuperAdminMenu/menu_Audit Trail' located by 'By.xpath: //div[@id='b2-PageLinks']/a[4]/span' is not present after '2' second(s)

2023-12-28 10:17:58 - [MESSAGE][PASSED] - Web element with id: 'Object Repository/Page_Homescreen/SuperAdminMenu/menu_Audit Trail' located by 'By.xpath: //div[@id='b2-PageLinks']/a[4]/span' is not present after '2' second(s)

2023-12-28 10:17:58 - [TEST_STEP][PASSED] - verifyElementPresent(findTestObject("Object Repository/Page_Homescreen/container_Form2307"), 0): Object 'Object Repository/Page_Homescreen/container_Form2307' is present

2023-12-28 10:17:58 - [MESSAGE][WARNING] - Timeout '0' is invalid. Using default page load timeout: '30'

2023-12-28 10:17:59 - [MESSAGE][PASSED] - Object 'Object Repository/Page_Homescreen/container_Form2307' is present

2023-12-28 10:17:59 - [TEST_STEP][PASSED] - verifyElementPresent(findTestObject("Object Repository/Page_Homescreen/container_RemittanceAdvice"), 0): Object 'Object Repository/Page_Homescreen/container_RemittanceAdvice' is present

2023-12-28 10:17:59 - [MESSAGE][WARNING] - Timeout '0' is invalid. Using default page load timeout: '30'

2023-12-28 10:17:59 - [MESSAGE][PASSED] - Object 'Object Repository/Page_Homescreen/container_RemittanceAdvice' is present

2023-12-28 10:17:59 - [TEST_STEP][PASSED] - verifyElementPresent(findTestObject("Object Repository/Page_Homescreen/container_BulletinMemo"), 0): Object 'Object Repository/Page_Homescreen/container_BulletinMemo' is present

2023-12-28 10:17:59 - [MESSAGE][WARNING] - Timeout '0' is invalid. Using default page load timeout: '30'

2023-12-28 10:17:59 - [MESSAGE][PASSED] - Object 'Object Repository/Page_Homescreen/container_BulletinMemo' is present

2023-12-28 10:17:59 - [TEST_STEP][PASSED] - verifyElementPresent(findTestObject("Object Repository/Page_Homescreen/container_Tickets"), 0): Object 'Object Repository/Page_Homescreen/container_Tickets' is present

2023-12-28 10:17:59 - [MESSAGE][WARNING] - Timeout '0' is invalid. Using default page load timeout: '30'

2023-12-28 10:18:00 - [MESSAGE][PASSED] - Object 'Object Repository/Page_Homescreen/container_Tickets' is present

2023-12-28 10:18:00 - [TEST_STEP][PASSED] - verifyElementPresent(findTestObject("Object Repository/Page_Homescreen/counter_Form2307"), 0): Object 'Object Repository/Page_Homescreen/counter_Form2307' is present

2023-12-28 10:18:00 - [MESSAGE][WARNING] - Timeout '0' is invalid. Using default page load timeout: '30'

2023-12-28 10:18:00 - [MESSAGE][PASSED] - Object 'Object Repository/Page_Homescreen/counter_Form2307' is present

2023-12-28 10:18:00 - [TEST_STEP][PASSED] - verifyElementPresent(findTestObject("Object Repository/Page_Homescreen/icon_Form2307"), 0): Object 'Object Repository/Page_Homescreen/icon_Form2307' is present

2023-12-28 10:18:00 - [MESSAGE][WARNING] - Timeout '0' is invalid. Using default page load timeout: '30'

2023-12-28 10:18:00 - [MESSAGE][PASSED] - Object 'Object Repository/Page_Homescreen/icon_Form2307' is present

2023-12-28 10:18:00 - [TEST_STEP][PASSED] - takeElementScreenshot(findTestObject("Object Repository/Page_Homescreen/icon_Form2307")): Taking screenshot successfully

2023-12-28 10:18:00 - [MESSAGE][WARNING] - Timeout '0' is invalid. Using default page load timeout: '30'

2023-12-28 10:18:01 - [MESSAGE][INFO] - 0 hidden object(s)

2023-12-28 10:18:01 - [MESSAGE][PASSED] - Taking screenshot successfully
[[ATTACHMENT|C:\\Users\\User\\git\\ProjectHermes\\Reports\\20231228_101501\\Dashboad_Regression\\20231228_101501\\1703729880984.png]]

2023-12-28 10:18:01 - [TEST_STEP][PASSED] - verifyElementText(findTestObject("Object Repository/Page_Homescreen/label_UnreadForm2307"), "Unread"): Actual text and expected text of test object 'Object Repository/Page_Homescreen/label_UnreadForm2307' are matched.

2023-12-28 10:18:01 - [MESSAGE][PASSED] - Actual text and expected text of test object 'Object Repository/Page_Homescreen/label_UnreadForm2307' are matched.

2023-12-28 10:18:01 - [TEST_STEP][PASSED] - verifyElementText(findTestObject("Object Repository/Page_Homescreen/label_Form 2307"), "Form 2307"): Actual text and expected text of test object 'Object Repository/Page_Homescreen/label_Form 2307' are matched.

2023-12-28 10:18:02 - [MESSAGE][PASSED] - Actual text and expected text of test object 'Object Repository/Page_Homescreen/label_Form 2307' are matched.

2023-12-28 10:18:02 - [TEST_STEP][PASSED] - verifyElementPresent(findTestObject("Object Repository/Page_Homescreen/buttonForm2307_View All"), 0): Object 'Object Repository/Page_Homescreen/buttonForm2307_View All' is present

2023-12-28 10:18:02 - [MESSAGE][WARNING] - Timeout '0' is invalid. Using default page load timeout: '30'

2023-12-28 10:18:02 - [MESSAGE][PASSED] - Object 'Object Repository/Page_Homescreen/buttonForm2307_View All' is present

2023-12-28 10:18:02 - [TEST_STEP][PASSED] - verifyElementPresent(findTestObject("Object Repository/Page_Homescreen/counter_RemittanceAdvice"), 0): Object 'Object Repository/Page_Homescreen/counter_RemittanceAdvice' is present

2023-12-28 10:18:02 - [MESSAGE][WARNING] - Timeout '0' is invalid. Using default page load timeout: '30'

2023-12-28 10:18:02 - [MESSAGE][PASSED] - Object 'Object Repository/Page_Homescreen/counter_RemittanceAdvice' is present

2023-12-28 10:18:02 - [TEST_STEP][PASSED] - verifyElementPresent(findTestObject("Object Repository/Page_Homescreen/icon_RemittanceAdvice"), 0): Object 'Object Repository/Page_Homescreen/icon_RemittanceAdvice' is present

2023-12-28 10:18:02 - [MESSAGE][WARNING] - Timeout '0' is invalid. Using default page load timeout: '30'

2023-12-28 10:18:03 - [MESSAGE][PASSED] - Object 'Object Repository/Page_Homescreen/icon_RemittanceAdvice' is present

2023-12-28 10:18:03 - [TEST_STEP][PASSED] - takeElementScreenshot(findTestObject("Object Repository/Page_Homescreen/icon_RemittanceAdvice")): Taking screenshot successfully

2023-12-28 10:18:03 - [MESSAGE][WARNING] - Timeout '0' is invalid. Using default page load timeout: '30'

2023-12-28 10:18:03 - [MESSAGE][INFO] - 0 hidden object(s)

2023-12-28 10:18:03 - [MESSAGE][PASSED] - Taking screenshot successfully
[[ATTACHMENT|C:\\Users\\User\\git\\ProjectHermes\\Reports\\20231228_101501\\Dashboad_Regression\\20231228_101501\\1703729883248.png]]

2023-12-28 10:18:03 - [TEST_STEP][PASSED] - verifyElementText(findTestObject("Object Repository/Page_Homescreen/label_UnreadRA"), "Unread"): Actual text and expected text of test object 'Object Repository/Page_Homescreen/label_UnreadRA' are matched.

2023-12-28 10:18:04 - [MESSAGE][PASSED] - Actual text and expected text of test object 'Object Repository/Page_Homescreen/label_UnreadRA' are matched.

2023-12-28 10:18:04 - [TEST_STEP][PASSED] - verifyElementText(findTestObject("Object Repository/Page_Homescreen/label_Remittance Advice"), "Remittance Advice"): Actual text and expected text of test object 'Object Repository/Page_Homescreen/label_Remittance Advice' are matched.

2023-12-28 10:18:04 - [MESSAGE][PASSED] - Actual text and expected text of test object 'Object Repository/Page_Homescreen/label_Remittance Advice' are matched.

2023-12-28 10:18:04 - [TEST_STEP][PASSED] - verifyElementPresent(findTestObject("Object Repository/Page_Homescreen/button_RAView All"), 0): Object 'Object Repository/Page_Homescreen/button_RAView All' is present

2023-12-28 10:18:04 - [MESSAGE][WARNING] - Timeout '0' is invalid. Using default page load timeout: '30'

2023-12-28 10:18:04 - [MESSAGE][PASSED] - Object 'Object Repository/Page_Homescreen/button_RAView All' is present

2023-12-28 10:18:04 - [TEST_STEP][PASSED] - verifyElementPresent(findTestObject("Object Repository/Page_Homescreen/counter_BulletinMemo"), 0): Object 'Object Repository/Page_Homescreen/counter_BulletinMemo' is present

2023-12-28 10:18:04 - [MESSAGE][WARNING] - Timeout '0' is invalid. Using default page load timeout: '30'

2023-12-28 10:18:05 - [MESSAGE][PASSED] - Object 'Object Repository/Page_Homescreen/counter_BulletinMemo' is present

2023-12-28 10:18:05 - [TEST_STEP][PASSED] - verifyElementPresent(findTestObject("Object Repository/Page_Homescreen/icon_BulletinMemo"), 0): Object 'Object Repository/Page_Homescreen/icon_BulletinMemo' is present

2023-12-28 10:18:05 - [MESSAGE][WARNING] - Timeout '0' is invalid. Using default page load timeout: '30'

2023-12-28 10:18:05 - [MESSAGE][PASSED] - Object 'Object Repository/Page_Homescreen/icon_BulletinMemo' is present

2023-12-28 10:18:05 - [TEST_STEP][PASSED] - takeElementScreenshot(findTestObject("Object Repository/Page_Homescreen/icon_BulletinMemo")): Taking screenshot successfully

2023-12-28 10:18:05 - [MESSAGE][WARNING] - Timeout '0' is invalid. Using default page load timeout: '30'

2023-12-28 10:18:06 - [MESSAGE][INFO] - 0 hidden object(s)

2023-12-28 10:18:06 - [MESSAGE][PASSED] - Taking screenshot successfully
[[ATTACHMENT|C:\\Users\\User\\git\\ProjectHermes\\Reports\\20231228_101501\\Dashboad_Regression\\20231228_101501\\1703729885571.png]]

2023-12-28 10:18:06 - [TEST_STEP][PASSED] - verifyElementText(findTestObject("Object Repository/Page_Homescreen/label_PublishedBM"), "Published"): Actual text and expected text of test object 'Object Repository/Page_Homescreen/label_PublishedBM' are matched.

2023-12-28 10:18:06 - [MESSAGE][PASSED] - Actual text and expected text of test object 'Object Repository/Page_Homescreen/label_PublishedBM' are matched.

2023-12-28 10:18:06 - [TEST_STEP][PASSED] - verifyElementText(findTestObject("Object Repository/Page_Homescreen/label_Bulletin Memo"), "Bulletin Memo"): Actual text and expected text of test object 'Object Repository/Page_Homescreen/label_Bulletin Memo' are matched.

2023-12-28 10:18:06 - [MESSAGE][PASSED] - Actual text and expected text of test object 'Object Repository/Page_Homescreen/label_Bulletin Memo' are matched.

2023-12-28 10:18:06 - [TEST_STEP][PASSED] - verifyElementPresent(findTestObject("Object Repository/Page_Homescreen/button_BMView All"), 0): Object 'Object Repository/Page_Homescreen/button_BMView All' is present

2023-12-28 10:18:06 - [MESSAGE][WARNING] - Timeout '0' is invalid. Using default page load timeout: '30'

2023-12-28 10:18:07 - [MESSAGE][PASSED] - Object 'Object Repository/Page_Homescreen/button_BMView All' is present

2023-12-28 10:18:07 - [TEST_STEP][PASSED] - verifyElementPresent(findTestObject("Object Repository/Page_Homescreen/counter_Tickets"), 0): Object 'Object Repository/Page_Homescreen/counter_Tickets' is present

2023-12-28 10:18:07 - [MESSAGE][WARNING] - Timeout '0' is invalid. Using default page load timeout: '30'

2023-12-28 10:18:07 - [MESSAGE][PASSED] - Object 'Object Repository/Page_Homescreen/counter_Tickets' is present

2023-12-28 10:18:07 - [TEST_STEP][PASSED] - verifyElementPresent(findTestObject("Object Repository/Page_Homescreen/icon_Tickets"), 0): Object 'Object Repository/Page_Homescreen/icon_Tickets' is present

2023-12-28 10:18:07 - [MESSAGE][WARNING] - Timeout '0' is invalid. Using default page load timeout: '30'

2023-12-28 10:18:07 - [MESSAGE][PASSED] - Object 'Object Repository/Page_Homescreen/icon_Tickets' is present

2023-12-28 10:18:07 - [TEST_STEP][PASSED] - takeElementScreenshot(findTestObject("Object Repository/Page_Homescreen/icon_Tickets")): Taking screenshot successfully

2023-12-28 10:18:08 - [MESSAGE][WARNING] - Timeout '0' is invalid. Using default page load timeout: '30'

2023-12-28 10:18:08 - [MESSAGE][INFO] - 0 hidden object(s)

2023-12-28 10:18:08 - [MESSAGE][PASSED] - Taking screenshot successfully
[[ATTACHMENT|C:\\Users\\User\\git\\ProjectHermes\\Reports\\20231228_101501\\Dashboad_Regression\\20231228_101501\\1703729888020.png]]

2023-12-28 10:18:08 - [TEST_STEP][PASSED] - verifyElementText(findTestObject("Object Repository/Page_Homescreen/label_Open"), "Open"): Actual text and expected text of test object 'Object Repository/Page_Homescreen/label_Open' are matched.

2023-12-28 10:18:08 - [MESSAGE][PASSED] - Actual text and expected text of test object 'Object Repository/Page_Homescreen/label_Open' are matched.

2023-12-28 10:18:08 - [TEST_STEP][PASSED] - verifyElementText(findTestObject("Object Repository/Page_Homescreen/label_Tickets"), "Tickets"): Actual text and expected text of test object 'Object Repository/Page_Homescreen/label_Tickets' are matched.

2023-12-28 10:18:09 - [MESSAGE][PASSED] - Actual text and expected text of test object 'Object Repository/Page_Homescreen/label_Tickets' are matched.

2023-12-28 10:18:09 - [TEST_STEP][PASSED] - verifyElementPresent(findTestObject("Object Repository/Page_Homescreen/button_TicketsView All"), 0): Object 'Object Repository/Page_Homescreen/button_TicketsView All' is present

2023-12-28 10:18:09 - [MESSAGE][WARNING] - Timeout '0' is invalid. Using default page load timeout: '30'

2023-12-28 10:18:09 - [MESSAGE][PASSED] - Object 'Object Repository/Page_Homescreen/button_TicketsView All' is present

2023-12-28 10:18:09 - [TEST_STEP][PASSED] - closeBrowser(): Browser is closed

2023-12-28 10:18:10 - [MESSAGE][PASSED] - Browser is closed]]></system-out>
         <system-err><![CDATA[]]></system-err>
      </testcase>
      <testcase name="Test Cases/Sprint 1/Dashboard_TC/TC005_ViewUnreadRA" time="69.984" classname="Test Cases/Sprint 1/Dashboard_TC/TC005_ViewUnreadRA" status="PASSED">
         <system-out><![CDATA[2023-12-28 10:18:10 - [TEST_CASE][PASSED] - Test Cases/Sprint 1/Dashboard_TC/TC005_ViewUnreadRA: Test Cases/Sprint 1/Dashboard_TC/TC005_ViewUnreadRA

2023-12-28 10:18:10 - [TEST_STEP][PASSED] - callTestCase(findTestCase("Test Cases/Sprint 1/VendorPortal_Login_TC/TC001_LoginValidCredentials_Vendor"), [:], STOP_ON_FAILURE): Call Test Case 'Test Cases/Sprint 1/VendorPortal_Login_TC/TC001_LoginValidCredentials_Vendor' successfully

2023-12-28 10:18:10 - [TEST_CASE][PASSED] - Test Cases/Sprint 1/VendorPortal_Login_TC/TC001_LoginValidCredentials_Vendor: Test Cases/Sprint 1/VendorPortal_Login_TC/TC001_LoginValidCredentials_Vendor

2023-12-28 10:18:10 - [TEST_STEP][PASSED] - openBrowser(""): Browser is opened with url: ''

2023-12-28 10:18:10 - [MESSAGE][INFO] - Starting 'Chrome' driver

2023-12-28 10:18:10 - [MESSAGE][INFO] - User set preference: ['args', '[--start-maximized, UnexpectedAlertBehaviour=ignore]']

2023-12-28 10:18:10 - [MESSAGE][INFO] - User set preference: ['acceptInsecureCerts', 'true']

2023-12-28 10:18:10 - [MESSAGE][INFO] - Action delay is set to 0 milliseconds

2023-12-28 10:18:11 - [MESSAGE][PASSED] - Browser is opened with url: ''

2023-12-28 10:18:11 - [TEST_STEP][PASSED] - navigateToUrl(URL_vendor): Navigate to 'https://10.143.206.85/NTVP_TH/Login' successfully

2023-12-28 10:18:12 - [MESSAGE][PASSED] - Navigate to 'https://10.143.206.85/NTVP_TH/Login' successfully

2023-12-28 10:18:12 - [TEST_STEP][PASSED] - setText(findTestObject("Object Repository/Page_Login/input_Username"), vendor_username): Text '12132023_VP' is set on object 'Object Repository/Page_Login/input_Username'

2023-12-28 10:18:14 - [MESSAGE][PASSED] - Text '12132023_VP' is set on object 'Object Repository/Page_Login/input_Username'

2023-12-28 10:18:14 - [TEST_STEP][PASSED] - setEncryptedText(findTestObject("Object Repository/Page_Login/input_Password"), vendor_password): Text ****** has been set on object 'Object Repository/Page_Login/input_Password'

2023-12-28 10:18:15 - [MESSAGE][PASSED] - Text ****** has been set on object 'Object Repository/Page_Login/input_Password'

2023-12-28 10:18:15 - [TEST_STEP][PASSED] - click(findTestObject("Object Repository/Page_Login/button_Login")): Object: 'Object Repository/Page_Login/button_Login' is clicked on

2023-12-28 10:18:16 - [MESSAGE][PASSED] - Object: 'Object Repository/Page_Login/button_Login' is clicked on

2023-12-28 10:18:16 - [TEST_STEP][PASSED] - delay(3): Delayed 3 second(s)

2023-12-28 10:18:19 - [MESSAGE][PASSED] - Delayed 3 second(s)

2023-12-28 10:18:19 - [TEST_STEP][PASSED] - navigateToUrl(URL_vendorhomepage): Navigate to 'https://10.143.206.85/NonTradeVendorPortal/' successfully

2023-12-28 10:18:59 - [MESSAGE][PASSED] - Navigate to 'https://10.143.206.85/NonTradeVendorPortal/' successfully

2023-12-28 10:18:59 - [TEST_STEP][PASSED] - verifyElementText(findTestObject("Object Repository/Page_Homescreen/titlePage_Dashboard"), "Dashboard"): Actual text and expected text of test object 'Object Repository/Page_Homescreen/titlePage_Dashboard' are matched.

2023-12-28 10:19:07 - [MESSAGE][PASSED] - Actual text and expected text of test object 'Object Repository/Page_Homescreen/titlePage_Dashboard' are matched.

2023-12-28 10:19:07 - [MESSAGE][PASSED] - Call Test Case 'Test Cases/Sprint 1/VendorPortal_Login_TC/TC001_LoginValidCredentials_Vendor' successfully

2023-12-28 10:19:07 - [TEST_STEP][PASSED] - unRead_RA = getText(findTestObject("Object Repository/Page_Homescreen/counter_RemittanceAdvice")): Text of object 'Object Repository/Page_Homescreen/counter_RemittanceAdvice' is: '0'

2023-12-28 10:19:09 - [MESSAGE][PASSED] - Text of object 'Object Repository/Page_Homescreen/counter_RemittanceAdvice' is: '0'

2023-12-28 10:19:09 - [TEST_STEP][PASSED] - click(findTestObject("Object Repository/Page_Homescreen/counter_RemittanceAdvice")): Object: 'Object Repository/Page_Homescreen/counter_RemittanceAdvice' is clicked on

2023-12-28 10:19:11 - [MESSAGE][PASSED] - Object: 'Object Repository/Page_Homescreen/counter_RemittanceAdvice' is clicked on

2023-12-28 10:19:11 - [TEST_STEP][PASSED] - verifyElementText(findTestObject("Object Repository/Page_Homescreen/popupUnread_Remittance Advice"), "Remittance Advice"): Actual text and expected text of test object 'Object Repository/Page_Homescreen/popupUnread_Remittance Advice' are matched.

2023-12-28 10:19:13 - [MESSAGE][PASSED] - Actual text and expected text of test object 'Object Repository/Page_Homescreen/popupUnread_Remittance Advice' are matched.

2023-12-28 10:19:13 - [TEST_STEP][PASSED] - isMatch = false: null

2023-12-28 10:19:13 - [TEST_STEP][PASSED] - driver = getWebDriver(): null

2023-12-28 10:19:13 - [TEST_STEP][PASSED] - Table = driver.findElement(By.xpath("//*[@id="RAPopUp"]/div/div[2]")): null

2023-12-28 10:19:15 - [TEST_STEP][PASSED] - table_row = Table.findElements(By.className("list-item")): null

2023-12-28 10:19:17 - [TEST_STEP][PASSED] - rows_count = table_row.size(): null

2023-12-28 10:19:17 - [TEST_STEP][PASSED] - println($rows_count): null

2023-12-28 10:19:17 - [TEST_STEP][PASSED] - verifyEqual(unRead_RA, rows_count): Actual object '0' and expected object '0' are equal

2023-12-28 10:19:17 - [MESSAGE][PASSED] - Actual object '0' and expected object '0' are equal

2023-12-28 10:19:17 - [TEST_STEP][PASSED] - click(findTestObject("Object Repository/Page_Homescreen/close_Icon")): Object: 'Object Repository/Page_Homescreen/close_Icon' is clicked on

2023-12-28 10:19:19 - [MESSAGE][PASSED] - Object: 'Object Repository/Page_Homescreen/close_Icon' is clicked on

2023-12-28 10:19:19 - [TEST_STEP][PASSED] - closeBrowser(): Browser is closed

2023-12-28 10:19:20 - [MESSAGE][PASSED] - Browser is closed]]></system-out>
         <system-err><![CDATA[]]></system-err>
      </testcase>
      <testcase name="Test Cases/Sprint 1/Dashboard_TC/TC006_ViewUnreadForm2307" time="54.497" classname="Test Cases/Sprint 1/Dashboard_TC/TC006_ViewUnreadForm2307" status="PASSED">
         <system-out><![CDATA[2023-12-28 10:19:20 - [TEST_CASE][PASSED] - Test Cases/Sprint 1/Dashboard_TC/TC006_ViewUnreadForm2307: Test Cases/Sprint 1/Dashboard_TC/TC006_ViewUnreadForm2307

2023-12-28 10:19:20 - [TEST_STEP][PASSED] - callTestCase(findTestCase("Test Cases/Sprint 1/VendorPortal_Login_TC/TC001_LoginValidCredentials_Vendor"), [:], STOP_ON_FAILURE): Call Test Case 'Test Cases/Sprint 1/VendorPortal_Login_TC/TC001_LoginValidCredentials_Vendor' successfully

2023-12-28 10:19:20 - [TEST_CASE][PASSED] - Test Cases/Sprint 1/VendorPortal_Login_TC/TC001_LoginValidCredentials_Vendor: Test Cases/Sprint 1/VendorPortal_Login_TC/TC001_LoginValidCredentials_Vendor

2023-12-28 10:19:20 - [TEST_STEP][PASSED] - openBrowser(""): Browser is opened with url: ''

2023-12-28 10:19:20 - [MESSAGE][INFO] - Starting 'Chrome' driver

2023-12-28 10:19:20 - [MESSAGE][INFO] - User set preference: ['args', '[--start-maximized, UnexpectedAlertBehaviour=ignore]']

2023-12-28 10:19:20 - [MESSAGE][INFO] - User set preference: ['acceptInsecureCerts', 'true']

2023-12-28 10:19:20 - [MESSAGE][INFO] - Action delay is set to 0 milliseconds

2023-12-28 10:19:21 - [MESSAGE][PASSED] - Browser is opened with url: ''

2023-12-28 10:19:21 - [TEST_STEP][PASSED] - navigateToUrl(URL_vendor): Navigate to 'https://10.143.206.85/NTVP_TH/Login' successfully

2023-12-28 10:19:22 - [MESSAGE][PASSED] - Navigate to 'https://10.143.206.85/NTVP_TH/Login' successfully

2023-12-28 10:19:22 - [TEST_STEP][PASSED] - setText(findTestObject("Object Repository/Page_Login/input_Username"), vendor_username): Text '12132023_VP' is set on object 'Object Repository/Page_Login/input_Username'

2023-12-28 10:19:24 - [MESSAGE][PASSED] - Text '12132023_VP' is set on object 'Object Repository/Page_Login/input_Username'

2023-12-28 10:19:24 - [TEST_STEP][PASSED] - setEncryptedText(findTestObject("Object Repository/Page_Login/input_Password"), vendor_password): Text ****** has been set on object 'Object Repository/Page_Login/input_Password'

2023-12-28 10:19:25 - [MESSAGE][PASSED] - Text ****** has been set on object 'Object Repository/Page_Login/input_Password'

2023-12-28 10:19:25 - [TEST_STEP][PASSED] - click(findTestObject("Object Repository/Page_Login/button_Login")): Object: 'Object Repository/Page_Login/button_Login' is clicked on

2023-12-28 10:19:26 - [MESSAGE][PASSED] - Object: 'Object Repository/Page_Login/button_Login' is clicked on

2023-12-28 10:19:26 - [TEST_STEP][PASSED] - delay(3): Delayed 3 second(s)

2023-12-28 10:19:29 - [MESSAGE][PASSED] - Delayed 3 second(s)

2023-12-28 10:19:29 - [TEST_STEP][PASSED] - navigateToUrl(URL_vendorhomepage): Navigate to 'https://10.143.206.85/NonTradeVendorPortal/' successfully

2023-12-28 10:20:09 - [MESSAGE][PASSED] - Navigate to 'https://10.143.206.85/NonTradeVendorPortal/' successfully

2023-12-28 10:20:09 - [TEST_STEP][PASSED] - verifyElementText(findTestObject("Object Repository/Page_Homescreen/titlePage_Dashboard"), "Dashboard"): Actual text and expected text of test object 'Object Repository/Page_Homescreen/titlePage_Dashboard' are matched.

2023-12-28 10:20:11 - [MESSAGE][PASSED] - Actual text and expected text of test object 'Object Repository/Page_Homescreen/titlePage_Dashboard' are matched.

2023-12-28 10:20:11 - [MESSAGE][PASSED] - Call Test Case 'Test Cases/Sprint 1/VendorPortal_Login_TC/TC001_LoginValidCredentials_Vendor' successfully

2023-12-28 10:20:11 - [TEST_STEP][PASSED] - unRead_Form2307 = getText(findTestObject("Object Repository/Page_Homescreen/counter_Form2307")): Text of object 'Object Repository/Page_Homescreen/counter_Form2307' is: '0'

2023-12-28 10:20:12 - [MESSAGE][PASSED] - Text of object 'Object Repository/Page_Homescreen/counter_Form2307' is: '0'

2023-12-28 10:20:12 - [TEST_STEP][PASSED] - click(findTestObject("Object Repository/Page_Homescreen/counter_Form2307")): Object: 'Object Repository/Page_Homescreen/counter_Form2307' is clicked on

2023-12-28 10:20:12 - [MESSAGE][PASSED] - Object: 'Object Repository/Page_Homescreen/counter_Form2307' is clicked on

2023-12-28 10:20:12 - [TEST_STEP][PASSED] - verifyElementText(findTestObject("Object Repository/Page_Homescreen/popupUnread_Form 2307"), "Form 2307"): Actual text and expected text of test object 'Object Repository/Page_Homescreen/popupUnread_Form 2307' are matched.

2023-12-28 10:20:13 - [MESSAGE][PASSED] - Actual text and expected text of test object 'Object Repository/Page_Homescreen/popupUnread_Form 2307' are matched.

2023-12-28 10:20:13 - [TEST_STEP][PASSED] - isMatch = false: null

2023-12-28 10:20:13 - [TEST_STEP][PASSED] - driver = getWebDriver(): null

2023-12-28 10:20:13 - [TEST_STEP][PASSED] - Table = driver.findElement(By.xpath("//*[@id="Form2307Pop"]/div/div[2]")): null

2023-12-28 10:20:13 - [TEST_STEP][PASSED] - table_row = Table.findElements(By.className("list-item")): null

2023-12-28 10:20:13 - [TEST_STEP][PASSED] - rows_count = table_row.size(): null

2023-12-28 10:20:13 - [TEST_STEP][PASSED] - println($rows_count): null

2023-12-28 10:20:13 - [TEST_STEP][PASSED] - verifyEqual(unRead_Form2307, rows_count): Actual object '0' and expected object '0' are equal

2023-12-28 10:20:13 - [MESSAGE][PASSED] - Actual object '0' and expected object '0' are equal

2023-12-28 10:20:13 - [TEST_STEP][PASSED] - click(findTestObject("Object Repository/Page_Homescreen/close_Icon")): Object: 'Object Repository/Page_Homescreen/close_Icon' is clicked on

2023-12-28 10:20:14 - [MESSAGE][PASSED] - Object: 'Object Repository/Page_Homescreen/close_Icon' is clicked on

2023-12-28 10:20:14 - [TEST_STEP][PASSED] - closeBrowser(): Browser is closed

2023-12-28 10:20:14 - [MESSAGE][PASSED] - Browser is closed]]></system-out>
         <system-err><![CDATA[]]></system-err>
      </testcase>
      <testcase name="Test Cases/Sprint 1/Dashboard_TC/TC007_ViewPublishedBulletinMemo" time="54.835" classname="Test Cases/Sprint 1/Dashboard_TC/TC007_ViewPublishedBulletinMemo" status="PASSED">
         <system-out><![CDATA[2023-12-28 10:20:14 - [TEST_CASE][PASSED] - Test Cases/Sprint 1/Dashboard_TC/TC007_ViewPublishedBulletinMemo: Test Cases/Sprint 1/Dashboard_TC/TC007_ViewPublishedBulletinMemo

2023-12-28 10:20:15 - [TEST_STEP][PASSED] - callTestCase(findTestCase("Test Cases/Sprint 1/VendorPortal_Login_TC/TC001_LoginValidCredentials_Vendor"), [:], STOP_ON_FAILURE): Call Test Case 'Test Cases/Sprint 1/VendorPortal_Login_TC/TC001_LoginValidCredentials_Vendor' successfully

2023-12-28 10:20:15 - [TEST_CASE][PASSED] - Test Cases/Sprint 1/VendorPortal_Login_TC/TC001_LoginValidCredentials_Vendor: Test Cases/Sprint 1/VendorPortal_Login_TC/TC001_LoginValidCredentials_Vendor

2023-12-28 10:20:15 - [TEST_STEP][PASSED] - openBrowser(""): Browser is opened with url: ''

2023-12-28 10:20:15 - [MESSAGE][INFO] - Starting 'Chrome' driver

2023-12-28 10:20:15 - [MESSAGE][INFO] - User set preference: ['args', '[--start-maximized, UnexpectedAlertBehaviour=ignore]']

2023-12-28 10:20:15 - [MESSAGE][INFO] - User set preference: ['acceptInsecureCerts', 'true']

2023-12-28 10:20:15 - [MESSAGE][INFO] - Action delay is set to 0 milliseconds

2023-12-28 10:20:16 - [MESSAGE][PASSED] - Browser is opened with url: ''

2023-12-28 10:20:16 - [TEST_STEP][PASSED] - navigateToUrl(URL_vendor): Navigate to 'https://10.143.206.85/NTVP_TH/Login' successfully

2023-12-28 10:20:17 - [MESSAGE][PASSED] - Navigate to 'https://10.143.206.85/NTVP_TH/Login' successfully

2023-12-28 10:20:17 - [TEST_STEP][PASSED] - setText(findTestObject("Object Repository/Page_Login/input_Username"), vendor_username): Text '12132023_VP' is set on object 'Object Repository/Page_Login/input_Username'

2023-12-28 10:20:20 - [MESSAGE][PASSED] - Text '12132023_VP' is set on object 'Object Repository/Page_Login/input_Username'

2023-12-28 10:20:20 - [TEST_STEP][PASSED] - setEncryptedText(findTestObject("Object Repository/Page_Login/input_Password"), vendor_password): Text ****** has been set on object 'Object Repository/Page_Login/input_Password'

2023-12-28 10:20:21 - [MESSAGE][PASSED] - Text ****** has been set on object 'Object Repository/Page_Login/input_Password'

2023-12-28 10:20:21 - [TEST_STEP][PASSED] - click(findTestObject("Object Repository/Page_Login/button_Login")): Object: 'Object Repository/Page_Login/button_Login' is clicked on

2023-12-28 10:20:21 - [MESSAGE][PASSED] - Object: 'Object Repository/Page_Login/button_Login' is clicked on

2023-12-28 10:20:21 - [TEST_STEP][PASSED] - delay(3): Delayed 3 second(s)

2023-12-28 10:20:24 - [MESSAGE][PASSED] - Delayed 3 second(s)

2023-12-28 10:20:24 - [TEST_STEP][PASSED] - navigateToUrl(URL_vendorhomepage): Navigate to 'https://10.143.206.85/NonTradeVendorPortal/' successfully

2023-12-28 10:21:04 - [MESSAGE][PASSED] - Navigate to 'https://10.143.206.85/NonTradeVendorPortal/' successfully

2023-12-28 10:21:04 - [TEST_STEP][PASSED] - verifyElementText(findTestObject("Object Repository/Page_Homescreen/titlePage_Dashboard"), "Dashboard"): Actual text and expected text of test object 'Object Repository/Page_Homescreen/titlePage_Dashboard' are matched.

2023-12-28 10:21:06 - [MESSAGE][PASSED] - Actual text and expected text of test object 'Object Repository/Page_Homescreen/titlePage_Dashboard' are matched.

2023-12-28 10:21:06 - [MESSAGE][PASSED] - Call Test Case 'Test Cases/Sprint 1/VendorPortal_Login_TC/TC001_LoginValidCredentials_Vendor' successfully

2023-12-28 10:21:06 - [TEST_STEP][PASSED] - published_BM = getText(findTestObject("Object Repository/Page_Homescreen/counter_BulletinMemo")): Text of object 'Object Repository/Page_Homescreen/counter_BulletinMemo' is: '1'

2023-12-28 10:21:07 - [MESSAGE][PASSED] - Text of object 'Object Repository/Page_Homescreen/counter_BulletinMemo' is: '1'

2023-12-28 10:21:07 - [TEST_STEP][PASSED] - click(findTestObject("Object Repository/Page_Homescreen/counter_BulletinMemo")): Object: 'Object Repository/Page_Homescreen/counter_BulletinMemo' is clicked on

2023-12-28 10:21:07 - [MESSAGE][PASSED] - Object: 'Object Repository/Page_Homescreen/counter_BulletinMemo' is clicked on

2023-12-28 10:21:07 - [TEST_STEP][PASSED] - verifyElementText(findTestObject("Object Repository/Page_Homescreen/popupPublished_Bulletin Memo"), "Bulletin Memo"): Actual text and expected text of test object 'Object Repository/Page_Homescreen/popupPublished_Bulletin Memo' are matched.

2023-12-28 10:21:07 - [MESSAGE][PASSED] - Actual text and expected text of test object 'Object Repository/Page_Homescreen/popupPublished_Bulletin Memo' are matched.

2023-12-28 10:21:07 - [TEST_STEP][PASSED] - isMatch = false: null

2023-12-28 10:21:07 - [TEST_STEP][PASSED] - driver = getWebDriver(): null

2023-12-28 10:21:07 - [TEST_STEP][PASSED] - Table = driver.findElement(By.xpath("//*[@id="BulletinListAll" or @id="BulletinListByVendor"]")): null

2023-12-28 10:21:08 - [TEST_STEP][PASSED] - table_row = Table.findElements(By.className("list-item")): null

2023-12-28 10:21:08 - [TEST_STEP][PASSED] - rows_count = table_row.size(): null

2023-12-28 10:21:08 - [TEST_STEP][PASSED] - println($rows_count): null

2023-12-28 10:21:08 - [TEST_STEP][PASSED] - verifyEqual(published_BM, rows_count): Actual object '1' and expected object '1' are equal

2023-12-28 10:21:08 - [MESSAGE][PASSED] - Actual object '1' and expected object '1' are equal

2023-12-28 10:21:08 - [TEST_STEP][PASSED] - click(findTestObject("Object Repository/Page_Homescreen/close_Icon")): Object: 'Object Repository/Page_Homescreen/close_Icon' is clicked on

2023-12-28 10:21:08 - [MESSAGE][PASSED] - Object: 'Object Repository/Page_Homescreen/close_Icon' is clicked on

2023-12-28 10:21:08 - [TEST_STEP][PASSED] - closeBrowser(): Browser is closed

2023-12-28 10:21:09 - [MESSAGE][PASSED] - Browser is closed]]></system-out>
         <system-err><![CDATA[]]></system-err>
      </testcase>
      <testcase name="Test Cases/Sprint 1/Dashboard_TC/TC008_ViewOpenTickets" time="53.866" classname="Test Cases/Sprint 1/Dashboard_TC/TC008_ViewOpenTickets" status="PASSED">
         <system-out><![CDATA[2023-12-28 10:21:09 - [TEST_CASE][PASSED] - Test Cases/Sprint 1/Dashboard_TC/TC008_ViewOpenTickets: Test Cases/Sprint 1/Dashboard_TC/TC008_ViewOpenTickets

2023-12-28 10:21:09 - [TEST_STEP][PASSED] - callTestCase(findTestCase("Sprint 1/VendorPortal_Login_TC/TC001_LoginValidCredentials_Vendor"), [:], STOP_ON_FAILURE): Call Test Case 'Test Cases/Sprint 1/VendorPortal_Login_TC/TC001_LoginValidCredentials_Vendor' successfully

2023-12-28 10:21:09 - [TEST_CASE][PASSED] - Test Cases/Sprint 1/VendorPortal_Login_TC/TC001_LoginValidCredentials_Vendor: Test Cases/Sprint 1/VendorPortal_Login_TC/TC001_LoginValidCredentials_Vendor

2023-12-28 10:21:09 - [TEST_STEP][PASSED] - openBrowser(""): Browser is opened with url: ''

2023-12-28 10:21:09 - [MESSAGE][INFO] - Starting 'Chrome' driver

2023-12-28 10:21:09 - [MESSAGE][INFO] - User set preference: ['args', '[--start-maximized, UnexpectedAlertBehaviour=ignore]']

2023-12-28 10:21:09 - [MESSAGE][INFO] - User set preference: ['acceptInsecureCerts', 'true']

2023-12-28 10:21:09 - [MESSAGE][INFO] - Action delay is set to 0 milliseconds

2023-12-28 10:21:11 - [MESSAGE][PASSED] - Browser is opened with url: ''

2023-12-28 10:21:11 - [TEST_STEP][PASSED] - navigateToUrl(URL_vendor): Navigate to 'https://10.143.206.85/NTVP_TH/Login' successfully

2023-12-28 10:21:11 - [MESSAGE][PASSED] - Navigate to 'https://10.143.206.85/NTVP_TH/Login' successfully

2023-12-28 10:21:11 - [TEST_STEP][PASSED] - setText(findTestObject("Object Repository/Page_Login/input_Username"), vendor_username): Text '12132023_VP' is set on object 'Object Repository/Page_Login/input_Username'

2023-12-28 10:21:14 - [MESSAGE][PASSED] - Text '12132023_VP' is set on object 'Object Repository/Page_Login/input_Username'

2023-12-28 10:21:14 - [TEST_STEP][PASSED] - setEncryptedText(findTestObject("Object Repository/Page_Login/input_Password"), vendor_password): Text ****** has been set on object 'Object Repository/Page_Login/input_Password'

2023-12-28 10:21:14 - [MESSAGE][PASSED] - Text ****** has been set on object 'Object Repository/Page_Login/input_Password'

2023-12-28 10:21:14 - [TEST_STEP][PASSED] - click(findTestObject("Object Repository/Page_Login/button_Login")): Object: 'Object Repository/Page_Login/button_Login' is clicked on

2023-12-28 10:21:15 - [MESSAGE][PASSED] - Object: 'Object Repository/Page_Login/button_Login' is clicked on

2023-12-28 10:21:15 - [TEST_STEP][PASSED] - delay(3): Delayed 3 second(s)

2023-12-28 10:21:18 - [MESSAGE][PASSED] - Delayed 3 second(s)

2023-12-28 10:21:18 - [TEST_STEP][PASSED] - navigateToUrl(URL_vendorhomepage): Navigate to 'https://10.143.206.85/NonTradeVendorPortal/' successfully

2023-12-28 10:21:58 - [MESSAGE][PASSED] - Navigate to 'https://10.143.206.85/NonTradeVendorPortal/' successfully

2023-12-28 10:21:58 - [TEST_STEP][PASSED] - verifyElementText(findTestObject("Object Repository/Page_Homescreen/titlePage_Dashboard"), "Dashboard"): Actual text and expected text of test object 'Object Repository/Page_Homescreen/titlePage_Dashboard' are matched.

2023-12-28 10:22:00 - [MESSAGE][PASSED] - Actual text and expected text of test object 'Object Repository/Page_Homescreen/titlePage_Dashboard' are matched.

2023-12-28 10:22:00 - [MESSAGE][PASSED] - Call Test Case 'Test Cases/Sprint 1/VendorPortal_Login_TC/TC001_LoginValidCredentials_Vendor' successfully

2023-12-28 10:22:00 - [TEST_STEP][PASSED] - open_Tickets = getText(findTestObject("Object Repository/Page_Homescreen/counter_Tickets")): Text of object 'Object Repository/Page_Homescreen/counter_Tickets' is: '4'

2023-12-28 10:22:00 - [MESSAGE][PASSED] - Text of object 'Object Repository/Page_Homescreen/counter_Tickets' is: '4'

2023-12-28 10:22:00 - [TEST_STEP][PASSED] - click(findTestObject("Object Repository/Page_Homescreen/counter_Tickets")): Object: 'Object Repository/Page_Homescreen/counter_Tickets' is clicked on

2023-12-28 10:22:01 - [MESSAGE][PASSED] - Object: 'Object Repository/Page_Homescreen/counter_Tickets' is clicked on

2023-12-28 10:22:01 - [TEST_STEP][PASSED] - verifyElementText(findTestObject("Object Repository/Page_Homescreen/popupOpen_Tickets"), "Tickets"): Actual text and expected text of test object 'Object Repository/Page_Homescreen/popupOpen_Tickets' are matched.

2023-12-28 10:22:01 - [MESSAGE][PASSED] - Actual text and expected text of test object 'Object Repository/Page_Homescreen/popupOpen_Tickets' are matched.

2023-12-28 10:22:01 - [TEST_STEP][PASSED] - isMatch = false: null

2023-12-28 10:22:01 - [TEST_STEP][PASSED] - driver = getWebDriver(): null

2023-12-28 10:22:01 - [TEST_STEP][PASSED] - Table = driver.findElement(By.xpath("//*[@id="BulletinListAll2" or @id="BulletinListByVendor2"]")): null

2023-12-28 10:22:02 - [TEST_STEP][PASSED] - table_row = Table.findElements(By.className("list-item")): null

2023-12-28 10:22:02 - [TEST_STEP][PASSED] - rows_count = table_row.size(): null

2023-12-28 10:22:02 - [TEST_STEP][PASSED] - println($rows_count): null

2023-12-28 10:22:02 - [TEST_STEP][PASSED] - verifyEqual(open_Tickets, rows_count): Actual object '4' and expected object '4' are equal

2023-12-28 10:22:02 - [MESSAGE][PASSED] - Actual object '4' and expected object '4' are equal

2023-12-28 10:22:02 - [TEST_STEP][PASSED] - click(findTestObject("Object Repository/Page_Homescreen/close_Icon")): Object: 'Object Repository/Page_Homescreen/close_Icon' is clicked on

2023-12-28 10:22:02 - [MESSAGE][PASSED] - Object: 'Object Repository/Page_Homescreen/close_Icon' is clicked on

2023-12-28 10:22:02 - [TEST_STEP][PASSED] - closeBrowser(): Browser is closed

2023-12-28 10:22:03 - [MESSAGE][PASSED] - Browser is closed]]></system-out>
         <system-err><![CDATA[]]></system-err>
      </testcase>
      <testcase name="Test Cases/Sprint 1/Dashboard_TC/TC009_ViewUnreadRA_NoRecords" time="53.17" classname="Test Cases/Sprint 1/Dashboard_TC/TC009_ViewUnreadRA_NoRecords" status="FAILED">
         <failure type="FAILED" message="Test Cases/Sprint 1/Dashboard_TC/TC009_ViewUnreadRA_NoRecords FAILED.
Reason:
com.kms.katalon.core.exception.StepFailedException: Verify element text of test object 'Object Repository/Page_Homescreen/titlePage_Dashboard' FAILED.
	at com.kms.katalon.core.webui.keyword.internal.WebUIKeywordMain.stepFailed(WebUIKeywordMain.groovy:64)
	at com.kms.katalon.core.webui.keyword.internal.WebUIKeywordMain.runKeyword(WebUIKeywordMain.groovy:26)
	at com.kms.katalon.core.webui.keyword.builtin.VerifyElementTextKeyword.verifyElementText(VerifyElementTextKeyword.groovy:72)
	at com.kms.katalon.core.webui.keyword.builtin.VerifyElementTextKeyword.execute(VerifyElementTextKeyword.groovy:40)
	at com.kms.katalon.core.keyword.internal.KeywordExecutor.executeKeywordForPlatform(KeywordExecutor.groovy:74)
	at com.kms.katalon.core.webui.keyword.WebUiBuiltInKeywords.verifyElementText(WebUiBuiltInKeywords.groovy:4749)
	at com.kms.katalon.core.webui.keyword.WebUiBuiltInKeywords$verifyElementText$4.call(Unknown Source)
	at TC009_ViewUnreadRA_NoRecords.run(TC009_ViewUnreadRA_NoRecords:43)
	at com.kms.katalon.core.main.ScriptEngine.run(ScriptEngine.java:194)
	at com.kms.katalon.core.main.ScriptEngine.runScriptAsRawText(ScriptEngine.java:119)
	at com.kms.katalon.core.main.TestCaseExecutor.runScript(TestCaseExecutor.java:448)
	at com.kms.katalon.core.main.TestCaseExecutor.doExecute(TestCaseExecutor.java:439)
	at com.kms.katalon.core.main.TestCaseExecutor.processExecutionPhase(TestCaseExecutor.java:418)
	at com.kms.katalon.core.main.TestCaseExecutor.accessMainPhase(TestCaseExecutor.java:410)
	at com.kms.katalon.core.main.TestCaseExecutor.execute(TestCaseExecutor.java:285)
	at com.kms.katalon.core.common.CommonExecutor.accessTestCaseMainPhase(CommonExecutor.java:65)
	at com.kms.katalon.core.main.TestSuiteExecutor.accessTestSuiteMainPhase(TestSuiteExecutor.java:148)
	at com.kms.katalon.core.main.TestSuiteExecutor.execute(TestSuiteExecutor.java:106)
	at com.kms.katalon.core.main.TestCaseMain.startTestSuite(TestCaseMain.java:187)
	at com.kms.katalon.core.main.TestCaseMain$startTestSuite$0.call(Unknown Source)
	at TempTestSuite1703729701474.run(TempTestSuite1703729701474.groovy:36)
Caused by: com.kms.katalon.core.exception.StepFailedException: com.kms.katalon.core.webui.exception.WebElementNotFoundException: Web element with id: 'Object Repository/Page_Homescreen/titlePage_Dashboard' located by '//div[@id='b1-Title']/span' not found
	at com.kms.katalon.core.webui.keyword.internal.WebUIKeywordMain.stepFailed(WebUIKeywordMain.groovy:64)
	at com.kms.katalon.core.webui.keyword.builtin.VerifyElementTextKeyword$_verifyElementText_closure1.doCall(VerifyElementTextKeyword.groovy:64)
	at com.kms.katalon.core.webui.keyword.builtin.VerifyElementTextKeyword$_verifyElementText_closure1.call(VerifyElementTextKeyword.groovy)
	at com.kms.katalon.core.webui.keyword.internal.WebUIKeywordMain.runKeyword(WebUIKeywordMain.groovy:20)
	... 19 more
"/>
         <system-out><![CDATA[2023-12-28 10:22:03 - [TEST_CASE][FAILED] - Test Cases/Sprint 1/Dashboard_TC/TC009_ViewUnreadRA_NoRecords: Test Cases/Sprint 1/Dashboard_TC/TC009_ViewUnreadRA_NoRecords FAILED.
Reason:
com.kms.katalon.core.exception.StepFailedException: Verify element text of test object 'Object Repository/Page_Homescreen/titlePage_Dashboard' FAILED.
	at com.kms.katalon.core.webui.keyword.internal.WebUIKeywordMain.stepFailed(WebUIKeywordMain.groovy:64)
	at com.kms.katalon.core.webui.keyword.internal.WebUIKeywordMain.runKeyword(WebUIKeywordMain.groovy:26)
	at com.kms.katalon.core.webui.keyword.builtin.VerifyElementTextKeyword.verifyElementText(VerifyElementTextKeyword.groovy:72)
	at com.kms.katalon.core.webui.keyword.builtin.VerifyElementTextKeyword.execute(VerifyElementTextKeyword.groovy:40)
	at com.kms.katalon.core.keyword.internal.KeywordExecutor.executeKeywordForPlatform(KeywordExecutor.groovy:74)
	at com.kms.katalon.core.webui.keyword.WebUiBuiltInKeywords.verifyElementText(WebUiBuiltInKeywords.groovy:4749)
	at com.kms.katalon.core.webui.keyword.WebUiBuiltInKeywords$verifyElementText$4.call(Unknown Source)
	at TC009_ViewUnreadRA_NoRecords.run(TC009_ViewUnreadRA_NoRecords:43)
	at com.kms.katalon.core.main.ScriptEngine.run(ScriptEngine.java:194)
	at com.kms.katalon.core.main.ScriptEngine.runScriptAsRawText(ScriptEngine.java:119)
	at com.kms.katalon.core.main.TestCaseExecutor.runScript(TestCaseExecutor.java:448)
	at com.kms.katalon.core.main.TestCaseExecutor.doExecute(TestCaseExecutor.java:439)
	at com.kms.katalon.core.main.TestCaseExecutor.processExecutionPhase(TestCaseExecutor.java:418)
	at com.kms.katalon.core.main.TestCaseExecutor.accessMainPhase(TestCaseExecutor.java:410)
	at com.kms.katalon.core.main.TestCaseExecutor.execute(TestCaseExecutor.java:285)
	at com.kms.katalon.core.common.CommonExecutor.accessTestCaseMainPhase(CommonExecutor.java:65)
	at com.kms.katalon.core.main.TestSuiteExecutor.accessTestSuiteMainPhase(TestSuiteExecutor.java:148)
	at com.kms.katalon.core.main.TestSuiteExecutor.execute(TestSuiteExecutor.java:106)
	at com.kms.katalon.core.main.TestCaseMain.startTestSuite(TestCaseMain.java:187)
	at com.kms.katalon.core.main.TestCaseMain$startTestSuite$0.call(Unknown Source)
	at TempTestSuite1703729701474.run(TempTestSuite1703729701474.groovy:36)
Caused by: com.kms.katalon.core.exception.StepFailedException: com.kms.katalon.core.webui.exception.WebElementNotFoundException: Web element with id: 'Object Repository/Page_Homescreen/titlePage_Dashboard' located by '//div[@id='b1-Title']/span' not found
	at com.kms.katalon.core.webui.keyword.internal.WebUIKeywordMain.stepFailed(WebUIKeywordMain.groovy:64)
	at com.kms.katalon.core.webui.keyword.builtin.VerifyElementTextKeyword$_verifyElementText_closure1.doCall(VerifyElementTextKeyword.groovy:64)
	at com.kms.katalon.core.webui.keyword.builtin.VerifyElementTextKeyword$_verifyElementText_closure1.call(VerifyElementTextKeyword.groovy)
	at com.kms.katalon.core.webui.keyword.internal.WebUIKeywordMain.runKeyword(WebUIKeywordMain.groovy:20)
	... 19 more


2023-12-28 10:22:03 - [TEST_STEP][PASSED] - openBrowser(""): Browser is opened with url: ''

2023-12-28 10:22:03 - [MESSAGE][INFO] - Starting 'Chrome' driver

2023-12-28 10:22:03 - [MESSAGE][INFO] - User set preference: ['args', '[--start-maximized, UnexpectedAlertBehaviour=ignore]']

2023-12-28 10:22:03 - [MESSAGE][INFO] - User set preference: ['acceptInsecureCerts', 'true']

2023-12-28 10:22:03 - [MESSAGE][INFO] - Action delay is set to 0 milliseconds

2023-12-28 10:22:05 - [MESSAGE][PASSED] - Browser is opened with url: ''

2023-12-28 10:22:05 - [TEST_STEP][PASSED] - navigateToUrl(URL_vendor): Navigate to 'https://10.143.206.85/NTVP_TH/Login' successfully

2023-12-28 10:22:06 - [MESSAGE][PASSED] - Navigate to 'https://10.143.206.85/NTVP_TH/Login' successfully

2023-12-28 10:22:06 - [TEST_STEP][PASSED] - setText(findTestObject("Object Repository/Page_Login/input_Username"), "12202023_VP"): Text '12202023_VP' is set on object 'Object Repository/Page_Login/input_Username'

2023-12-28 10:22:09 - [MESSAGE][PASSED] - Text '12202023_VP' is set on object 'Object Repository/Page_Login/input_Username'

2023-12-28 10:22:09 - [TEST_STEP][PASSED] - setEncryptedText(findTestObject("Object Repository/Page_Login/input_Password"), "xngilo02Z2BNHXedMmXvHw=="): Text ****** has been set on object 'Object Repository/Page_Login/input_Password'

2023-12-28 10:22:09 - [MESSAGE][PASSED] - Text ****** has been set on object 'Object Repository/Page_Login/input_Password'

2023-12-28 10:22:09 - [TEST_STEP][PASSED] - click(findTestObject("Object Repository/Page_Login/button_Login")): Object: 'Object Repository/Page_Login/button_Login' is clicked on

2023-12-28 10:22:10 - [MESSAGE][PASSED] - Object: 'Object Repository/Page_Login/button_Login' is clicked on

2023-12-28 10:22:10 - [TEST_STEP][PASSED] - delay(2): Delayed 2 second(s)

2023-12-28 10:22:12 - [MESSAGE][PASSED] - Delayed 2 second(s)

2023-12-28 10:22:12 - [TEST_STEP][PASSED] - navigateToUrl("https://10.143.206.85/NonTradeVendorPortal/"): Navigate to 'https://10.143.206.85/NonTradeVendorPortal/' successfully

2023-12-28 10:22:12 - [MESSAGE][PASSED] - Navigate to 'https://10.143.206.85/NonTradeVendorPortal/' successfully

2023-12-28 10:22:12 - [TEST_STEP][FAILED] - verifyElementText(findTestObject("Object Repository/Page_Homescreen/titlePage_Dashboard"), "Dashboard"): Verify element text of test object 'Object Repository/Page_Homescreen/titlePage_Dashboard' FAILED. (Root cause: com.kms.katalon.core.exception.StepFailedException: Verify element text of test object 'Object Repository/Page_Homescreen/titlePage_Dashboard' FAILED.
	at com.kms.katalon.core.webui.keyword.internal.WebUIKeywordMain.stepFailed(WebUIKeywordMain.groovy:64)
	at com.kms.katalon.core.webui.keyword.internal.WebUIKeywordMain.runKeyword(WebUIKeywordMain.groovy:26)
	at com.kms.katalon.core.webui.keyword.builtin.VerifyElementTextKeyword.verifyElementText(VerifyElementTextKeyword.groovy:72)
	at com.kms.katalon.core.webui.keyword.builtin.VerifyElementTextKeyword.execute(VerifyElementTextKeyword.groovy:40)
	at com.kms.katalon.core.keyword.internal.KeywordExecutor.executeKeywordForPlatform(KeywordExecutor.groovy:74)
	at com.kms.katalon.core.webui.keyword.WebUiBuiltInKeywords.verifyElementText(WebUiBuiltInKeywords.groovy:4749)
	at com.kms.katalon.core.webui.keyword.WebUiBuiltInKeywords$verifyElementText$4.call(Unknown Source)
	at TC009_ViewUnreadRA_NoRecords.run(TC009_ViewUnreadRA_NoRecords:43)
	at com.kms.katalon.core.main.ScriptEngine.run(ScriptEngine.java:194)
	at com.kms.katalon.core.main.ScriptEngine.runScriptAsRawText(ScriptEngine.java:119)
	at com.kms.katalon.core.main.TestCaseExecutor.runScript(TestCaseExecutor.java:448)
	at com.kms.katalon.core.main.TestCaseExecutor.doExecute(TestCaseExecutor.java:439)
	at com.kms.katalon.core.main.TestCaseExecutor.processExecutionPhase(TestCaseExecutor.java:418)
	at com.kms.katalon.core.main.TestCaseExecutor.accessMainPhase(TestCaseExecutor.java:410)
	at com.kms.katalon.core.main.TestCaseExecutor.execute(TestCaseExecutor.java:285)
	at com.kms.katalon.core.common.CommonExecutor.accessTestCaseMainPhase(CommonExecutor.java:65)
	at com.kms.katalon.core.main.TestSuiteExecutor.accessTestSuiteMainPhase(TestSuiteExecutor.java:148)
	at com.kms.katalon.core.main.TestSuiteExecutor.execute(TestSuiteExecutor.java:106)
	at com.kms.katalon.core.main.TestCaseMain.startTestSuite(TestCaseMain.java:187)
	at com.kms.katalon.core.main.TestCaseMain$startTestSuite$0.call(Unknown Source)
	at TempTestSuite1703729701474.run(TempTestSuite1703729701474.groovy:36)
Caused by: com.kms.katalon.core.exception.StepFailedException: com.kms.katalon.core.webui.exception.WebElementNotFoundException: Web element with id: 'Object Repository/Page_Homescreen/titlePage_Dashboard' located by '//div[@id='b1-Title']/span' not found
	at com.kms.katalon.core.webui.keyword.internal.WebUIKeywordMain.stepFailed(WebUIKeywordMain.groovy:64)
	at com.kms.katalon.core.webui.keyword.builtin.VerifyElementTextKeyword$_verifyElementText_closure1.doCall(VerifyElementTextKeyword.groovy:64)
	at com.kms.katalon.core.webui.keyword.builtin.VerifyElementTextKeyword$_verifyElementText_closure1.call(VerifyElementTextKeyword.groovy)
	at com.kms.katalon.core.webui.keyword.internal.WebUIKeywordMain.runKeyword(WebUIKeywordMain.groovy:20)
	... 19 more
)

2023-12-28 10:22:56 - [MESSAGE][INFO] - Unable to find the element located by 'By.xpath: //div[@id='b1-Title']/span'. Please recheck the objects properties to make sure the desired element is located. 

2023-12-28 10:22:56 - [MESSAGE][FAILED] - com.kms.katalon.core.webui.exception.WebElementNotFoundException: Web element with id: 'Object Repository/Page_Homescreen/titlePage_Dashboard' located by '//div[@id='b1-Title']/span' not found (Root cause: com.kms.katalon.core.exception.StepFailedException: com.kms.katalon.core.webui.exception.WebElementNotFoundException: Web element with id: 'Object Repository/Page_Homescreen/titlePage_Dashboard' located by '//div[@id='b1-Title']/span' not found
	at com.kms.katalon.core.webui.keyword.internal.WebUIKeywordMain.stepFailed(WebUIKeywordMain.groovy:64)
	at com.kms.katalon.core.webui.keyword.builtin.VerifyElementTextKeyword$_verifyElementText_closure1.doCall(VerifyElementTextKeyword.groovy:64)
	at com.kms.katalon.core.webui.keyword.builtin.VerifyElementTextKeyword$_verifyElementText_closure1.call(VerifyElementTextKeyword.groovy)
	at com.kms.katalon.core.webui.keyword.internal.WebUIKeywordMain.runKeyword(WebUIKeywordMain.groovy:20)
	at com.kms.katalon.core.webui.keyword.builtin.VerifyElementTextKeyword.verifyElementText(VerifyElementTextKeyword.groovy:72)
	at com.kms.katalon.core.webui.keyword.builtin.VerifyElementTextKeyword.execute(VerifyElementTextKeyword.groovy:40)
	at com.kms.katalon.core.keyword.internal.KeywordExecutor.executeKeywordForPlatform(KeywordExecutor.groovy:74)
	at com.kms.katalon.core.webui.keyword.WebUiBuiltInKeywords.verifyElementText(WebUiBuiltInKeywords.groovy:4749)
	at com.kms.katalon.core.webui.keyword.WebUiBuiltInKeywords$verifyElementText$4.call(Unknown Source)
	at TC009_ViewUnreadRA_NoRecords.run(TC009_ViewUnreadRA_NoRecords:43)
	at com.kms.katalon.core.main.ScriptEngine.run(ScriptEngine.java:194)
	at com.kms.katalon.core.main.ScriptEngine.runScriptAsRawText(ScriptEngine.java:119)
	at com.kms.katalon.core.main.TestCaseExecutor.runScript(TestCaseExecutor.java:448)
	at com.kms.katalon.core.main.TestCaseExecutor.doExecute(TestCaseExecutor.java:439)
	at com.kms.katalon.core.main.TestCaseExecutor.processExecutionPhase(TestCaseExecutor.java:418)
	at com.kms.katalon.core.main.TestCaseExecutor.accessMainPhase(TestCaseExecutor.java:410)
	at com.kms.katalon.core.main.TestCaseExecutor.execute(TestCaseExecutor.java:285)
	at com.kms.katalon.core.common.CommonExecutor.accessTestCaseMainPhase(CommonExecutor.java:65)
	at com.kms.katalon.core.main.TestSuiteExecutor.accessTestSuiteMainPhase(TestSuiteExecutor.java:148)
	at com.kms.katalon.core.main.TestSuiteExecutor.execute(TestSuiteExecutor.java:106)
	at com.kms.katalon.core.main.TestCaseMain.startTestSuite(TestCaseMain.java:187)
	at com.kms.katalon.core.main.TestCaseMain$startTestSuite$0.call(Unknown Source)
	at TempTestSuite1703729701474.run(TempTestSuite1703729701474.groovy:36)
)
[[ATTACHMENT|C:\\Users\\User\\git\\ProjectHermes\\Reports\\20231228_101501\\Dashboad_Regression\\20231228_101501\\1703730176338.png]]

2023-12-28 10:22:56 - [MESSAGE][FAILED] - Verify element text of test object 'Object Repository/Page_Homescreen/titlePage_Dashboard' FAILED. (Root cause: com.kms.katalon.core.exception.StepFailedException: Verify element text of test object 'Object Repository/Page_Homescreen/titlePage_Dashboard' FAILED.
	at com.kms.katalon.core.webui.keyword.internal.WebUIKeywordMain.stepFailed(WebUIKeywordMain.groovy:64)
	at com.kms.katalon.core.webui.keyword.internal.WebUIKeywordMain.runKeyword(WebUIKeywordMain.groovy:26)
	at com.kms.katalon.core.webui.keyword.builtin.VerifyElementTextKeyword.verifyElementText(VerifyElementTextKeyword.groovy:72)
	at com.kms.katalon.core.webui.keyword.builtin.VerifyElementTextKeyword.execute(VerifyElementTextKeyword.groovy:40)
	at com.kms.katalon.core.keyword.internal.KeywordExecutor.executeKeywordForPlatform(KeywordExecutor.groovy:74)
	at com.kms.katalon.core.webui.keyword.WebUiBuiltInKeywords.verifyElementText(WebUiBuiltInKeywords.groovy:4749)
	at com.kms.katalon.core.webui.keyword.WebUiBuiltInKeywords$verifyElementText$4.call(Unknown Source)
	at TC009_ViewUnreadRA_NoRecords.run(TC009_ViewUnreadRA_NoRecords:43)
	at com.kms.katalon.core.main.ScriptEngine.run(ScriptEngine.java:194)
	at com.kms.katalon.core.main.ScriptEngine.runScriptAsRawText(ScriptEngine.java:119)
	at com.kms.katalon.core.main.TestCaseExecutor.runScript(TestCaseExecutor.java:448)
	at com.kms.katalon.core.main.TestCaseExecutor.doExecute(TestCaseExecutor.java:439)
	at com.kms.katalon.core.main.TestCaseExecutor.processExecutionPhase(TestCaseExecutor.java:418)
	at com.kms.katalon.core.main.TestCaseExecutor.accessMainPhase(TestCaseExecutor.java:410)
	at com.kms.katalon.core.main.TestCaseExecutor.execute(TestCaseExecutor.java:285)
	at com.kms.katalon.core.common.CommonExecutor.accessTestCaseMainPhase(CommonExecutor.java:65)
	at com.kms.katalon.core.main.TestSuiteExecutor.accessTestSuiteMainPhase(TestSuiteExecutor.java:148)
	at com.kms.katalon.core.main.TestSuiteExecutor.execute(TestSuiteExecutor.java:106)
	at com.kms.katalon.core.main.TestCaseMain.startTestSuite(TestCaseMain.java:187)
	at com.kms.katalon.core.main.TestCaseMain$startTestSuite$0.call(Unknown Source)
	at TempTestSuite1703729701474.run(TempTestSuite1703729701474.groovy:36)
Caused by: com.kms.katalon.core.exception.StepFailedException: com.kms.katalon.core.webui.exception.WebElementNotFoundException: Web element with id: 'Object Repository/Page_Homescreen/titlePage_Dashboard' located by '//div[@id='b1-Title']/span' not found
	at com.kms.katalon.core.webui.keyword.internal.WebUIKeywordMain.stepFailed(WebUIKeywordMain.groovy:64)
	at com.kms.katalon.core.webui.keyword.builtin.VerifyElementTextKeyword$_verifyElementText_closure1.doCall(VerifyElementTextKeyword.groovy:64)
	at com.kms.katalon.core.webui.keyword.builtin.VerifyElementTextKeyword$_verifyElementText_closure1.call(VerifyElementTextKeyword.groovy)
	at com.kms.katalon.core.webui.keyword.internal.WebUIKeywordMain.runKeyword(WebUIKeywordMain.groovy:20)
	... 19 more
)
[[ATTACHMENT|C:\\Users\\User\\git\\ProjectHermes\\Reports\\20231228_101501\\Dashboad_Regression\\20231228_101501\\1703730176513.png]]]]></system-out>
         <system-err><![CDATA[2023-12-28 10:22:03 - [TEST_CASE][FAILED] - Test Cases/Sprint 1/Dashboard_TC/TC009_ViewUnreadRA_NoRecords: Test Cases/Sprint 1/Dashboard_TC/TC009_ViewUnreadRA_NoRecords FAILED.
Reason:
com.kms.katalon.core.exception.StepFailedException: Verify element text of test object 'Object Repository/Page_Homescreen/titlePage_Dashboard' FAILED.
	at com.kms.katalon.core.webui.keyword.internal.WebUIKeywordMain.stepFailed(WebUIKeywordMain.groovy:64)
	at com.kms.katalon.core.webui.keyword.internal.WebUIKeywordMain.runKeyword(WebUIKeywordMain.groovy:26)
	at com.kms.katalon.core.webui.keyword.builtin.VerifyElementTextKeyword.verifyElementText(VerifyElementTextKeyword.groovy:72)
	at com.kms.katalon.core.webui.keyword.builtin.VerifyElementTextKeyword.execute(VerifyElementTextKeyword.groovy:40)
	at com.kms.katalon.core.keyword.internal.KeywordExecutor.executeKeywordForPlatform(KeywordExecutor.groovy:74)
	at com.kms.katalon.core.webui.keyword.WebUiBuiltInKeywords.verifyElementText(WebUiBuiltInKeywords.groovy:4749)
	at com.kms.katalon.core.webui.keyword.WebUiBuiltInKeywords$verifyElementText$4.call(Unknown Source)
	at TC009_ViewUnreadRA_NoRecords.run(TC009_ViewUnreadRA_NoRecords:43)
	at com.kms.katalon.core.main.ScriptEngine.run(ScriptEngine.java:194)
	at com.kms.katalon.core.main.ScriptEngine.runScriptAsRawText(ScriptEngine.java:119)
	at com.kms.katalon.core.main.TestCaseExecutor.runScript(TestCaseExecutor.java:448)
	at com.kms.katalon.core.main.TestCaseExecutor.doExecute(TestCaseExecutor.java:439)
	at com.kms.katalon.core.main.TestCaseExecutor.processExecutionPhase(TestCaseExecutor.java:418)
	at com.kms.katalon.core.main.TestCaseExecutor.accessMainPhase(TestCaseExecutor.java:410)
	at com.kms.katalon.core.main.TestCaseExecutor.execute(TestCaseExecutor.java:285)
	at com.kms.katalon.core.common.CommonExecutor.accessTestCaseMainPhase(CommonExecutor.java:65)
	at com.kms.katalon.core.main.TestSuiteExecutor.accessTestSuiteMainPhase(TestSuiteExecutor.java:148)
	at com.kms.katalon.core.main.TestSuiteExecutor.execute(TestSuiteExecutor.java:106)
	at com.kms.katalon.core.main.TestCaseMain.startTestSuite(TestCaseMain.java:187)
	at com.kms.katalon.core.main.TestCaseMain$startTestSuite$0.call(Unknown Source)
	at TempTestSuite1703729701474.run(TempTestSuite1703729701474.groovy:36)
Caused by: com.kms.katalon.core.exception.StepFailedException: com.kms.katalon.core.webui.exception.WebElementNotFoundException: Web element with id: 'Object Repository/Page_Homescreen/titlePage_Dashboard' located by '//div[@id='b1-Title']/span' not found
	at com.kms.katalon.core.webui.keyword.internal.WebUIKeywordMain.stepFailed(WebUIKeywordMain.groovy:64)
	at com.kms.katalon.core.webui.keyword.builtin.VerifyElementTextKeyword$_verifyElementText_closure1.doCall(VerifyElementTextKeyword.groovy:64)
	at com.kms.katalon.core.webui.keyword.builtin.VerifyElementTextKeyword$_verifyElementText_closure1.call(VerifyElementTextKeyword.groovy)
	at com.kms.katalon.core.webui.keyword.internal.WebUIKeywordMain.runKeyword(WebUIKeywordMain.groovy:20)
	... 19 more]]></system-err>
      </testcase>
      <testcase name="Test Cases/Sprint 1/Dashboard_TC/TC010_ViewUnreadForm2307_NoRecords" time="52.26" classname="Test Cases/Sprint 1/Dashboard_TC/TC010_ViewUnreadForm2307_NoRecords" status="FAILED">
         <failure type="FAILED" message="Test Cases/Sprint 1/Dashboard_TC/TC010_ViewUnreadForm2307_NoRecords FAILED.
Reason:
com.kms.katalon.core.exception.StepFailedException: Verify element text of test object 'Object Repository/Page_Homescreen/titlePage_Dashboard' FAILED.
	at com.kms.katalon.core.webui.keyword.internal.WebUIKeywordMain.stepFailed(WebUIKeywordMain.groovy:64)
	at com.kms.katalon.core.webui.keyword.internal.WebUIKeywordMain.runKeyword(WebUIKeywordMain.groovy:26)
	at com.kms.katalon.core.webui.keyword.builtin.VerifyElementTextKeyword.verifyElementText(VerifyElementTextKeyword.groovy:72)
	at com.kms.katalon.core.webui.keyword.builtin.VerifyElementTextKeyword.execute(VerifyElementTextKeyword.groovy:40)
	at com.kms.katalon.core.keyword.internal.KeywordExecutor.executeKeywordForPlatform(KeywordExecutor.groovy:74)
	at com.kms.katalon.core.webui.keyword.WebUiBuiltInKeywords.verifyElementText(WebUiBuiltInKeywords.groovy:4749)
	at com.kms.katalon.core.webui.keyword.WebUiBuiltInKeywords$verifyElementText$4.call(Unknown Source)
	at TC010_ViewUnreadForm2307_NoRecords.run(TC010_ViewUnreadForm2307_NoRecords:43)
	at com.kms.katalon.core.main.ScriptEngine.run(ScriptEngine.java:194)
	at com.kms.katalon.core.main.ScriptEngine.runScriptAsRawText(ScriptEngine.java:119)
	at com.kms.katalon.core.main.TestCaseExecutor.runScript(TestCaseExecutor.java:448)
	at com.kms.katalon.core.main.TestCaseExecutor.doExecute(TestCaseExecutor.java:439)
	at com.kms.katalon.core.main.TestCaseExecutor.processExecutionPhase(TestCaseExecutor.java:418)
	at com.kms.katalon.core.main.TestCaseExecutor.accessMainPhase(TestCaseExecutor.java:410)
	at com.kms.katalon.core.main.TestCaseExecutor.execute(TestCaseExecutor.java:285)
	at com.kms.katalon.core.common.CommonExecutor.accessTestCaseMainPhase(CommonExecutor.java:65)
	at com.kms.katalon.core.main.TestSuiteExecutor.accessTestSuiteMainPhase(TestSuiteExecutor.java:148)
	at com.kms.katalon.core.main.TestSuiteExecutor.execute(TestSuiteExecutor.java:106)
	at com.kms.katalon.core.main.TestCaseMain.startTestSuite(TestCaseMain.java:187)
	at com.kms.katalon.core.main.TestCaseMain$startTestSuite$0.call(Unknown Source)
	at TempTestSuite1703729701474.run(TempTestSuite1703729701474.groovy:36)
Caused by: com.kms.katalon.core.exception.StepFailedException: com.kms.katalon.core.webui.exception.WebElementNotFoundException: Web element with id: 'Object Repository/Page_Homescreen/titlePage_Dashboard' located by '//div[@id='b1-Title']/span' not found
	at com.kms.katalon.core.webui.keyword.internal.WebUIKeywordMain.stepFailed(WebUIKeywordMain.groovy:64)
	at com.kms.katalon.core.webui.keyword.builtin.VerifyElementTextKeyword$_verifyElementText_closure1.doCall(VerifyElementTextKeyword.groovy:64)
	at com.kms.katalon.core.webui.keyword.builtin.VerifyElementTextKeyword$_verifyElementText_closure1.call(VerifyElementTextKeyword.groovy)
	at com.kms.katalon.core.webui.keyword.internal.WebUIKeywordMain.runKeyword(WebUIKeywordMain.groovy:20)
	... 19 more
"/>
         <system-out><![CDATA[2023-12-28 10:22:56 - [TEST_CASE][FAILED] - Test Cases/Sprint 1/Dashboard_TC/TC010_ViewUnreadForm2307_NoRecords: Test Cases/Sprint 1/Dashboard_TC/TC010_ViewUnreadForm2307_NoRecords FAILED.
Reason:
com.kms.katalon.core.exception.StepFailedException: Verify element text of test object 'Object Repository/Page_Homescreen/titlePage_Dashboard' FAILED.
	at com.kms.katalon.core.webui.keyword.internal.WebUIKeywordMain.stepFailed(WebUIKeywordMain.groovy:64)
	at com.kms.katalon.core.webui.keyword.internal.WebUIKeywordMain.runKeyword(WebUIKeywordMain.groovy:26)
	at com.kms.katalon.core.webui.keyword.builtin.VerifyElementTextKeyword.verifyElementText(VerifyElementTextKeyword.groovy:72)
	at com.kms.katalon.core.webui.keyword.builtin.VerifyElementTextKeyword.execute(VerifyElementTextKeyword.groovy:40)
	at com.kms.katalon.core.keyword.internal.KeywordExecutor.executeKeywordForPlatform(KeywordExecutor.groovy:74)
	at com.kms.katalon.core.webui.keyword.WebUiBuiltInKeywords.verifyElementText(WebUiBuiltInKeywords.groovy:4749)
	at com.kms.katalon.core.webui.keyword.WebUiBuiltInKeywords$verifyElementText$4.call(Unknown Source)
	at TC010_ViewUnreadForm2307_NoRecords.run(TC010_ViewUnreadForm2307_NoRecords:43)
	at com.kms.katalon.core.main.ScriptEngine.run(ScriptEngine.java:194)
	at com.kms.katalon.core.main.ScriptEngine.runScriptAsRawText(ScriptEngine.java:119)
	at com.kms.katalon.core.main.TestCaseExecutor.runScript(TestCaseExecutor.java:448)
	at com.kms.katalon.core.main.TestCaseExecutor.doExecute(TestCaseExecutor.java:439)
	at com.kms.katalon.core.main.TestCaseExecutor.processExecutionPhase(TestCaseExecutor.java:418)
	at com.kms.katalon.core.main.TestCaseExecutor.accessMainPhase(TestCaseExecutor.java:410)
	at com.kms.katalon.core.main.TestCaseExecutor.execute(TestCaseExecutor.java:285)
	at com.kms.katalon.core.common.CommonExecutor.accessTestCaseMainPhase(CommonExecutor.java:65)
	at com.kms.katalon.core.main.TestSuiteExecutor.accessTestSuiteMainPhase(TestSuiteExecutor.java:148)
	at com.kms.katalon.core.main.TestSuiteExecutor.execute(TestSuiteExecutor.java:106)
	at com.kms.katalon.core.main.TestCaseMain.startTestSuite(TestCaseMain.java:187)
	at com.kms.katalon.core.main.TestCaseMain$startTestSuite$0.call(Unknown Source)
	at TempTestSuite1703729701474.run(TempTestSuite1703729701474.groovy:36)
Caused by: com.kms.katalon.core.exception.StepFailedException: com.kms.katalon.core.webui.exception.WebElementNotFoundException: Web element with id: 'Object Repository/Page_Homescreen/titlePage_Dashboard' located by '//div[@id='b1-Title']/span' not found
	at com.kms.katalon.core.webui.keyword.internal.WebUIKeywordMain.stepFailed(WebUIKeywordMain.groovy:64)
	at com.kms.katalon.core.webui.keyword.builtin.VerifyElementTextKeyword$_verifyElementText_closure1.doCall(VerifyElementTextKeyword.groovy:64)
	at com.kms.katalon.core.webui.keyword.builtin.VerifyElementTextKeyword$_verifyElementText_closure1.call(VerifyElementTextKeyword.groovy)
	at com.kms.katalon.core.webui.keyword.internal.WebUIKeywordMain.runKeyword(WebUIKeywordMain.groovy:20)
	... 19 more


2023-12-28 10:22:57 - [TEST_STEP][PASSED] - openBrowser(""): Browser is opened with url: ''

2023-12-28 10:22:57 - [MESSAGE][WARNING] - A browser is already opened. Closing browser and opening a new one

2023-12-28 10:22:57 - [MESSAGE][INFO] - Starting 'Chrome' driver

2023-12-28 10:22:57 - [MESSAGE][INFO] - User set preference: ['args', '[--start-maximized, UnexpectedAlertBehaviour=ignore]']

2023-12-28 10:22:57 - [MESSAGE][INFO] - User set preference: ['acceptInsecureCerts', 'true']

2023-12-28 10:22:57 - [MESSAGE][INFO] - Action delay is set to 0 milliseconds

2023-12-28 10:22:58 - [MESSAGE][PASSED] - Browser is opened with url: ''

2023-12-28 10:22:58 - [TEST_STEP][PASSED] - navigateToUrl(URL_vendor): Navigate to 'https://10.143.206.85/NTVP_TH/Login' successfully

2023-12-28 10:22:59 - [MESSAGE][PASSED] - Navigate to 'https://10.143.206.85/NTVP_TH/Login' successfully

2023-12-28 10:22:59 - [TEST_STEP][PASSED] - setText(findTestObject("Object Repository/Page_Login/input_Username"), "12202023_VP"): Text '12202023_VP' is set on object 'Object Repository/Page_Login/input_Username'

2023-12-28 10:23:01 - [MESSAGE][PASSED] - Text '12202023_VP' is set on object 'Object Repository/Page_Login/input_Username'

2023-12-28 10:23:01 - [TEST_STEP][PASSED] - setEncryptedText(findTestObject("Object Repository/Page_Login/input_Password"), "xngilo02Z2BNHXedMmXvHw=="): Text ****** has been set on object 'Object Repository/Page_Login/input_Password'

2023-12-28 10:23:02 - [MESSAGE][PASSED] - Text ****** has been set on object 'Object Repository/Page_Login/input_Password'

2023-12-28 10:23:02 - [TEST_STEP][PASSED] - click(findTestObject("Object Repository/Page_Login/button_Login")): Object: 'Object Repository/Page_Login/button_Login' is clicked on

2023-12-28 10:23:03 - [MESSAGE][PASSED] - Object: 'Object Repository/Page_Login/button_Login' is clicked on

2023-12-28 10:23:03 - [TEST_STEP][PASSED] - delay(2): Delayed 2 second(s)

2023-12-28 10:23:05 - [MESSAGE][PASSED] - Delayed 2 second(s)

2023-12-28 10:23:05 - [TEST_STEP][PASSED] - navigateToUrl("https://10.143.206.85/NonTradeVendorPortal/"): Navigate to 'https://10.143.206.85/NonTradeVendorPortal/' successfully

2023-12-28 10:23:05 - [MESSAGE][PASSED] - Navigate to 'https://10.143.206.85/NonTradeVendorPortal/' successfully

2023-12-28 10:23:05 - [TEST_STEP][FAILED] - verifyElementText(findTestObject("Object Repository/Page_Homescreen/titlePage_Dashboard"), "Dashboard"): Verify element text of test object 'Object Repository/Page_Homescreen/titlePage_Dashboard' FAILED. (Root cause: com.kms.katalon.core.exception.StepFailedException: Verify element text of test object 'Object Repository/Page_Homescreen/titlePage_Dashboard' FAILED.
	at com.kms.katalon.core.webui.keyword.internal.WebUIKeywordMain.stepFailed(WebUIKeywordMain.groovy:64)
	at com.kms.katalon.core.webui.keyword.internal.WebUIKeywordMain.runKeyword(WebUIKeywordMain.groovy:26)
	at com.kms.katalon.core.webui.keyword.builtin.VerifyElementTextKeyword.verifyElementText(VerifyElementTextKeyword.groovy:72)
	at com.kms.katalon.core.webui.keyword.builtin.VerifyElementTextKeyword.execute(VerifyElementTextKeyword.groovy:40)
	at com.kms.katalon.core.keyword.internal.KeywordExecutor.executeKeywordForPlatform(KeywordExecutor.groovy:74)
	at com.kms.katalon.core.webui.keyword.WebUiBuiltInKeywords.verifyElementText(WebUiBuiltInKeywords.groovy:4749)
	at com.kms.katalon.core.webui.keyword.WebUiBuiltInKeywords$verifyElementText$4.call(Unknown Source)
	at TC010_ViewUnreadForm2307_NoRecords.run(TC010_ViewUnreadForm2307_NoRecords:43)
	at com.kms.katalon.core.main.ScriptEngine.run(ScriptEngine.java:194)
	at com.kms.katalon.core.main.ScriptEngine.runScriptAsRawText(ScriptEngine.java:119)
	at com.kms.katalon.core.main.TestCaseExecutor.runScript(TestCaseExecutor.java:448)
	at com.kms.katalon.core.main.TestCaseExecutor.doExecute(TestCaseExecutor.java:439)
	at com.kms.katalon.core.main.TestCaseExecutor.processExecutionPhase(TestCaseExecutor.java:418)
	at com.kms.katalon.core.main.TestCaseExecutor.accessMainPhase(TestCaseExecutor.java:410)
	at com.kms.katalon.core.main.TestCaseExecutor.execute(TestCaseExecutor.java:285)
	at com.kms.katalon.core.common.CommonExecutor.accessTestCaseMainPhase(CommonExecutor.java:65)
	at com.kms.katalon.core.main.TestSuiteExecutor.accessTestSuiteMainPhase(TestSuiteExecutor.java:148)
	at com.kms.katalon.core.main.TestSuiteExecutor.execute(TestSuiteExecutor.java:106)
	at com.kms.katalon.core.main.TestCaseMain.startTestSuite(TestCaseMain.java:187)
	at com.kms.katalon.core.main.TestCaseMain$startTestSuite$0.call(Unknown Source)
	at TempTestSuite1703729701474.run(TempTestSuite1703729701474.groovy:36)
Caused by: com.kms.katalon.core.exception.StepFailedException: com.kms.katalon.core.webui.exception.WebElementNotFoundException: Web element with id: 'Object Repository/Page_Homescreen/titlePage_Dashboard' located by '//div[@id='b1-Title']/span' not found
	at com.kms.katalon.core.webui.keyword.internal.WebUIKeywordMain.stepFailed(WebUIKeywordMain.groovy:64)
	at com.kms.katalon.core.webui.keyword.builtin.VerifyElementTextKeyword$_verifyElementText_closure1.doCall(VerifyElementTextKeyword.groovy:64)
	at com.kms.katalon.core.webui.keyword.builtin.VerifyElementTextKeyword$_verifyElementText_closure1.call(VerifyElementTextKeyword.groovy)
	at com.kms.katalon.core.webui.keyword.internal.WebUIKeywordMain.runKeyword(WebUIKeywordMain.groovy:20)
	... 19 more
)

2023-12-28 10:23:48 - [MESSAGE][INFO] - Unable to find the element located by 'By.xpath: //div[@id='b1-Title']/span'. Please recheck the objects properties to make sure the desired element is located. 

2023-12-28 10:23:48 - [MESSAGE][FAILED] - com.kms.katalon.core.webui.exception.WebElementNotFoundException: Web element with id: 'Object Repository/Page_Homescreen/titlePage_Dashboard' located by '//div[@id='b1-Title']/span' not found (Root cause: com.kms.katalon.core.exception.StepFailedException: com.kms.katalon.core.webui.exception.WebElementNotFoundException: Web element with id: 'Object Repository/Page_Homescreen/titlePage_Dashboard' located by '//div[@id='b1-Title']/span' not found
	at com.kms.katalon.core.webui.keyword.internal.WebUIKeywordMain.stepFailed(WebUIKeywordMain.groovy:64)
	at com.kms.katalon.core.webui.keyword.builtin.VerifyElementTextKeyword$_verifyElementText_closure1.doCall(VerifyElementTextKeyword.groovy:64)
	at com.kms.katalon.core.webui.keyword.builtin.VerifyElementTextKeyword$_verifyElementText_closure1.call(VerifyElementTextKeyword.groovy)
	at com.kms.katalon.core.webui.keyword.internal.WebUIKeywordMain.runKeyword(WebUIKeywordMain.groovy:20)
	at com.kms.katalon.core.webui.keyword.builtin.VerifyElementTextKeyword.verifyElementText(VerifyElementTextKeyword.groovy:72)
	at com.kms.katalon.core.webui.keyword.builtin.VerifyElementTextKeyword.execute(VerifyElementTextKeyword.groovy:40)
	at com.kms.katalon.core.keyword.internal.KeywordExecutor.executeKeywordForPlatform(KeywordExecutor.groovy:74)
	at com.kms.katalon.core.webui.keyword.WebUiBuiltInKeywords.verifyElementText(WebUiBuiltInKeywords.groovy:4749)
	at com.kms.katalon.core.webui.keyword.WebUiBuiltInKeywords$verifyElementText$4.call(Unknown Source)
	at TC010_ViewUnreadForm2307_NoRecords.run(TC010_ViewUnreadForm2307_NoRecords:43)
	at com.kms.katalon.core.main.ScriptEngine.run(ScriptEngine.java:194)
	at com.kms.katalon.core.main.ScriptEngine.runScriptAsRawText(ScriptEngine.java:119)
	at com.kms.katalon.core.main.TestCaseExecutor.runScript(TestCaseExecutor.java:448)
	at com.kms.katalon.core.main.TestCaseExecutor.doExecute(TestCaseExecutor.java:439)
	at com.kms.katalon.core.main.TestCaseExecutor.processExecutionPhase(TestCaseExecutor.java:418)
	at com.kms.katalon.core.main.TestCaseExecutor.accessMainPhase(TestCaseExecutor.java:410)
	at com.kms.katalon.core.main.TestCaseExecutor.execute(TestCaseExecutor.java:285)
	at com.kms.katalon.core.common.CommonExecutor.accessTestCaseMainPhase(CommonExecutor.java:65)
	at com.kms.katalon.core.main.TestSuiteExecutor.accessTestSuiteMainPhase(TestSuiteExecutor.java:148)
	at com.kms.katalon.core.main.TestSuiteExecutor.execute(TestSuiteExecutor.java:106)
	at com.kms.katalon.core.main.TestCaseMain.startTestSuite(TestCaseMain.java:187)
	at com.kms.katalon.core.main.TestCaseMain$startTestSuite$0.call(Unknown Source)
	at TempTestSuite1703729701474.run(TempTestSuite1703729701474.groovy:36)
)
[[ATTACHMENT|C:\\Users\\User\\git\\ProjectHermes\\Reports\\20231228_101501\\Dashboad_Regression\\20231228_101501\\1703730228620.png]]

2023-12-28 10:23:48 - [MESSAGE][FAILED] - Verify element text of test object 'Object Repository/Page_Homescreen/titlePage_Dashboard' FAILED. (Root cause: com.kms.katalon.core.exception.StepFailedException: Verify element text of test object 'Object Repository/Page_Homescreen/titlePage_Dashboard' FAILED.
	at com.kms.katalon.core.webui.keyword.internal.WebUIKeywordMain.stepFailed(WebUIKeywordMain.groovy:64)
	at com.kms.katalon.core.webui.keyword.internal.WebUIKeywordMain.runKeyword(WebUIKeywordMain.groovy:26)
	at com.kms.katalon.core.webui.keyword.builtin.VerifyElementTextKeyword.verifyElementText(VerifyElementTextKeyword.groovy:72)
	at com.kms.katalon.core.webui.keyword.builtin.VerifyElementTextKeyword.execute(VerifyElementTextKeyword.groovy:40)
	at com.kms.katalon.core.keyword.internal.KeywordExecutor.executeKeywordForPlatform(KeywordExecutor.groovy:74)
	at com.kms.katalon.core.webui.keyword.WebUiBuiltInKeywords.verifyElementText(WebUiBuiltInKeywords.groovy:4749)
	at com.kms.katalon.core.webui.keyword.WebUiBuiltInKeywords$verifyElementText$4.call(Unknown Source)
	at TC010_ViewUnreadForm2307_NoRecords.run(TC010_ViewUnreadForm2307_NoRecords:43)
	at com.kms.katalon.core.main.ScriptEngine.run(ScriptEngine.java:194)
	at com.kms.katalon.core.main.ScriptEngine.runScriptAsRawText(ScriptEngine.java:119)
	at com.kms.katalon.core.main.TestCaseExecutor.runScript(TestCaseExecutor.java:448)
	at com.kms.katalon.core.main.TestCaseExecutor.doExecute(TestCaseExecutor.java:439)
	at com.kms.katalon.core.main.TestCaseExecutor.processExecutionPhase(TestCaseExecutor.java:418)
	at com.kms.katalon.core.main.TestCaseExecutor.accessMainPhase(TestCaseExecutor.java:410)
	at com.kms.katalon.core.main.TestCaseExecutor.execute(TestCaseExecutor.java:285)
	at com.kms.katalon.core.common.CommonExecutor.accessTestCaseMainPhase(CommonExecutor.java:65)
	at com.kms.katalon.core.main.TestSuiteExecutor.accessTestSuiteMainPhase(TestSuiteExecutor.java:148)
	at com.kms.katalon.core.main.TestSuiteExecutor.execute(TestSuiteExecutor.java:106)
	at com.kms.katalon.core.main.TestCaseMain.startTestSuite(TestCaseMain.java:187)
	at com.kms.katalon.core.main.TestCaseMain$startTestSuite$0.call(Unknown Source)
	at TempTestSuite1703729701474.run(TempTestSuite1703729701474.groovy:36)
Caused by: com.kms.katalon.core.exception.StepFailedException: com.kms.katalon.core.webui.exception.WebElementNotFoundException: Web element with id: 'Object Repository/Page_Homescreen/titlePage_Dashboard' located by '//div[@id='b1-Title']/span' not found
	at com.kms.katalon.core.webui.keyword.internal.WebUIKeywordMain.stepFailed(WebUIKeywordMain.groovy:64)
	at com.kms.katalon.core.webui.keyword.builtin.VerifyElementTextKeyword$_verifyElementText_closure1.doCall(VerifyElementTextKeyword.groovy:64)
	at com.kms.katalon.core.webui.keyword.builtin.VerifyElementTextKeyword$_verifyElementText_closure1.call(VerifyElementTextKeyword.groovy)
	at com.kms.katalon.core.webui.keyword.internal.WebUIKeywordMain.runKeyword(WebUIKeywordMain.groovy:20)
	... 19 more
)
[[ATTACHMENT|C:\\Users\\User\\git\\ProjectHermes\\Reports\\20231228_101501\\Dashboad_Regression\\20231228_101501\\1703730228761.png]]]]></system-out>
         <system-err><![CDATA[2023-12-28 10:22:56 - [TEST_CASE][FAILED] - Test Cases/Sprint 1/Dashboard_TC/TC010_ViewUnreadForm2307_NoRecords: Test Cases/Sprint 1/Dashboard_TC/TC010_ViewUnreadForm2307_NoRecords FAILED.
Reason:
com.kms.katalon.core.exception.StepFailedException: Verify element text of test object 'Object Repository/Page_Homescreen/titlePage_Dashboard' FAILED.
	at com.kms.katalon.core.webui.keyword.internal.WebUIKeywordMain.stepFailed(WebUIKeywordMain.groovy:64)
	at com.kms.katalon.core.webui.keyword.internal.WebUIKeywordMain.runKeyword(WebUIKeywordMain.groovy:26)
	at com.kms.katalon.core.webui.keyword.builtin.VerifyElementTextKeyword.verifyElementText(VerifyElementTextKeyword.groovy:72)
	at com.kms.katalon.core.webui.keyword.builtin.VerifyElementTextKeyword.execute(VerifyElementTextKeyword.groovy:40)
	at com.kms.katalon.core.keyword.internal.KeywordExecutor.executeKeywordForPlatform(KeywordExecutor.groovy:74)
	at com.kms.katalon.core.webui.keyword.WebUiBuiltInKeywords.verifyElementText(WebUiBuiltInKeywords.groovy:4749)
	at com.kms.katalon.core.webui.keyword.WebUiBuiltInKeywords$verifyElementText$4.call(Unknown Source)
	at TC010_ViewUnreadForm2307_NoRecords.run(TC010_ViewUnreadForm2307_NoRecords:43)
	at com.kms.katalon.core.main.ScriptEngine.run(ScriptEngine.java:194)
	at com.kms.katalon.core.main.ScriptEngine.runScriptAsRawText(ScriptEngine.java:119)
	at com.kms.katalon.core.main.TestCaseExecutor.runScript(TestCaseExecutor.java:448)
	at com.kms.katalon.core.main.TestCaseExecutor.doExecute(TestCaseExecutor.java:439)
	at com.kms.katalon.core.main.TestCaseExecutor.processExecutionPhase(TestCaseExecutor.java:418)
	at com.kms.katalon.core.main.TestCaseExecutor.accessMainPhase(TestCaseExecutor.java:410)
	at com.kms.katalon.core.main.TestCaseExecutor.execute(TestCaseExecutor.java:285)
	at com.kms.katalon.core.common.CommonExecutor.accessTestCaseMainPhase(CommonExecutor.java:65)
	at com.kms.katalon.core.main.TestSuiteExecutor.accessTestSuiteMainPhase(TestSuiteExecutor.java:148)
	at com.kms.katalon.core.main.TestSuiteExecutor.execute(TestSuiteExecutor.java:106)
	at com.kms.katalon.core.main.TestCaseMain.startTestSuite(TestCaseMain.java:187)
	at com.kms.katalon.core.main.TestCaseMain$startTestSuite$0.call(Unknown Source)
	at TempTestSuite1703729701474.run(TempTestSuite1703729701474.groovy:36)
Caused by: com.kms.katalon.core.exception.StepFailedException: com.kms.katalon.core.webui.exception.WebElementNotFoundException: Web element with id: 'Object Repository/Page_Homescreen/titlePage_Dashboard' located by '//div[@id='b1-Title']/span' not found
	at com.kms.katalon.core.webui.keyword.internal.WebUIKeywordMain.stepFailed(WebUIKeywordMain.groovy:64)
	at com.kms.katalon.core.webui.keyword.builtin.VerifyElementTextKeyword$_verifyElementText_closure1.doCall(VerifyElementTextKeyword.groovy:64)
	at com.kms.katalon.core.webui.keyword.builtin.VerifyElementTextKeyword$_verifyElementText_closure1.call(VerifyElementTextKeyword.groovy)
	at com.kms.katalon.core.webui.keyword.internal.WebUIKeywordMain.runKeyword(WebUIKeywordMain.groovy:20)
	... 19 more]]></system-err>
      </testcase>
      <testcase name="Test Cases/Sprint 1/Dashboard_TC/TC011_ViewPublishedBulletinMemo_NoRecords" time="52.706" classname="Test Cases/Sprint 1/Dashboard_TC/TC011_ViewPublishedBulletinMemo_NoRecords" status="FAILED">
         <failure type="FAILED" message="Test Cases/Sprint 1/Dashboard_TC/TC011_ViewPublishedBulletinMemo_NoRecords FAILED.
Reason:
com.kms.katalon.core.exception.StepFailedException: Verify element text of test object 'Object Repository/Page_Homescreen/titlePage_Dashboard' FAILED.
	at com.kms.katalon.core.webui.keyword.internal.WebUIKeywordMain.stepFailed(WebUIKeywordMain.groovy:64)
	at com.kms.katalon.core.webui.keyword.internal.WebUIKeywordMain.runKeyword(WebUIKeywordMain.groovy:26)
	at com.kms.katalon.core.webui.keyword.builtin.VerifyElementTextKeyword.verifyElementText(VerifyElementTextKeyword.groovy:72)
	at com.kms.katalon.core.webui.keyword.builtin.VerifyElementTextKeyword.execute(VerifyElementTextKeyword.groovy:40)
	at com.kms.katalon.core.keyword.internal.KeywordExecutor.executeKeywordForPlatform(KeywordExecutor.groovy:74)
	at com.kms.katalon.core.webui.keyword.WebUiBuiltInKeywords.verifyElementText(WebUiBuiltInKeywords.groovy:4749)
	at com.kms.katalon.core.webui.keyword.WebUiBuiltInKeywords$verifyElementText$4.call(Unknown Source)
	at TC011_ViewPublishedBulletinMemo_NoRecords.run(TC011_ViewPublishedBulletinMemo_NoRecords:43)
	at com.kms.katalon.core.main.ScriptEngine.run(ScriptEngine.java:194)
	at com.kms.katalon.core.main.ScriptEngine.runScriptAsRawText(ScriptEngine.java:119)
	at com.kms.katalon.core.main.TestCaseExecutor.runScript(TestCaseExecutor.java:448)
	at com.kms.katalon.core.main.TestCaseExecutor.doExecute(TestCaseExecutor.java:439)
	at com.kms.katalon.core.main.TestCaseExecutor.processExecutionPhase(TestCaseExecutor.java:418)
	at com.kms.katalon.core.main.TestCaseExecutor.accessMainPhase(TestCaseExecutor.java:410)
	at com.kms.katalon.core.main.TestCaseExecutor.execute(TestCaseExecutor.java:285)
	at com.kms.katalon.core.common.CommonExecutor.accessTestCaseMainPhase(CommonExecutor.java:65)
	at com.kms.katalon.core.main.TestSuiteExecutor.accessTestSuiteMainPhase(TestSuiteExecutor.java:148)
	at com.kms.katalon.core.main.TestSuiteExecutor.execute(TestSuiteExecutor.java:106)
	at com.kms.katalon.core.main.TestCaseMain.startTestSuite(TestCaseMain.java:187)
	at com.kms.katalon.core.main.TestCaseMain$startTestSuite$0.call(Unknown Source)
	at TempTestSuite1703729701474.run(TempTestSuite1703729701474.groovy:36)
Caused by: com.kms.katalon.core.exception.StepFailedException: com.kms.katalon.core.webui.exception.WebElementNotFoundException: Web element with id: 'Object Repository/Page_Homescreen/titlePage_Dashboard' located by '//div[@id='b1-Title']/span' not found
	at com.kms.katalon.core.webui.keyword.internal.WebUIKeywordMain.stepFailed(WebUIKeywordMain.groovy:64)
	at com.kms.katalon.core.webui.keyword.builtin.VerifyElementTextKeyword$_verifyElementText_closure1.doCall(VerifyElementTextKeyword.groovy:64)
	at com.kms.katalon.core.webui.keyword.builtin.VerifyElementTextKeyword$_verifyElementText_closure1.call(VerifyElementTextKeyword.groovy)
	at com.kms.katalon.core.webui.keyword.internal.WebUIKeywordMain.runKeyword(WebUIKeywordMain.groovy:20)
	... 19 more
"/>
         <system-out><![CDATA[2023-12-28 10:23:48 - [TEST_CASE][FAILED] - Test Cases/Sprint 1/Dashboard_TC/TC011_ViewPublishedBulletinMemo_NoRecords: Test Cases/Sprint 1/Dashboard_TC/TC011_ViewPublishedBulletinMemo_NoRecords FAILED.
Reason:
com.kms.katalon.core.exception.StepFailedException: Verify element text of test object 'Object Repository/Page_Homescreen/titlePage_Dashboard' FAILED.
	at com.kms.katalon.core.webui.keyword.internal.WebUIKeywordMain.stepFailed(WebUIKeywordMain.groovy:64)
	at com.kms.katalon.core.webui.keyword.internal.WebUIKeywordMain.runKeyword(WebUIKeywordMain.groovy:26)
	at com.kms.katalon.core.webui.keyword.builtin.VerifyElementTextKeyword.verifyElementText(VerifyElementTextKeyword.groovy:72)
	at com.kms.katalon.core.webui.keyword.builtin.VerifyElementTextKeyword.execute(VerifyElementTextKeyword.groovy:40)
	at com.kms.katalon.core.keyword.internal.KeywordExecutor.executeKeywordForPlatform(KeywordExecutor.groovy:74)
	at com.kms.katalon.core.webui.keyword.WebUiBuiltInKeywords.verifyElementText(WebUiBuiltInKeywords.groovy:4749)
	at com.kms.katalon.core.webui.keyword.WebUiBuiltInKeywords$verifyElementText$4.call(Unknown Source)
	at TC011_ViewPublishedBulletinMemo_NoRecords.run(TC011_ViewPublishedBulletinMemo_NoRecords:43)
	at com.kms.katalon.core.main.ScriptEngine.run(ScriptEngine.java:194)
	at com.kms.katalon.core.main.ScriptEngine.runScriptAsRawText(ScriptEngine.java:119)
	at com.kms.katalon.core.main.TestCaseExecutor.runScript(TestCaseExecutor.java:448)
	at com.kms.katalon.core.main.TestCaseExecutor.doExecute(TestCaseExecutor.java:439)
	at com.kms.katalon.core.main.TestCaseExecutor.processExecutionPhase(TestCaseExecutor.java:418)
	at com.kms.katalon.core.main.TestCaseExecutor.accessMainPhase(TestCaseExecutor.java:410)
	at com.kms.katalon.core.main.TestCaseExecutor.execute(TestCaseExecutor.java:285)
	at com.kms.katalon.core.common.CommonExecutor.accessTestCaseMainPhase(CommonExecutor.java:65)
	at com.kms.katalon.core.main.TestSuiteExecutor.accessTestSuiteMainPhase(TestSuiteExecutor.java:148)
	at com.kms.katalon.core.main.TestSuiteExecutor.execute(TestSuiteExecutor.java:106)
	at com.kms.katalon.core.main.TestCaseMain.startTestSuite(TestCaseMain.java:187)
	at com.kms.katalon.core.main.TestCaseMain$startTestSuite$0.call(Unknown Source)
	at TempTestSuite1703729701474.run(TempTestSuite1703729701474.groovy:36)
Caused by: com.kms.katalon.core.exception.StepFailedException: com.kms.katalon.core.webui.exception.WebElementNotFoundException: Web element with id: 'Object Repository/Page_Homescreen/titlePage_Dashboard' located by '//div[@id='b1-Title']/span' not found
	at com.kms.katalon.core.webui.keyword.internal.WebUIKeywordMain.stepFailed(WebUIKeywordMain.groovy:64)
	at com.kms.katalon.core.webui.keyword.builtin.VerifyElementTextKeyword$_verifyElementText_closure1.doCall(VerifyElementTextKeyword.groovy:64)
	at com.kms.katalon.core.webui.keyword.builtin.VerifyElementTextKeyword$_verifyElementText_closure1.call(VerifyElementTextKeyword.groovy)
	at com.kms.katalon.core.webui.keyword.internal.WebUIKeywordMain.runKeyword(WebUIKeywordMain.groovy:20)
	... 19 more


2023-12-28 10:23:49 - [TEST_STEP][PASSED] - openBrowser(""): Browser is opened with url: ''

2023-12-28 10:23:49 - [MESSAGE][WARNING] - A browser is already opened. Closing browser and opening a new one

2023-12-28 10:23:49 - [MESSAGE][INFO] - Starting 'Chrome' driver

2023-12-28 10:23:49 - [MESSAGE][INFO] - User set preference: ['args', '[--start-maximized, UnexpectedAlertBehaviour=ignore]']

2023-12-28 10:23:49 - [MESSAGE][INFO] - User set preference: ['acceptInsecureCerts', 'true']

2023-12-28 10:23:49 - [MESSAGE][INFO] - Action delay is set to 0 milliseconds

2023-12-28 10:23:51 - [MESSAGE][PASSED] - Browser is opened with url: ''

2023-12-28 10:23:51 - [TEST_STEP][PASSED] - navigateToUrl(URL_vendor): Navigate to 'https://10.143.206.85/NTVP_TH/Login' successfully

2023-12-28 10:23:51 - [MESSAGE][PASSED] - Navigate to 'https://10.143.206.85/NTVP_TH/Login' successfully

2023-12-28 10:23:51 - [TEST_STEP][PASSED] - setText(findTestObject("Object Repository/Page_Login/input_Username"), "12202023_VP"): Text '12202023_VP' is set on object 'Object Repository/Page_Login/input_Username'

2023-12-28 10:23:54 - [MESSAGE][PASSED] - Text '12202023_VP' is set on object 'Object Repository/Page_Login/input_Username'

2023-12-28 10:23:54 - [TEST_STEP][PASSED] - setEncryptedText(findTestObject("Object Repository/Page_Login/input_Password"), "xngilo02Z2BNHXedMmXvHw=="): Text ****** has been set on object 'Object Repository/Page_Login/input_Password'

2023-12-28 10:23:55 - [MESSAGE][PASSED] - Text ****** has been set on object 'Object Repository/Page_Login/input_Password'

2023-12-28 10:23:55 - [TEST_STEP][PASSED] - click(findTestObject("Object Repository/Page_Login/button_Login")): Object: 'Object Repository/Page_Login/button_Login' is clicked on

2023-12-28 10:23:55 - [MESSAGE][PASSED] - Object: 'Object Repository/Page_Login/button_Login' is clicked on

2023-12-28 10:23:55 - [TEST_STEP][PASSED] - delay(2): Delayed 2 second(s)

2023-12-28 10:23:57 - [MESSAGE][PASSED] - Delayed 2 second(s)

2023-12-28 10:23:57 - [TEST_STEP][PASSED] - navigateToUrl("https://10.143.206.85/NonTradeVendorPortal/"): Navigate to 'https://10.143.206.85/NonTradeVendorPortal/' successfully

2023-12-28 10:23:58 - [MESSAGE][PASSED] - Navigate to 'https://10.143.206.85/NonTradeVendorPortal/' successfully

2023-12-28 10:23:58 - [TEST_STEP][FAILED] - verifyElementText(findTestObject("Object Repository/Page_Homescreen/titlePage_Dashboard"), "Dashboard"): Verify element text of test object 'Object Repository/Page_Homescreen/titlePage_Dashboard' FAILED. (Root cause: com.kms.katalon.core.exception.StepFailedException: Verify element text of test object 'Object Repository/Page_Homescreen/titlePage_Dashboard' FAILED.
	at com.kms.katalon.core.webui.keyword.internal.WebUIKeywordMain.stepFailed(WebUIKeywordMain.groovy:64)
	at com.kms.katalon.core.webui.keyword.internal.WebUIKeywordMain.runKeyword(WebUIKeywordMain.groovy:26)
	at com.kms.katalon.core.webui.keyword.builtin.VerifyElementTextKeyword.verifyElementText(VerifyElementTextKeyword.groovy:72)
	at com.kms.katalon.core.webui.keyword.builtin.VerifyElementTextKeyword.execute(VerifyElementTextKeyword.groovy:40)
	at com.kms.katalon.core.keyword.internal.KeywordExecutor.executeKeywordForPlatform(KeywordExecutor.groovy:74)
	at com.kms.katalon.core.webui.keyword.WebUiBuiltInKeywords.verifyElementText(WebUiBuiltInKeywords.groovy:4749)
	at com.kms.katalon.core.webui.keyword.WebUiBuiltInKeywords$verifyElementText$4.call(Unknown Source)
	at TC011_ViewPublishedBulletinMemo_NoRecords.run(TC011_ViewPublishedBulletinMemo_NoRecords:43)
	at com.kms.katalon.core.main.ScriptEngine.run(ScriptEngine.java:194)
	at com.kms.katalon.core.main.ScriptEngine.runScriptAsRawText(ScriptEngine.java:119)
	at com.kms.katalon.core.main.TestCaseExecutor.runScript(TestCaseExecutor.java:448)
	at com.kms.katalon.core.main.TestCaseExecutor.doExecute(TestCaseExecutor.java:439)
	at com.kms.katalon.core.main.TestCaseExecutor.processExecutionPhase(TestCaseExecutor.java:418)
	at com.kms.katalon.core.main.TestCaseExecutor.accessMainPhase(TestCaseExecutor.java:410)
	at com.kms.katalon.core.main.TestCaseExecutor.execute(TestCaseExecutor.java:285)
	at com.kms.katalon.core.common.CommonExecutor.accessTestCaseMainPhase(CommonExecutor.java:65)
	at com.kms.katalon.core.main.TestSuiteExecutor.accessTestSuiteMainPhase(TestSuiteExecutor.java:148)
	at com.kms.katalon.core.main.TestSuiteExecutor.execute(TestSuiteExecutor.java:106)
	at com.kms.katalon.core.main.TestCaseMain.startTestSuite(TestCaseMain.java:187)
	at com.kms.katalon.core.main.TestCaseMain$startTestSuite$0.call(Unknown Source)
	at TempTestSuite1703729701474.run(TempTestSuite1703729701474.groovy:36)
Caused by: com.kms.katalon.core.exception.StepFailedException: com.kms.katalon.core.webui.exception.WebElementNotFoundException: Web element with id: 'Object Repository/Page_Homescreen/titlePage_Dashboard' located by '//div[@id='b1-Title']/span' not found
	at com.kms.katalon.core.webui.keyword.internal.WebUIKeywordMain.stepFailed(WebUIKeywordMain.groovy:64)
	at com.kms.katalon.core.webui.keyword.builtin.VerifyElementTextKeyword$_verifyElementText_closure1.doCall(VerifyElementTextKeyword.groovy:64)
	at com.kms.katalon.core.webui.keyword.builtin.VerifyElementTextKeyword$_verifyElementText_closure1.call(VerifyElementTextKeyword.groovy)
	at com.kms.katalon.core.webui.keyword.internal.WebUIKeywordMain.runKeyword(WebUIKeywordMain.groovy:20)
	... 19 more
)

2023-12-28 10:24:41 - [MESSAGE][INFO] - Unable to find the element located by 'By.xpath: //div[@id='b1-Title']/span'. Please recheck the objects properties to make sure the desired element is located. 

2023-12-28 10:24:41 - [MESSAGE][FAILED] - com.kms.katalon.core.webui.exception.WebElementNotFoundException: Web element with id: 'Object Repository/Page_Homescreen/titlePage_Dashboard' located by '//div[@id='b1-Title']/span' not found (Root cause: com.kms.katalon.core.exception.StepFailedException: com.kms.katalon.core.webui.exception.WebElementNotFoundException: Web element with id: 'Object Repository/Page_Homescreen/titlePage_Dashboard' located by '//div[@id='b1-Title']/span' not found
	at com.kms.katalon.core.webui.keyword.internal.WebUIKeywordMain.stepFailed(WebUIKeywordMain.groovy:64)
	at com.kms.katalon.core.webui.keyword.builtin.VerifyElementTextKeyword$_verifyElementText_closure1.doCall(VerifyElementTextKeyword.groovy:64)
	at com.kms.katalon.core.webui.keyword.builtin.VerifyElementTextKeyword$_verifyElementText_closure1.call(VerifyElementTextKeyword.groovy)
	at com.kms.katalon.core.webui.keyword.internal.WebUIKeywordMain.runKeyword(WebUIKeywordMain.groovy:20)
	at com.kms.katalon.core.webui.keyword.builtin.VerifyElementTextKeyword.verifyElementText(VerifyElementTextKeyword.groovy:72)
	at com.kms.katalon.core.webui.keyword.builtin.VerifyElementTextKeyword.execute(VerifyElementTextKeyword.groovy:40)
	at com.kms.katalon.core.keyword.internal.KeywordExecutor.executeKeywordForPlatform(KeywordExecutor.groovy:74)
	at com.kms.katalon.core.webui.keyword.WebUiBuiltInKeywords.verifyElementText(WebUiBuiltInKeywords.groovy:4749)
	at com.kms.katalon.core.webui.keyword.WebUiBuiltInKeywords$verifyElementText$4.call(Unknown Source)
	at TC011_ViewPublishedBulletinMemo_NoRecords.run(TC011_ViewPublishedBulletinMemo_NoRecords:43)
	at com.kms.katalon.core.main.ScriptEngine.run(ScriptEngine.java:194)
	at com.kms.katalon.core.main.ScriptEngine.runScriptAsRawText(ScriptEngine.java:119)
	at com.kms.katalon.core.main.TestCaseExecutor.runScript(TestCaseExecutor.java:448)
	at com.kms.katalon.core.main.TestCaseExecutor.doExecute(TestCaseExecutor.java:439)
	at com.kms.katalon.core.main.TestCaseExecutor.processExecutionPhase(TestCaseExecutor.java:418)
	at com.kms.katalon.core.main.TestCaseExecutor.accessMainPhase(TestCaseExecutor.java:410)
	at com.kms.katalon.core.main.TestCaseExecutor.execute(TestCaseExecutor.java:285)
	at com.kms.katalon.core.common.CommonExecutor.accessTestCaseMainPhase(CommonExecutor.java:65)
	at com.kms.katalon.core.main.TestSuiteExecutor.accessTestSuiteMainPhase(TestSuiteExecutor.java:148)
	at com.kms.katalon.core.main.TestSuiteExecutor.execute(TestSuiteExecutor.java:106)
	at com.kms.katalon.core.main.TestCaseMain.startTestSuite(TestCaseMain.java:187)
	at com.kms.katalon.core.main.TestCaseMain$startTestSuite$0.call(Unknown Source)
	at TempTestSuite1703729701474.run(TempTestSuite1703729701474.groovy:36)
)
[[ATTACHMENT|C:\\Users\\User\\git\\ProjectHermes\\Reports\\20231228_101501\\Dashboad_Regression\\20231228_101501\\1703730281304.png]]

2023-12-28 10:24:41 - [MESSAGE][FAILED] - Verify element text of test object 'Object Repository/Page_Homescreen/titlePage_Dashboard' FAILED. (Root cause: com.kms.katalon.core.exception.StepFailedException: Verify element text of test object 'Object Repository/Page_Homescreen/titlePage_Dashboard' FAILED.
	at com.kms.katalon.core.webui.keyword.internal.WebUIKeywordMain.stepFailed(WebUIKeywordMain.groovy:64)
	at com.kms.katalon.core.webui.keyword.internal.WebUIKeywordMain.runKeyword(WebUIKeywordMain.groovy:26)
	at com.kms.katalon.core.webui.keyword.builtin.VerifyElementTextKeyword.verifyElementText(VerifyElementTextKeyword.groovy:72)
	at com.kms.katalon.core.webui.keyword.builtin.VerifyElementTextKeyword.execute(VerifyElementTextKeyword.groovy:40)
	at com.kms.katalon.core.keyword.internal.KeywordExecutor.executeKeywordForPlatform(KeywordExecutor.groovy:74)
	at com.kms.katalon.core.webui.keyword.WebUiBuiltInKeywords.verifyElementText(WebUiBuiltInKeywords.groovy:4749)
	at com.kms.katalon.core.webui.keyword.WebUiBuiltInKeywords$verifyElementText$4.call(Unknown Source)
	at TC011_ViewPublishedBulletinMemo_NoRecords.run(TC011_ViewPublishedBulletinMemo_NoRecords:43)
	at com.kms.katalon.core.main.ScriptEngine.run(ScriptEngine.java:194)
	at com.kms.katalon.core.main.ScriptEngine.runScriptAsRawText(ScriptEngine.java:119)
	at com.kms.katalon.core.main.TestCaseExecutor.runScript(TestCaseExecutor.java:448)
	at com.kms.katalon.core.main.TestCaseExecutor.doExecute(TestCaseExecutor.java:439)
	at com.kms.katalon.core.main.TestCaseExecutor.processExecutionPhase(TestCaseExecutor.java:418)
	at com.kms.katalon.core.main.TestCaseExecutor.accessMainPhase(TestCaseExecutor.java:410)
	at com.kms.katalon.core.main.TestCaseExecutor.execute(TestCaseExecutor.java:285)
	at com.kms.katalon.core.common.CommonExecutor.accessTestCaseMainPhase(CommonExecutor.java:65)
	at com.kms.katalon.core.main.TestSuiteExecutor.accessTestSuiteMainPhase(TestSuiteExecutor.java:148)
	at com.kms.katalon.core.main.TestSuiteExecutor.execute(TestSuiteExecutor.java:106)
	at com.kms.katalon.core.main.TestCaseMain.startTestSuite(TestCaseMain.java:187)
	at com.kms.katalon.core.main.TestCaseMain$startTestSuite$0.call(Unknown Source)
	at TempTestSuite1703729701474.run(TempTestSuite1703729701474.groovy:36)
Caused by: com.kms.katalon.core.exception.StepFailedException: com.kms.katalon.core.webui.exception.WebElementNotFoundException: Web element with id: 'Object Repository/Page_Homescreen/titlePage_Dashboard' located by '//div[@id='b1-Title']/span' not found
	at com.kms.katalon.core.webui.keyword.internal.WebUIKeywordMain.stepFailed(WebUIKeywordMain.groovy:64)
	at com.kms.katalon.core.webui.keyword.builtin.VerifyElementTextKeyword$_verifyElementText_closure1.doCall(VerifyElementTextKeyword.groovy:64)
	at com.kms.katalon.core.webui.keyword.builtin.VerifyElementTextKeyword$_verifyElementText_closure1.call(VerifyElementTextKeyword.groovy)
	at com.kms.katalon.core.webui.keyword.internal.WebUIKeywordMain.runKeyword(WebUIKeywordMain.groovy:20)
	... 19 more
)
[[ATTACHMENT|C:\\Users\\User\\git\\ProjectHermes\\Reports\\20231228_101501\\Dashboad_Regression\\20231228_101501\\1703730281501.png]]]]></system-out>
         <system-err><![CDATA[2023-12-28 10:23:48 - [TEST_CASE][FAILED] - Test Cases/Sprint 1/Dashboard_TC/TC011_ViewPublishedBulletinMemo_NoRecords: Test Cases/Sprint 1/Dashboard_TC/TC011_ViewPublishedBulletinMemo_NoRecords FAILED.
Reason:
com.kms.katalon.core.exception.StepFailedException: Verify element text of test object 'Object Repository/Page_Homescreen/titlePage_Dashboard' FAILED.
	at com.kms.katalon.core.webui.keyword.internal.WebUIKeywordMain.stepFailed(WebUIKeywordMain.groovy:64)
	at com.kms.katalon.core.webui.keyword.internal.WebUIKeywordMain.runKeyword(WebUIKeywordMain.groovy:26)
	at com.kms.katalon.core.webui.keyword.builtin.VerifyElementTextKeyword.verifyElementText(VerifyElementTextKeyword.groovy:72)
	at com.kms.katalon.core.webui.keyword.builtin.VerifyElementTextKeyword.execute(VerifyElementTextKeyword.groovy:40)
	at com.kms.katalon.core.keyword.internal.KeywordExecutor.executeKeywordForPlatform(KeywordExecutor.groovy:74)
	at com.kms.katalon.core.webui.keyword.WebUiBuiltInKeywords.verifyElementText(WebUiBuiltInKeywords.groovy:4749)
	at com.kms.katalon.core.webui.keyword.WebUiBuiltInKeywords$verifyElementText$4.call(Unknown Source)
	at TC011_ViewPublishedBulletinMemo_NoRecords.run(TC011_ViewPublishedBulletinMemo_NoRecords:43)
	at com.kms.katalon.core.main.ScriptEngine.run(ScriptEngine.java:194)
	at com.kms.katalon.core.main.ScriptEngine.runScriptAsRawText(ScriptEngine.java:119)
	at com.kms.katalon.core.main.TestCaseExecutor.runScript(TestCaseExecutor.java:448)
	at com.kms.katalon.core.main.TestCaseExecutor.doExecute(TestCaseExecutor.java:439)
	at com.kms.katalon.core.main.TestCaseExecutor.processExecutionPhase(TestCaseExecutor.java:418)
	at com.kms.katalon.core.main.TestCaseExecutor.accessMainPhase(TestCaseExecutor.java:410)
	at com.kms.katalon.core.main.TestCaseExecutor.execute(TestCaseExecutor.java:285)
	at com.kms.katalon.core.common.CommonExecutor.accessTestCaseMainPhase(CommonExecutor.java:65)
	at com.kms.katalon.core.main.TestSuiteExecutor.accessTestSuiteMainPhase(TestSuiteExecutor.java:148)
	at com.kms.katalon.core.main.TestSuiteExecutor.execute(TestSuiteExecutor.java:106)
	at com.kms.katalon.core.main.TestCaseMain.startTestSuite(TestCaseMain.java:187)
	at com.kms.katalon.core.main.TestCaseMain$startTestSuite$0.call(Unknown Source)
	at TempTestSuite1703729701474.run(TempTestSuite1703729701474.groovy:36)
Caused by: com.kms.katalon.core.exception.StepFailedException: com.kms.katalon.core.webui.exception.WebElementNotFoundException: Web element with id: 'Object Repository/Page_Homescreen/titlePage_Dashboard' located by '//div[@id='b1-Title']/span' not found
	at com.kms.katalon.core.webui.keyword.internal.WebUIKeywordMain.stepFailed(WebUIKeywordMain.groovy:64)
	at com.kms.katalon.core.webui.keyword.builtin.VerifyElementTextKeyword$_verifyElementText_closure1.doCall(VerifyElementTextKeyword.groovy:64)
	at com.kms.katalon.core.webui.keyword.builtin.VerifyElementTextKeyword$_verifyElementText_closure1.call(VerifyElementTextKeyword.groovy)
	at com.kms.katalon.core.webui.keyword.internal.WebUIKeywordMain.runKeyword(WebUIKeywordMain.groovy:20)
	... 19 more]]></system-err>
      </testcase>
      <testcase name="Test Cases/Sprint 1/Dashboard_TC/TC012_ViewOpenTickets_NoRecords" time="52.654" classname="Test Cases/Sprint 1/Dashboard_TC/TC012_ViewOpenTickets_NoRecords" status="FAILED">
         <failure type="FAILED" message="Test Cases/Sprint 1/Dashboard_TC/TC012_ViewOpenTickets_NoRecords FAILED.
Reason:
com.kms.katalon.core.exception.StepFailedException: Verify element text of test object 'Object Repository/Page_Homescreen/titlePage_Dashboard' FAILED.
	at com.kms.katalon.core.webui.keyword.internal.WebUIKeywordMain.stepFailed(WebUIKeywordMain.groovy:64)
	at com.kms.katalon.core.webui.keyword.internal.WebUIKeywordMain.runKeyword(WebUIKeywordMain.groovy:26)
	at com.kms.katalon.core.webui.keyword.builtin.VerifyElementTextKeyword.verifyElementText(VerifyElementTextKeyword.groovy:72)
	at com.kms.katalon.core.webui.keyword.builtin.VerifyElementTextKeyword.execute(VerifyElementTextKeyword.groovy:40)
	at com.kms.katalon.core.keyword.internal.KeywordExecutor.executeKeywordForPlatform(KeywordExecutor.groovy:74)
	at com.kms.katalon.core.webui.keyword.WebUiBuiltInKeywords.verifyElementText(WebUiBuiltInKeywords.groovy:4749)
	at com.kms.katalon.core.webui.keyword.WebUiBuiltInKeywords$verifyElementText$4.call(Unknown Source)
	at TC012_ViewOpenTickets_NoRecords.run(TC012_ViewOpenTickets_NoRecords:43)
	at com.kms.katalon.core.main.ScriptEngine.run(ScriptEngine.java:194)
	at com.kms.katalon.core.main.ScriptEngine.runScriptAsRawText(ScriptEngine.java:119)
	at com.kms.katalon.core.main.TestCaseExecutor.runScript(TestCaseExecutor.java:448)
	at com.kms.katalon.core.main.TestCaseExecutor.doExecute(TestCaseExecutor.java:439)
	at com.kms.katalon.core.main.TestCaseExecutor.processExecutionPhase(TestCaseExecutor.java:418)
	at com.kms.katalon.core.main.TestCaseExecutor.accessMainPhase(TestCaseExecutor.java:410)
	at com.kms.katalon.core.main.TestCaseExecutor.execute(TestCaseExecutor.java:285)
	at com.kms.katalon.core.common.CommonExecutor.accessTestCaseMainPhase(CommonExecutor.java:65)
	at com.kms.katalon.core.main.TestSuiteExecutor.accessTestSuiteMainPhase(TestSuiteExecutor.java:148)
	at com.kms.katalon.core.main.TestSuiteExecutor.execute(TestSuiteExecutor.java:106)
	at com.kms.katalon.core.main.TestCaseMain.startTestSuite(TestCaseMain.java:187)
	at com.kms.katalon.core.main.TestCaseMain$startTestSuite$0.call(Unknown Source)
	at TempTestSuite1703729701474.run(TempTestSuite1703729701474.groovy:36)
Caused by: com.kms.katalon.core.exception.StepFailedException: com.kms.katalon.core.webui.exception.WebElementNotFoundException: Web element with id: 'Object Repository/Page_Homescreen/titlePage_Dashboard' located by '//div[@id='b1-Title']/span' not found
	at com.kms.katalon.core.webui.keyword.internal.WebUIKeywordMain.stepFailed(WebUIKeywordMain.groovy:64)
	at com.kms.katalon.core.webui.keyword.builtin.VerifyElementTextKeyword$_verifyElementText_closure1.doCall(VerifyElementTextKeyword.groovy:64)
	at com.kms.katalon.core.webui.keyword.builtin.VerifyElementTextKeyword$_verifyElementText_closure1.call(VerifyElementTextKeyword.groovy)
	at com.kms.katalon.core.webui.keyword.internal.WebUIKeywordMain.runKeyword(WebUIKeywordMain.groovy:20)
	... 19 more
"/>
         <system-out><![CDATA[2023-12-28 10:24:41 - [TEST_CASE][FAILED] - Test Cases/Sprint 1/Dashboard_TC/TC012_ViewOpenTickets_NoRecords: Test Cases/Sprint 1/Dashboard_TC/TC012_ViewOpenTickets_NoRecords FAILED.
Reason:
com.kms.katalon.core.exception.StepFailedException: Verify element text of test object 'Object Repository/Page_Homescreen/titlePage_Dashboard' FAILED.
	at com.kms.katalon.core.webui.keyword.internal.WebUIKeywordMain.stepFailed(WebUIKeywordMain.groovy:64)
	at com.kms.katalon.core.webui.keyword.internal.WebUIKeywordMain.runKeyword(WebUIKeywordMain.groovy:26)
	at com.kms.katalon.core.webui.keyword.builtin.VerifyElementTextKeyword.verifyElementText(VerifyElementTextKeyword.groovy:72)
	at com.kms.katalon.core.webui.keyword.builtin.VerifyElementTextKeyword.execute(VerifyElementTextKeyword.groovy:40)
	at com.kms.katalon.core.keyword.internal.KeywordExecutor.executeKeywordForPlatform(KeywordExecutor.groovy:74)
	at com.kms.katalon.core.webui.keyword.WebUiBuiltInKeywords.verifyElementText(WebUiBuiltInKeywords.groovy:4749)
	at com.kms.katalon.core.webui.keyword.WebUiBuiltInKeywords$verifyElementText$4.call(Unknown Source)
	at TC012_ViewOpenTickets_NoRecords.run(TC012_ViewOpenTickets_NoRecords:43)
	at com.kms.katalon.core.main.ScriptEngine.run(ScriptEngine.java:194)
	at com.kms.katalon.core.main.ScriptEngine.runScriptAsRawText(ScriptEngine.java:119)
	at com.kms.katalon.core.main.TestCaseExecutor.runScript(TestCaseExecutor.java:448)
	at com.kms.katalon.core.main.TestCaseExecutor.doExecute(TestCaseExecutor.java:439)
	at com.kms.katalon.core.main.TestCaseExecutor.processExecutionPhase(TestCaseExecutor.java:418)
	at com.kms.katalon.core.main.TestCaseExecutor.accessMainPhase(TestCaseExecutor.java:410)
	at com.kms.katalon.core.main.TestCaseExecutor.execute(TestCaseExecutor.java:285)
	at com.kms.katalon.core.common.CommonExecutor.accessTestCaseMainPhase(CommonExecutor.java:65)
	at com.kms.katalon.core.main.TestSuiteExecutor.accessTestSuiteMainPhase(TestSuiteExecutor.java:148)
	at com.kms.katalon.core.main.TestSuiteExecutor.execute(TestSuiteExecutor.java:106)
	at com.kms.katalon.core.main.TestCaseMain.startTestSuite(TestCaseMain.java:187)
	at com.kms.katalon.core.main.TestCaseMain$startTestSuite$0.call(Unknown Source)
	at TempTestSuite1703729701474.run(TempTestSuite1703729701474.groovy:36)
Caused by: com.kms.katalon.core.exception.StepFailedException: com.kms.katalon.core.webui.exception.WebElementNotFoundException: Web element with id: 'Object Repository/Page_Homescreen/titlePage_Dashboard' located by '//div[@id='b1-Title']/span' not found
	at com.kms.katalon.core.webui.keyword.internal.WebUIKeywordMain.stepFailed(WebUIKeywordMain.groovy:64)
	at com.kms.katalon.core.webui.keyword.builtin.VerifyElementTextKeyword$_verifyElementText_closure1.doCall(VerifyElementTextKeyword.groovy:64)
	at com.kms.katalon.core.webui.keyword.builtin.VerifyElementTextKeyword$_verifyElementText_closure1.call(VerifyElementTextKeyword.groovy)
	at com.kms.katalon.core.webui.keyword.internal.WebUIKeywordMain.runKeyword(WebUIKeywordMain.groovy:20)
	... 19 more


2023-12-28 10:24:41 - [TEST_STEP][PASSED] - openBrowser(""): Browser is opened with url: ''

2023-12-28 10:24:41 - [MESSAGE][WARNING] - A browser is already opened. Closing browser and opening a new one

2023-12-28 10:24:42 - [MESSAGE][INFO] - Starting 'Chrome' driver

2023-12-28 10:24:42 - [MESSAGE][INFO] - User set preference: ['args', '[--start-maximized, UnexpectedAlertBehaviour=ignore]']

2023-12-28 10:24:42 - [MESSAGE][INFO] - User set preference: ['acceptInsecureCerts', 'true']

2023-12-28 10:24:42 - [MESSAGE][INFO] - Action delay is set to 0 milliseconds

2023-12-28 10:24:43 - [MESSAGE][PASSED] - Browser is opened with url: ''

2023-12-28 10:24:43 - [TEST_STEP][PASSED] - navigateToUrl(URL_vendor): Navigate to 'https://10.143.206.85/NTVP_TH/Login' successfully

2023-12-28 10:24:44 - [MESSAGE][PASSED] - Navigate to 'https://10.143.206.85/NTVP_TH/Login' successfully

2023-12-28 10:24:44 - [TEST_STEP][PASSED] - setText(findTestObject("Object Repository/Page_Login/input_Username"), "12202023_VP"): Text '12202023_VP' is set on object 'Object Repository/Page_Login/input_Username'

2023-12-28 10:24:47 - [MESSAGE][PASSED] - Text '12202023_VP' is set on object 'Object Repository/Page_Login/input_Username'

2023-12-28 10:24:47 - [TEST_STEP][PASSED] - setEncryptedText(findTestObject("Object Repository/Page_Login/input_Password"), "xngilo02Z2BNHXedMmXvHw=="): Text ****** has been set on object 'Object Repository/Page_Login/input_Password'

2023-12-28 10:24:48 - [MESSAGE][PASSED] - Text ****** has been set on object 'Object Repository/Page_Login/input_Password'

2023-12-28 10:24:48 - [TEST_STEP][PASSED] - click(findTestObject("Object Repository/Page_Login/button_Login")): Object: 'Object Repository/Page_Login/button_Login' is clicked on

2023-12-28 10:24:48 - [MESSAGE][PASSED] - Object: 'Object Repository/Page_Login/button_Login' is clicked on

2023-12-28 10:24:48 - [TEST_STEP][PASSED] - delay(2): Delayed 2 second(s)

2023-12-28 10:24:50 - [MESSAGE][PASSED] - Delayed 2 second(s)

2023-12-28 10:24:50 - [TEST_STEP][PASSED] - navigateToUrl("https://10.143.206.85/NonTradeVendorPortal/"): Navigate to 'https://10.143.206.85/NonTradeVendorPortal/' successfully

2023-12-28 10:24:50 - [MESSAGE][PASSED] - Navigate to 'https://10.143.206.85/NonTradeVendorPortal/' successfully

2023-12-28 10:24:50 - [TEST_STEP][FAILED] - verifyElementText(findTestObject("Object Repository/Page_Homescreen/titlePage_Dashboard"), "Dashboard"): Verify element text of test object 'Object Repository/Page_Homescreen/titlePage_Dashboard' FAILED. (Root cause: com.kms.katalon.core.exception.StepFailedException: Verify element text of test object 'Object Repository/Page_Homescreen/titlePage_Dashboard' FAILED.
	at com.kms.katalon.core.webui.keyword.internal.WebUIKeywordMain.stepFailed(WebUIKeywordMain.groovy:64)
	at com.kms.katalon.core.webui.keyword.internal.WebUIKeywordMain.runKeyword(WebUIKeywordMain.groovy:26)
	at com.kms.katalon.core.webui.keyword.builtin.VerifyElementTextKeyword.verifyElementText(VerifyElementTextKeyword.groovy:72)
	at com.kms.katalon.core.webui.keyword.builtin.VerifyElementTextKeyword.execute(VerifyElementTextKeyword.groovy:40)
	at com.kms.katalon.core.keyword.internal.KeywordExecutor.executeKeywordForPlatform(KeywordExecutor.groovy:74)
	at com.kms.katalon.core.webui.keyword.WebUiBuiltInKeywords.verifyElementText(WebUiBuiltInKeywords.groovy:4749)
	at com.kms.katalon.core.webui.keyword.WebUiBuiltInKeywords$verifyElementText$4.call(Unknown Source)
	at TC012_ViewOpenTickets_NoRecords.run(TC012_ViewOpenTickets_NoRecords:43)
	at com.kms.katalon.core.main.ScriptEngine.run(ScriptEngine.java:194)
	at com.kms.katalon.core.main.ScriptEngine.runScriptAsRawText(ScriptEngine.java:119)
	at com.kms.katalon.core.main.TestCaseExecutor.runScript(TestCaseExecutor.java:448)
	at com.kms.katalon.core.main.TestCaseExecutor.doExecute(TestCaseExecutor.java:439)
	at com.kms.katalon.core.main.TestCaseExecutor.processExecutionPhase(TestCaseExecutor.java:418)
	at com.kms.katalon.core.main.TestCaseExecutor.accessMainPhase(TestCaseExecutor.java:410)
	at com.kms.katalon.core.main.TestCaseExecutor.execute(TestCaseExecutor.java:285)
	at com.kms.katalon.core.common.CommonExecutor.accessTestCaseMainPhase(CommonExecutor.java:65)
	at com.kms.katalon.core.main.TestSuiteExecutor.accessTestSuiteMainPhase(TestSuiteExecutor.java:148)
	at com.kms.katalon.core.main.TestSuiteExecutor.execute(TestSuiteExecutor.java:106)
	at com.kms.katalon.core.main.TestCaseMain.startTestSuite(TestCaseMain.java:187)
	at com.kms.katalon.core.main.TestCaseMain$startTestSuite$0.call(Unknown Source)
	at TempTestSuite1703729701474.run(TempTestSuite1703729701474.groovy:36)
Caused by: com.kms.katalon.core.exception.StepFailedException: com.kms.katalon.core.webui.exception.WebElementNotFoundException: Web element with id: 'Object Repository/Page_Homescreen/titlePage_Dashboard' located by '//div[@id='b1-Title']/span' not found
	at com.kms.katalon.core.webui.keyword.internal.WebUIKeywordMain.stepFailed(WebUIKeywordMain.groovy:64)
	at com.kms.katalon.core.webui.keyword.builtin.VerifyElementTextKeyword$_verifyElementText_closure1.doCall(VerifyElementTextKeyword.groovy:64)
	at com.kms.katalon.core.webui.keyword.builtin.VerifyElementTextKeyword$_verifyElementText_closure1.call(VerifyElementTextKeyword.groovy)
	at com.kms.katalon.core.webui.keyword.internal.WebUIKeywordMain.runKeyword(WebUIKeywordMain.groovy:20)
	... 19 more
)

2023-12-28 10:25:33 - [MESSAGE][INFO] - Unable to find the element located by 'By.xpath: //div[@id='b1-Title']/span'. Please recheck the objects properties to make sure the desired element is located. 

2023-12-28 10:25:34 - [MESSAGE][FAILED] - com.kms.katalon.core.webui.exception.WebElementNotFoundException: Web element with id: 'Object Repository/Page_Homescreen/titlePage_Dashboard' located by '//div[@id='b1-Title']/span' not found (Root cause: com.kms.katalon.core.exception.StepFailedException: com.kms.katalon.core.webui.exception.WebElementNotFoundException: Web element with id: 'Object Repository/Page_Homescreen/titlePage_Dashboard' located by '//div[@id='b1-Title']/span' not found
	at com.kms.katalon.core.webui.keyword.internal.WebUIKeywordMain.stepFailed(WebUIKeywordMain.groovy:64)
	at com.kms.katalon.core.webui.keyword.builtin.VerifyElementTextKeyword$_verifyElementText_closure1.doCall(VerifyElementTextKeyword.groovy:64)
	at com.kms.katalon.core.webui.keyword.builtin.VerifyElementTextKeyword$_verifyElementText_closure1.call(VerifyElementTextKeyword.groovy)
	at com.kms.katalon.core.webui.keyword.internal.WebUIKeywordMain.runKeyword(WebUIKeywordMain.groovy:20)
	at com.kms.katalon.core.webui.keyword.builtin.VerifyElementTextKeyword.verifyElementText(VerifyElementTextKeyword.groovy:72)
	at com.kms.katalon.core.webui.keyword.builtin.VerifyElementTextKeyword.execute(VerifyElementTextKeyword.groovy:40)
	at com.kms.katalon.core.keyword.internal.KeywordExecutor.executeKeywordForPlatform(KeywordExecutor.groovy:74)
	at com.kms.katalon.core.webui.keyword.WebUiBuiltInKeywords.verifyElementText(WebUiBuiltInKeywords.groovy:4749)
	at com.kms.katalon.core.webui.keyword.WebUiBuiltInKeywords$verifyElementText$4.call(Unknown Source)
	at TC012_ViewOpenTickets_NoRecords.run(TC012_ViewOpenTickets_NoRecords:43)
	at com.kms.katalon.core.main.ScriptEngine.run(ScriptEngine.java:194)
	at com.kms.katalon.core.main.ScriptEngine.runScriptAsRawText(ScriptEngine.java:119)
	at com.kms.katalon.core.main.TestCaseExecutor.runScript(TestCaseExecutor.java:448)
	at com.kms.katalon.core.main.TestCaseExecutor.doExecute(TestCaseExecutor.java:439)
	at com.kms.katalon.core.main.TestCaseExecutor.processExecutionPhase(TestCaseExecutor.java:418)
	at com.kms.katalon.core.main.TestCaseExecutor.accessMainPhase(TestCaseExecutor.java:410)
	at com.kms.katalon.core.main.TestCaseExecutor.execute(TestCaseExecutor.java:285)
	at com.kms.katalon.core.common.CommonExecutor.accessTestCaseMainPhase(CommonExecutor.java:65)
	at com.kms.katalon.core.main.TestSuiteExecutor.accessTestSuiteMainPhase(TestSuiteExecutor.java:148)
	at com.kms.katalon.core.main.TestSuiteExecutor.execute(TestSuiteExecutor.java:106)
	at com.kms.katalon.core.main.TestCaseMain.startTestSuite(TestCaseMain.java:187)
	at com.kms.katalon.core.main.TestCaseMain$startTestSuite$0.call(Unknown Source)
	at TempTestSuite1703729701474.run(TempTestSuite1703729701474.groovy:36)
)
[[ATTACHMENT|C:\\Users\\User\\git\\ProjectHermes\\Reports\\20231228_101501\\Dashboad_Regression\\20231228_101501\\1703730333971.png]]

2023-12-28 10:25:34 - [MESSAGE][FAILED] - Verify element text of test object 'Object Repository/Page_Homescreen/titlePage_Dashboard' FAILED. (Root cause: com.kms.katalon.core.exception.StepFailedException: Verify element text of test object 'Object Repository/Page_Homescreen/titlePage_Dashboard' FAILED.
	at com.kms.katalon.core.webui.keyword.internal.WebUIKeywordMain.stepFailed(WebUIKeywordMain.groovy:64)
	at com.kms.katalon.core.webui.keyword.internal.WebUIKeywordMain.runKeyword(WebUIKeywordMain.groovy:26)
	at com.kms.katalon.core.webui.keyword.builtin.VerifyElementTextKeyword.verifyElementText(VerifyElementTextKeyword.groovy:72)
	at com.kms.katalon.core.webui.keyword.builtin.VerifyElementTextKeyword.execute(VerifyElementTextKeyword.groovy:40)
	at com.kms.katalon.core.keyword.internal.KeywordExecutor.executeKeywordForPlatform(KeywordExecutor.groovy:74)
	at com.kms.katalon.core.webui.keyword.WebUiBuiltInKeywords.verifyElementText(WebUiBuiltInKeywords.groovy:4749)
	at com.kms.katalon.core.webui.keyword.WebUiBuiltInKeywords$verifyElementText$4.call(Unknown Source)
	at TC012_ViewOpenTickets_NoRecords.run(TC012_ViewOpenTickets_NoRecords:43)
	at com.kms.katalon.core.main.ScriptEngine.run(ScriptEngine.java:194)
	at com.kms.katalon.core.main.ScriptEngine.runScriptAsRawText(ScriptEngine.java:119)
	at com.kms.katalon.core.main.TestCaseExecutor.runScript(TestCaseExecutor.java:448)
	at com.kms.katalon.core.main.TestCaseExecutor.doExecute(TestCaseExecutor.java:439)
	at com.kms.katalon.core.main.TestCaseExecutor.processExecutionPhase(TestCaseExecutor.java:418)
	at com.kms.katalon.core.main.TestCaseExecutor.accessMainPhase(TestCaseExecutor.java:410)
	at com.kms.katalon.core.main.TestCaseExecutor.execute(TestCaseExecutor.java:285)
	at com.kms.katalon.core.common.CommonExecutor.accessTestCaseMainPhase(CommonExecutor.java:65)
	at com.kms.katalon.core.main.TestSuiteExecutor.accessTestSuiteMainPhase(TestSuiteExecutor.java:148)
	at com.kms.katalon.core.main.TestSuiteExecutor.execute(TestSuiteExecutor.java:106)
	at com.kms.katalon.core.main.TestCaseMain.startTestSuite(TestCaseMain.java:187)
	at com.kms.katalon.core.main.TestCaseMain$startTestSuite$0.call(Unknown Source)
	at TempTestSuite1703729701474.run(TempTestSuite1703729701474.groovy:36)
Caused by: com.kms.katalon.core.exception.StepFailedException: com.kms.katalon.core.webui.exception.WebElementNotFoundException: Web element with id: 'Object Repository/Page_Homescreen/titlePage_Dashboard' located by '//div[@id='b1-Title']/span' not found
	at com.kms.katalon.core.webui.keyword.internal.WebUIKeywordMain.stepFailed(WebUIKeywordMain.groovy:64)
	at com.kms.katalon.core.webui.keyword.builtin.VerifyElementTextKeyword$_verifyElementText_closure1.doCall(VerifyElementTextKeyword.groovy:64)
	at com.kms.katalon.core.webui.keyword.builtin.VerifyElementTextKeyword$_verifyElementText_closure1.call(VerifyElementTextKeyword.groovy)
	at com.kms.katalon.core.webui.keyword.internal.WebUIKeywordMain.runKeyword(WebUIKeywordMain.groovy:20)
	... 19 more
)
[[ATTACHMENT|C:\\Users\\User\\git\\ProjectHermes\\Reports\\20231228_101501\\Dashboad_Regression\\20231228_101501\\1703730334157.png]]]]></system-out>
         <system-err><![CDATA[2023-12-28 10:24:41 - [TEST_CASE][FAILED] - Test Cases/Sprint 1/Dashboard_TC/TC012_ViewOpenTickets_NoRecords: Test Cases/Sprint 1/Dashboard_TC/TC012_ViewOpenTickets_NoRecords FAILED.
Reason:
com.kms.katalon.core.exception.StepFailedException: Verify element text of test object 'Object Repository/Page_Homescreen/titlePage_Dashboard' FAILED.
	at com.kms.katalon.core.webui.keyword.internal.WebUIKeywordMain.stepFailed(WebUIKeywordMain.groovy:64)
	at com.kms.katalon.core.webui.keyword.internal.WebUIKeywordMain.runKeyword(WebUIKeywordMain.groovy:26)
	at com.kms.katalon.core.webui.keyword.builtin.VerifyElementTextKeyword.verifyElementText(VerifyElementTextKeyword.groovy:72)
	at com.kms.katalon.core.webui.keyword.builtin.VerifyElementTextKeyword.execute(VerifyElementTextKeyword.groovy:40)
	at com.kms.katalon.core.keyword.internal.KeywordExecutor.executeKeywordForPlatform(KeywordExecutor.groovy:74)
	at com.kms.katalon.core.webui.keyword.WebUiBuiltInKeywords.verifyElementText(WebUiBuiltInKeywords.groovy:4749)
	at com.kms.katalon.core.webui.keyword.WebUiBuiltInKeywords$verifyElementText$4.call(Unknown Source)
	at TC012_ViewOpenTickets_NoRecords.run(TC012_ViewOpenTickets_NoRecords:43)
	at com.kms.katalon.core.main.ScriptEngine.run(ScriptEngine.java:194)
	at com.kms.katalon.core.main.ScriptEngine.runScriptAsRawText(ScriptEngine.java:119)
	at com.kms.katalon.core.main.TestCaseExecutor.runScript(TestCaseExecutor.java:448)
	at com.kms.katalon.core.main.TestCaseExecutor.doExecute(TestCaseExecutor.java:439)
	at com.kms.katalon.core.main.TestCaseExecutor.processExecutionPhase(TestCaseExecutor.java:418)
	at com.kms.katalon.core.main.TestCaseExecutor.accessMainPhase(TestCaseExecutor.java:410)
	at com.kms.katalon.core.main.TestCaseExecutor.execute(TestCaseExecutor.java:285)
	at com.kms.katalon.core.common.CommonExecutor.accessTestCaseMainPhase(CommonExecutor.java:65)
	at com.kms.katalon.core.main.TestSuiteExecutor.accessTestSuiteMainPhase(TestSuiteExecutor.java:148)
	at com.kms.katalon.core.main.TestSuiteExecutor.execute(TestSuiteExecutor.java:106)
	at com.kms.katalon.core.main.TestCaseMain.startTestSuite(TestCaseMain.java:187)
	at com.kms.katalon.core.main.TestCaseMain$startTestSuite$0.call(Unknown Source)
	at TempTestSuite1703729701474.run(TempTestSuite1703729701474.groovy:36)
Caused by: com.kms.katalon.core.exception.StepFailedException: com.kms.katalon.core.webui.exception.WebElementNotFoundException: Web element with id: 'Object Repository/Page_Homescreen/titlePage_Dashboard' located by '//div[@id='b1-Title']/span' not found
	at com.kms.katalon.core.webui.keyword.internal.WebUIKeywordMain.stepFailed(WebUIKeywordMain.groovy:64)
	at com.kms.katalon.core.webui.keyword.builtin.VerifyElementTextKeyword$_verifyElementText_closure1.doCall(VerifyElementTextKeyword.groovy:64)
	at com.kms.katalon.core.webui.keyword.builtin.VerifyElementTextKeyword$_verifyElementText_closure1.call(VerifyElementTextKeyword.groovy)
	at com.kms.katalon.core.webui.keyword.internal.WebUIKeywordMain.runKeyword(WebUIKeywordMain.groovy:20)
	... 19 more]]></system-err>
      </testcase>
      <system-out><![CDATA[2023-12-28 10:15:10 - [TEST_SUITE][FAILED] - Dashboad_Regression: Test Cases/Sprint 1/Dashboard_TC/TC002_Admin_LandingPage FAILED.
Reason:
com.kms.katalon.core.exception.StepFailedException: Call Test Case 'Test Cases/Sprint 1/CommandCenter_LoginTC/TC003_LoginValidCredentials_Admin' failed
	at com.kms.katalon.core.keyword.builtin.CallTestCaseKeyword$_callTestCase_closure1.doCall(CallTestCaseKeyword.groovy:63)
	at com.kms.katalon.core.keyword.builtin.CallTestCaseKeyword$_callTestCase_closure1.call(CallTestCaseKeyword.groovy)
	at com.kms.katalon.core.keyword.internal.KeywordMain.runKeyword(KeywordMain.groovy:75)
	at com.kms.katalon.core.keyword.builtin.CallTestCaseKeyword.callTestCase(CallTestCaseKeyword.groovy:81)
	at com.kms.katalon.core.keyword.builtin.CallTestCaseKeyword.execute(CallTestCaseKeyword.groovy:44)
	at com.kms.katalon.core.keyword.internal.KeywordExecutor.executeKeywordForPlatform(KeywordExecutor.groovy:74)
	at com.kms.katalon.core.keyword.BuiltinKeywords.callTestCase(BuiltinKeywords.groovy:310)
	at TC002_Admin_LandingPage.run(TC002_Admin_LandingPage:29)
	at com.kms.katalon.core.main.ScriptEngine.run(ScriptEngine.java:194)
	at com.kms.katalon.core.main.ScriptEngine.runScriptAsRawText(ScriptEngine.java:119)
	at com.kms.katalon.core.main.TestCaseExecutor.runScript(TestCaseExecutor.java:448)
	at com.kms.katalon.core.main.TestCaseExecutor.doExecute(TestCaseExecutor.java:439)
	at com.kms.katalon.core.main.TestCaseExecutor.processExecutionPhase(TestCaseExecutor.java:418)
	at com.kms.katalon.core.main.TestCaseExecutor.accessMainPhase(TestCaseExecutor.java:410)
	at com.kms.katalon.core.main.TestCaseExecutor.execute(TestCaseExecutor.java:285)
	at com.kms.katalon.core.common.CommonExecutor.accessTestCaseMainPhase(CommonExecutor.java:65)
	at com.kms.katalon.core.main.TestSuiteExecutor.accessTestSuiteMainPhase(TestSuiteExecutor.java:148)
	at com.kms.katalon.core.main.TestSuiteExecutor.execute(TestSuiteExecutor.java:106)
	at com.kms.katalon.core.main.TestCaseMain.startTestSuite(TestCaseMain.java:187)
	at com.kms.katalon.core.main.TestCaseMain$startTestSuite$0.call(Unknown Source)
	at TempTestSuite1703729701474.run(TempTestSuite1703729701474.groovy:36)
Caused by: com.kms.katalon.core.exception.StepFailedException: Verify element text of test object 'Object Repository/Page_Watsons User/titlePage_Watsons User Role  Access' FAILED.
	at com.kms.katalon.core.webui.keyword.internal.WebUIKeywordMain.stepFailed(WebUIKeywordMain.groovy:64)
	at com.kms.katalon.core.webui.keyword.internal.WebUIKeywordMain.runKeyword(WebUIKeywordMain.groovy:26)
	at com.kms.katalon.core.webui.keyword.builtin.VerifyElementTextKeyword.verifyElementText(VerifyElementTextKeyword.groovy:72)
	at com.kms.katalon.core.webui.keyword.builtin.VerifyElementTextKeyword.execute(VerifyElementTextKeyword.groovy:40)
	at com.kms.katalon.core.keyword.internal.KeywordExecutor.executeKeywordForPlatform(KeywordExecutor.groovy:74)
	at com.kms.katalon.core.webui.keyword.WebUiBuiltInKeywords.verifyElementText(WebUiBuiltInKeywords.groovy:4749)
	at com.kms.katalon.core.webui.keyword.WebUiBuiltInKeywords$verifyElementText$4.call(Unknown Source)
	at TC003_LoginValidCredentials_Admin.run(TC003_LoginValidCredentials_Admin:42)
	at com.kms.katalon.core.main.ScriptEngine.run(ScriptEngine.java:194)
	at com.kms.katalon.core.main.ScriptEngine.runScriptAsRawText(ScriptEngine.java:119)
	at com.kms.katalon.core.main.TestCaseExecutor.runScript(TestCaseExecutor.java:448)
	at com.kms.katalon.core.main.TestCaseExecutor.doExecute(TestCaseExecutor.java:439)
	at com.kms.katalon.core.main.TestCaseExecutor.processExecutionPhase(TestCaseExecutor.java:418)
	at com.kms.katalon.core.main.TestCaseExecutor.accessMainPhase(TestCaseExecutor.java:410)
	at com.kms.katalon.core.main.TestCaseExecutor.execute(TestCaseExecutor.java:285)
	at com.kms.katalon.core.main.TestCaseMain.runTestCase(TestCaseMain.java:144)
	at com.kms.katalon.core.keyword.builtin.CallTestCaseKeyword$_callTestCase_closure1.doCall(CallTestCaseKeyword.groovy:59)
	... 20 more
Caused by: com.kms.katalon.core.exception.StepFailedException: com.kms.katalon.core.webui.exception.WebElementNotFoundException: Web element with id: 'Object Repository/Page_Watsons User/titlePage_Watsons User Role  Access' located by 'id("Screen_Title")[count(. | //h1[@id = 'Screen_Title' and (text() = concat("Watson" , "'" , "s User Role & Access") or . = concat("Watson" , "'" , "s User Role & Access"))]) = count(//h1[@id = 'Screen_Title' and (text() = concat("Watson" , "'" , "s User Role & Access") or . = concat("Watson" , "'" , "s User Role & Access"))])]' not found
	at com.kms.katalon.core.webui.keyword.internal.WebUIKeywordMain.stepFailed(WebUIKeywordMain.groovy:64)
	at com.kms.katalon.core.webui.keyword.builtin.VerifyElementTextKeyword$_verifyElementText_closure1.doCall(VerifyElementTextKeyword.groovy:64)
	at com.kms.katalon.core.webui.keyword.builtin.VerifyElementTextKeyword$_verifyElementText_closure1.call(VerifyElementTextKeyword.groovy)
	at com.kms.katalon.core.webui.keyword.internal.WebUIKeywordMain.runKeyword(WebUIKeywordMain.groovy:20)
	... 35 more]]></system-out>
      <system-err><![CDATA[2023-12-28 10:15:10 - [TEST_SUITE][FAILED] - Dashboad_Regression: Test Cases/Sprint 1/Dashboard_TC/TC002_Admin_LandingPage FAILED.
Reason:
com.kms.katalon.core.exception.StepFailedException: Call Test Case 'Test Cases/Sprint 1/CommandCenter_LoginTC/TC003_LoginValidCredentials_Admin' failed
	at com.kms.katalon.core.keyword.builtin.CallTestCaseKeyword$_callTestCase_closure1.doCall(CallTestCaseKeyword.groovy:63)
	at com.kms.katalon.core.keyword.builtin.CallTestCaseKeyword$_callTestCase_closure1.call(CallTestCaseKeyword.groovy)
	at com.kms.katalon.core.keyword.internal.KeywordMain.runKeyword(KeywordMain.groovy:75)
	at com.kms.katalon.core.keyword.builtin.CallTestCaseKeyword.callTestCase(CallTestCaseKeyword.groovy:81)
	at com.kms.katalon.core.keyword.builtin.CallTestCaseKeyword.execute(CallTestCaseKeyword.groovy:44)
	at com.kms.katalon.core.keyword.internal.KeywordExecutor.executeKeywordForPlatform(KeywordExecutor.groovy:74)
	at com.kms.katalon.core.keyword.BuiltinKeywords.callTestCase(BuiltinKeywords.groovy:310)
	at TC002_Admin_LandingPage.run(TC002_Admin_LandingPage:29)
	at com.kms.katalon.core.main.ScriptEngine.run(ScriptEngine.java:194)
	at com.kms.katalon.core.main.ScriptEngine.runScriptAsRawText(ScriptEngine.java:119)
	at com.kms.katalon.core.main.TestCaseExecutor.runScript(TestCaseExecutor.java:448)
	at com.kms.katalon.core.main.TestCaseExecutor.doExecute(TestCaseExecutor.java:439)
	at com.kms.katalon.core.main.TestCaseExecutor.processExecutionPhase(TestCaseExecutor.java:418)
	at com.kms.katalon.core.main.TestCaseExecutor.accessMainPhase(TestCaseExecutor.java:410)
	at com.kms.katalon.core.main.TestCaseExecutor.execute(TestCaseExecutor.java:285)
	at com.kms.katalon.core.common.CommonExecutor.accessTestCaseMainPhase(CommonExecutor.java:65)
	at com.kms.katalon.core.main.TestSuiteExecutor.accessTestSuiteMainPhase(TestSuiteExecutor.java:148)
	at com.kms.katalon.core.main.TestSuiteExecutor.execute(TestSuiteExecutor.java:106)
	at com.kms.katalon.core.main.TestCaseMain.startTestSuite(TestCaseMain.java:187)
	at com.kms.katalon.core.main.TestCaseMain$startTestSuite$0.call(Unknown Source)
	at TempTestSuite1703729701474.run(TempTestSuite1703729701474.groovy:36)
Caused by: com.kms.katalon.core.exception.StepFailedException: Verify element text of test object 'Object Repository/Page_Watsons User/titlePage_Watsons User Role  Access' FAILED.
	at com.kms.katalon.core.webui.keyword.internal.WebUIKeywordMain.stepFailed(WebUIKeywordMain.groovy:64)
	at com.kms.katalon.core.webui.keyword.internal.WebUIKeywordMain.runKeyword(WebUIKeywordMain.groovy:26)
	at com.kms.katalon.core.webui.keyword.builtin.VerifyElementTextKeyword.verifyElementText(VerifyElementTextKeyword.groovy:72)
	at com.kms.katalon.core.webui.keyword.builtin.VerifyElementTextKeyword.execute(VerifyElementTextKeyword.groovy:40)
	at com.kms.katalon.core.keyword.internal.KeywordExecutor.executeKeywordForPlatform(KeywordExecutor.groovy:74)
	at com.kms.katalon.core.webui.keyword.WebUiBuiltInKeywords.verifyElementText(WebUiBuiltInKeywords.groovy:4749)
	at com.kms.katalon.core.webui.keyword.WebUiBuiltInKeywords$verifyElementText$4.call(Unknown Source)
	at TC003_LoginValidCredentials_Admin.run(TC003_LoginValidCredentials_Admin:42)
	at com.kms.katalon.core.main.ScriptEngine.run(ScriptEngine.java:194)
	at com.kms.katalon.core.main.ScriptEngine.runScriptAsRawText(ScriptEngine.java:119)
	at com.kms.katalon.core.main.TestCaseExecutor.runScript(TestCaseExecutor.java:448)
	at com.kms.katalon.core.main.TestCaseExecutor.doExecute(TestCaseExecutor.java:439)
	at com.kms.katalon.core.main.TestCaseExecutor.processExecutionPhase(TestCaseExecutor.java:418)
	at com.kms.katalon.core.main.TestCaseExecutor.accessMainPhase(TestCaseExecutor.java:410)
	at com.kms.katalon.core.main.TestCaseExecutor.execute(TestCaseExecutor.java:285)
	at com.kms.katalon.core.main.TestCaseMain.runTestCase(TestCaseMain.java:144)
	at com.kms.katalon.core.keyword.builtin.CallTestCaseKeyword$_callTestCase_closure1.doCall(CallTestCaseKeyword.groovy:59)
	... 20 more
Caused by: com.kms.katalon.core.exception.StepFailedException: com.kms.katalon.core.webui.exception.WebElementNotFoundException: Web element with id: 'Object Repository/Page_Watsons User/titlePage_Watsons User Role  Access' located by 'id("Screen_Title")[count(. | //h1[@id = 'Screen_Title' and (text() = concat("Watson" , "'" , "s User Role & Access") or . = concat("Watson" , "'" , "s User Role & Access"))]) = count(//h1[@id = 'Screen_Title' and (text() = concat("Watson" , "'" , "s User Role & Access") or . = concat("Watson" , "'" , "s User Role & Access"))])]' not found
	at com.kms.katalon.core.webui.keyword.internal.WebUIKeywordMain.stepFailed(WebUIKeywordMain.groovy:64)
	at com.kms.katalon.core.webui.keyword.builtin.VerifyElementTextKeyword$_verifyElementText_closure1.doCall(VerifyElementTextKeyword.groovy:64)
	at com.kms.katalon.core.webui.keyword.builtin.VerifyElementTextKeyword$_verifyElementText_closure1.call(VerifyElementTextKeyword.groovy)
	at com.kms.katalon.core.webui.keyword.internal.WebUIKeywordMain.runKeyword(WebUIKeywordMain.groovy:20)
	... 35 more]]></system-err>
   </testsuite>
</testsuites>
